2012.04.05 at 23:59:10 CDT
-------------------------------------------------------

      Make Potential Energy Surface for SINDO
                         Version 1.0 (Bloomington)

                COPYRIGHT 2011:  
                   Kiyoshi Yagi  kyagi@illinois.edu 

-------------------------------------------------------

Launch MakePES module

  o Input options read via makePES.xml ...  [OK] 
     - RunType = QFF
     - Molecular info via h2o_6-mp2dz.minfo ...  [OK] 
     - MR      = 4
     - Settings for Quantum Chemistry Jobs:
        * Remove Files = true
        * Level-0
          Type         = Gaussian
          TemplateFile = GaussianInput.xml
          ExecCommand  = runGaussian.sh /Users/kyagi/chem/H2O-6/mkqff basename.com 
          Title        =  MP2/cc-pVDZ

     - Settings for QFF:
        * Stepsize   = 0.500    

  o Queue Manager via resources.info ...  [OK] 
     -----
     ID       : 0
     Hosts    : compute-0-7.local
     Ppn      : 4
     Memory   : 12 GB
     SCR      : 125 GB
     Status   : FREE
     -----
     ID       : 1
     Hosts    : compute-0-7.local
     Ppn      : 4
     Memory   : 12 GB
     SCR      : 125 GB
     Status   : FREE
     -----
     ID       : 2
     Hosts    : compute-0-7.local
     Ppn      : 4
     Memory   : 12 GB
     SCR      : 125 GB
     Status   : FREE
     -----
     ID       : 3
     Hosts    : compute-0-7.local
     Ppn      : 4
     Memory   : 12 GB
     SCR      : 125 GB
     Status   : FREE
     -----


MakePES is setup successfully!

Enter MakeQFF module


Execute electronic structure calculations.


End of electronic structure calculations.


Storing all hessian data in tempfile ...   Done!

Generating 001.hs... Done!

Generating prop_no_1.mop... Done!

Removing the tempfiles ...   Done!

Exit MakeQFF module.

