2019.01.19 at 00:53:32 JST
-------------------------------------------------------

      Make Potential Energy Surface for SINDO
                         Version 4.0
                         Release beta

                COPYRIGHT 2018:  
                   Kiyoshi Yagi  kiyoshi.yagi@riken.jp 

-------------------------------------------------------

Launch MakePES module

  o Input options read via makePES2.xml ...  [OK] 
     - Molecular info via ../qmmm_harm-dsub-local.minfo ...  [OK] 
     - InterDomain = false
     - ActiveModes:
        * Domain 1
            8  10  11  12  18 
        * Domain 2
           28  29  30 
        * Domain 3
           37  38  39 
        * Domain 4
           46  47  48 
     - MR      = 3
     - Dipole  = false

  o Options for Quantum Chemistry jobs 

    QCID: generic
     - Program      = generic
     - Title        = QMMM/B3LYP-D3/(aug)-cc-pVDZ
     - xyzfile      = makeQFF

  o Options for QFF 

     - QCID         = generic
     - stepsize     = 0.50         
     - ndifftype    = grad
     - mopfile      = prop_no_1.mop
     - gradient_and_hessian = input

Setup MakeQFF module


Enter QFF generation:

Execute electronic structure calculations.

   Writing the coordinates to makeQFF.xyz

End of electronic structure calculations.

DryRun is done!


End of QFF generation.

