2019.01.17 at 15:35:51 JST
-------------------------------------------------------

      Make Potential Energy Surface for SINDO
                         Version 4.0
                         Release beta

                COPYRIGHT 2018:  
                   Kiyoshi Yagi  kiyoshi.yagi@riken.jp 

-------------------------------------------------------

Launch MakePES module

  o Input options read via makePES.xml ...  [OK] 
     - RunType = QFF
     - Molecular info via ../qmmm_harm-dsub-local.minfo ...  [OK] 
     - InterDomain coupling = false
     - Active Modes:
        * Domain 1
            8  10  11  12  18 
        * Domain 2
           28  29  30 
        * Domain 3
           37  38  39 
        * Domain 4
           46  47  48 
     - MR      = 3
     - Dipole Moment Surface = false
     - Settings for Quantum Chemistry Jobs:
        * Remove Files = true
        * DryRun       = false
        * Type         = GENERIC
          Title        =  QMMM/B3LYP-D3/(aug)-cc-pVDZ
          xyzfile basename = makeQFF
            # minfo.files/mkqff-eq.minfo is not found. Switching to DryRun=true.

     - Settings for QFF:
        * Stepsize   = 0.500    
        * ndifftype = grad
        * mopfile   = prop_no_1.mop
        * Generate hs file = false
        * Gradient_and_Hessian = INPUT


MakePES is setup successfully!

Setup MakeQFF module


Enter QFF generation:

Execute electronic structure calculations.

   Writing the coordinates to makeQFF.xyz

End of electronic structure calculations.

DryRun is done!


End of QFF generation.

