 -------------------------------------------------------
                                                      
    ***   WELCOME TO SINDO PROGRAM                    
     ***                (  VERSION 4.0 BETA  )        
      ***                                             
       ***       COPYRIGHT 2019:                      
        ***         KIYOSHI YAGI  KIYOSHI.YAGI@RIKEN.JP
                                                      
 -------------------------------------------------------

     JOB STARTED AT: Wed Nov 13 23:39:54 2019
     RUNNING ON kyagi-mac3.local                


(  SETUP MEM MODULE  )

   o MAXIMUM MEMORY :     1200 MB


(  SETUP MOL MODULE  )


   READ DATA FROM A MINFO FILE : [ h2co-b3lyp-dz.minfo ]


(  ENTER NMA MODULE  )


      o ATOMIC MASS
           12.0000     15.9949      1.0078      1.0078

      o REFERENCE GEOMETRY
          0.000000    0.000000   -1.136621
          0.000000   -0.000000    1.138985
          0.000000    1.787614   -2.271484
         -0.000000   -1.787614   -2.271484

      o NORMAL DISPLACEMENT VECTOR
         -0.517531   -0.000000   -0.000000
          0.149164    0.000000    0.000000
          0.595782    0.000000    0.000000
          0.595782    0.000000   -0.000000

         -0.000000    0.444574   -0.000000
          0.000000   -0.276038   -0.000000
          0.000000   -0.217190   -0.562056
          0.000000   -0.217190    0.562056

         -0.000000   -0.000000    0.008742
          0.000000    0.000000   -0.300148
          0.000000    0.339532    0.582783
          0.000000   -0.339532    0.582783

         -0.000000    0.000000    0.749028
          0.000000   -0.000000   -0.613936
          0.000000   -0.161871   -0.069408
          0.000000    0.161871   -0.069408

          0.000000   -0.000000   -0.197537
         -0.000000    0.000000   -0.004228
         -0.000000   -0.598762    0.349234
         -0.000000    0.598762    0.349234

          0.000000   -0.332423    0.000000
         -0.000000    0.003361   -0.000000
         -0.000000    0.566839   -0.351333
         -0.000000    0.566839    0.351333


      o TRANSLATIONAL VECTOR
          0.632345    0.000000    0.000000
          0.730053    0.000000    0.000000
          0.183253    0.000000    0.000000
          0.183253    0.000000    0.000000

          0.000000    0.632345    0.000000
          0.000000    0.730053    0.000000
          0.000000    0.183253    0.000000
          0.000000    0.183253    0.000000

          0.000000    0.000000    0.632345
          0.000000    0.000000    0.730053
          0.000000    0.000000    0.183253
          0.000000    0.000000    0.183253


      o ROTATIONAL VECTOR
          0.000000    0.540364    0.000000
          0.000000   -0.625153    0.000000
          0.000000    0.312951    0.246286
          0.000000    0.312951   -0.246286

         -0.576460    0.000000   -0.000000
          0.666913    0.000000   -0.000000
         -0.333856    0.000000   -0.000000
         -0.333856    0.000000    0.000000

          0.000000    0.000000    0.000000
          0.000000    0.000000    0.000000
         -0.707107    0.000000    0.000000
          0.707107   -0.000000    0.000000

(  SETUP OF NMA COMPLETED  )



(  SETUP VIB MODULE  )

   >> RUN OPTIONS
      VSCF    =     T
      OC-VSCF =     F
      VCI     =     T
      VPT     =     F
      VQDPT   =     F
      PRPT    =     T


   >> BASIS FUNCTIONS
      MODE :         1        2        3        4        5        6
      MAXV :        10       10       10       10       10       10
      FREQ :   1186.93  1254.03  1515.12  1831.80  2863.06  2916.27


(  SETUP TARGET MODULE  )

   >> TARGET STATES
       000   : ZERO-POINT STATE


(  SETUP MRPES MODULE  )

   >> POTENTIAL

      [  OPTIONS  ]

         MR         =        3
         MCS_CUTOFF = -.10E-02
         MCS_GRID   = -.10E+01
         POTDIR     = ./pes_mrpes/
         MOPFILE    = prop_no_1.mop


         1MR-PEF

         o GRID PEF

           MODE=   1, GRID=  11   CCSD(T)/cc-pVTZ
           MODE=   2, GRID=  11   CCSD(T)/cc-pVTZ
           MODE=   3, GRID=  11   CCSD(T)/cc-pVTZ
           MODE=   4, GRID=  11   CCSD(T)/cc-pVTZ
           MODE=   5, GRID=  11   CCSD(T)/cc-pVTZ
           MODE=   6, GRID=  11   CCSD(T)/cc-pVTZ


         2MR-PEF

         o GRID PEF

           MODE=   2   1, GRID=   7   7   B3LYP/cc-pVDZ
           MODE=   3   2, GRID=   9   9   CCSD(T)/cc-pVTZ
           MODE=   4   2, GRID=   9   9   CCSD(T)/cc-pVTZ
           MODE=   4   3, GRID=   7   7   B3LYP/cc-pVDZ
           MODE=   5   1, GRID=   9   9   CCSD(T)/cc-pVTZ
           MODE=   5   2, GRID=   9   9   CCSD(T)/cc-pVTZ
           MODE=   5   3, GRID=   9   9   CCSD(T)/cc-pVTZ
           MODE=   5   4, GRID=   7   7   B3LYP/cc-pVDZ
           MODE=   6   1, GRID=   9   9   CCSD(T)/cc-pVTZ
           MODE=   6   2, GRID=   9   9   CCSD(T)/cc-pVTZ
           MODE=   6   3, GRID=   9   9   CCSD(T)/cc-pVTZ
           MODE=   6   4, GRID=   9   9   CCSD(T)/cc-pVTZ
           MODE=   6   5, GRID=   9   9   CCSD(T)/cc-pVTZ

         o QFF  B3LYP/cc-pVDZ

           MODE=   3   1
           MODE=   4   1


         3MR-PEF

         o GRID PEF

           MODE=   5   4   3, GRID=   7   7   7   B3LYP/cc-pVDZ
           MODE=   6   3   2, GRID=   9   9   9   CCSD(T)/cc-pVTZ
           MODE=   6   4   2, GRID=   9   9   9   CCSD(T)/cc-pVTZ

         o QFF  B3LYP/cc-pVDZ

           MODE=   3   2   1
           MODE=   4   2   1
           MODE=   4   3   1
           MODE=   4   3   2
           MODE=   5   2   1
           MODE=   5   3   1
           MODE=   5   3   2
           MODE=   5   4   1
           MODE=   5   4   2
           MODE=   6   2   1
           MODE=   6   3   1
           MODE=   6   4   1
           MODE=   6   4   3
           MODE=   6   5   1
           MODE=   6   5   2
           MODE=   6   5   3
           MODE=   6   5   4


(  FINALIZE MRPES MODULE  )

            (MEMORY INFO)
            -- CURRENT USAGE    [     0.16 MB /  1200.00 MB (  0.0 % ) ]  -- 
            -- IN THE LAST STEP [     0.22 MB /  1200.00 MB (  0.0 % ) ]  -- 

            (CLOCK) ---->  LAST STEP: USER     0.02, SYSTEM     0.01 SECS   <----


(  ENTER VSCF MODULE  )

  ---  VIBRATIONAL SELF-CONSISTENT FIELD CALCULATIONS   ---

   >> SCF OPTIONS
       STATE SPECIFIC :        F
              RESTART :        F
        MAX ITERATION :       10
         CONV. THRESH : 0.10E-04

   >> FILES
       WFN READ/WRITE FILE : vscf_xxx.wfn

   >> STATE 000:   ZERO-POINT STATE

       o INITIAL GUESS FROM (CONTRACTED) HARMONIC OSCILLATOR 

   -- (ITERATION) -------- (EOLD) -------- (ENEW) ----- (DELTA E) --
                1         5757.61         5722.54      -0.351D+02
                2         5722.54         5722.41      -0.128D+00
                3         5722.41         5722.41      -0.440D-02
                4         5722.41         5722.41      -0.171D-03
                5         5722.41         5722.41      -0.668D-05
   -----------------------------------------------------------------
       E(VSCF)=     5722.40716440

       o COEFFICIENTS

         -MODES-          1         2         3         4         5         6
              0     0.99999  -1.00000  -0.99992   0.99183   0.99951  -1.00000
              1     0.00000  -0.00000  -0.01230  -0.12428   0.02195   0.00000
              2     0.00518   0.00054  -0.00023   0.02124   0.00404   0.00091
              3    -0.00000   0.00000  -0.00140  -0.01857  -0.02207  -0.00000
              4    -0.00137   0.00069  -0.00004   0.00450  -0.00052   0.00252
              5     0.00000  -0.00000  -0.00000  -0.00115  -0.00026  -0.00000
              6     0.00008  -0.00004  -0.00001   0.00077   0.00110  -0.00006
              7    -0.00000   0.00000  -0.00000  -0.00023   0.00000   0.00000
              8     0.00000  -0.00000  -0.00000   0.00007   0.00002  -0.00002
              9    -0.00000   0.00000   0.00000  -0.00004  -0.00007   0.00000
             10    -0.00000   0.00000   0.00000   0.00002  -0.00001   0.00000

       o VIBRATIONALLY AVERAGED STRUCTURE

         - Q0 -
              0.000000    0.000000    0.209448
             -1.979352    0.271523   -0.000000

         - X0 -
             -0.000000    0.000000   -1.146995
              0.000000   -0.000000    1.145726
              0.000000    1.792955   -2.263218
              0.000000   -1.792955   -2.263218


(  FINALIZE VSCF MODULE  )

            (MEMORY INFO)
            -- CURRENT USAGE    [     0.16 MB /  1200.00 MB (  0.0 % ) ]  -- 
            -- IN THE LAST STEP [     0.18 MB /  1200.00 MB (  0.0 % ) ]  -- 

            (CLOCK) ---->  LAST STEP: USER     0.00, SYSTEM     0.00 SECS   <----


(  ENTER VCI MODULE  )

   >> VCI OPTIONS

       o VCI SPACE SELECTION
         - MAX NUM. OF MODES TO EXCITE :          3
         - MAX SUM OF QUANTUM NUM.     :          6
         - MAX EXCITATION OF EACH MODE :    6  6  6  6  6  6

       o VCI DIMENSION  :        662
       o NUM_OF_STATES  :        100

   >> VCI WITH ZERO-POINT VSCF REFERENCE

       o READ VSCF WFN   : [ vscf-000.wfn ]

       o DUMP VCI WFN    : [ vci-w.wfn ]

       o VIB. AV. GEOM. : F

   >> VCI MAIN

      o FORMING HAMILTONIAN MATRIX     ... DONE

            (CLOCK) ---->  LAST STEP: USER     0.06, SYSTEM     0.00 SECS   <----

      o DIAGONALIZING HAMILTONIAN MATRIX     ... DONE

            (CLOCK) ---->  LAST STEP: USER     0.14, SYSTEM     0.00 SECS   <----


         > STATE 00000: ZERO-POINT STATE

             E(VCI)   =     5702.66907

             COEFF.  WEIGHT      CONFIG.
              0.999   0.997        0_0
              0.043   0.002        5_1    6_2

         > STATE 00001:   1_1

             E(VCI)   =     6865.04659
             E(VCI)-E0=     1162.37752

             COEFF.  WEIGHT      CONFIG.
             -0.998   0.995        1_1
             -0.044   0.002        1_1    5_1    6_2
              0.035   0.001        1_1    5_1

         > STATE 00002:   2_1

             E(VCI)   =     6951.38314
             E(VCI)-E0=     1248.71407

             COEFF.  WEIGHT      CONFIG.
             -0.997   0.995        2_1
             -0.044   0.002        2_1    5_1    6_2

         > STATE 00003:   3_1

             E(VCI)   =     7210.16616
             E(VCI)-E0=     1507.49709

             COEFF.  WEIGHT      CONFIG.
              0.996   0.992        3_1
              0.044   0.002        3_1    5_1    6_2
              0.044   0.002        4_1

         > STATE 00004:   4_1

             E(VCI)   =     7452.92173
             E(VCI)-E0=     1750.25266

             COEFF.  WEIGHT      CONFIG.
             -0.997   0.993        4_1
              0.044   0.002        3_1
             -0.042   0.002        4_1    5_1    6_2

         > STATE 00005:   1_2

             E(VCI)   =     8023.41674
             E(VCI)-E0=     2320.74767

             COEFF.  WEIGHT      CONFIG.
             -0.981   0.963        1_2
             -0.154   0.024        5_1
              0.067   0.004        1_2    5_1
             -0.043   0.002        1_2    5_1    6_2
              0.036   0.001        2_2

         > STATE 00006:   1_1    2_1

             E(VCI)   =     8132.64221
             E(VCI)-E0=     2429.97314

             COEFF.  WEIGHT      CONFIG.
             -0.997   0.994        1_1    2_1
              0.060   0.004        1_1    2_1    5_1

         > STATE 00007:   2_2

             E(VCI)   =     8196.66352
             E(VCI)-E0=     2493.99445

             COEFF.  WEIGHT      CONFIG.
              0.980   0.961        2_2
             -0.157   0.025        5_1
              0.061   0.004        1_2
             -0.046   0.002        2_2    3_1
             -0.046   0.002        2_2    5_1
              0.043   0.002        2_2    5_1    6_2

         > STATE 00008:   1_1    3_1

             E(VCI)   =     8389.87282
             E(VCI)-E0=     2687.20375

             COEFF.  WEIGHT      CONFIG.
             -0.995   0.990        1_1    3_1
              0.044   0.002        1_1    3_1    5_1
             -0.042   0.002        1_1    4_1
             -0.035   0.001        1_3

         > STATE 00009:   2_1    3_1

             E(VCI)   =     8426.81239
             E(VCI)-E0=     2724.14332

             COEFF.  WEIGHT      CONFIG.
             -0.726   0.528        2_1    3_1
             -0.659   0.435        6_1
             -0.119   0.014        5_1    6_1
             -0.115   0.013        2_1    4_1
             -0.054   0.003        5_1    6_3

         > STATE 00010:   5_1

             E(VCI)   =     8469.63935
             E(VCI)-E0=     2766.97028

             COEFF.  WEIGHT      CONFIG.
              0.962   0.925        5_1
              0.164   0.027        2_2
             -0.147   0.022        1_2
              0.125   0.016        6_2
             -0.059   0.003        5_2    6_2
             -0.042   0.002        3_2
             -0.042   0.002        3_1    4_1
              0.040   0.002        5_1    6_2

         > STATE 00011:   6_1

             E(VCI)   =     8537.32047
             E(VCI)-E0=     2834.65140

             COEFF.  WEIGHT      CONFIG.
              0.697   0.485        6_1
             -0.680   0.463        2_1    3_1
              0.156   0.024        2_1    4_1
              0.132   0.017        5_1    6_1
              0.058   0.003        5_1    6_3
              0.032   0.001        2_3

         > STATE 00012:   1_1    4_1

             E(VCI)   =     8625.80014
             E(VCI)-E0=     2923.13107

             COEFF.  WEIGHT      CONFIG.
              0.996   0.992        1_1    4_1
             -0.045   0.002        1_1    4_1    5_1
             -0.045   0.002        1_1    3_1

         > STATE 00013:   3_2

             E(VCI)   =     8716.45259
             E(VCI)-E0=     3013.78352

             COEFF.  WEIGHT      CONFIG.
              0.993   0.986        3_2
              0.045   0.002        3_2    5_1    6_2
              0.045   0.002        3_1    4_1
              0.043   0.002        5_1
              0.038   0.001        3_2    4_1
             -0.034   0.001        2_2    3_1

         > STATE 00014:   2_1    4_1

             E(VCI)   =     8720.87067
             E(VCI)-E0=     3018.20160

             COEFF.  WEIGHT      CONFIG.
              0.977   0.955        2_1    4_1
             -0.188   0.035        6_1
             -0.046   0.002        2_1    3_1    4_1
             -0.040   0.002        5_1    6_1
             -0.034   0.001        2_1    4_1    5_1

         > STATE 00015:   3_1    4_1

             E(VCI)   =     8974.04342
             E(VCI)-E0=     3271.37434

             COEFF.  WEIGHT      CONFIG.
              0.992   0.985        3_1    4_1
             -0.046   0.002        3_2
             -0.042   0.002        4_2
              0.039   0.002        5_1
             -0.034   0.001        3_2    4_1
              0.033   0.001        3_3

         > STATE 00016:   4_2

             E(VCI)   =     9181.80399
             E(VCI)-E0=     3479.13492

             COEFF.  WEIGHT      CONFIG.
              0.994   0.989        4_2
             -0.047   0.002        3_1    4_2
              0.042   0.002        4_2    5_1    6_2
              0.042   0.002        3_1    4_1

         > STATE 00017:   1_3

             E(VCI)   =     9183.42573
             E(VCI)-E0=     3480.75666

             COEFF.  WEIGHT      CONFIG.
             -0.950   0.902        1_3
              0.268   0.072        1_1    5_1
              0.093   0.009        1_3    5_1
             -0.059   0.003        1_1    2_2
              0.043   0.002        1_3    5_2
             -0.042   0.002        1_3    5_1    6_2
             -0.041   0.002        1_3    3_1
              0.038   0.001        1_1    3_1
              0.035   0.001        1_1    4_1
              0.034   0.001        1_1    5_2
             -0.034   0.001        1_5    5_1

         > STATE 00018:   1_2    2_1

             E(VCI)   =     9290.47820
             E(VCI)-E0=     3587.80912

             COEFF.  WEIGHT      CONFIG.
              0.972   0.944        1_2    2_1
              0.190   0.036        2_1    5_1
             -0.091   0.008        1_2    2_1    5_1
             -0.077   0.006        2_3
             -0.034   0.001        1_2    2_1    5_2

         > STATE 00019:   1_1    2_2

             E(VCI)   =     9381.26360
             E(VCI)-E0=     3678.59453

             COEFF.  WEIGHT      CONFIG.
              0.972   0.944        1_1    2_2
             -0.177   0.031        1_1    5_1
             -0.111   0.012        1_3
             -0.082   0.007        1_1    2_2    5_1

         > STATE 00020:   2_3

             E(VCI)   =     9441.40897
             E(VCI)-E0=     3738.73990

             COEFF.  WEIGHT      CONFIG.
             -0.944   0.891        2_3
              0.269   0.073        2_1    5_1
             -0.129   0.017        1_2    2_1
              0.066   0.004        2_3    3_1
              0.064   0.004        2_3    5_1
             -0.045   0.002        2_1    3_1
             -0.042   0.002        2_3    5_1    6_2

         > STATE 00021:   1_2    3_1

             E(VCI)   =     9547.67909
             E(VCI)-E0=     3845.01002

             COEFF.  WEIGHT      CONFIG.
             -0.972   0.945        1_2    3_1
             -0.177   0.031        3_1    5_1
              0.076   0.006        1_2    3_1    5_1
             -0.047   0.002        1_4
             -0.045   0.002        1_2    4_1
             -0.042   0.002        1_2    3_2
              0.040   0.002        2_2    3_1
             -0.033   0.001        1_2    3_1    4_1
              0.033   0.001        1_2

         > STATE 00022:   1_1    6_1

             E(VCI)   =     9575.07291
             E(VCI)-E0=     3872.40384

             COEFF.  WEIGHT      CONFIG.
              0.836   0.698        1_1    6_1
              0.510   0.260        1_1    2_1    3_1
              0.131   0.017        1_1    5_1    6_1
              0.118   0.014        1_1    2_1    4_1
              0.072   0.005        1_1    5_1    6_3
              0.045   0.002        1_1    6_3

         > STATE 00023:   1_1    5_1

             E(VCI)   =     9616.44785
             E(VCI)-E0=     3913.77878

             COEFF.  WEIGHT      CONFIG.
             -0.928   0.861        1_1    5_1
             -0.255   0.065        1_3
             -0.202   0.041        1_1    2_2
             -0.133   0.018        1_1    6_2
              0.059   0.003        1_1    5_2    6_2
             -0.045   0.002        1_1    5_1    6_2
              0.044   0.002        1_1    3_2
              0.040   0.002        1_1    3_1    4_1
             -0.036   0.001        1_1    5_2

         > STATE 00024:   2_1    6_1

             E(VCI)   =     9644.15282
             E(VCI)-E0=     3941.48375

             COEFF.  WEIGHT      CONFIG.
              0.750   0.562        2_1    6_1
              0.619   0.383        2_2    3_1
              0.137   0.019        2_2    4_1
              0.121   0.015        2_1    5_1    6_1
              0.064   0.004        2_1    5_1    6_3
              0.039   0.001        2_1    6_3
             -0.037   0.001        2_2    3_2
              0.037   0.001        2_3    6_1
              0.036   0.001        2_4
              0.036   0.001        1_2    3_1
             -0.033   0.001        3_1    5_1
             -0.032   0.001        2_1    3_1    6_1

         > STATE 00025:   1_1    2_1    3_1

             E(VCI)   =     9698.36201
             E(VCI)-E0=     3995.69293

             COEFF.  WEIGHT      CONFIG.
              0.857   0.734        1_1    2_1    3_1
             -0.493   0.243        1_1    6_1
             -0.098   0.010        1_1    2_1    4_1
             -0.081   0.007        1_1    5_1    6_1
             -0.043   0.002        1_1    5_1    6_3
             -0.038   0.001        1_1    2_3

         > STATE 00026:   2_1    5_1

             E(VCI)   =     9704.30547
             E(VCI)-E0=     4001.63639

             COEFF.  WEIGHT      CONFIG.
             -0.923   0.852        2_1    5_1
             -0.290   0.084        2_3
              0.161   0.026        1_2    2_1
             -0.133   0.018        2_1    6_2
             -0.081   0.007        3_1    6_1
              0.058   0.003        2_1    5_2    6_2
             -0.044   0.002        2_1    5_1    6_2
             -0.033   0.001        3_1    5_1    6_1

         > STATE 00027:   2_2    3_1

             E(VCI)   =     9770.87590
             E(VCI)-E0=     4068.20683

             COEFF.  WEIGHT      CONFIG.
              0.729   0.532        2_2    3_1
             -0.569   0.324        2_1    6_1
             -0.271   0.074        3_1    5_1
             -0.174   0.030        2_2    4_1
             -0.106   0.011        2_1    5_1    6_1
              0.077   0.006        1_2    3_1
             -0.054   0.003        2_2    3_2
             -0.051   0.003        2_1    5_1    6_3
             -0.048   0.002        3_1    6_2
              0.047   0.002        2_4
             -0.046   0.002        2_2    3_1    5_1
              0.036   0.001        2_2    3_1    4_1
              0.036   0.001        2_2

         > STATE 00028:   1_2    4_1

             E(VCI)   =     9778.42406
             E(VCI)-E0=     4075.75499

             COEFF.  WEIGHT      CONFIG.
             -0.977   0.955        1_2    4_1
             -0.161   0.026        4_1    5_1
              0.078   0.006        1_2    4_1    5_1
              0.053   0.003        1_2    3_1
             -0.036   0.001        1_4
              0.036   0.001        2_2    4_1

         > STATE 00029:   3_1    6_1

             E(VCI)   =     9893.27782
             E(VCI)-E0=     4190.60875

             COEFF.  WEIGHT      CONFIG.
             -0.752   0.566        3_1    6_1
             -0.610   0.372        2_1    3_2
             -0.133   0.018        3_1    5_1    6_1
             -0.127   0.016        2_1    3_1    4_1
             -0.084   0.007        4_1    6_1
             -0.065   0.004        3_1    5_1    6_3
              0.059   0.003        2_1    5_1
             -0.040   0.002        3_1    6_3
              0.035   0.001        2_3    3_1
             -0.032   0.001        2_2    3_1    6_1

         > STATE 00030:   1_1    2_1    4_1

             E(VCI)   =     9900.23200
             E(VCI)-E0=     4197.56293

             COEFF.  WEIGHT      CONFIG.
             -0.986   0.973        1_1    2_1    4_1
              0.148   0.022        1_1    6_1

         > STATE 00031:   1_1    3_2

             E(VCI)   =     9900.54195
             E(VCI)-E0=     4197.87288

             COEFF.  WEIGHT      CONFIG.
             -0.992   0.984        1_1    3_2
              0.050   0.002        1_1    3_2    5_1
             -0.048   0.002        1_3    3_1
             -0.046   0.002        1_1    3_2    4_1
             -0.045   0.002        1_1    5_1
              0.034   0.001        1_1    2_2    3_1

         > STATE 00032:   3_1    5_1

             E(VCI)   =     9945.64844
             E(VCI)-E0=     4242.97937

             COEFF.  WEIGHT      CONFIG.
              0.765   0.585        3_1    5_1
             -0.557   0.311        2_2    4_1
              0.170   0.029        2_2    3_1
              0.158   0.025        4_1    5_1
             -0.136   0.018        1_2    3_1
              0.104   0.011        3_1    6_2
             -0.059   0.004        1_2    4_1
             -0.049   0.002        3_1    5_2    6_2
              0.045   0.002        2_2    3_1    4_1
             -0.045   0.002        3_2    4_1
             -0.044   0.002        3_3
              0.037   0.001        3_1    5_1    6_2

         > STATE 00033:   2_2    4_1

             E(VCI)   =     9973.74655
             E(VCI)-E0=     4271.07748

             COEFF.  WEIGHT      CONFIG.
              0.768   0.590        2_2    4_1
              0.517   0.268        3_1    5_1
             -0.258   0.066        2_1    6_1
              0.184   0.034        2_2    3_1
             -0.113   0.013        4_1    5_1
             -0.090   0.008        1_2    3_1
              0.061   0.004        3_1    6_2
             -0.048   0.002        2_2    4_1    5_1
             -0.048   0.002        2_2    3_1    4_1
             -0.039   0.002        2_1    5_1    6_1
              0.038   0.001        1_2    4_1
             -0.033   0.001        3_1    5_2    6_2

         > STATE 00034:   2_1    3_2

             E(VCI)   =    10041.36018
             E(VCI)-E0=     4338.69111

             COEFF.  WEIGHT      CONFIG.
             -0.778   0.606        2_1    3_2
              0.563   0.316        3_1    6_1
              0.169   0.029        2_1    3_1    4_1
              0.124   0.015        4_1    6_1
              0.106   0.011        3_1    5_1    6_1
             -0.067   0.004        2_1    5_1
              0.050   0.002        3_1    5_1    6_3
              0.049   0.002        2_3    3_1
             -0.048   0.002        2_1    3_2    4_1
              0.037   0.001        2_1    3_3
              0.032   0.001        2_1    3_2    5_1
             -0.032   0.001        2_1    3_1

         > STATE 00035:   1_1    3_1    4_1

             E(VCI)   =    10144.46306
             E(VCI)-E0=     4441.79399

             COEFF.  WEIGHT      CONFIG.
             -0.994   0.988        1_1    3_1    4_1
             -0.038   0.001        1_1    5_1
              0.038   0.001        1_1    3_1    4_2
             -0.034   0.001        1_3    4_1
              0.033   0.001        1_1    3_2
             -0.032   0.001        1_1    3_3

         > STATE 00036:   2_1    3_1    4_1

             E(VCI)   =    10188.15495
             E(VCI)-E0=     4485.48588

             COEFF.  WEIGHT      CONFIG.
              0.677   0.459        2_1    3_1    4_1
              0.649   0.421        4_1    6_1
             -0.243   0.059        3_1    6_1
             -0.161   0.026        2_1    4_2
              0.112   0.013        4_1    5_1    6_1
              0.078   0.006        2_1    3_2
              0.053   0.003        4_1    5_1    6_3
             -0.051   0.003        3_1    5_1    6_1
             -0.036   0.001        2_1    3_2    4_1

         > STATE 00037:   3_3

             E(VCI)   =    10221.59426
             E(VCI)-E0=     4518.92519

             COEFF.  WEIGHT      CONFIG.
              0.860   0.740        3_3
              0.476   0.226        4_1    5_1
              0.094   0.009        2_2    4_1
             -0.076   0.006        1_2    4_1
              0.062   0.004        4_1    6_2
              0.049   0.002        3_3    4_1
              0.040   0.002        3_3    5_1    6_2
             -0.034   0.001        2_2    3_2
              0.032   0.001        3_1    4_2

         > STATE 00038:   4_1    5_1

             E(VCI)   =    10226.42995
             E(VCI)-E0=     4523.76088

             COEFF.  WEIGHT      CONFIG.
              0.822   0.676        4_1    5_1
             -0.489   0.239        3_3
              0.158   0.025        2_2    4_1
             -0.132   0.017        1_2    4_1
              0.105   0.011        4_1    6_2
             -0.097   0.009        3_1    5_1
             -0.057   0.003        3_2    4_1
              0.053   0.003        3_1    4_2
             -0.050   0.003        4_1    5_2    6_2
             -0.046   0.002        2_1    6_1
             -0.034   0.001        4_3
              0.032   0.001        3_1    4_1
              0.032   0.001        4_1    5_1    6_2
              0.032   0.001        3_2    5_1

         > STATE 00039:   2_1    3_1    4_1

             E(VCI)   =    10281.74592
             E(VCI)-E0=     4579.07685

             COEFF.  WEIGHT      CONFIG.
              0.687   0.473        2_1    3_1    4_1
             -0.650   0.423        4_1    6_1
              0.264   0.070        2_1    4_2
             -0.116   0.013        4_1    5_1    6_1
             -0.055   0.003        2_1    3_2    4_1
             -0.054   0.003        4_1    5_1    6_3
             -0.045   0.002        2_1    3_1    4_2
              0.041   0.002        2_1    5_1
              0.040   0.002        2_1    4_1
              0.038   0.001        3_1    4_1    6_1
             -0.036   0.001        3_1    6_1
             -0.036   0.001        2_3    4_1

         > STATE 00040:   1_1    4_2

             E(VCI)   =    10350.37357
             E(VCI)-E0=     4647.70450

             COEFF.  WEIGHT      CONFIG.
              0.994   0.989        1_1    4_2
             -0.055   0.003        1_1    4_2    5_1
             -0.041   0.002        1_3    4_1
             -0.034   0.001        1_1    3_1    4_2

         > STATE 00041:   1_4

             E(VCI)   =    10363.97025
             E(VCI)-E0=     4661.30118

             COEFF.  WEIGHT      CONFIG.
             -0.896   0.803        1_4
              0.389   0.151        1_2    5_1
              0.116   0.013        1_4    5_1
             -0.095   0.009        1_2    2_2
              0.060   0.004        1_2    5_2
              0.054   0.003        1_2    3_1
              0.053   0.003        1_2    4_1
             -0.051   0.003        1_4    3_1
              0.051   0.003        1_4    5_2
             -0.045   0.002        5_2
              0.041   0.002        1_2

         > STATE 00042:   2_1    4_2

             E(VCI)   =    10454.87584
             E(VCI)-E0=     4752.20676

             COEFF.  WEIGHT      CONFIG.
              0.943   0.890        2_1    4_2
              0.296   0.087        4_1    6_1
             -0.075   0.006        2_1    3_1    4_1
             -0.064   0.004        2_1    3_1    4_2
              0.058   0.003        4_1    5_1    6_1
             -0.044   0.002        2_1    4_2    5_1

         > STATE 00043:   1_3    2_1

             E(VCI)   =    10455.40416
             E(VCI)-E0=     4752.73509

             COEFF.  WEIGHT      CONFIG.
             -0.938   0.879        1_3    2_1
              0.293   0.086        1_1    2_1    5_1
              0.116   0.014        1_3    2_1    5_1
             -0.106   0.011        1_1    2_3
              0.047   0.002        1_1    2_1    5_2
              0.047   0.002        1_3    2_1    5_2
              0.035   0.001        1_1    2_1    4_1

         > STATE 00044:   3_2    4_1

             E(VCI)   =    10478.21775
             E(VCI)-E0=     4775.54868

             COEFF.  WEIGHT      CONFIG.
             -0.987   0.974        3_2    4_1
              0.056   0.003        3_2    4_2
             -0.048   0.002        3_1    5_1
              0.046   0.002        3_4
              0.045   0.002        3_3
             -0.045   0.002        4_1    5_1
              0.041   0.002        3_3    4_1
              0.038   0.001        3_2
              0.036   0.001        2_2    3_1    4_1
             -0.035   0.001        3_1    4_1

         > STATE 00045:   1_2    2_2

             E(VCI)   =    10543.68617
             E(VCI)-E0=     4841.01710

             COEFF.  WEIGHT      CONFIG.
              0.934   0.873        1_2    2_2
              0.215   0.046        2_2    5_1
             -0.170   0.029        1_4
             -0.145   0.021        1_2    5_1
             -0.109   0.012        1_2    2_2    5_1
              0.096   0.009        2_4
              0.045   0.002        5_2
             -0.042   0.002        1_2    2_2    5_2

         > STATE 00046:   1_1    2_3

             E(VCI)   =    10633.47974
             E(VCI)-E0=     4930.81067

             COEFF.  WEIGHT      CONFIG.
             -0.938   0.880        1_1    2_3
              0.256   0.065        1_1    2_1    5_1
              0.188   0.035        1_3    2_1
              0.099   0.010        1_1    2_3    5_1
              0.051   0.003        1_1    2_3    3_1
             -0.044   0.002        1_1    2_1    3_1
              0.038   0.001        1_1    2_3    5_2
              0.034   0.001        1_1    2_1    5_2

         > STATE 00047:   3_1    4_2

             E(VCI)   =    10700.21559
             E(VCI)-E0=     4997.54652

             COEFF.  WEIGHT      CONFIG.
              0.987   0.973        3_1    4_2
             -0.066   0.004        3_2    4_2
             -0.060   0.004        4_1    5_1
             -0.047   0.002        3_3    4_1
              0.046   0.002        4_2
              0.039   0.002        2_4
             -0.036   0.001        3_1    4_3

         > STATE 00048:   2_4

             E(VCI)   =    10704.19545
             E(VCI)-E0=     5001.52638

             COEFF.  WEIGHT      CONFIG.
             -0.880   0.774        2_4
             -0.400   0.160        2_2    5_1
              0.175   0.031        1_2    2_2
              0.082   0.007        2_4    5_1
              0.082   0.007        2_4    3_1
              0.062   0.004        2_2    3_1
             -0.052   0.003        1_2    5_1
              0.044   0.002        3_1    4_2
             -0.043   0.002        5_2
             -0.041   0.002        2_2    5_2
              0.036   0.001        2_4    5_2
             -0.035   0.001        2_2    6_2

         > STATE 00049:   1_2    6_1

             E(VCI)   =    10713.81237
             E(VCI)-E0=     5011.14330

             COEFF.  WEIGHT      CONFIG.
             -0.899   0.808        1_2    6_1
             -0.372   0.139        1_2    2_1    3_1
             -0.115   0.013        1_2    5_1    6_1
             -0.110   0.012        1_2    2_1    4_1
             -0.098   0.010        5_1    6_1
             -0.078   0.006        1_2    5_1    6_3
             -0.064   0.004        2_1    3_1    5_1
             -0.058   0.003        1_2    6_3
             -0.036   0.001        1_4    6_1

         > STATE 00050:   1_3    3_1

             E(VCI)   =    10714.45798
             E(VCI)-E0=     5011.78891

             COEFF.  WEIGHT      CONFIG.
              0.941   0.886        1_3    3_1
             -0.276   0.076        1_1    3_1    5_1
             -0.102   0.010        1_3    3_1    5_1
              0.059   0.003        1_3    3_2
              0.056   0.003        1_1    2_2    3_1
             -0.054   0.003        1_5
             -0.054   0.003        1_1    3_2
             -0.049   0.002        1_3
              0.043   0.002        1_3    4_1
             -0.042   0.002        1_3    3_1    5_2
              0.039   0.001        1_3    3_1    4_1
             -0.038   0.001        1_1    3_1    5_2
             -0.036   0.001        1_1    3_1    4_1
             -0.033   0.001        1_3    5_1

         > STATE 00051:   1_2    5_1

             E(VCI)   =    10773.31751
             E(VCI)-E0=     5070.64844

             COEFF.  WEIGHT      CONFIG.
             -0.857   0.734        1_2    5_1
             -0.373   0.139        1_4
             -0.214   0.046        1_2    2_2
              0.202   0.041        5_2
             -0.133   0.018        1_2    6_2
             -0.063   0.004        1_2    5_2
              0.055   0.003        1_2    5_2    6_2
             -0.052   0.003        1_2
              0.044   0.002        1_2    3_2
             -0.044   0.002        1_2    5_1    6_2
              0.038   0.001        1_2    3_1    4_1
             -0.036   0.001        1_2    5_3

         > STATE 00052:   1_2    2_1    3_1

             E(VCI)   =    10864.79162
             E(VCI)-E0=     5162.12255

             COEFF.  WEIGHT      CONFIG.
             -0.776   0.601        1_2    2_1    3_1
              0.356   0.127        2_2    6_1
              0.333   0.111        1_2    6_1
              0.310   0.096        2_3    3_1
             -0.199   0.040        2_1    3_1    5_1
              0.066   0.004        2_3    4_1
              0.065   0.004        1_2    2_1    4_1
              0.047   0.002        1_2    5_1    6_1
              0.045   0.002        2_2    5_1    6_1
             -0.033   0.001        1_4    2_1

         > STATE 00053:   1_1    2_2    3_1

             E(VCI)   =    10865.34447
             E(VCI)-E0=     5162.67540

             COEFF.  WEIGHT      CONFIG.
              0.703   0.494        1_1    2_2    3_1
              0.686   0.471        1_1    2_1    6_1
              0.132   0.017        1_1    2_2    4_1
             -0.071   0.005        1_3    3_1
             -0.066   0.004        1_1    3_1    5_1
              0.040   0.002        1_1    2_4
              0.038   0.001        1_1    2_3    6_1

         > STATE 00054:   2_2    6_1

             E(VCI)   =    10874.99239
             E(VCI)-E0=     5172.32331

             COEFF.  WEIGHT      CONFIG.
             -0.717   0.515        2_2    6_1
             -0.456   0.208        1_2    2_1    3_1
             -0.437   0.191        2_3    3_1
              0.154   0.024        1_2    6_1
             -0.137   0.019        2_3    4_1
             -0.102   0.010        2_2    5_1    6_1
              0.090   0.008        5_1    6_1
             -0.060   0.004        2_2    5_1    6_3
              0.045   0.002        2_2    3_1    6_1
             -0.043   0.002        2_1    3_2
             -0.042   0.002        2_2    6_3
              0.040   0.002        1_2    2_1    4_1
              0.037   0.001        2_3    3_2
              0.037   0.001        2_4    6_1
             -0.035   0.001        2_3

         > STATE 00055:   4_3

             E(VCI)   =    10894.03129
             E(VCI)-E0=     5191.36222

             COEFF.  WEIGHT      CONFIG.
             -0.992   0.984        4_3
              0.067   0.004        3_1    4_3
             -0.043   0.002        4_3    5_1    6_2
             -0.036   0.001        4_1    5_1
              0.034   0.001        3_2    4_2

         > STATE 00056:   1_1    2_1    5_1

             E(VCI)   =    10902.45487
             E(VCI)-E0=     5199.78579

             COEFF.  WEIGHT      CONFIG.
              0.902   0.814        1_1    2_1    5_1
              0.302   0.091        1_1    2_3
              0.255   0.065        1_3    2_1
              0.128   0.016        1_1    2_1    6_2
              0.068   0.005        1_1    2_1    5_2
              0.050   0.003        1_1    2_1
              0.039   0.002        1_1    3_1    6_1
             -0.032   0.001        1_1    2_1    3_2

         > STATE 00057:   1_3    4_1

             E(VCI)   =    10939.61508
             E(VCI)-E0=     5236.94601

             COEFF.  WEIGHT      CONFIG.
             -0.951   0.904        1_3    4_1
              0.254   0.065        1_1    4_1    5_1
              0.105   0.011        1_3    4_1    5_1
              0.055   0.003        1_3    3_1
             -0.051   0.003        1_1    4_2
             -0.046   0.002        1_1    2_2    4_1
              0.041   0.002        1_5
              0.039   0.002        1_3    4_1    5_2
              0.037   0.001        1_1    4_1    5_2
              0.036   0.001        1_1    3_1    4_1
              0.035   0.001        1_3    5_1
              0.033   0.001        1_3    4_2
              0.033   0.001        1_1    2_2    3_1

         > STATE 00058:   2_2    5_1

             E(VCI)   =    10952.71820
             E(VCI)-E0=     5250.04913

             COEFF.  WEIGHT      CONFIG.
              0.833   0.695        2_2    5_1
             -0.433   0.187        2_4
              0.239   0.057        5_2
             -0.149   0.022        1_2    2_2
              0.124   0.015        2_2    6_2
              0.070   0.005        1_2    5_1
             -0.052   0.003        2_2    5_2    6_2
              0.040   0.002        2_2    5_2
              0.039   0.002        2_2    5_1    6_2
             -0.039   0.002        5_1    6_2
              0.034   0.001        2_4    3_1
              0.033   0.001        2_2

         > STATE 00059:   1_1    2_1    6_1

             E(VCI)   =    10990.15429
             E(VCI)-E0=     5287.48522

             COEFF.  WEIGHT      CONFIG.
             -0.662   0.438        1_1    2_1    6_1
              0.652   0.424        1_1    2_2    3_1
             -0.249   0.062        1_1    3_1    5_1
             -0.232   0.054        1_1    2_2    4_1
             -0.102   0.010        1_3    3_1
             -0.047   0.002        1_1    3_1    6_2
              0.042   0.002        1_1    2_4
             -0.038   0.001        1_1    2_2    3_2

         > STATE 00060:   2_3    3_1

             E(VCI)   =    11011.08040
             E(VCI)-E0=     5308.41132

             COEFF.  WEIGHT      CONFIG.
             -0.731   0.534        2_3    3_1
              0.490   0.240        2_2    6_1
              0.358   0.128        2_1    3_1    5_1
              0.172   0.030        2_3    4_1
             -0.139   0.019        1_2    2_1    3_1
              0.087   0.008        2_2    5_1    6_1
              0.078   0.006        2_3    3_2
              0.063   0.004        2_3    3_1    5_1
              0.062   0.004        5_1    6_1
             -0.058   0.003        2_5
              0.054   0.003        2_1    3_1    6_2
             -0.054   0.003        2_3
             -0.044   0.002        2_1    3_2
              0.044   0.002        2_2    5_1    6_3
             -0.043   0.002        2_3    3_1    4_1
             -0.036   0.001        2_2    3_1    6_1
              0.033   0.001        2_1    3_1    4_1

         > STATE 00061:   1_2    3_2

             E(VCI)   =    11063.73260
             E(VCI)-E0=     5361.06353

             COEFF.  WEIGHT      CONFIG.
              0.961   0.923        1_2    3_2
              0.192   0.037        3_2    5_1
             -0.080   0.006        1_2    3_2    5_1
             -0.064   0.004        2_2    3_2
              0.061   0.004        1_4    3_1
              0.054   0.003        1_2    5_1
              0.051   0.003        1_2    3_2    4_1
             -0.051   0.003        6_2
              0.050   0.002        1_2    3_3
             -0.045   0.002        1_2    3_1
             -0.041   0.002        2_1    3_1    6_1
             -0.036   0.001        1_2    3_1    5_1
              0.036   0.001        3_3
              0.033   0.001        5_2
             -0.033   0.001        1_2    3_2    5_2

         > STATE 00062:   1_2    2_1    4_1

             E(VCI)   =    11069.77594
             E(VCI)-E0=     5367.10687

             COEFF.  WEIGHT      CONFIG.
             -0.950   0.903        1_2    2_1    4_1
             -0.191   0.036        2_1    4_1    5_1
              0.140   0.020        1_2    6_1
             -0.122   0.015        5_1    6_1
              0.084   0.007        2_3    4_1
             -0.060   0.004        2_1    3_1    5_1
             -0.053   0.003        2_3    3_1
             -0.036   0.001        1_4    2_1
              0.033   0.001        5_2    6_1

         > STATE 00063:   6_2

             E(VCI)   =    11076.12197
             E(VCI)-E0=     5373.45289

             COEFF.  WEIGHT      CONFIG.
             -0.610   0.372        6_2
              0.523   0.273        5_2
             -0.346   0.120        2_1    3_1    6_1
             -0.317   0.100        5_1    6_2
             -0.175   0.031        2_2    3_2
             -0.137   0.019        2_2    5_1
             -0.113   0.013        2_1    4_1    6_1
              0.102   0.010        5_1
             -0.096   0.009        5_1    6_4
             -0.092   0.008        1_2    3_2
              0.091   0.008        1_2    5_1
             -0.069   0.005        6_4
              0.069   0.005        5_2    6_2
             -0.063   0.004        2_2    3_1    4_1
             -0.054   0.003        2_2    6_2
              0.044   0.002        2_4
              0.044   0.002        5_2    6_4
             -0.041   0.002        5_3    6_2
              0.034   0.001        1_2    6_2

         > STATE 00064:   5_1    6_1

             E(VCI)   =    11093.21266
             E(VCI)-E0=     5390.54359

             COEFF.  WEIGHT      CONFIG.
              0.828   0.686        5_1    6_1
              0.267   0.071        2_1    3_1    5_1
             -0.220   0.048        5_2    6_1
              0.209   0.044        2_3    3_1
             -0.191   0.037        1_2    2_1    4_1
             -0.177   0.031        6_1
              0.177   0.031        6_3
             -0.109   0.012        5_2    6_3
              0.096   0.009        5_1    6_3
              0.087   0.008        2_1    4_1    5_1
             -0.066   0.004        2_3    4_1
             -0.062   0.004        1_2    2_1    3_1
             -0.057   0.003        1_2    6_1
              0.038   0.001        2_1    3_1    6_2
              0.034   0.001        5_1    6_5
             -0.033   0.001        1_2    5_1    6_1

         > STATE 00065:   1_1    2_1    3_2

             E(VCI)   =    11122.37155
             E(VCI)-E0=     5419.70248

             COEFF.  WEIGHT      CONFIG.
             -0.737   0.544        1_1    2_1    3_2
             -0.667   0.445        1_1    3_1    6_1
             -0.061   0.004        1_1    4_1    6_1
              0.043   0.002        1_1    2_3    3_1

         > STATE 00066:   1_1    3_1    5_1

             E(VCI)   =    11141.46910
             E(VCI)-E0=     5438.80002

             COEFF.  WEIGHT      CONFIG.
             -0.825   0.681        1_1    3_1    5_1
              0.417   0.174        1_1    2_2    4_1
             -0.237   0.056        1_3    3_1
             -0.195   0.038        1_1    2_2    3_1
             -0.126   0.016        1_1    4_1    5_1
             -0.110   0.012        1_1    3_1    6_2
             -0.069   0.005        1_3    4_1
              0.063   0.004        1_1    3_3
             -0.049   0.002        1_1    3_1    5_2
              0.047   0.002        1_1    3_2    4_1
             -0.035   0.001        1_1    3_1

         > STATE 00067:   2_2    3_2

             E(VCI)   =    11172.58761
             E(VCI)-E0=     5469.91854

             COEFF.  WEIGHT      CONFIG.
             -0.665   0.442        2_2    3_2
             -0.494   0.244        2_1    3_1    6_1
             -0.484   0.234        5_2
              0.128   0.016        2_2    5_1
             -0.106   0.011        1_2    5_1
             -0.100   0.010        2_2    3_1    4_1
              0.092   0.008        5_1    6_2
              0.059   0.003        3_2    5_1
             -0.053   0.003        2_1    4_1    6_1
             -0.051   0.003        2_4    3_1
             -0.050   0.002        1_2    3_2
              0.048   0.002        2_2    3_3
             -0.041   0.002        2_2    3_1
             -0.040   0.002        2_4
              0.038   0.001        2_2    3_2    5_1
             -0.038   0.001        2_3    3_1    6_1
             -0.037   0.001        5_2    6_2
              0.037   0.001        5_3    6_2

         > STATE 00068:   1_1    2_2    4_1

             E(VCI)   =    11172.88185
             E(VCI)-E0=     5470.21277

             COEFF.  WEIGHT      CONFIG.
              0.843   0.711        1_1    2_2    4_1
              0.366   0.134        1_1    3_1    5_1
             -0.289   0.083        1_1    2_1    6_1
              0.168   0.028        1_1    2_2    3_1
             -0.138   0.019        1_1    4_1    5_1
              0.103   0.011        1_3    3_1
             -0.069   0.005        1_3    4_1
              0.040   0.002        1_1    3_1    6_2
             -0.035   0.001        1_1    2_2    5_1

         > STATE 00069:   2_3    4_1

             E(VCI)   =    11209.21726
             E(VCI)-E0=     5506.54819

             COEFF.  WEIGHT      CONFIG.
             -0.886   0.785        2_3    4_1
              0.247   0.061        2_1    4_1    5_1
              0.229   0.053        2_1    3_1    5_1
             -0.173   0.030        5_1    6_1
              0.157   0.025        2_2    6_1
             -0.116   0.013        1_2    2_1    4_1
              0.082   0.007        2_3    3_1    4_1
              0.072   0.005        2_3    4_1    5_1
              0.048   0.002        5_2    6_1
             -0.045   0.002        1_2    2_1    3_1
              0.038   0.001        2_2    5_1    6_1
              0.037   0.001        2_1    3_1    6_2
             -0.033   0.001        2_1    3_1    4_1
             -0.033   0.001        6_3

         > STATE 00070:   5_2

             E(VCI)   =    11249.29180
             E(VCI)-E0=     5546.62273

             COEFF.  WEIGHT      CONFIG.
             -0.536   0.287        5_2
              0.525   0.276        2_2    3_2
             -0.502   0.252        6_2
             -0.236   0.056        3_2    5_1
              0.160   0.026        2_2    5_1
             -0.133   0.018        2_1    4_1    6_1
             -0.126   0.016        2_1    3_1    6_1
             -0.123   0.015        1_2    5_1
             -0.085   0.007        5_1    6_2
             -0.082   0.007        2_2    3_1    4_1
              0.076   0.006        1_2    3_2
              0.069   0.005        5_1
             -0.057   0.003        5_1    6_4
             -0.056   0.003        3_1    4_1    5_1
              0.046   0.002        2_4    3_1
             -0.046   0.002        2_2    3_3
             -0.043   0.002        3_2    6_2
              0.040   0.002        2_2    3_1
              0.039   0.002        5_3    6_2
              0.034   0.001        2_2    3_2    4_1
              0.034   0.001        3_1    6_2
             -0.032   0.001        2_2    3_2    5_1

         > STATE 00071:   2_1    3_1    5_1

             E(VCI)   =    11263.47386
             E(VCI)-E0=     5560.80479

             COEFF.  WEIGHT      CONFIG.
             -0.809   0.655        2_1    3_1    5_1
             -0.311   0.097        2_3    3_1
              0.274   0.075        5_1    6_1
             -0.222   0.049        2_3    4_1
              0.208   0.043        2_2    6_1
              0.139   0.019        1_2    2_1    3_1
             -0.114   0.013        3_2    6_1
             -0.102   0.010        2_1    3_1    6_2
              0.090   0.008        2_1    4_1    5_1
             -0.080   0.006        5_2    6_1
              0.059   0.003        6_3
             -0.052   0.003        6_1
              0.038   0.001        2_3    5_1
             -0.037   0.001        5_2    6_3
              0.034   0.001        2_1    3_2    4_1
             -0.034   0.001        3_2    5_1    6_1
              0.034   0.001        5_1    6_3
             -0.033   0.001        2_1    3_1    5_2
             -0.032   0.001        1_2    6_1

         > STATE 00072:   1_1    3_1    6_1

             E(VCI)   =    11265.30778
             E(VCI)-E0=     5562.63871

             COEFF.  WEIGHT      CONFIG.
              0.728   0.530        1_1    3_1    6_1
             -0.669   0.447        1_1    2_1    3_2
              0.113   0.013        1_1    4_1    6_1
             -0.054   0.003        1_1    2_1    5_1
              0.040   0.002        1_1    2_3    3_1

         > STATE 00073:   1_2    3_1    4_1

             E(VCI)   =    11315.80774
             E(VCI)-E0=     5613.13866

             COEFF.  WEIGHT      CONFIG.
              0.977   0.954        1_2    3_1    4_1
              0.161   0.026        3_1    4_1    5_1
             -0.048   0.002        1_2    3_1    4_2
              0.046   0.002        1_4    4_1
             -0.040   0.002        2_2    3_1    4_1
             -0.037   0.001        1_2    3_2
              0.036   0.001        1_2    5_1
             -0.034   0.001        1_2    3_1
              0.033   0.001        1_4    3_1
             -0.032   0.001        1_2    4_1    5_1

         > STATE 00074:   3_2    6_1

             E(VCI)   =    11367.99301
             E(VCI)-E0=     5665.32394

             COEFF.  WEIGHT      CONFIG.
             -0.803   0.645        3_2    6_1
             -0.530   0.281        2_1    3_3
             -0.138   0.019        3_2    5_1    6_1
             -0.127   0.016        2_1    3_2    4_1
             -0.092   0.009        3_1    4_1    6_1
              0.089   0.008        2_1    3_1    5_1
             -0.069   0.005        3_2    5_1    6_3
             -0.050   0.002        3_2    6_3
             -0.035   0.001        3_1    6_1
              0.035   0.001        3_4    6_1
             -0.035   0.001        2_1    3_1    6_2
              0.034   0.001        2_3    3_2

         > STATE 00075:   2_1    3_1    6_1

             E(VCI)   =    11378.35133
             E(VCI)-E0=     5675.68226

             COEFF.  WEIGHT      CONFIG.
              0.607   0.368        2_1    3_1    6_1
             -0.430   0.185        6_2
              0.405   0.164        2_2    3_1    4_1
             -0.318   0.101        2_2    3_2
              0.263   0.069        3_2    5_1
             -0.220   0.048        5_2
             -0.125   0.016        5_1    6_2
              0.081   0.007        2_1    4_1    6_1
             -0.062   0.004        1_2    3_2
             -0.059   0.003        2_2    3_2    4_1
             -0.056   0.003        5_1    6_4
              0.055   0.003        5_1
             -0.050   0.003        1_2    5_1
             -0.046   0.002        2_1    3_2    6_1
             -0.045   0.002        3_1    4_1    5_1
              0.044   0.002        3_2    6_2
              0.042   0.002        2_2    3_3
              0.037   0.001        2_2    4_1
             -0.035   0.001        2_2    3_1
             -0.033   0.001        2_4    3_1
             -0.032   0.001        6_4

         > STATE 00076:   1_1    4_1    5_1

             E(VCI)   =    11405.34327
             E(VCI)-E0=     5702.67420

             COEFF.  WEIGHT      CONFIG.
              0.880   0.774        1_1    4_1    5_1
              0.328   0.108        1_1    3_3
              0.233   0.054        1_3    4_1
              0.181   0.033        1_1    2_2    4_1
              0.114   0.013        1_1    4_1    6_2
              0.061   0.004        1_1    3_1    4_2
              0.053   0.003        1_1    4_1    5_2
             -0.045   0.002        1_1    3_1    5_1
             -0.043   0.002        1_1    2_1    6_1
              0.039   0.001        1_1    4_1
             -0.036   0.001        1_1    4_3

         > STATE 00077:   1_1    3_3

             E(VCI)   =    11414.72555
             E(VCI)-E0=     5712.05648

             COEFF.  WEIGHT      CONFIG.
             -0.932   0.868        1_1    3_3
              0.303   0.092        1_1    4_1    5_1
             -0.094   0.009        1_1    3_1    5_1
              0.080   0.006        1_3    4_1
             -0.062   0.004        1_1    3_3    4_1
              0.060   0.004        1_1    2_2    4_1
             -0.051   0.003        1_3    3_2
              0.050   0.003        1_1    3_3    5_1
              0.039   0.002        1_1    3_2    5_1
              0.038   0.001        1_1    2_2    3_2
              0.038   0.001        1_1    4_1    6_2
              0.036   0.001        1_1    3_1    4_1
             -0.033   0.001        1_1    3_2    4_1

         > STATE 00078:   3_2    5_1

             E(VCI)   =    11434.16699
             E(VCI)-E0=     5731.49792

             COEFF.  WEIGHT      CONFIG.
             -0.817   0.668        3_2    5_1
              0.401   0.161        2_2    3_1    4_1
              0.213   0.045        2_1    4_1    6_1
             -0.197   0.039        2_2    3_2
              0.158   0.025        1_2    3_2
             -0.116   0.014        3_1    4_1    5_1
             -0.108   0.012        3_2    6_2
              0.064   0.004        1_2    3_1    4_1
             -0.060   0.004        2_2    4_2
              0.057   0.003        5_2
             -0.056   0.003        3_4
              0.053   0.003        3_2    5_2    6_2
              0.052   0.003        3_3    4_1
             -0.049   0.002        2_2    3_2    4_1
             -0.042   0.002        3_2    5_1    6_2
             -0.035   0.001        3_3
              0.033   0.001        6_2

         > STATE 00079:   1_1    4_1    6_1

             E(VCI)   =    11461.20631
             E(VCI)-E0=     5758.53724

             COEFF.  WEIGHT      CONFIG.
             -0.927   0.859        1_1    4_1    6_1
              0.344   0.119        1_1    2_1    4_2
              0.127   0.016        1_1    3_1    6_1
             -0.038   0.001        1_3    4_1    6_1
             -0.035   0.001        1_1    2_1    3_2

         > STATE 00080:   2_2    3_1    4_1

             E(VCI)   =    11486.29859
             E(VCI)-E0=     5783.62952

             COEFF.  WEIGHT      CONFIG.
              0.600   0.360        2_2    3_1    4_1
             -0.469   0.220        2_1    3_1    6_1
              0.421   0.177        2_1    4_1    6_1
              0.342   0.117        3_2    5_1
              0.271   0.073        2_2    3_2
             -0.152   0.023        2_2    4_2
             -0.068   0.005        3_1    4_1    5_1
             -0.061   0.004        1_2    3_2
              0.047   0.002        2_1    3_2    6_1
              0.044   0.002        1_2    4_2
             -0.038   0.001        2_2    3_2    4_1
              0.035   0.001        2_3    4_1    6_1
              0.034   0.001        2_2    5_1
              0.032   0.001        2_4    4_1

         > STATE 00081:   1_2    4_2

             E(VCI)   =    11501.67282
             E(VCI)-E0=     5799.00375

             COEFF.  WEIGHT      CONFIG.
              0.975   0.951        1_2    4_2
              0.158   0.025        4_2    5_1
             -0.088   0.008        1_2    4_2    5_1
             -0.052   0.003        1_4    4_1
             -0.043   0.002        2_2    3_1    4_1
              0.041   0.002        1_2    4_1    5_1
             -0.035   0.001        4_3

         > STATE 00082:   2_1    4_1    5_1

             E(VCI)   =    11501.97994
             E(VCI)-E0=     5799.31087

             COEFF.  WEIGHT      CONFIG.
             -0.923   0.852        2_1    4_1    5_1
             -0.279   0.078        2_3    4_1
              0.147   0.022        1_2    2_1    4_1
             -0.116   0.014        2_1    4_1    6_2
              0.086   0.007        5_1    6_1
              0.077   0.006        2_2    6_1
             -0.059   0.003        2_1    3_1    4_2
             -0.054   0.003        2_1    3_3
              0.046   0.002        2_1    3_2    4_1
             -0.042   0.002        2_1    4_1    5_2
              0.036   0.001        4_2    6_1
              0.033   0.001        2_1    4_3

         > STATE 00083:   2_1    3_3

             E(VCI)   =    11548.85828
             E(VCI)-E0=     5846.18920

             COEFF.  WEIGHT      CONFIG.
             -0.828   0.686        2_1    3_3
              0.485   0.235        3_2    6_1
              0.155   0.024        2_1    3_2    4_1
              0.107   0.011        3_1    4_1    6_1
              0.090   0.008        3_2    5_1    6_1
             -0.086   0.007        2_1    3_1    5_1
             -0.068   0.005        2_1    3_3    4_1
              0.061   0.004        2_3    3_2
              0.060   0.004        2_1    4_1    5_1
             -0.045   0.002        2_1    3_4
             -0.043   0.002        2_1    3_2
              0.042   0.002        3_2    5_1    6_3
              0.039   0.002        2_1    3_1    4_1
              0.037   0.001        2_1    3_3    5_1

         > STATE 00084:   1_5

             E(VCI)   =    11554.70937
             E(VCI)-E0=     5852.04030

             COEFF.  WEIGHT      CONFIG.
              0.856   0.733        1_5
              0.447   0.199        1_3    5_1
             -0.126   0.016        1_5    5_1
             -0.118   0.014        1_3    2_2
              0.094   0.009        1_1    5_2
              0.086   0.007        1_3    5_2
              0.063   0.004        1_3    4_1
              0.063   0.004        1_3    3_1
              0.060   0.004        1_3
              0.056   0.003        1_5    3_1
              0.035   0.001        1_1    2_2    5_1
              0.034   0.001        1_3    5_3
              0.032   0.001        1_3    6_2

         > STATE 00085:   2_1    4_1    6_1

             E(VCI)   =    11577.21345
             E(VCI)-E0=     5874.54438

             COEFF.  WEIGHT      CONFIG.
              0.642   0.412        2_1    4_1    6_1
             -0.555   0.308        2_2    4_2
             -0.442   0.195        2_2    3_1    4_1
              0.156   0.024        3_1    4_1    5_1
             -0.129   0.017        6_2
              0.092   0.008        2_1    3_1    6_1
              0.070   0.005        2_2    3_1    4_2
              0.063   0.004        2_2    3_2    4_1
             -0.048   0.002        2_2    4_1
             -0.047   0.002        5_1    6_2
             -0.047   0.002        2_2    3_2
             -0.046   0.002        5_2
             -0.043   0.002        2_4    4_1
              0.039   0.002        4_2    5_1
             -0.038   0.001        1_2    3_1    4_1
             -0.037   0.001        3_2    5_1
             -0.033   0.001        1_2    4_2
              0.032   0.001        3_1    4_1    6_2

         > STATE 00086:   1_4    2_1

             E(VCI)   =    11632.72550
             E(VCI)-E0=     5930.05642

             COEFF.  WEIGHT      CONFIG.
              0.889   0.790        1_4    2_1
             -0.389   0.151        1_2    2_1    5_1
              0.147   0.021        1_2    2_3
             -0.129   0.017        1_4    2_1    5_1
             -0.076   0.006        1_2    2_1    5_2
              0.053   0.003        2_1    5_2
             -0.051   0.003        1_2    2_1
             -0.050   0.003        1_2    2_1    4_1
             -0.040   0.002        1_2    2_1    3_1

         > STATE 00087:   1_1    2_1    4_2

             E(VCI)   =    11645.13504
             E(VCI)-E0=     5942.46597

             COEFF.  WEIGHT      CONFIG.
              0.936   0.877        1_1    2_1    4_2
              0.344   0.118        1_1    4_1    6_1

         > STATE 00088:   1_1    3_2    4_1

             E(VCI)   =    11658.05114
             E(VCI)-E0=     5955.38207

             COEFF.  WEIGHT      CONFIG.
             -0.990   0.980        1_1    3_2    4_1
              0.065   0.004        1_1    3_2    4_2
             -0.048   0.002        1_1    3_1    5_1
              0.045   0.002        1_1    3_2
              0.045   0.002        1_1    3_4
             -0.040   0.002        1_1    4_1    5_1
             -0.039   0.002        1_3    3_1    4_1
              0.033   0.001        1_1    3_1    4_3

         > STATE 00089:   2_1    3_2    4_1

             E(VCI)   =    11713.93494
             E(VCI)-E0=     6011.26587

             COEFF.  WEIGHT      CONFIG.
             -0.828   0.685        2_1    3_2    4_1
             -0.459   0.211        3_1    4_1    6_1
              0.225   0.050        3_2    6_1
              0.106   0.011        2_1    3_1    4_2
              0.093   0.009        4_2    6_1
             -0.086   0.007        2_1    3_3
              0.057   0.003        2_1    3_3    4_1
             -0.053   0.003        2_1    3_1    5_1
              0.049   0.002        2_3    3_1    4_1
              0.049   0.002        3_2    5_1    6_1
             -0.047   0.002        2_1    3_1    4_1
              0.041   0.002        2_1    3_2    4_2
              0.035   0.001        2_1    3_4

         > STATE 00090:   2_2    4_2

             E(VCI)   =    11717.99150
             E(VCI)-E0=     6015.32242

             COEFF.  WEIGHT      CONFIG.
              0.624   0.390        2_2    4_2
              0.609   0.370        3_1    4_1    5_1
              0.378   0.143        2_1    4_1    6_1
             -0.202   0.041        4_2    5_1
             -0.101   0.010        1_2    3_1    4_1
              0.082   0.007        3_1    4_1    6_2
             -0.068   0.005        3_4
             -0.064   0.004        6_2
              0.063   0.004        1_2    4_2
             -0.060   0.004        2_2    3_1    4_2
              0.055   0.003        3_2    4_2
             -0.053   0.003        3_2    5_1
             -0.051   0.003        5_2
             -0.044   0.002        2_2    4_2    5_1
             -0.042   0.002        3_3    4_1

         > STATE 00091:   1_3    2_2

             E(VCI)   =    11719.14320
             E(VCI)-E0=     6016.47413

             COEFF.  WEIGHT      CONFIG.
             -0.894   0.799        1_3    2_2
              0.316   0.100        1_1    2_2    5_1
             -0.199   0.039        1_5
              0.141   0.020        1_1    2_4
              0.126   0.016        1_3    2_2    5_1
              0.099   0.010        1_3    5_1
              0.068   0.005        1_1    5_2
              0.058   0.003        1_1    2_2    5_2
              0.038   0.001        1_1    2_2    4_1
              0.036   0.001        1_1    2_2

         > STATE 00092:   3_4

             E(VCI)   =    11750.42827
             E(VCI)-E0=     6047.75920

             COEFF.  WEIGHT      CONFIG.
              0.856   0.732        3_4
             -0.326   0.106        3_1    4_1    5_1
              0.266   0.071        2_2    4_2
              0.226   0.051        2_1    4_1    6_1
             -0.131   0.017        2_2    3_1    4_1
              0.065   0.004        3_4    4_1
              0.050   0.003        1_2    3_1    4_1
             -0.037   0.001        4_2    5_1
              0.036   0.001        2_2    3_3
             -0.035   0.001        3_1    4_1    6_2
              0.034   0.001        1_2    3_3
             -0.033   0.001        3_2    4_2

         > STATE 00093:   3_1    4_1    5_1

             E(VCI)   =    11757.09712
             E(VCI)-E0=     6054.42805

             COEFF.  WEIGHT      CONFIG.
              0.632   0.400        3_1    4_1    5_1
              0.488   0.238        3_4
             -0.381   0.145        2_2    4_2
             -0.341   0.117        2_1    4_1    6_1
              0.220   0.048        2_2    3_1    4_1
             -0.099   0.010        1_2    3_1    4_1
             -0.090   0.008        3_2    5_1
              0.066   0.004        3_1    4_1    6_2
             -0.065   0.004        3_3    4_1
              0.059   0.004        3_2    4_2
              0.047   0.002        3_2    4_1
              0.041   0.002        3_3    5_1
              0.040   0.002        3_4    4_1
              0.035   0.001        4_2    5_1
             -0.034   0.001        2_2    4_1    5_1

         > STATE 00094:   1_2    2_3

             E(VCI)   =    11805.25110
             E(VCI)-E0=     6102.58203

             COEFF.  WEIGHT      CONFIG.
             -0.893   0.797        1_2    2_3
              0.257   0.066        1_4    2_1
             -0.216   0.047        2_3    5_1
              0.214   0.046        1_2    2_1    5_1
              0.119   0.014        1_2    2_3    5_1
             -0.107   0.011        2_5
             -0.080   0.006        2_1    5_2
             -0.047   0.002        1_2    2_1    3_1
              0.036   0.001        1_2    2_1    5_2
              0.036   0.001        1_2    2_3    3_1
             -0.035   0.001        2_3    5_2
             -0.032   0.001        1_4    2_1    5_1

         > STATE 00095:   3_1    4_1    6_1

             E(VCI)   =    11828.52098
             E(VCI)-E0=     6125.85190

             COEFF.  WEIGHT      CONFIG.
             -0.622   0.387        3_1    4_1    6_1
              0.501   0.251        2_1    3_1    4_2
              0.441   0.195        2_1    3_2    4_1
              0.355   0.126        4_2    6_1
             -0.083   0.007        2_1    4_3
             -0.078   0.006        2_1    3_2    4_2
             -0.062   0.004        2_1    3_3    4_1
              0.054   0.003        2_1    3_1    4_1
              0.049   0.002        4_2    5_1    6_1
              0.045   0.002        2_1    4_2
             -0.044   0.002        4_1    6_1
              0.042   0.002        3_2    4_1    6_1
             -0.037   0.001        2_3    3_1    4_1
             -0.034   0.001        2_1    4_1    6_2

         > STATE 00096:   1_1    3_1    4_2

             E(VCI)   =    11871.19368
             E(VCI)-E0=     6168.52461

             COEFF.  WEIGHT      CONFIG.
              0.990   0.980        1_1    3_1    4_2
             -0.063   0.004        1_1    4_1    5_1
             -0.049   0.002        1_1    3_2    4_2
             -0.047   0.002        1_1    3_1    4_3
             -0.045   0.002        1_1    3_3    4_1
              0.037   0.001        1_1    3_1    4_1
              0.034   0.001        1_3    4_2
             -0.034   0.001        1_1    4_2    5_1
             -0.032   0.001        1_3    3_1    4_1
              0.032   0.001        1_1    4_2

         > STATE 00097:   1_1    2_4

             E(VCI)   =    11890.84758
             E(VCI)-E0=     6188.17850

             COEFF.  WEIGHT      CONFIG.
              0.888   0.788        1_1    2_4
              0.339   0.115        1_1    2_2    5_1
              0.252   0.063        1_3    2_2
             -0.109   0.012        1_1    2_4    5_1
             -0.065   0.004        1_1    2_4    3_1
             -0.059   0.004        1_1    2_2    3_1
             -0.058   0.003        1_3    5_1
              0.053   0.003        1_1    2_2    5_2
              0.038   0.001        1_5
              0.034   0.001        1_1    5_2
              0.034   0.001        1_1    2_2
              0.032   0.001        1_1    2_2    6_2

         > STATE 00098:   1_4    3_1

             E(VCI)   =    11894.48181
             E(VCI)-E0=     6191.81274

             COEFF.  WEIGHT      CONFIG.
              0.898   0.807        1_4    3_1
             -0.370   0.137        1_2    3_1    5_1
             -0.118   0.014        1_4    3_1    5_1
              0.080   0.006        1_2    2_2    3_1
             -0.072   0.005        1_2    3_2
              0.069   0.005        1_4    3_2
             -0.064   0.004        1_2    3_1    5_2
             -0.061   0.004        1_4
              0.056   0.003        1_6
             -0.050   0.002        1_2    3_1    4_1
              0.048   0.002        3_1    5_2
              0.043   0.002        1_4    3_1    4_1
             -0.039   0.002        1_2    3_1
             -0.035   0.001        1_4    5_1

         > STATE 00099:   1_3    6_1

             E(VCI)   =    11912.07974
             E(VCI)-E0=     6209.41067

             COEFF.  WEIGHT      CONFIG.
             -0.902   0.813        1_3    6_1
             -0.327   0.107        1_3    2_1    3_1
              0.224   0.050        1_1    5_1    6_1
             -0.106   0.011        1_3    2_1    4_1
             -0.081   0.007        1_3    5_1    6_1
             -0.050   0.002        1_3    6_3
              0.048   0.002        1_5    6_1
             -0.033   0.001        1_1    2_2    6_1

(  FINALIZE VCI MODULE  )

            (MEMORY INFO)
            -- CURRENT USAGE    [     0.17 MB /  1200.00 MB (  0.0 % ) ]  -- 
            -- IN THE LAST STEP [     2.64 MB /  1200.00 MB (  0.2 % ) ]  -- 

            (CLOCK) ---->  LAST STEP: USER     0.06, SYSTEM     0.04 SECS   <----


(  FINALIZE TARGET MODULE  )


(  ENTER PROPERTY MODULE  )

   >> RUN OPTIONS
      MR    =      3
      NPRPT =      0
      VSCF  =      F
      VCI   =      T
      VPT   =      F
      VQDPT =      F

   >> INFRARED SPECTRUM
      MIN_OMEGA =      800.00
      MAX_OMEGA =     4000.00
      DEL_OMEGA =        1.00
      FWHM      =        5.00

      >> PROPERTY SURFACE
         MR         =        3
         EXT        = .dipole   
         POTDIR     = ./pes_mrpes/

         1MR-PRPT SURFACE

           MODE=   1, GRID=  11   B3LYP/cc-pVDZ
           MODE=   2, GRID=  11   B3LYP/cc-pVDZ
           MODE=   3, GRID=  11   B3LYP/cc-pVDZ
           MODE=   4, GRID=  11   B3LYP/cc-pVDZ
           MODE=   5, GRID=  11   B3LYP/cc-pVDZ
           MODE=   6, GRID=  11   B3LYP/cc-pVDZ


         2MR-PRPT SURFACE

           MODE=   2   1, GRID=   7   7   B3LYP/cc-pVDZ
           MODE=   3   2, GRID=   9   9   B3LYP/cc-pVDZ
           MODE=   4   2, GRID=   9   9   B3LYP/cc-pVDZ
           MODE=   4   3, GRID=   7   7   B3LYP/cc-pVDZ
           MODE=   5   1, GRID=   9   9   B3LYP/cc-pVDZ
           MODE=   5   2, GRID=   9   9   B3LYP/cc-pVDZ
           MODE=   5   3, GRID=   9   9   B3LYP/cc-pVDZ
           MODE=   5   4, GRID=   7   7   B3LYP/cc-pVDZ
           MODE=   6   1, GRID=   9   9   B3LYP/cc-pVDZ
           MODE=   6   2, GRID=   9   9   B3LYP/cc-pVDZ
           MODE=   6   3, GRID=   9   9   B3LYP/cc-pVDZ
           MODE=   6   4, GRID=   9   9   B3LYP/cc-pVDZ
           MODE=   6   5, GRID=   9   9   B3LYP/cc-pVDZ


         3MR-PRPT SURFACE

           MODE=   5   4   3, GRID=   7   7   7   B3LYP/cc-pVDZ
           MODE=   6   3   2, GRID=   9   9   9   B3LYP/cc-pVDZ
           MODE=   6   4   2, GRID=   9   9   9   B3LYP/cc-pVDZ

      o VCI PROPERTY OPTIONS
         VCI_STATES       =  ALL

      -> DONE FOR VCI SPECTRUM : [ vci-IR.data / vci-IR.spectrum ]

            (MEMORY INFO)
            -- CURRENT USAGE    [     0.21 MB /  1200.00 MB (  0.0 % ) ]  -- 
            -- IN THE LAST STEP [    11.30 MB /  1200.00 MB (  0.9 % ) ]  -- 

            (CLOCK) ---->  LAST STEP: USER     0.23, SYSTEM     0.03 SECS   <----


(  FINALIZE PROPERTY MODULE  )


(  FINALIZE VIB MODULE  )


(  FINALIZE NMA MODULE  )


(  FINALIZE MOL MODULE  )



   (TOTAL MEMORY USAGE)   [    11.30 MB /  1200.00 MB (  0.9 % ) ] 

   (CLOCK) ---->  TOTAL CPU-TIME  <----
            >     USER :   0 DAYS   0 HOURS   0 MINS   0.5 SECS 
            >    SYSTEM:   0 DAYS   0 HOURS   0 MINS   0.1 SECS 

