 -------------------------------------------------------
                                                      
    ***   WELCOME TO SINDO PROGRAM                    
     ***                (  VERSION 4.1 DEVEL )        
      ***                                             
       ***       COPYRIGHT 2024:                      
        ***         KIYOSHI YAGI                      
         ***        KIYOSHI.YAGI@CHEM.TSUKUBA.AC.JP   
                                                      
 -------------------------------------------------------

     JOB STARTED AT: Tue Apr 21 08:39:43 2026
     RUNNING ON pepper                          


(  SETUP MEM MODULE  )

   o MAXIMUM MEMORY :      500 MB


(  SETUP MOL MODULE  )


   READ DATA FROM A MINFO FILE : [ h2co-b3lyp-dz.minfo ]


(  ENTER NMA MODULE  )


      o ATOMIC MASS
           12.0000     15.9949      1.0078      1.0078
 
      o REFERENCE GEOMETRY
          0.000000    0.000000   -1.136621
          0.000000    0.000000    1.138985
          0.000000    1.787614   -2.271484
          0.000000   -1.787614   -2.271484
 
      o NORMAL DISPLACEMENT VECTOR
         -0.517531   -0.000000   -0.000000
          0.149164    0.000000    0.000000
          0.595782    0.000000    0.000000
          0.595782    0.000000   -0.000000
 
         -0.000000    0.444574   -0.000000
          0.000000   -0.276038   -0.000000
          0.000000   -0.217190   -0.562056
          0.000000   -0.217190    0.562056
 
         -0.000000   -0.000000    0.008742
          0.000000    0.000000   -0.300148
          0.000000    0.339532    0.582783
          0.000000   -0.339532    0.582783
 
         -0.000000    0.000000    0.749028
          0.000000   -0.000000   -0.613936
          0.000000   -0.161871   -0.069408
          0.000000    0.161871   -0.069408
 
          0.000000   -0.000000   -0.197537
         -0.000000    0.000000   -0.004228
         -0.000000   -0.598762    0.349234
         -0.000000    0.598762    0.349234
 
          0.000000   -0.332423    0.000000
         -0.000000    0.003361   -0.000000
         -0.000000    0.566839   -0.351333
         -0.000000    0.566839    0.351333
 
 
      o TRANSLATIONAL VECTOR
          0.632345    0.000000    0.000000
          0.730053    0.000000    0.000000
          0.183253    0.000000    0.000000
          0.183253    0.000000    0.000000
 
          0.000000    0.632345    0.000000
          0.000000    0.730053    0.000000
          0.000000    0.183253    0.000000
          0.000000    0.183253    0.000000
 
          0.000000    0.000000    0.632345
          0.000000    0.000000    0.730053
          0.000000    0.000000    0.183253
          0.000000    0.000000    0.183253
 
 
      o ROTATIONAL VECTOR
          0.000000    0.540364    0.000000
          0.000000   -0.625153    0.000000
          0.000000    0.312951    0.246286
          0.000000    0.312951   -0.246286
 
         -0.576460    0.000000    0.000000
          0.666913    0.000000    0.000000
         -0.333856    0.000000    0.000000
         -0.333856    0.000000    0.000000
 
          0.000000    0.000000    0.000000
          0.000000    0.000000    0.000000
         -0.707107    0.000000    0.000000
          0.707107    0.000000    0.000000
 
(  SETUP OF NMA COMPLETED  )



(  SETUP VIB MODULE  )

   >> RUN OPTIONS
      VSCF    =     T
      OC-VSCF =     F
      VCI     =     F
      VPT     =     F
      VQDPT   =     F
      PRPT    =     T


   >> BASIS FUNCTIONS
      MODE :         1        2        3        4        5        6
      MAXV :        10       10       10       10       10       10
      FREQ :   1186.93  1254.03  1515.12  1831.80  2863.06  2916.27


(  SETUP TARGET MODULE  )

   >> TARGET STATES
       000   : ZERO-POINT STATE
     001-006 : FUNDAMENTALS
 

(  SETUP MRPES MODULE  )

   >> POTENTIAL

      [  OPTIONS  ]

         MR         =        3
         MCS_CUTOFF = -.10E-02
         MCS_GRID   = -.10E+01
         POTDIR     = ./pes_mrpes/
         MOPFILE    = prop_no_1.mop


         1MR-PEF

         o GRID PEF

           MODE=   1, GRID=  11   CCSD(T)/cc-pVTZ
           MODE=   2, GRID=  11   CCSD(T)/cc-pVTZ
           MODE=   3, GRID=  11   CCSD(T)/cc-pVTZ
           MODE=   4, GRID=  11   CCSD(T)/cc-pVTZ
           MODE=   5, GRID=  11   CCSD(T)/cc-pVTZ
           MODE=   6, GRID=  11   CCSD(T)/cc-pVTZ
 

         2MR-PEF

         o GRID PEF

           MODE=   2   1, GRID=   7   7   B3LYP/cc-pVDZ
           MODE=   3   2, GRID=   9   9   CCSD(T)/cc-pVTZ
           MODE=   4   2, GRID=   9   9   CCSD(T)/cc-pVTZ
           MODE=   4   3, GRID=   7   7   B3LYP/cc-pVDZ
           MODE=   5   1, GRID=   9   9   CCSD(T)/cc-pVTZ
           MODE=   5   2, GRID=   9   9   CCSD(T)/cc-pVTZ
           MODE=   5   3, GRID=   9   9   CCSD(T)/cc-pVTZ
           MODE=   5   4, GRID=   7   7   B3LYP/cc-pVDZ
           MODE=   6   1, GRID=   9   9   CCSD(T)/cc-pVTZ
           MODE=   6   2, GRID=   9   9   CCSD(T)/cc-pVTZ
           MODE=   6   3, GRID=   9   9   CCSD(T)/cc-pVTZ
           MODE=   6   4, GRID=   9   9   CCSD(T)/cc-pVTZ
           MODE=   6   5, GRID=   9   9   CCSD(T)/cc-pVTZ
 
         o QFF  B3LYP/cc-pVDZ

           MODE=   3   1
           MODE=   4   1
 

         3MR-PEF

         o GRID PEF

           MODE=   5   4   3, GRID=   7   7   7   B3LYP/cc-pVDZ
           MODE=   6   3   2, GRID=   9   9   9   CCSD(T)/cc-pVTZ
           MODE=   6   4   2, GRID=   9   9   9   CCSD(T)/cc-pVTZ
 
         o QFF  B3LYP/cc-pVDZ

           MODE=   3   2   1
           MODE=   4   2   1
           MODE=   4   3   1
           MODE=   4   3   2
           MODE=   5   2   1
           MODE=   5   3   1
           MODE=   5   3   2
           MODE=   5   4   1
           MODE=   5   4   2
           MODE=   6   2   1
           MODE=   6   3   1
           MODE=   6   4   1
           MODE=   6   4   3
           MODE=   6   5   1
           MODE=   6   5   2
           MODE=   6   5   3
           MODE=   6   5   4
 

(  FINALIZE MRPES MODULE  )

            (MEMORY INFO)
            -- CURRENT USAGE    [     0.16 MB /   500.00 MB (  0.0 % ) ]  -- 
            -- IN THE LAST STEP [     0.22 MB /   500.00 MB (  0.0 % ) ]  -- 

            (CLOCK) ---->  LAST STEP: USER     0.01, SYSTEM     0.00 SECS   <----


(  ENTER VSCF MODULE  )

  ---  VIBRATIONAL SELF-CONSISTENT FIELD CALCULATIONS   ---

   >> SCF OPTIONS
       STATE SPECIFIC :        F
              RESTART :        F
        MAX ITERATION :       20
         CONV. THRESH : 0.10E-02

   >> FILES
       WFN READ/WRITE FILE : vscf_xxx.wfn

   >> STATE 000:   ZERO-POINT STATE

       o INITIAL GUESS FROM (CONTRACTED) HARMONIC OSCILLATOR 

   -- (ITERATION) -------- (EOLD) -------- (ENEW) ----- (DELTA E) --
                1         5757.61         5722.54      -0.351D+02
                2         5722.54         5722.41      -0.128D+00
                3         5722.41         5722.41      -0.440D-02
                4         5722.41         5722.41      -0.171D-03
   -----------------------------------------------------------------
       E(VSCF)=     5722.40717108

       o COEFFICIENTS

         -MODES-          1         2         3         4         5         6
              0     0.99999  -1.00000  -0.99992   0.99184   0.99951  -1.00000
              1     0.00000  -0.00000  -0.01230  -0.12428   0.02190   0.00000
              2     0.00519   0.00054  -0.00023   0.02124   0.00403   0.00092
              3    -0.00000   0.00000  -0.00140  -0.01857  -0.02207  -0.00000
              4    -0.00137   0.00069  -0.00004   0.00450  -0.00052   0.00252
              5     0.00000  -0.00000  -0.00000  -0.00115  -0.00026  -0.00000
              6     0.00008  -0.00004  -0.00001   0.00077   0.00110  -0.00006
              7    -0.00000   0.00000  -0.00000  -0.00023   0.00000   0.00000
              8     0.00000  -0.00000  -0.00000   0.00007   0.00002  -0.00002
              9    -0.00000   0.00000   0.00000  -0.00004  -0.00007   0.00000
             10    -0.00000   0.00000   0.00000   0.00002  -0.00001   0.00000
 
       o VIBRATIONALLY AVERAGED STRUCTURE

         - Q0 -
              0.000000    0.000000    0.209364
             -1.979248    0.270923   -0.000000
 
         - X0 -
             -0.000000    0.000000   -1.146994
              0.000000   -0.000000    1.145726
              0.000000    1.792962   -2.263224
              0.000000   -1.792962   -2.263224
 
   >> VIRTUAL VSCF ENERGIES

      o VSCF STATES               TOTAL ENERGY         E-E0
        1_1                       6892.08977403        1169.68260294
        2_1                       6978.35245419        1255.94528311
        3_1                       7236.81373804        1514.40656696
        4_1                       7476.25791143        1753.85074035
        5_1                       8537.10970715        2814.70253607
        6_1                       8645.89480476        2923.48763367

(  FINALIZE VSCF MODULE  )

            (MEMORY INFO)
            -- CURRENT USAGE    [     0.16 MB /   500.00 MB (  0.0 % ) ]  -- 
            -- IN THE LAST STEP [     0.20 MB /   500.00 MB (  0.0 % ) ]  -- 

            (CLOCK) ---->  LAST STEP: USER     0.00, SYSTEM     0.00 SECS   <----


(  FINALIZE TARGET MODULE  )


(  ENTER PROPERTY MODULE  )

   >> RUN OPTIONS
      MR    =      3
      NPRPT =      0
      VSCF  =      T
      VCI   =      F
      VPT   =      F
      VQDPT =      F

   >> INFRARED SPECTRUM
      MIN_OMEGA =      800.00
      MAX_OMEGA =     4000.00
      DEL_OMEGA =        1.00
      FWHM      =        5.00

      >> PROPERTY SURFACE
         MR         =        3
         EXT        = .dipole   
         POTDIR     = ./pes_mrpes/

         1MR-PRPT SURFACE

           MODE=   1, GRID=  11   B3LYP/cc-pVDZ
           MODE=   2, GRID=  11   B3LYP/cc-pVDZ
           MODE=   3, GRID=  11   B3LYP/cc-pVDZ
           MODE=   4, GRID=  11   B3LYP/cc-pVDZ
           MODE=   5, GRID=  11   B3LYP/cc-pVDZ
           MODE=   6, GRID=  11   B3LYP/cc-pVDZ
 

         2MR-PRPT SURFACE

           MODE=   2   1, GRID=   7   7   B3LYP/cc-pVDZ
           MODE=   3   2, GRID=   9   9   B3LYP/cc-pVDZ
           MODE=   4   2, GRID=   9   9   B3LYP/cc-pVDZ
           MODE=   4   3, GRID=   7   7   B3LYP/cc-pVDZ
           MODE=   5   1, GRID=   9   9   B3LYP/cc-pVDZ
           MODE=   5   2, GRID=   9   9   B3LYP/cc-pVDZ
           MODE=   5   3, GRID=   9   9   B3LYP/cc-pVDZ
           MODE=   5   4, GRID=   7   7   B3LYP/cc-pVDZ
           MODE=   6   1, GRID=   9   9   B3LYP/cc-pVDZ
           MODE=   6   2, GRID=   9   9   B3LYP/cc-pVDZ
           MODE=   6   3, GRID=   9   9   B3LYP/cc-pVDZ
           MODE=   6   4, GRID=   9   9   B3LYP/cc-pVDZ
           MODE=   6   5, GRID=   9   9   B3LYP/cc-pVDZ
 

         3MR-PRPT SURFACE

           MODE=   5   4   3, GRID=   7   7   7   B3LYP/cc-pVDZ
           MODE=   6   3   2, GRID=   9   9   9   B3LYP/cc-pVDZ
           MODE=   6   4   2, GRID=   9   9   9   B3LYP/cc-pVDZ
 

(  FINALIZE TARGET MODULE  )

      -> DONE FOR VSCF SPECTRUM : [ vscf-IR.data / vscf-IR.spectrum ]

            (MEMORY INFO)
            -- CURRENT USAGE    [     0.21 MB /   500.00 MB (  0.0 % ) ]  -- 
            -- IN THE LAST STEP [     0.21 MB /   500.00 MB (  0.0 % ) ]  -- 

            (CLOCK) ---->  LAST STEP: USER     0.02, SYSTEM     0.00 SECS   <----


(  FINALIZE PROPERTY MODULE  )


(  FINALIZE VIB MODULE  )


(  FINALIZE NMA MODULE  )


(  FINALIZE MOL MODULE  )



   (TOTAL MEMORY USAGE)   [     0.22 MB /   500.00 MB (  0.0 % ) ] 

   (CLOCK) ---->  TOTAL CPU-TIME  <----
            >     USER :   0 DAYS   0 HOURS   0 MINS   0.0 SECS 
            >    SYSTEM:   0 DAYS   0 HOURS   0 MINS   0.0 SECS 

