 MaVi Mavi MaSMaVi v12.06.13 
 gen namelist error!!!                 5010
 Force constants read successfully from prop_no_1.mop                 
VSCF threshold (in 1/cm) and max # of iterations:  0.1D-09    500
 12 modes with a 4MR QFF using  9 HO basis functions for each mode
 ZPVE and fundamental frequencies (in 1/cm)
 Harmonic Approximation
   11294.039455127018     
   827.42458192482297     
   959.44005999235696     
   982.78946687400742     
   1075.8388058632950     
   1246.5239963908575     
   1384.4446066384846     
   1484.7664275689797     
   1684.9160837338807     
   3180.1195273433523     
   3198.1014546019560     
   3268.4745024694676     
   3295.2393968525735     
 vVSCF
   11205.723522953129     
   855.18184654502909     
   964.63062963521895     
   987.77760091198991     
   1068.7149977718182     
   1238.3555507940846     
   1367.6613107436847     
   1460.0035115086696     
   1655.5638718686464     
   3108.1954088782300     
   3103.6605551519201     
   3188.4781560706524     
   3214.7423311888620     
 VSCF      
   11205.723522953131     
   845.66175672123609     
   958.28599520924217     
   979.97392135866562     
   1064.3713265307683     
   1236.3842768299378     
   1365.8056051281401     
   1458.2082942815034     
   1652.1991932873914     
   3072.9173403178861     
   3102.4102436977450     
   3148.3091264862001     
   3175.4323771637783     
 wall=  0.10774993896484375      cpu=  0.10759300000000001     
