 MaVi Mavi MaSMaVi v12.06.13 
 gen namelist error!!!                 5010
 Force constants read successfully from prop_no_1.mop                 
FVCI: size=         282429536481
RVCI: ncup,maxsum,maxexall,maxEnergy,size=    3   3   9   0     455
VSCF threshold (in 1/cm) and max # of iterations:  0.1D-09    500
 12 modes with a 3MR QFF using  9 HO basis functions for each mode
 ZPVE and fundamental frequencies (in 1/cm)
 Harmonic Approximation
   11294.039455127018     
   827.42458192482297     
   959.44005999235696     
   982.78946687400742     
   1075.8388058632950     
   1246.5239963908575     
   1384.4446066384846     
   1484.7664275689797     
   1684.9160837338807     
   3180.1195273433523     
   3198.1014546019560     
   3268.4745024694676     
   3295.2393968525735     
 vVSCF
   11205.723522953132     
   855.18184654502659     
   964.63062963522225     
   987.77760091199400     
   1068.7149977718204     
   1238.3555507940823     
   1367.6613107436863     
   1460.0035115086750     
   1655.5638718686459     
   3108.1954088782281     
   3103.6605551519219     
   3188.4781560706542     
   3214.7423311888560     
 VSCF      
   11205.723522953132     
   845.66175672123609     
   958.28599520923910     
   979.97392135865960     
   1064.3713265307667     
   1236.3842768299378     
   1365.8056051281401     
   1458.2082942815066     
   1652.1991932873855     
   3072.9173403178788     
   3102.4102436977405     
   3148.3091264862014     
   3175.4323771637764     
 VSCFCI
   11140.708439727930     
   898.92254505069104     
   1009.0703637915849     
   1030.4768538204662     
   1116.4069071737795     
   1291.9731046318702     
   1423.5268301194101     
   1510.5251576700302     
   1704.9522205497888     
   3099.3981237751759     
   3141.9257581695219     
   3218.0084635596941     
   3240.2762226121595     
 wall=  0.62349390983581543      cpu=  0.62139799999999923     
