 -------------------------------------------------------
                                                      
    ***   WELCOME TO SINDO PROGRAM                    
     ***                (  VERSION 3.2  BUFFULO ) 
      ***                                             
       ***       COPYRIGHT 2011:                      
        ***         KIYOSHI YAGI  KYAGI@ILLINOIS.EDU  
                                                      
 -------------------------------------------------------

     JOB STARTED AT: Sat Sep 22 12:18:39 2012
     RUNNING ON Kiyoshi-Yagis-MacBook-Air-3.loc 

     [SINDOWORK] = ./                                                                              

          (CLOCK) ---->  LAST STEP: USER     0.00, SYSTEM     0.00 SECS   <----



(  ENTER SPR MODULE  )



   READ DATA FROM A MINFO FILE : [ eq-mp2tz.minfo ]



(  SETUP OF SPR COMPLETED  )




(  ENTER VIB MODULE  )



   >> RUN OPTIONS
         VSCF =     T
          VCI =     F
          VPT =     F
         PRPT =     F


   >> BASIS FUNCTIONS
       MODE :         1        2        3        4        5        6
       MAXV :         8        8        8        8        8        8
       FREQ :    827.43   959.44   982.79  1075.84  1246.52  1384.45

       MODE :         7        8        9       10       11       12
       MAXV :         8        8        8        8        8        8
       FREQ :   1484.77  1684.92  3180.12  3198.10  3268.47  3295.24



(  ENTER MRPES MODULE  )

   >> POTENTIAL

      [  OPTIONS  ]

         MR        =        4
         CUTOFF_TH = -.10E-02
         POTDIR    = ./                                                                              


         1MR-PEF

         o QFF   MP2/cc-pVTZ

           MODE=   1
           MODE=   2
           MODE=   3
           MODE=   4
           MODE=   5
           MODE=   6
           MODE=   7
           MODE=   8
           MODE=   9
           MODE=  10
           MODE=  11
           MODE=  12


         2MR-PEF

         o QFF   MP2/cc-pVTZ

           NUMBER OF TERMS=      66


         3MR-PEF

         o QFF   MP2/cc-pVTZ

           NUMBER OF TERMS=     220


         4MR-PEF

         o QFF   MP2/cc-pVTZ

           NUMBER OF TERMS=     495

(  SETUP OF MRPES COMPLETED  )

(  FINALIZE MRPES MODULE  )



(  SETUP DVR BASIS  )


      [  OPTIONS  ]

         CHODVR     =    F

         1MR TERMS

         > MODE  =    1,  NGRID =    9

              Q       0       1       2       3       4       5       6       7       8
            51.97  0.0047  0.0213  0.0647  0.1512  0.2852  0.4403  0.5508  0.5318  0.3333
            36.91  0.0528  0.1693  0.3464  0.5028  0.5058  0.2754 -0.1013 -0.3778 -0.3333
            23.92  0.2234  0.4640  0.5234  0.2488 -0.1950 -0.4036 -0.1642  0.2448  0.3333
            11.78  0.4941  0.5056  0.0164 -0.4031 -0.2205  0.2596  0.3097 -0.1206 -0.3333
             0.00  0.6375  0.0000 -0.4507 -0.0000  0.3904 -0.0000 -0.3563  0.0000  0.3333
           -11.78  0.4941 -0.5056  0.0164  0.4031 -0.2205 -0.2596  0.3097  0.1206 -0.3333
           -23.92  0.2234 -0.4640  0.5234 -0.2488 -0.1950  0.4036 -0.1642 -0.2448  0.3333
           -36.91  0.0528 -0.1693  0.3464 -0.5028  0.5058 -0.2754 -0.1013  0.3778 -0.3333
           -51.97  0.0047 -0.0213  0.0647 -0.1512  0.2852 -0.4403  0.5508 -0.5318  0.3333

         > MODE  =    2,  NGRID =    9

              Q       0       1       2       3       4       5       6       7       8
            48.26  0.0047  0.0213  0.0647  0.1512  0.2852  0.4403  0.5508  0.5318  0.3333
            34.28  0.0528  0.1693  0.3464  0.5028  0.5058  0.2754 -0.1013 -0.3778 -0.3333
            22.21  0.2234  0.4640  0.5234  0.2488 -0.1950 -0.4036 -0.1642  0.2448  0.3333
            10.94  0.4941  0.5056  0.0164 -0.4031 -0.2205  0.2596  0.3097 -0.1206 -0.3333
             0.00  0.6375 -0.0000 -0.4507  0.0000  0.3904 -0.0000 -0.3563  0.0000  0.3333
           -10.94  0.4941 -0.5056  0.0164  0.4031 -0.2205 -0.2596  0.3097  0.1206 -0.3333
           -22.21  0.2234 -0.4640  0.5234 -0.2488 -0.1950  0.4036 -0.1642 -0.2448  0.3333
           -34.28  0.0528 -0.1693  0.3464 -0.5028  0.5058 -0.2754 -0.1013  0.3778 -0.3333
           -48.26  0.0047 -0.0213  0.0647 -0.1512  0.2852 -0.4403  0.5508 -0.5318  0.3333

         > MODE  =    3,  NGRID =    9

              Q       0       1       2       3       4       5       6       7       8
            47.69  0.0047  0.0213  0.0647  0.1512  0.2852  0.4403  0.5508  0.5318  0.3333
            33.87  0.0528  0.1693  0.3464  0.5028  0.5058  0.2754 -0.1013 -0.3778 -0.3333
            21.95  0.2234  0.4640  0.5234  0.2488 -0.1950 -0.4036 -0.1642  0.2448  0.3333
            10.81  0.4941  0.5056  0.0164 -0.4031 -0.2205  0.2596  0.3097 -0.1206 -0.3333
            -0.00  0.6375  0.0000 -0.4507 -0.0000  0.3904  0.0000 -0.3563  0.0000  0.3333
           -10.81  0.4941 -0.5056  0.0164  0.4031 -0.2205 -0.2596  0.3097  0.1206 -0.3333
           -21.95  0.2234 -0.4640  0.5234 -0.2488 -0.1950  0.4036 -0.1642 -0.2448  0.3333
           -33.87  0.0528 -0.1693  0.3464 -0.5028  0.5058 -0.2754 -0.1013  0.3778 -0.3333
           -47.69  0.0047 -0.0213  0.0647 -0.1512  0.2852 -0.4403  0.5508 -0.5318  0.3333

         > MODE  =    4,  NGRID =    9

              Q       0       1       2       3       4       5       6       7       8
            45.58  0.0047  0.0213  0.0647  0.1512  0.2852  0.4403  0.5508  0.5318  0.3333
            32.37  0.0528  0.1693  0.3464  0.5028  0.5058  0.2754 -0.1013 -0.3778 -0.3333
            20.98  0.2234  0.4640  0.5234  0.2488 -0.1950 -0.4036 -0.1642  0.2448  0.3333
            10.33  0.4941  0.5056  0.0164 -0.4031 -0.2205  0.2596  0.3097 -0.1206 -0.3333
             0.00  0.6375  0.0000 -0.4507 -0.0000  0.3904  0.0000 -0.3563 -0.0000  0.3333
           -10.33  0.4941 -0.5056  0.0164  0.4031 -0.2205 -0.2596  0.3097  0.1206 -0.3333
           -20.98  0.2234 -0.4640  0.5234 -0.2488 -0.1950  0.4036 -0.1642 -0.2448  0.3333
           -32.37  0.0528 -0.1693  0.3464 -0.5028  0.5058 -0.2754 -0.1013  0.3778 -0.3333
           -45.58  0.0047 -0.0213  0.0647 -0.1512  0.2852 -0.4403  0.5508 -0.5318  0.3333

         > MODE  =    5,  NGRID =    9

              Q       0       1       2       3       4       5       6       7       8
            42.34  0.0047  0.0213  0.0647  0.1512  0.2852  0.4403  0.5508  0.5318  0.3333
            30.08  0.0528  0.1693  0.3464  0.5028  0.5058  0.2754 -0.1013 -0.3778 -0.3333
            19.49  0.2234  0.4640  0.5234  0.2488 -0.1950 -0.4036 -0.1642  0.2448  0.3333
             9.60  0.4941  0.5056  0.0164 -0.4031 -0.2205  0.2596  0.3097 -0.1206 -0.3333
            -0.00  0.6375  0.0000 -0.4507  0.0000  0.3904  0.0000 -0.3563 -0.0000  0.3333
            -9.60  0.4941 -0.5056  0.0164  0.4031 -0.2205 -0.2596  0.3097  0.1206 -0.3333
           -19.49  0.2234 -0.4640  0.5234 -0.2488 -0.1950  0.4036 -0.1642 -0.2448  0.3333
           -30.08  0.0528 -0.1693  0.3464 -0.5028  0.5058 -0.2754 -0.1013  0.3778 -0.3333
           -42.34  0.0047 -0.0213  0.0647 -0.1512  0.2852 -0.4403  0.5508 -0.5318  0.3333

         > MODE  =    6,  NGRID =    9

              Q       0       1       2       3       4       5       6       7       8
            40.18  0.0047  0.0213  0.0647  0.1512  0.2852  0.4403  0.5508  0.5318  0.3333
            28.54  0.0528  0.1693  0.3464  0.5028  0.5058  0.2754 -0.1013 -0.3778 -0.3333
            18.49  0.2234  0.4640  0.5234  0.2488 -0.1950 -0.4036 -0.1642  0.2448  0.3333
             9.11  0.4941  0.5056  0.0164 -0.4031 -0.2205  0.2596  0.3097 -0.1206 -0.3333
            -0.00  0.6375  0.0000 -0.4507 -0.0000  0.3904 -0.0000 -0.3563 -0.0000  0.3333
            -9.11  0.4941 -0.5056  0.0164  0.4031 -0.2205 -0.2596  0.3097  0.1206 -0.3333
           -18.49  0.2234 -0.4640  0.5234 -0.2488 -0.1950  0.4036 -0.1642 -0.2448  0.3333
           -28.54  0.0528 -0.1693  0.3464 -0.5028  0.5058 -0.2754 -0.1013  0.3778 -0.3333
           -40.18  0.0047 -0.0213  0.0647 -0.1512  0.2852 -0.4403  0.5508 -0.5318  0.3333

         > MODE  =    7,  NGRID =    9

              Q       0       1       2       3       4       5       6       7       8
            38.80  0.0047  0.0213  0.0647  0.1512  0.2852  0.4403  0.5508  0.5318  0.3333
            27.56  0.0528  0.1693  0.3464  0.5028  0.5058  0.2754 -0.1013 -0.3778 -0.3333
            17.85  0.2234  0.4640  0.5234  0.2488 -0.1950 -0.4036 -0.1642  0.2448  0.3333
             8.80  0.4941  0.5056  0.0164 -0.4031 -0.2205  0.2596  0.3097 -0.1206 -0.3333
             0.00  0.6375  0.0000 -0.4507  0.0000  0.3904 -0.0000 -0.3563  0.0000  0.3333
            -8.80  0.4941 -0.5056  0.0164  0.4031 -0.2205 -0.2596  0.3097  0.1206 -0.3333
           -17.85  0.2234 -0.4640  0.5234 -0.2488 -0.1950  0.4036 -0.1642 -0.2448  0.3333
           -27.56  0.0528 -0.1693  0.3464 -0.5028  0.5058 -0.2754 -0.1013  0.3778 -0.3333
           -38.80  0.0047 -0.0213  0.0647 -0.1512  0.2852 -0.4403  0.5508 -0.5318  0.3333

         > MODE  =    8,  NGRID =    9

              Q       0       1       2       3       4       5       6       7       8
            36.42  0.0047  0.0213  0.0647  0.1512  0.2852  0.4403  0.5508  0.5318  0.3333
            25.87  0.0528  0.1693  0.3464  0.5028  0.5058  0.2754 -0.1013 -0.3778 -0.3333
            16.76  0.2234  0.4640  0.5234  0.2488 -0.1950 -0.4036 -0.1642  0.2448  0.3333
             8.26  0.4941  0.5056  0.0164 -0.4031 -0.2205  0.2596  0.3097 -0.1206 -0.3333
            -0.00  0.6375  0.0000 -0.4507 -0.0000  0.3904 -0.0000 -0.3563  0.0000  0.3333
            -8.26  0.4941 -0.5056  0.0164  0.4031 -0.2205 -0.2596  0.3097  0.1206 -0.3333
           -16.76  0.2234 -0.4640  0.5234 -0.2488 -0.1950  0.4036 -0.1642 -0.2448  0.3333
           -25.87  0.0528 -0.1693  0.3464 -0.5028  0.5058 -0.2754 -0.1013  0.3778 -0.3333
           -36.42  0.0047 -0.0213  0.0647 -0.1512  0.2852 -0.4403  0.5508 -0.5318  0.3333

         > MODE  =    9,  NGRID =    9

              Q       0       1       2       3       4       5       6       7       8
            26.51  0.0047  0.0213  0.0647  0.1512  0.2852  0.4403  0.5508  0.5318  0.3333
            18.83  0.0528  0.1693  0.3464  0.5028  0.5058  0.2754 -0.1013 -0.3778 -0.3333
            12.20  0.2234  0.4640  0.5234  0.2488 -0.1950 -0.4036 -0.1642  0.2448  0.3333
             6.01  0.4941  0.5056  0.0164 -0.4031 -0.2205  0.2596  0.3097 -0.1206 -0.3333
             0.00  0.6375  0.0000 -0.4507 -0.0000  0.3904  0.0000 -0.3563 -0.0000  0.3333
            -6.01  0.4941 -0.5056  0.0164  0.4031 -0.2205 -0.2596  0.3097  0.1206 -0.3333
           -12.20  0.2234 -0.4640  0.5234 -0.2488 -0.1950  0.4036 -0.1642 -0.2448  0.3333
           -18.83  0.0528 -0.1693  0.3464 -0.5028  0.5058 -0.2754 -0.1013  0.3778 -0.3333
           -26.51  0.0047 -0.0213  0.0647 -0.1512  0.2852 -0.4403  0.5508 -0.5318  0.3333

         > MODE  =   10,  NGRID =    9

              Q       0       1       2       3       4       5       6       7       8
            26.43  0.0047  0.0213  0.0647  0.1512  0.2852  0.4403  0.5508  0.5318  0.3333
            18.78  0.0528  0.1693  0.3464  0.5028  0.5058  0.2754 -0.1013 -0.3778 -0.3333
            12.17  0.2234  0.4640  0.5234  0.2488 -0.1950 -0.4036 -0.1642  0.2448  0.3333
             5.99  0.4941  0.5056  0.0164 -0.4031 -0.2205  0.2596  0.3097 -0.1206 -0.3333
             0.00  0.6375  0.0000 -0.4507 -0.0000  0.3904 -0.0000 -0.3563  0.0000  0.3333
            -5.99  0.4941 -0.5056  0.0164  0.4031 -0.2205 -0.2596  0.3097  0.1206 -0.3333
           -12.17  0.2234 -0.4640  0.5234 -0.2488 -0.1950  0.4036 -0.1642 -0.2448  0.3333
           -18.78  0.0528 -0.1693  0.3464 -0.5028  0.5058 -0.2754 -0.1013  0.3778 -0.3333
           -26.43  0.0047 -0.0213  0.0647 -0.1512  0.2852 -0.4403  0.5508 -0.5318  0.3333

         > MODE  =   11,  NGRID =    9

              Q       0       1       2       3       4       5       6       7       8
            26.15  0.0047  0.0213  0.0647  0.1512  0.2852  0.4403  0.5508  0.5318  0.3333
            18.57  0.0528  0.1693  0.3464  0.5028  0.5058  0.2754 -0.1013 -0.3778 -0.3333
            12.03  0.2234  0.4640  0.5234  0.2488 -0.1950 -0.4036 -0.1642  0.2448  0.3333
             5.93  0.4941  0.5056  0.0164 -0.4031 -0.2205  0.2596  0.3097 -0.1206 -0.3333
             0.00  0.6375  0.0000 -0.4507  0.0000  0.3904 -0.0000 -0.3563  0.0000  0.3333
            -5.93  0.4941 -0.5056  0.0164  0.4031 -0.2205 -0.2596  0.3097  0.1206 -0.3333
           -12.03  0.2234 -0.4640  0.5234 -0.2488 -0.1950  0.4036 -0.1642 -0.2448  0.3333
           -18.57  0.0528 -0.1693  0.3464 -0.5028  0.5058 -0.2754 -0.1013  0.3778 -0.3333
           -26.15  0.0047 -0.0213  0.0647 -0.1512  0.2852 -0.4403  0.5508 -0.5318  0.3333

         > MODE  =   12,  NGRID =    9

              Q       0       1       2       3       4       5       6       7       8
            26.04  0.0047  0.0213  0.0647  0.1512  0.2852  0.4403  0.5508  0.5318  0.3333
            18.50  0.0528  0.1693  0.3464  0.5028  0.5058  0.2754 -0.1013 -0.3778 -0.3333
            11.99  0.2234  0.4640  0.5234  0.2488 -0.1950 -0.4036 -0.1642  0.2448  0.3333
             5.90  0.4941  0.5056  0.0164 -0.4031 -0.2205  0.2596  0.3097 -0.1206 -0.3333
             0.00  0.6375 -0.0000 -0.4507 -0.0000  0.3904 -0.0000 -0.3563  0.0000  0.3333
            -5.90  0.4941 -0.5056  0.0164  0.4031 -0.2205 -0.2596  0.3097  0.1206 -0.3333
           -11.99  0.2234 -0.4640  0.5234 -0.2488 -0.1950  0.4036 -0.1642 -0.2448  0.3333
           -18.50  0.0528 -0.1693  0.3464 -0.5028  0.5058 -0.2754 -0.1013  0.3778 -0.3333
           -26.04  0.0047 -0.0213  0.0647 -0.1512  0.2852 -0.4403  0.5508 -0.5318  0.3333



(  SETUP OF DVR COMPLETED  )


          (MEMORY INFO)
          -- CURRENT USAGE    [     0.14 MB /  1000.00 MB (  0.0 % ) ]  -- 
          -- IN THE LAST STEP [     0.17 MB /  1000.00 MB (  0.0 % ) ]  -- 


          (CLOCK) ---->  LAST STEP: USER     0.02, SYSTEM     0.01 SECS   <----

(  ENTER NMA MODULE  )


      o ATOMIC MASS
        21874.6618  21874.6618   1837.1527   1837.1527   1837.1527
         1837.1527

      o REFERENCE GEOMETRY
         -0.000000    0.000000    1.258351
          0.000000    0.000000   -1.258351
         -0.000000    1.743555    2.320370
         -0.000000   -1.743555    2.320370
          0.000000    1.743555   -2.320370
          0.000000   -1.743555   -2.320370

      o NORMAL DISPLACEMENT VECTOR
          0.000000   -0.133236    0.000000
         -0.000000   -0.133236    0.000000
         -0.000000    0.229875   -0.433914
         -0.000000    0.229875    0.433914
          0.000000    0.229875    0.433914
         -0.000000    0.229875   -0.433914

          0.426334    0.000000   -0.000000
         -0.426334    0.000000    0.000000
         -0.398898   -0.000000    0.000000
         -0.398898   -0.000000   -0.000000
          0.398898   -0.000000   -0.000000
          0.398898   -0.000000    0.000000

          0.268155   -0.000000   -0.000000
          0.268155    0.000000    0.000000
         -0.462652   -0.000000    0.000000
         -0.462652   -0.000000    0.000000
         -0.462652   -0.000000   -0.000000
         -0.462652   -0.000000    0.000000

         -0.000000   -0.000000    0.000000
         -0.000000    0.000000   -0.000000
         -0.500000   -0.000000    0.000000
          0.500000    0.000000   -0.000000
          0.500000   -0.000000   -0.000000
         -0.500000   -0.000000    0.000000

          0.000000    0.428006    0.000000
          0.000000   -0.428006   -0.000000
         -0.000000   -0.113910    0.381353
         -0.000000   -0.113910   -0.381353
         -0.000000    0.113910    0.381353
         -0.000000    0.113910   -0.381353

         -0.000000   -0.000000    0.332536
         -0.000000    0.000000   -0.332536
          0.000000   -0.167338    0.408298
         -0.000000    0.167338    0.408298
         -0.000000   -0.167338   -0.408298
          0.000000    0.167338   -0.408298

         -0.000000   -0.000000   -0.227057
          0.000000    0.000000   -0.227057
          0.000000   -0.266006    0.391744
          0.000000    0.266006    0.391744
          0.000000    0.266006    0.391744
          0.000000   -0.266006    0.391744

         -0.000000   -0.000000   -0.596689
         -0.000000    0.000000    0.596689
          0.000000   -0.220721    0.152524
          0.000000    0.220721    0.152524
          0.000000   -0.220721   -0.152524
          0.000000    0.220721   -0.152524

         -0.000000    0.000000   -0.142662
         -0.000000    0.000000   -0.142662
          0.000000    0.423369    0.246136
          0.000000   -0.423369    0.246136
          0.000000   -0.423368    0.246136
         -0.000000    0.423368    0.246136

          0.000000   -0.000000    0.182707
         -0.000000   -0.000000   -0.182707
         -0.000000   -0.416269   -0.245008
         -0.000000    0.416269   -0.245008
         -0.000000   -0.416270    0.245008
          0.000000    0.416270    0.245008

          0.000000   -0.229709   -0.000000
         -0.000000    0.229709    0.000000
         -0.000000    0.402021    0.248990
         -0.000000    0.402021   -0.248990
         -0.000000   -0.402021    0.248990
          0.000000   -0.402021   -0.248990

          0.000000   -0.232713   -0.000000
          0.000000   -0.232713    0.000000
          0.000000    0.401502    0.248432
         -0.000000    0.401502   -0.248432
         -0.000000    0.401502   -0.248432
          0.000000    0.401502    0.248432


      o TRANSLATIONAL VECTOR
          0.654288    0.000000    0.000000
          0.654288    0.000000    0.000000
          0.189614    0.000000    0.000000
          0.189614    0.000000    0.000000
          0.189614    0.000000    0.000000
          0.189614    0.000000    0.000000

          0.000000    0.654288    0.000000
          0.000000    0.654288    0.000000
          0.000000    0.189614    0.000000
          0.000000    0.189614    0.000000
          0.000000    0.189614    0.000000
          0.000000    0.189614    0.000000

          0.000000    0.000000    0.654288
          0.000000    0.000000    0.654288
          0.000000    0.000000    0.189614
          0.000000    0.000000    0.189614
          0.000000    0.000000    0.189614
          0.000000    0.000000    0.189614


      o ROTATIONAL VECTOR
          0.000000   -0.513852    0.000000
          0.000000    0.513852    0.000000
          0.000000   -0.274597    0.206336
          0.000000   -0.274597   -0.206336
          0.000000    0.274597    0.206336
          0.000000    0.274597   -0.206336

          0.564127    0.000000    0.000000
         -0.564127    0.000000   -0.000000
          0.301463    0.000000    0.000000
          0.301463    0.000000    0.000000
         -0.301463    0.000000   -0.000000
         -0.301463    0.000000   -0.000000

         -0.000000    0.000000    0.000000
          0.000000    0.000000    0.000000
         -0.500000    0.000000    0.000000
          0.500000    0.000000    0.000000
         -0.500000    0.000000    0.000000
          0.500000    0.000000    0.000000

(  SETUP OF NMA COMPLETED  )



(  SETUP OF VIB COMPLETED  )


          (MEMORY INFO)
          -- CURRENT USAGE    [     0.14 MB /  1000.00 MB (  0.0 % ) ]  -- 
          -- IN THE LAST STEP [     0.00 MB /  1000.00 MB (  0.0 % ) ]  -- 


          (CLOCK) ---->  LAST STEP: USER     0.00, SYSTEM     0.00 SECS   <----



(  ENTER VSCF MODULE  )


  ---  VIBRATIONAL SELF-CONSISTENT FIELD CALCULATIONS   ---



   >> VIBRATIONAL STATES 
       STATE 001:   00000 00000 00
       STATE 002:   10000 00000 00
       STATE 003:   01000 00000 00
       STATE 004:   00100 00000 00
       STATE 005:   00010 00000 00
       STATE 006:   00001 00000 00
       STATE 007:   00000 10000 00
       STATE 008:   00000 01000 00
       STATE 009:   00000 00100 00
       STATE 010:   00000 00010 00
       STATE 011:   00000 00001 00
       STATE 012:   00000 00000 10
       STATE 013:   00000 00000 01

   >> SCF OPTION
             RESTART :        F
       MAX ITERATION :       50
        CONV. THRESH : 0.10E-05

   >> FILES
       WFN READ/WRITE FILE : vscf_xxx.wfn



(  SETUP OF VSCF COMPLETED  )


          (MEMORY INFO)
          -- CURRENT USAGE    [     0.16 MB /  1000.00 MB (  0.0 % ) ]  -- 
          -- IN THE LAST STEP [     0.01 MB /  1000.00 MB (  0.0 % ) ]  -- 


          (CLOCK) ---->  LAST STEP: USER     0.09, SYSTEM     0.10 SECS   <----


(  ENTER VSCF MAIN MODULE  )

   [  LOOP OVER STATES  ]


   >> STATE 001:   00000 00000 00

       o INITIAL GUESS FROM (CONTRACTED) HARMONIC OSCILLATOR 

   -- (ITERATION) -------- (EOLD) -------- (ENEW) ----- (DELTA E) --
                1        11254.90        11207.49      -0.474D+02
                2        11207.49        11205.84      -0.165D+01
                3        11205.84        11205.73      -0.108D+00
                4        11205.73        11205.72      -0.796D-02
                5        11205.72        11205.72      -0.631D-03
                6        11205.72        11205.72      -0.525D-04
                7        11205.72        11205.72      -0.449D-05
                8        11205.72        11205.72      -0.390D-06
   -----------------------------------------------------------------
       E(VSCF)=    11205.72

       o COEFFICIENTS

         -MODES-          1         2         3         4         5         6
              0    -0.99992  -0.99999   0.99999  -1.00000   1.00000   0.99768
              1    -0.00000  -0.00000   0.00000  -0.00000  -0.00000   0.06763
              2     0.01191   0.00196  -0.00184  -0.00235   0.00233   0.00712
              3    -0.00000  -0.00000  -0.00000  -0.00000  -0.00000   0.00371
              4     0.00441   0.00278  -0.00277   0.00125  -0.00054   0.00029
              5     0.00000   0.00000  -0.00000   0.00000   0.00000   0.00004
              6    -0.00044  -0.00011   0.00011  -0.00001  -0.00000   0.00002
              7    -0.00000  -0.00000   0.00000   0.00000   0.00000   0.00000
              8    -0.00008  -0.00004   0.00004  -0.00001   0.00000   0.00000

         -MODES-          7         8         9        10        11        12
              0     0.99998   0.99648  -0.99997   0.99511  -0.99996  -0.99996
              1     0.00000  -0.08272  -0.00000  -0.09658   0.00000   0.00000
              2     0.00595   0.00919  -0.00810   0.01350  -0.00878  -0.00876
              3     0.00000  -0.01002  -0.00000  -0.01562  -0.00000  -0.00000
              4    -0.00017   0.00151   0.00100   0.00296   0.00111   0.00106
              5    -0.00000  -0.00022  -0.00000  -0.00054  -0.00000  -0.00000
              6    -0.00000   0.00021   0.00002   0.00051   0.00002   0.00002
              7    -0.00000  -0.00004   0.00000  -0.00012   0.00000   0.00000
              8     0.00000   0.00001  -0.00001   0.00002  -0.00001  -0.00001

       o VIBRATIONALLY AVERAGED STRUCTURE

         - Q0 -
              0.000000    0.000000    0.000000
              0.000000   -0.000000    1.214329
              0.000001   -1.350809    0.000000
             -1.152926   -0.000000   -0.000000

         - X0 -
              0.000000   -0.000000    1.265107
             -0.000000    0.000000   -1.265107
             -0.000000    1.756967    2.333721
              0.000000   -1.756967    2.333721
              0.000000    1.756967   -2.333721
             -0.000000   -1.756967   -2.333721


   >> STATE 002:   10000 00000 00

       o USING THE PREVIOUS VSCF STATE AS INITAL WFN

   -- (ITERATION) -------- (EOLD) -------- (ENEW) ----- (DELTA E) --
                1        12060.90        12052.19      -0.871D+01
                2        12052.19        12051.47      -0.725D+00
                3        12051.47        12051.39      -0.745D-01
                4        12051.39        12051.39      -0.833D-02
                5        12051.39        12051.38      -0.975D-03
                6        12051.38        12051.38      -0.117D-03
                7        12051.38        12051.38      -0.143D-04
                8        12051.38        12051.38      -0.176D-05
                9        12051.38        12051.38      -0.216D-06
   -----------------------------------------------------------------
       E(VSCF)   =    12051.38
       E(VSCF)-E0=      845.66

       o COEFFICIENTS

         -MODES-          1         2         3         4         5         6
              0    -0.00000  -0.99999   0.99999  -1.00000   1.00000   0.99601
              1     0.99963  -0.00000   0.00000  -0.00000  -0.00000   0.08901
              2     0.00000   0.00229  -0.00316  -0.00238  -0.00210   0.00530
              3    -0.02544  -0.00000  -0.00000  -0.00000  -0.00000   0.00323
              4     0.00000   0.00277  -0.00273   0.00125  -0.00052   0.00036
              5    -0.00930   0.00000  -0.00000   0.00000   0.00000   0.00001
              6    -0.00000  -0.00011   0.00012  -0.00001   0.00001   0.00002
              7     0.00130  -0.00000   0.00000   0.00000  -0.00000   0.00000
              8     0.00000  -0.00004   0.00004  -0.00001   0.00000  -0.00000

         -MODES-          7         8         9        10        11        12
              0     1.00000   0.99725  -0.99995   0.99879  -0.99994  -0.99994
              1     0.00000  -0.07317  -0.00000  -0.04507   0.00000   0.00000
              2     0.00069   0.00655  -0.01015   0.01169  -0.01091  -0.01079
              3    -0.00000  -0.00953  -0.00000  -0.01550  -0.00000  -0.00000
              4    -0.00020   0.00126   0.00097   0.00157   0.00108   0.00103
              5    -0.00000  -0.00013  -0.00000  -0.00047  -0.00000  -0.00000
              6    -0.00000   0.00019   0.00003   0.00051   0.00003   0.00003
              7     0.00000  -0.00003   0.00000  -0.00007   0.00000   0.00000
              8     0.00000   0.00000  -0.00001   0.00002  -0.00001  -0.00001

       o VIBRATIONALLY AVERAGED STRUCTURE

         - Q0 -
              0.000000    0.000000    0.000000
              0.000000   -0.000000    1.591109
              0.000001   -1.190902    0.000000
             -0.540387   -0.000000   -0.000000

         - X0 -
              0.000000   -0.000000    1.266066
             -0.000000    0.000000   -1.266066
             -0.000000    1.748723    2.334378
              0.000000   -1.748723    2.334378
              0.000000    1.748723   -2.334378
             -0.000000   -1.748723   -2.334378


   >> STATE 003:   01000 00000 00

       o USING THE PREVIOUS VSCF STATE AS INITAL WFN

   -- (ITERATION) -------- (EOLD) -------- (ENEW) ----- (DELTA E) --
                1        12167.08        12164.04      -0.304D+01
                2        12164.04        12164.01      -0.321D-01
                3        12164.01        12164.01      -0.170D-02
                4        12164.01        12164.01      -0.155D-03
                5        12164.01        12164.01      -0.159D-04
                6        12164.01        12164.01      -0.171D-05
                7        12164.01        12164.01      -0.189D-06
   -----------------------------------------------------------------
       E(VSCF)   =    12164.01
       E(VSCF)-E0=      958.29

       o COEFFICIENTS

         -MODES-          1         2         3         4         5         6
              0    -0.99991  -0.00000   0.99991   0.99998   1.00000   0.99811
              1    -0.00000   0.99996   0.00000   0.00000  -0.00000   0.06085
              2     0.01234   0.00000  -0.01330  -0.00543   0.00151   0.00735
              3     0.00000  -0.00646  -0.00000   0.00000  -0.00000   0.00372
              4     0.00438   0.00000  -0.00230  -0.00114  -0.00054   0.00026
              5     0.00000  -0.00605  -0.00000  -0.00000   0.00000   0.00004
              6    -0.00045  -0.00000   0.00020   0.00004   0.00000   0.00002
              7    -0.00000   0.00034   0.00000  -0.00000  -0.00000   0.00000
              8    -0.00008   0.00000   0.00002   0.00001   0.00000   0.00000

         -MODES-          7         8         9        10        11        12
              0     0.99998   0.99530  -0.99995   0.99819   0.99994   0.99994
              1     0.00000  -0.09549  -0.00000  -0.05670  -0.00000  -0.00000
              2     0.00606   0.01196  -0.01032   0.01244   0.01132   0.01114
              3     0.00000  -0.01046  -0.00000  -0.01566  -0.00000  -0.00000
              4    -0.00017   0.00180   0.00097   0.00192  -0.00107  -0.00103
              5    -0.00000  -0.00030  -0.00000  -0.00051   0.00000   0.00000
              6    -0.00000   0.00023   0.00003   0.00052  -0.00003  -0.00003
              7    -0.00000  -0.00005   0.00000  -0.00009   0.00000  -0.00000
              8     0.00000   0.00001  -0.00001   0.00003   0.00001   0.00001

       o VIBRATIONALLY AVERAGED STRUCTURE

         - Q0 -
              0.000000    0.000000    0.000000
              0.000000   -0.000001    1.093552
              0.000001   -1.564185    0.000000
             -0.679461   -0.000000   -0.000000

         - X0 -
              0.000000   -0.000000    1.266281
             -0.000000    0.000000   -1.266281
             -0.000000    1.753939    2.329105
              0.000000   -1.753939    2.329105
              0.000000    1.753939   -2.329105
             -0.000000   -1.753939   -2.329105


   >> STATE 004:   00100 00000 00

       o USING THE PREVIOUS VSCF STATE AS INITAL WFN

   -- (ITERATION) -------- (EOLD) -------- (ENEW) ----- (DELTA E) --
                1        12187.95        12185.72      -0.223D+01
                2        12185.72        12185.70      -0.209D-01
                3        12185.70        12185.70      -0.105D-02
                4        12185.70        12185.70      -0.809D-04
                5        12185.70        12185.70      -0.724D-05
                6        12185.70        12185.70      -0.721D-06
   -----------------------------------------------------------------
       E(VSCF)   =    12185.70
       E(VSCF)-E0=      979.97

       o COEFFICIENTS

         -MODES-          1         2         3         4         5         6
              0    -0.99990   0.99990  -0.00000   0.99999   1.00000  -0.99871
              1    -0.00000   0.00000   0.99997   0.00000  -0.00000  -0.05028
              2     0.01349  -0.01370   0.00000  -0.00475   0.00179  -0.00608
              3    -0.00000  -0.00000  -0.00456   0.00000  -0.00000  -0.00355
              4     0.00430  -0.00230  -0.00000  -0.00115  -0.00054  -0.00017
              5     0.00000  -0.00000  -0.00608  -0.00000   0.00000  -0.00003
              6    -0.00046   0.00020  -0.00000   0.00004  -0.00000  -0.00002
              7    -0.00000   0.00000   0.00031  -0.00000   0.00000   0.00000
              8    -0.00008   0.00002   0.00000   0.00001   0.00000  -0.00000

         -MODES-          7         8         9        10        11        12
              0     0.99998   0.99511  -0.99995   0.99841  -0.99994  -0.99994
              1     0.00000  -0.09750  -0.00000  -0.05265   0.00000   0.00000
              2     0.00667   0.01183  -0.01035   0.01223  -0.01112  -0.01125
              3     0.00000  -0.01042  -0.00000  -0.01561  -0.00000  -0.00000
              4    -0.00016   0.00183   0.00097   0.00180   0.00108   0.00102
              5    -0.00000  -0.00030  -0.00000  -0.00050  -0.00000  -0.00000
              6    -0.00000   0.00022   0.00003   0.00052   0.00003   0.00003
              7    -0.00000  -0.00005   0.00000  -0.00008   0.00000   0.00000
              8     0.00000   0.00001  -0.00001   0.00002  -0.00001  -0.00001

       o VIBRATIONALLY AVERAGED STRUCTURE

         - Q0 -
              0.000000    0.000000    0.000000
              0.000000   -0.000000    0.902554
              0.000001   -1.596372    0.000000
             -0.631072   -0.000000   -0.000000

         - X0 -
              0.000000   -0.000000    1.266042
             -0.000000    0.000000   -1.266042
             -0.000000    1.754380    2.326895
              0.000000   -1.754380    2.326895
              0.000000    1.754380   -2.326895
             -0.000000   -1.754380   -2.326895


   >> STATE 005:   00010 00000 00

       o USING THE PREVIOUS VSCF STATE AS INITAL WFN

   -- (ITERATION) -------- (EOLD) -------- (ENEW) ----- (DELTA E) --
                1        12272.70        12270.15      -0.255D+01
                2        12270.15        12270.10      -0.512D-01
                3        12270.10        12270.09      -0.431D-02
                4        12270.09        12270.09      -0.438D-03
                5        12270.09        12270.09      -0.454D-04
                6        12270.09        12270.09      -0.475D-05
                7        12270.09        12270.09      -0.499D-06
   -----------------------------------------------------------------
       E(VSCF)   =    12270.09
       E(VSCF)-E0=     1064.37

       o COEFFICIENTS

         -MODES-          1         2         3         4         5         6
              0    -0.99992   0.99994   0.99995   0.00000   1.00000   0.99693
              1    -0.00000   0.00000   0.00000  -0.99999  -0.00000   0.07772
              2     0.01193  -0.01056  -0.00951  -0.00000   0.00210   0.00886
              3    -0.00000  -0.00000  -0.00000  -0.00407  -0.00000   0.00392
              4     0.00441  -0.00246  -0.00249  -0.00000  -0.00054   0.00038
              5     0.00000  -0.00000  -0.00000   0.00278   0.00000   0.00005
              6    -0.00044   0.00018   0.00017   0.00000  -0.00000   0.00003
              7    -0.00000   0.00000   0.00000  -0.00002   0.00000   0.00000
              8    -0.00008   0.00003   0.00003   0.00000   0.00000   0.00000

         -MODES-          7         8         9        10        11        12
              0     0.99998   0.99609  -0.99995   0.99777  -0.99994  -0.99994
              1     0.00000  -0.08714   0.00000  -0.06357   0.00000   0.00000
              2     0.00620   0.01039  -0.01030   0.01258  -0.01079  -0.01083
              3     0.00000  -0.01019  -0.00000  -0.01570  -0.00000  -0.00000
              4    -0.00016   0.00161   0.00097   0.00211   0.00108   0.00103
              5    -0.00000  -0.00025  -0.00000  -0.00052  -0.00000  -0.00000
              6    -0.00000   0.00021   0.00003   0.00052   0.00003   0.00003
              7    -0.00000  -0.00004   0.00000  -0.00009   0.00000   0.00000
              8     0.00000   0.00001  -0.00001   0.00002  -0.00001  -0.00001

       o VIBRATIONALLY AVERAGED STRUCTURE

         - Q0 -
              0.000000    0.000000    0.000000
              0.000000   -0.000000    1.398138
              0.000001   -1.425085   -0.000000
             -0.761150   -0.000000   -0.000000

         - X0 -
              0.000000   -0.000000    1.266304
             -0.000000    0.000000   -1.266304
             -0.000000    1.752827    2.332969
             -0.000000   -1.752827    2.332969
              0.000000    1.752827   -2.332969
             -0.000000   -1.752827   -2.332969


   >> STATE 006:   00001 00000 00

       o USING THE PREVIOUS VSCF STATE AS INITAL WFN

   -- (ITERATION) -------- (EOLD) -------- (ENEW) ----- (DELTA E) --
                1        12443.66        12442.17      -0.148D+01
                2        12442.17        12442.11      -0.608D-01
                3        12442.11        12442.11      -0.491D-02
                4        12442.11        12442.11      -0.434D-03
                5        12442.11        12442.11      -0.396D-04
                6        12442.11        12442.11      -0.367D-05
                7        12442.11        12442.11      -0.344D-06
   -----------------------------------------------------------------
       E(VSCF)   =    12442.11
       E(VSCF)-E0=     1236.38

       o COEFFICIENTS

         -MODES-          1         2         3         4         5         6
              0    -0.99983  -0.99999   0.99999  -1.00000   0.00000   0.99618
              1    -0.00000  -0.00000   0.00000  -0.00000   0.99999   0.08686
              2     0.01827   0.00302  -0.00253  -0.00207  -0.00000   0.00843
              3    -0.00000  -0.00000  -0.00000  -0.00000   0.00379   0.00382
              4     0.00394   0.00275  -0.00275   0.00125  -0.00000   0.00042
              5     0.00000   0.00000  -0.00000   0.00000  -0.00121   0.00004
              6    -0.00051  -0.00012   0.00011  -0.00001   0.00000   0.00002
              7    -0.00000  -0.00000   0.00000   0.00000  -0.00000   0.00000
              8    -0.00006  -0.00004   0.00004  -0.00001   0.00000   0.00000

         -MODES-          7         8         9        10        11        12
              0     0.99999   0.99716  -0.99995   0.99667  -0.99994   0.99994
              1     0.00000  -0.07412  -0.00000  -0.07883  -0.00000  -0.00000
              2     0.00343   0.00838  -0.00976   0.01340  -0.01062   0.01062
              3     0.00000  -0.00990  -0.00000  -0.01582  -0.00000   0.00000
              4    -0.00019   0.00133   0.00098   0.00254   0.00108  -0.00103
              5    -0.00000  -0.00019  -0.00000  -0.00055   0.00000   0.00000
              6    -0.00000   0.00020   0.00003   0.00053   0.00003  -0.00003
              7    -0.00000  -0.00003   0.00000  -0.00011   0.00000  -0.00000
              8     0.00000   0.00000  -0.00001   0.00003  -0.00001   0.00001

       o VIBRATIONALLY AVERAGED STRUCTURE

         - Q0 -
              0.000000    0.000000    0.000000
              0.000000   -0.000000    1.560188
              0.000001   -1.209894    0.000000
             -0.943276    0.000000   -0.000000

         - X0 -
              0.000000   -0.000000    1.265575
             -0.000000    0.000000   -1.265575
             -0.000000    1.752855    2.336319
              0.000000   -1.752855    2.336319
              0.000000    1.752855   -2.336319
             -0.000000   -1.752855   -2.336319


   >> STATE 007:   00000 10000 00

       o USING THE PREVIOUS VSCF STATE AS INITAL WFN

   -- (ITERATION) -------- (EOLD) -------- (ENEW) ----- (DELTA E) --
                1        12574.91        12571.57      -0.334D+01
                2        12571.57        12571.53      -0.376D-01
                3        12571.53        12571.53      -0.189D-02
                4        12571.53        12571.53      -0.158D-03
                5        12571.53        12571.53      -0.140D-04
                6        12571.53        12571.53      -0.125D-05
                7        12571.53        12571.53      -0.112D-06
   -----------------------------------------------------------------
       E(VSCF)   =    12571.53
       E(VSCF)-E0=     1365.81

       o COEFFICIENTS

         -MODES-          1         2         3         4         5         6
              0    -0.99982  -1.00000   1.00000  -0.99999   1.00000   0.06787
              1    -0.00000  -0.00000   0.00000  -0.00000  -0.00000  -0.99140
              2     0.01841   0.00084  -0.00144  -0.00330   0.00155  -0.11064
              3    -0.00000  -0.00000  -0.00000  -0.00000  -0.00000  -0.01502
              4     0.00393   0.00281  -0.00278   0.00125  -0.00054  -0.00779
              5     0.00000   0.00000  -0.00000   0.00000   0.00000  -0.00086
              6    -0.00051  -0.00010   0.00010  -0.00000   0.00000  -0.00013
              7    -0.00000   0.00000   0.00000   0.00000   0.00000  -0.00007
              8    -0.00006  -0.00004   0.00004  -0.00001   0.00000  -0.00000

         -MODES-          7         8         9        10        11        12
              0     0.99998   0.99351   0.99996   0.99585  -0.99995   0.99995
              1     0.00000  -0.11245   0.00000  -0.08849   0.00000  -0.00000
              2     0.00630   0.01328   0.00922   0.01373  -0.01008   0.01006
              3     0.00000  -0.01047   0.00000  -0.01578  -0.00000   0.00000
              4    -0.00016   0.00209  -0.00098   0.00278   0.00109  -0.00104
              5    -0.00000  -0.00033   0.00000  -0.00056  -0.00000   0.00000
              6    -0.00000   0.00022  -0.00002   0.00052   0.00003  -0.00003
              7    -0.00000  -0.00005  -0.00000  -0.00012   0.00000  -0.00000
              8     0.00000   0.00001   0.00001   0.00003  -0.00001   0.00001

       o VIBRATIONALLY AVERAGED STRUCTURE

         - Q0 -
              0.000000    0.000000    0.000000
              0.000000   -0.000000    1.619670
              0.000003   -1.841858    0.000000
             -1.057971   -0.000000   -0.000000

         - X0 -
              0.000000   -0.000000    1.268117
             -0.000000    0.000000   -1.268117
             -0.000000    1.756991    2.335292
              0.000000   -1.756991    2.335292
              0.000000    1.756991   -2.335292
             -0.000000   -1.756991   -2.335292


   >> STATE 008:   00000 01000 00

       o USING THE PREVIOUS VSCF STATE AS INITAL WFN

   -- (ITERATION) -------- (EOLD) -------- (ENEW) ----- (DELTA E) --
                1        12664.73        12663.95      -0.776D+00
                2        12663.95        12663.93      -0.191D-01
                3        12663.93        12663.93      -0.164D-02
                4        12663.93        12663.93      -0.151D-03
                5        12663.93        12663.93      -0.140D-04
                6        12663.93        12663.93      -0.131D-05
                7        12663.93        12663.93      -0.122D-06
   -----------------------------------------------------------------
       E(VSCF)   =    12663.93
       E(VSCF)-E0=     1458.21

       o COEFFICIENTS

         -MODES-          1         2         3         4         5         6
              0    -0.99978  -0.99999   1.00000  -1.00000   1.00000  -0.99843
              1    -0.00000  -0.00000   0.00000  -0.00000  -0.00000  -0.05548
              2     0.02077   0.00183  -0.00083  -0.00268  -0.00065  -0.00650
              3    -0.00000  -0.00000  -0.00000  -0.00000  -0.00000  -0.00362
              4     0.00373   0.00279  -0.00279   0.00125  -0.00053  -0.00021
              5     0.00000   0.00000  -0.00000   0.00000   0.00000  -0.00004
              6    -0.00053  -0.00011   0.00010  -0.00001   0.00000  -0.00002
              7    -0.00000  -0.00000   0.00000   0.00000   0.00000   0.00000
              8    -0.00004  -0.00004   0.00004  -0.00001   0.00000  -0.00000

         -MODES-          7         8         9        10        11        12
              0     0.00000   0.99503  -0.99995   0.99646  -0.99994   0.99994
              1    -0.99994  -0.09843  -0.00000  -0.08133   0.00000  -0.00000
              2    -0.00000   0.01114  -0.01011   0.01401  -0.01134   0.01127
              3    -0.01098  -0.01025  -0.00000  -0.01593  -0.00000   0.00000
              4    -0.00000   0.00182   0.00097   0.00263   0.00107  -0.00102
              5     0.00036  -0.00027  -0.00000  -0.00058  -0.00000   0.00000
              6     0.00000   0.00022   0.00003   0.00053   0.00003  -0.00003
              7     0.00001  -0.00005   0.00000  -0.00011   0.00000  -0.00000
              8     0.00000   0.00001  -0.00001   0.00003  -0.00001   0.00001

       o VIBRATIONALLY AVERAGED STRUCTURE

         - Q0 -
              0.000000    0.000000    0.000000
              0.000000   -0.000000    0.996113
              0.000001   -1.609639    0.000000
             -0.973872   -0.000000   -0.000000

         - X0 -
              0.000000   -0.000000    1.265882
             -0.000000    0.000000   -1.265882
             -0.000000    1.757413    2.329698
              0.000000   -1.757413    2.329698
              0.000000    1.757413   -2.329698
             -0.000000   -1.757413   -2.329698


   >> STATE 009:   00000 00100 00

       o USING THE PREVIOUS VSCF STATE AS INITAL WFN

   -- (ITERATION) -------- (EOLD) -------- (ENEW) ----- (DELTA E) --
                1        12862.44        12857.96      -0.448D+01
                2        12857.96        12857.92      -0.346D-01
                3        12857.92        12857.92      -0.542D-03
                4        12857.92        12857.92      -0.288D-04
                5        12857.92        12857.92      -0.238D-05
                6        12857.92        12857.92      -0.211D-06
   -----------------------------------------------------------------
       E(VSCF)   =    12857.92
       E(VSCF)-E0=     1652.20

       o COEFFICIENTS

         -MODES-          1         2         3         4         5         6
              0    -0.99987  -1.00000   1.00000  -0.99999   1.00000   0.99392
              1    -0.00000  -0.00000   0.00000  -0.00000  -0.00000   0.10927
              2     0.01534  -0.00037  -0.00022  -0.00348   0.00234   0.01264
              3    -0.00000  -0.00000  -0.00000  -0.00000  -0.00000   0.00437
              4     0.00417   0.00284  -0.00281   0.00125  -0.00054   0.00062
              5     0.00000   0.00000  -0.00000   0.00000   0.00000   0.00008
              6    -0.00048  -0.00009   0.00009  -0.00000  -0.00000   0.00003
              7    -0.00000   0.00000   0.00000   0.00000   0.00000   0.00000
              8    -0.00007  -0.00004   0.00004  -0.00001   0.00000   0.00000

         -MODES-          7         8         9        10        11        12
              0     0.99998  -0.08372   0.99996   0.99655  -0.99995  -0.99995
              1     0.00000  -0.98257   0.00000  -0.08046   0.00000   0.00000
              2     0.00615   0.16252   0.00902   0.01278  -0.00987  -0.00987
              3     0.00000  -0.02560   0.00000  -0.01562  -0.00000  -0.00000
              4    -0.00016   0.02154  -0.00099   0.00253   0.00110   0.00105
              5    -0.00000  -0.00492   0.00000  -0.00051  -0.00000  -0.00000
              6    -0.00000   0.00094  -0.00002   0.00051   0.00003   0.00003
              7    -0.00000  -0.00063  -0.00000  -0.00011   0.00000   0.00000
              8     0.00000   0.00020   0.00001   0.00002  -0.00001  -0.00001

       o VIBRATIONALLY AVERAGED STRUCTURE

         - Q0 -
              0.000000    0.000000    0.000000
              0.000000   -0.000000    1.970448
              0.000001   -2.455432    0.000000
             -0.961475   -0.000000   -0.000000

         - X0 -
              0.000000   -0.000000    1.271500
             -0.000000    0.000000   -1.271500
             -0.000000    1.757844    2.335899
              0.000000   -1.757844    2.335899
              0.000000    1.757844   -2.335899
             -0.000000   -1.757844   -2.335899


   >> STATE 010:   00000 00010 00

       o USING THE PREVIOUS VSCF STATE AS INITAL WFN

   -- (ITERATION) -------- (EOLD) -------- (ENEW) ----- (DELTA E) --
                1        14327.50        14282.82      -0.447D+02
                2        14282.82        14279.05      -0.377D+01
                3        14279.05        14278.68      -0.364D+00
                4        14278.68        14278.65      -0.382D-01
                5        14278.65        14278.64      -0.419D-02
                6        14278.64        14278.64      -0.470D-03
                7        14278.64        14278.64      -0.536D-04
                8        14278.64        14278.64      -0.614D-05
                9        14278.64        14278.64      -0.705D-06
   -----------------------------------------------------------------
       E(VSCF)   =    14278.64
       E(VSCF)-E0=     3072.92

       o COEFFICIENTS

         -MODES-          1         2         3         4         5         6
              0    -0.99998  -0.99998   0.99998  -0.99995  -0.99998   0.99734
              1    -0.00000  -0.00000   0.00000  -0.00000   0.00000   0.07198
              2     0.00304  -0.00622   0.00631  -0.00950  -0.00689   0.01019
              3    -0.00000  -0.00000   0.00000  -0.00000   0.00000   0.00420
              4     0.00492   0.00294  -0.00291   0.00122   0.00051   0.00040
              5     0.00000   0.00000  -0.00000   0.00000  -0.00000   0.00008
              6    -0.00033  -0.00003   0.00003   0.00003   0.00001   0.00003
              7    -0.00000   0.00000   0.00000   0.00000  -0.00000   0.00000
              8    -0.00012  -0.00005   0.00005  -0.00001  -0.00000   0.00000

         -MODES-          7         8         9        10        11        12
              0     0.99994   0.99503   0.00000   0.97972  -0.99996  -0.99996
              1     0.00000  -0.09812  -0.99972  -0.19676   0.00000   0.00000
              2     0.01056   0.01275  -0.00000   0.03255  -0.00881  -0.00880
              3     0.00000  -0.01069  -0.02357  -0.01817  -0.00000  -0.00000
              4    -0.00008   0.00190  -0.00000   0.00600   0.00111   0.00106
              5    -0.00000  -0.00033   0.00201  -0.00138  -0.00000  -0.00000
              6    -0.00001   0.00024  -0.00000   0.00065   0.00002   0.00002
              7    -0.00000  -0.00005   0.00011  -0.00024   0.00000   0.00000
              8    -0.00000   0.00001   0.00000   0.00007  -0.00001  -0.00001

       o VIBRATIONALLY AVERAGED STRUCTURE

         - Q0 -
              0.000000    0.000000    0.000000
              0.000000   -0.000000    1.298172
              0.000001   -1.608924    0.000001
             -2.379338   -0.000000   -0.000000

         - X0 -
              0.000000   -0.000000    1.264822
             -0.000000    0.000000   -1.264822
             -0.000000    1.769879    2.340612
             -0.000000   -1.769879    2.340612
              0.000000    1.769879   -2.340612
             -0.000000   -1.769879   -2.340612


   >> STATE 011:   00000 00001 00

       o USING THE PREVIOUS VSCF STATE AS INITAL WFN

   -- (ITERATION) -------- (EOLD) -------- (ENEW) ----- (DELTA E) --
                1        14339.40        14309.94      -0.295D+02
                2        14309.94        14308.26      -0.169D+01
                3        14308.26        14308.14      -0.115D+00
                4        14308.14        14308.13      -0.857D-02
                5        14308.13        14308.13      -0.674D-03
                6        14308.13        14308.13      -0.546D-04
                7        14308.13        14308.13      -0.450D-05
                8        14308.13        14308.13      -0.373D-06
   -----------------------------------------------------------------
       E(VSCF)   =    14308.13
       E(VSCF)-E0=     3102.41

       o COEFFICIENTS

         -MODES-          1         2         3         4         5         6
              0     0.99998   0.99998   0.99998  -0.99996  -0.99998   0.99720
              1     0.00000   0.00000   0.00000  -0.00000   0.00000   0.07397
              2    -0.00341   0.00611   0.00608  -0.00871  -0.00681   0.01030
              3     0.00000   0.00000   0.00000  -0.00000   0.00000   0.00422
              4    -0.00490  -0.00293  -0.00291   0.00123   0.00051   0.00041
              5    -0.00000  -0.00000  -0.00000   0.00000  -0.00000   0.00008
              6     0.00033   0.00003   0.00003   0.00002   0.00001   0.00003
              7     0.00000  -0.00000   0.00000   0.00000  -0.00000   0.00000
              8     0.00012   0.00005   0.00005  -0.00001  -0.00000   0.00000

         -MODES-          7         8         9        10        11        12
              0     0.99994   0.99468   0.99996  -0.09575  -0.99996  -0.99996
              1     0.00000  -0.10155  -0.00000  -0.97321   0.00000   0.00000
              2     0.01059   0.01312   0.00847   0.20249  -0.00895  -0.00892
              3     0.00000  -0.01072   0.00000  -0.03788  -0.00000  -0.00000
              4    -0.00008   0.00196  -0.00099   0.03377   0.00111   0.00106
              5    -0.00000  -0.00034   0.00000  -0.01004  -0.00000  -0.00000
              6    -0.00001   0.00024  -0.00002   0.00234   0.00002   0.00002
              7    -0.00000  -0.00005  -0.00000  -0.00155   0.00000   0.00000
              8    -0.00000   0.00001   0.00001   0.00065  -0.00001  -0.00001

       o VIBRATIONALLY AVERAGED STRUCTURE

         - Q0 -
              0.000000    0.000000    0.000000
              0.000000   -0.000000    1.334080
              0.000002   -1.665399   -0.000000
             -2.368671   -0.000000   -0.000000

         - X0 -
              0.000000   -0.000000    1.265144
             -0.000000    0.000000   -1.265144
             -0.000000    1.769926    2.340692
              0.000000   -1.769926    2.340692
              0.000000    1.769926   -2.340692
             -0.000000   -1.769926   -2.340692


   >> STATE 012:   00000 00000 10

       o USING THE PREVIOUS VSCF STATE AS INITAL WFN

   -- (ITERATION) -------- (EOLD) -------- (ENEW) ----- (DELTA E) --
                1        14393.90        14357.43      -0.365D+02
                2        14357.43        14354.36      -0.308D+01
                3        14354.36        14354.07      -0.290D+00
                4        14354.07        14354.04      -0.302D-01
                5        14354.04        14354.03      -0.333D-02
                6        14354.03        14354.03      -0.381D-03
                7        14354.03        14354.03      -0.443D-04
                8        14354.03        14354.03      -0.520D-05
                9        14354.03        14354.03      -0.614D-06
   -----------------------------------------------------------------
       E(VSCF)   =    14354.03
       E(VSCF)-E0=     3148.31

       o COEFFICIENTS

         -MODES-          1         2         3         4         5         6
              0     0.99998   0.99997   0.99997  -0.99996  -0.99997   0.99605
              1     0.00000   0.00000   0.00000  -0.00000   0.00000   0.08781
              2    -0.00235   0.00769   0.00697  -0.00920  -0.00753   0.01243
              3     0.00000   0.00000   0.00000  -0.00000   0.00000   0.00459
              4    -0.00495  -0.00295  -0.00292   0.00122   0.00050   0.00055
              5    -0.00000  -0.00000  -0.00000   0.00000  -0.00000   0.00010
              6     0.00032   0.00001   0.00002   0.00003   0.00001   0.00003
              7     0.00000  -0.00000   0.00000   0.00000  -0.00000   0.00000
              8     0.00012   0.00005   0.00005  -0.00001  -0.00000   0.00000

         -MODES-          7         8         9        10        11        12
              0    -0.99993   0.99655  -0.99997   0.97835   0.00000   0.99996
              1    -0.00000  -0.08155  -0.00000  -0.20320   0.99967  -0.00000
              2    -0.01199   0.01131  -0.00811   0.03407  -0.00000   0.00897
              3    -0.00000  -0.01051  -0.00000  -0.01836   0.02576   0.00000
              4     0.00005   0.00158   0.00100   0.00619   0.00000  -0.00106
              5     0.00000  -0.00029  -0.00000  -0.00145  -0.00221   0.00000
              6     0.00001   0.00023   0.00002   0.00066   0.00000  -0.00002
              7     0.00000  -0.00004   0.00000  -0.00025  -0.00013  -0.00000
              8     0.00000   0.00001  -0.00001   0.00007  -0.00000   0.00001

       o VIBRATIONALLY AVERAGED STRUCTURE

         - Q0 -
              0.000000    0.000000    0.000000
              0.000000   -0.000000    1.586762
              0.000002   -1.336661    0.000000
             -2.459338   -0.000000   -0.000000

         - X0 -
              0.000000   -0.000000    1.264274
             -0.000000    0.000000   -1.264274
             -0.000000    1.768128    2.344787
              0.000000   -1.768128    2.344787
              0.000000    1.768128   -2.344787
             -0.000000   -1.768128   -2.344787


   >> STATE 013:   00000 00000 01

       o USING THE PREVIOUS VSCF STATE AS INITAL WFN

   -- (ITERATION) -------- (EOLD) -------- (ENEW) ----- (DELTA E) --
                1        14383.00        14381.18      -0.181D+01
                2        14381.18        14381.16      -0.249D-01
                3        14381.16        14381.16      -0.255D-02
                4        14381.16        14381.16      -0.285D-03
                5        14381.16        14381.16      -0.327D-04
                6        14381.16        14381.16      -0.381D-05
                7        14381.16        14381.16      -0.445D-06
   -----------------------------------------------------------------
       E(VSCF)   =    14381.16
       E(VSCF)-E0=     3175.43

       o COEFFICIENTS

         -MODES-          1         2         3         4         5         6
              0    -0.99998   0.99997   0.99997  -0.99996  -0.99997   0.99586
              1    -0.00000   0.00000   0.00000  -0.00000   0.00000   0.08985
              2     0.00275   0.00716   0.00751  -0.00940  -0.00760   0.01269
              3    -0.00000   0.00000   0.00000  -0.00000   0.00000   0.00463
              4     0.00493  -0.00294  -0.00292   0.00122   0.00050   0.00057
              5     0.00000  -0.00000  -0.00000   0.00000  -0.00000   0.00010
              6    -0.00032   0.00002   0.00002   0.00003   0.00001   0.00003
              7    -0.00000  -0.00000   0.00000   0.00000  -0.00000   0.00000
              8    -0.00012   0.00005   0.00005  -0.00001  -0.00000   0.00000

         -MODES-          7         8         9        10        11        12
              0    -0.99993   0.99645  -0.99997   0.97865   0.99996   0.00000
              1    -0.00000  -0.08275  -0.00000  -0.20182  -0.00000   0.99967
              2    -0.01190   0.01147  -0.00812   0.03369   0.00900  -0.00000
              3    -0.00000  -0.01053  -0.00000  -0.01830   0.00000   0.02548
              4     0.00005   0.00160   0.00100   0.00614  -0.00111   0.00000
              5     0.00000  -0.00030  -0.00000  -0.00143   0.00000  -0.00211
              6     0.00001   0.00023   0.00002   0.00065  -0.00002   0.00000
              7     0.00000  -0.00004   0.00000  -0.00025  -0.00000  -0.00013
              8     0.00000   0.00001  -0.00001   0.00007   0.00001  -0.00000

       o VIBRATIONALLY AVERAGED STRUCTURE

         - Q0 -
              0.000000    0.000000    0.000000
              0.000000   -0.000000    1.623825
              0.000002   -1.356475    0.000000
             -2.441992   -0.000000   -0.000000

         - X0 -
              0.000000   -0.000000    1.264458
             -0.000000    0.000000   -1.264458
             -0.000000    1.767916    2.344971
              0.000000   -1.767916    2.344971
              0.000000    1.767916   -2.344971
             -0.000000   -1.767916   -2.344971


   [  END OF LOOP OVER STATES  ]


(  EXIT VSCF MAIN MODULE  )


(  FINALIZE VSCF MODULE  )

          (MEMORY INFO)
          -- CURRENT USAGE    [     0.15 MB /  1000.00 MB (  0.0 % ) ]  -- 
          -- IN THE LAST STEP [     0.00 MB /  1000.00 MB (  0.0 % ) ]  -- 


          (CLOCK) ---->  LAST STEP: USER     0.22, SYSTEM     0.00 SECS   <----


(  FINALIZE NMA MODULE  )


(  FINALIZE VIB MODULE  )

   (TOTAL MEMORY USAGE)   [     0.17 MB /  1000.00 MB (  0.0 % ) ] 


   (CLOCK) ---->  TOTAL CPU-TIME  <----
               >     USER :   0 DAYS   0 HOURS   0 MINS   0.3 SECS 
               >    SYSTEM:   0 DAYS   0 HOURS   0 MINS   0.1 SECS 

