 -------------------------------------------------------
                                                      
    ***   WELCOME TO SINDO PROGRAM                    
     ***                (  VERSION 4.0 BETA  )        
      ***                                             
       ***       COPYRIGHT 2018:                      
        ***         KIYOSHI YAGI  KIYOSHI.YAGI@RIKEN.JP
                                                      
 -------------------------------------------------------

     JOB STARTED AT: Sat Oct 13 17:09:49 2018
     RUNNING ON beluga03                        


(  SETUP MEM MODULE  )

   o MAXIMUM MEMORY :     1200 MB


(  SETUP MOL MODULE  )


   READ DATA FROM A MINFO FILE : [ eq-mp2dz.minfo ]


(  ENTER NMA MODULE  )


      o ATOMIC MASS
           12.0000     12.0000      1.0078      1.0078      1.0078
            1.0078
 
      o REFERENCE GEOMETRY
          0.000000    0.000000    1.271321
          0.000000    0.000000   -1.271321
          0.000000    1.766335    2.348376
          0.000000   -1.766335    2.348376
          0.000000    1.766335   -2.348376
          0.000000   -1.766335   -2.348376
 
      o NORMAL DISPLACEMENT VECTOR
          0.000000   -0.133098    0.000000
          0.000000   -0.133098   -0.000000
         -0.000000    0.229637   -0.434062
         -0.000000    0.229637    0.434062
         -0.000000    0.229637    0.434062
         -0.000000    0.229637   -0.434062
 
          0.426807   -0.000000   -0.000000
         -0.426807    0.000000    0.000000
         -0.398645    0.000000   -0.000000
         -0.398645    0.000000    0.000000
          0.398645    0.000000   -0.000000
          0.398645    0.000000   -0.000000
 
          0.268155    0.000000    0.000000
          0.268155    0.000000   -0.000000
         -0.462652   -0.000000    0.000000
         -0.462652   -0.000000   -0.000000
         -0.462652   -0.000000   -0.000000
         -0.462652   -0.000000    0.000000
 
          0.000000    0.000000    0.000000
         -0.000000   -0.000000   -0.000000
         -0.500000   -0.000000    0.000000
          0.500000    0.000000   -0.000000
          0.500000    0.000000    0.000000
         -0.500000   -0.000000   -0.000000
 
         -0.000000   -0.429172   -0.000000
          0.000000    0.429172    0.000000
          0.000000    0.114689   -0.380463
          0.000000    0.114689    0.380463
          0.000000   -0.114689   -0.380463
         -0.000000   -0.114689    0.380463
 
         -0.000000   -0.000000    0.316759
          0.000000    0.000000   -0.316759
         -0.000000   -0.172403    0.412443
         -0.000000    0.172403    0.412443
          0.000000   -0.172403   -0.412443
          0.000000    0.172403   -0.412443
 
         -0.000000    0.000000    0.227246
          0.000000   -0.000000    0.227246
         -0.000000    0.265443   -0.392071
          0.000000   -0.265443   -0.392071
          0.000000   -0.265443   -0.392071
         -0.000000    0.265443   -0.392071
 
          0.000000    0.000000   -0.604607
         -0.000000   -0.000000    0.604607
         -0.000000   -0.217393    0.141299
          0.000000    0.217393    0.141299
         -0.000000   -0.217393   -0.141299
         -0.000000    0.217393   -0.141299
 
         -0.000000    0.000000   -0.142360
          0.000000   -0.000000   -0.142360
          0.000000    0.423721    0.245616
          0.000000   -0.423721    0.245616
          0.000000   -0.423721    0.245616
         -0.000000    0.423721    0.245616
 
         -0.000000    0.000000   -0.184702
          0.000000    0.000000    0.184702
          0.000000    0.415953    0.244797
         -0.000000   -0.415953    0.244797
          0.000000    0.415953   -0.244797
          0.000000   -0.415953   -0.244797
 
         -0.000000    0.228670   -0.000000
          0.000000   -0.228670    0.000000
          0.000000   -0.401658   -0.250051
         -0.000000   -0.401658    0.250051
          0.000000    0.401658   -0.250051
         -0.000000    0.401658    0.250051
 
          0.000000   -0.232792   -0.000000
          0.000000   -0.232792    0.000000
         -0.000000    0.401639    0.248174
         -0.000000    0.401639   -0.248174
         -0.000000    0.401639   -0.248174
         -0.000000    0.401639    0.248174
 
 
      o TRANSLATIONAL VECTOR
          0.654288    0.000000    0.000000
          0.654288    0.000000    0.000000
          0.189614    0.000000    0.000000
          0.189614    0.000000    0.000000
          0.189614    0.000000    0.000000
          0.189614    0.000000    0.000000
 
          0.000000    0.654288    0.000000
          0.000000    0.654288    0.000000
          0.000000    0.189614    0.000000
          0.000000    0.189614    0.000000
          0.000000    0.189614    0.000000
          0.000000    0.189614    0.000000
 
          0.000000    0.000000    0.654288
          0.000000    0.000000    0.654288
          0.000000    0.000000    0.189614
          0.000000    0.000000    0.189614
          0.000000    0.000000    0.189614
          0.000000    0.000000    0.189614
 
 
      o ROTATIONAL VECTOR
          0.000000   -0.513343    0.000000
          0.000000    0.513343    0.000000
          0.000000   -0.274804    0.206694
          0.000000   -0.274804   -0.206694
          0.000000    0.274804    0.206694
          0.000000    0.274804   -0.206694
 
          0.563770    0.000000    0.000000
         -0.563770    0.000000    0.000000
          0.301798    0.000000    0.000000
          0.301798    0.000000    0.000000
         -0.301798    0.000000    0.000000
         -0.301798    0.000000    0.000000
 
          0.000000    0.000000    0.000000
          0.000000    0.000000    0.000000
         -0.500000    0.000000    0.000000
          0.500000    0.000000    0.000000
         -0.500000    0.000000    0.000000
          0.500000    0.000000    0.000000
 
(  SETUP OF NMA COMPLETED  )



(  SETUP VIB MODULE  )

   >> RUN OPTIONS
      VSCF    =     T
      OC-VSCF =     F
      VCI     =     T
      VPT     =     F
      VQDPT   =     F
      PRPT    =     F


   >> BASIS FUNCTIONS
      MODE :         1        2        3        4        5        6
      MAXV :        10       10       10       10       10       10
      FREQ :    825.32   935.70   972.65  1065.32  1235.92  1375.84

      MODE :         7        8        9       10       11       12
      MAXV :        10       10       10       10       10       10
      FREQ :   1467.03  1687.49  3187.97  3206.55  3285.83  3311.50


(  SETUP TARGET MODULE  )

   >> TARGET STATES
       000   : ZERO-POINT STATE
 

(  SETUP MRPES MODULE  )

   >> POTENTIAL

      [  OPTIONS  ]

         MR         =        3
         MCS_CUTOFF = -.10E-02
         MCS_GRID   = -.10E+01
         POTDIR     = ./
         MOPFILE    = prop_no_1.mop


         1MR-PEF

         o QFF   MP2/cc-pVDZ

           MODE=   1
           MODE=   2
           MODE=   3
           MODE=   4
           MODE=   5
           MODE=   6
           MODE=   7
           MODE=   8
           MODE=   9
           MODE=  10
           MODE=  11
           MODE=  12
 

         2MR-PEF

         o QFF   MP2/cc-pVDZ

           NUMBER OF TERMS=      66
 

         3MR-PEF

         o QFF   MP2/cc-pVDZ

           NUMBER OF TERMS=     220
 

(  FINALIZE MRPES MODULE  )

            (MEMORY INFO)
            -- CURRENT USAGE    [     0.18 MB /  1200.00 MB (  0.0 % ) ]  -- 
            -- IN THE LAST STEP [     0.20 MB /  1200.00 MB (  0.0 % ) ]  -- 

            (CLOCK) ---->  LAST STEP: USER     0.01, SYSTEM     0.00 SECS   <----


(  ENTER VSCF MODULE  )

  ---  VIBRATIONAL SELF-CONSISTENT FIELD CALCULATIONS   ---

   >> SCF OPTIONS
       STATE SPECIFIC :        F
              RESTART :        F
        MAX ITERATION :       10
         CONV. THRESH : 0.10E-04

   >> FILES
       WFN READ/WRITE FILE : vscf_xxx.wfn

   >> STATE 000:   ZERO-POINT STATE

       o INITIAL GUESS FROM (CONTRACTED) HARMONIC OSCILLATOR 

   -- (ITERATION) -------- (EOLD) -------- (ENEW) ----- (DELTA E) --
                1        11232.90        11186.13      -0.468D+02
                2        11186.13        11184.49      -0.164D+01
                3        11184.49        11184.38      -0.108D+00
                4        11184.38        11184.37      -0.803D-02
                5        11184.37        11184.37      -0.641D-03
                6        11184.37        11184.37      -0.537D-04
                7        11184.37        11184.37      -0.463D-05
   -----------------------------------------------------------------
       E(VSCF)=    11184.37034455

       o COEFFICIENTS

         -MODES-          1         2         3         4         5         6
              0     0.99994  -0.99999  -0.99999  -1.00000  -1.00000   0.99770
              1    -0.00000  -0.00000   0.00000  -0.00000   0.00000   0.06729
              2    -0.01021   0.00158   0.00192  -0.00259  -0.00310   0.00725
              3     0.00000  -0.00000   0.00000  -0.00000   0.00000   0.00345
              4    -0.00423   0.00274   0.00272   0.00121   0.00044   0.00028
              5     0.00000   0.00000  -0.00000   0.00000  -0.00000   0.00004
              6     0.00038  -0.00010  -0.00011  -0.00001   0.00000   0.00002
              7    -0.00000  -0.00000  -0.00000  -0.00000  -0.00000   0.00000
              8     0.00004  -0.00003  -0.00002  -0.00001  -0.00000   0.00000
              9    -0.00000  -0.00000   0.00000  -0.00000   0.00000   0.00000
             10    -0.00002   0.00000   0.00000   0.00000  -0.00000  -0.00000
         -MODES-          7         8         9        10        11        12
              0     0.99998   0.99653  -0.99996  -0.99519   0.99996  -0.99996
              1    -0.00000  -0.08212   0.00000  -0.09570   0.00000   0.00000
              2     0.00574   0.00889  -0.00866  -0.01381   0.00933  -0.00932
              3    -0.00000  -0.01033   0.00000  -0.01574   0.00000   0.00000
              4    -0.00021   0.00155   0.00096  -0.00299  -0.00104   0.00100
              5     0.00000  -0.00021   0.00000  -0.00057  -0.00000  -0.00000
              6    -0.00000   0.00022   0.00002  -0.00052  -0.00002   0.00002
              7     0.00000  -0.00004  -0.00000  -0.00013  -0.00000  -0.00000
              8     0.00000   0.00001  -0.00000  -0.00003   0.00000  -0.00000
              9    -0.00000  -0.00001   0.00000  -0.00002   0.00000   0.00000
             10     0.00000   0.00000  -0.00000  -0.00001   0.00000  -0.00000
 
       o VIBRATIONALLY AVERAGED STRUCTURE

         - Q0 -
             -0.000000    0.000000   -0.000000
              0.000000   -0.000000    1.212189
             -0.000000   -1.339658   -0.000000
              1.141738    0.000000   -0.000000
 
         - X0 -
              0.000000    0.000000    1.277967
             -0.000000    0.000000   -1.277967
              0.000000    1.779334    2.362145
              0.000000   -1.779334    2.362145
              0.000000    1.779334   -2.362145
              0.000000   -1.779334   -2.362145
 

(  FINALIZE VSCF MODULE  )

            (MEMORY INFO)
            -- CURRENT USAGE    [     0.18 MB /  1200.00 MB (  0.0 % ) ]  -- 
            -- IN THE LAST STEP [     0.20 MB /  1200.00 MB (  0.0 % ) ]  -- 

            (CLOCK) ---->  LAST STEP: USER     0.00, SYSTEM     0.00 SECS   <----


(  ENTER VCI MODULE  )

   >> VCI OPTIONS

       o VCI SPACE SELECTION
         - MAX NUM. OF MODES TO EXCITE :          3
         - MAX SUM OF QUANTUM NUM.     :          6
         - MAX EXCITATION OF EACH MODE :    6  6  6  6  6  6
                                            6  6  6  6  6  6
 
       o VCI DIMENSION  :       5463
       o NUM_OF_STATES  :        100

   >> VCI WITH ZERO-POINT VSCF REFERENCE

       o READ VSCF WFN   : [ vscf-000.wfn ]

       o DUMP VCI WFN    : [ vci-w.wfn ]

       o VIB. AV. GEOM. : F

   >> VCI MAIN

      o FORMING HAMILTONIAN MATRIX     ... DONE

            (CLOCK) ---->  LAST STEP: USER     1.50, SYSTEM     0.00 SECS   <----

      o DIAGONALIZING HAMILTONIAN MATRIX     ... DONE

            (CLOCK) ---->  LAST STEP: USER    20.43, SYSTEM     0.00 SECS   <----


         > STATE 00000: ZERO-POINT STATE

             E(VCI)   =    11115.42562

             COEFF.  WEIGHT      CONFIG.
              0.994   0.989        0_0
             -0.038   0.001        9_1   11_1   12_1
             -0.032   0.001        2_1    3_1    9_1

         > STATE 00001:   1_1

             E(VCI)   =    11957.00766
             E(VCI)-E0=      841.58204

             COEFF.  WEIGHT      CONFIG.
              0.991   0.983        1_1
              0.052   0.003        1_1   10_1
              0.042   0.002        1_3   10_1
             -0.034   0.001        5_1    9_1
              0.033   0.001        1_2    5_1    9_1
             -0.032   0.001        7_1   11_1
              0.032   0.001        1_2    7_1   11_1

         > STATE 00002:   2_1

             E(VCI)   =    12048.82864
             E(VCI)-E0=      933.40302

             COEFF.  WEIGHT      CONFIG.
              0.991   0.983        2_1
             -0.050   0.003        3_1    9_1
             -0.044   0.002        2_2    3_1    9_1
             -0.044   0.002        4_1   12_1
              0.042   0.002        2_1   10_1
             -0.040   0.002        2_2    4_1   12_1
             -0.032   0.001        2_3   10_1

         > STATE 00003:   3_1

             E(VCI)   =    12084.56291
             E(VCI)-E0=      969.13729

             COEFF.  WEIGHT      CONFIG.
             -0.991   0.982        3_1
              0.051   0.003        2_1    9_1
             -0.045   0.002        3_1   10_1
             -0.044   0.002        2_1    3_2    9_1
             -0.044   0.002        4_1   11_1
              0.040   0.002        3_2    4_1   11_1
              0.034   0.001        3_3   10_1

         > STATE 00004:   4_1

             E(VCI)   =    12173.83579
             E(VCI)-E0=     1058.41016

             COEFF.  WEIGHT      CONFIG.
             -0.993   0.985        4_1
              0.048   0.002        2_1   12_1
             -0.047   0.002        3_1   11_1
              0.040   0.002        2_1    4_2   12_1
             -0.040   0.002        3_1    4_2   11_1
             -0.035   0.001        4_1   10_1

         > STATE 00005:   5_1

             E(VCI)   =    12356.04677
             E(VCI)-E0=     1240.62115

             COEFF.  WEIGHT      CONFIG.
             -0.994   0.989        5_1
              0.045   0.002        1_1    9_1
              0.033   0.001        1_1    5_2    9_1

         > STATE 00006:   6_1

             E(VCI)   =    12497.25244
             E(VCI)-E0=     1381.82682

             COEFF.  WEIGHT      CONFIG.
             -0.991   0.982        6_1
             -0.082   0.007        1_2
              0.033   0.001        1_1   12_1
              0.032   0.001        3_2

         > STATE 00007:   7_1

             E(VCI)   =    12571.06854
             E(VCI)-E0=     1455.64292

             COEFF.  WEIGHT      CONFIG.
             -0.991   0.981        7_1
              0.079   0.006        2_1    3_1
              0.049   0.002        1_1   11_1
              0.032   0.001        1_1    7_2   11_1

         > STATE 00008:   1_2

             E(VCI)   =    12770.58494
             E(VCI)-E0=     1655.15932

             COEFF.  WEIGHT      CONFIG.
              0.870   0.757        1_2
              0.446   0.199        8_1
              0.089   0.008        1_2   10_1
             -0.087   0.008        6_1
             -0.064   0.004       10_1
              0.054   0.003        1_4   10_1
              0.046   0.002        1_4
              0.041   0.002        1_1    5_1    9_1
              0.039   0.001        1_1    7_1   11_1
             -0.037   0.001        1_2    6_1
              0.035   0.001        1_3    5_1    9_1
              0.034   0.001        1_3    7_1   11_1

         > STATE 00009:   8_1

             E(VCI)   =    12798.18338
             E(VCI)-E0=     1682.75776

             COEFF.  WEIGHT      CONFIG.
              0.880   0.774        8_1
             -0.439   0.193        1_2
              0.093   0.009        2_2
             -0.072   0.005        3_2
              0.049   0.002       10_1
             -0.044   0.002        1_2   10_1
             -0.037   0.001        6_1    8_1

         > STATE 00010:   1_1    2_1

             E(VCI)   =    12911.37838
             E(VCI)-E0=     1795.95276

             COEFF.  WEIGHT      CONFIG.
             -0.988   0.977        1_1    2_1
             -0.092   0.008        1_1    2_1   10_1
              0.049   0.002        1_1    3_1    9_1
              0.044   0.002        1_1    4_1   12_1
             -0.043   0.002        1_3    2_1   10_1
              0.035   0.001        2_1    5_1    9_1
              0.033   0.001        1_1    2_3   10_1
              0.032   0.001        2_1    7_1   11_1

         > STATE 00011:   1_1    3_1

             E(VCI)   =    12949.78105
             E(VCI)-E0=     1834.35543

             COEFF.  WEIGHT      CONFIG.
              0.988   0.976        1_1    3_1
              0.095   0.009        1_1    3_1   10_1
             -0.051   0.003        1_1    2_1    9_1
              0.044   0.002        1_1    4_1   11_1
              0.042   0.002        1_3    3_1   10_1
             -0.035   0.001        3_1    5_1    9_1
             -0.035   0.001        1_1    3_3   10_1
             -0.033   0.001        3_1    7_1   11_1

         > STATE 00012:   2_2

             E(VCI)   =    12959.33199
             E(VCI)-E0=     1843.90637

             COEFF.  WEIGHT      CONFIG.
              0.976   0.953        2_2
             -0.096   0.009        8_1
              0.081   0.006        2_2   10_1
             -0.068   0.005        2_1    3_1    9_1
              0.067   0.005       10_1
             -0.061   0.004        2_1    4_1   12_1
              0.053   0.003        2_3    3_1    9_1
              0.049   0.002        2_3    4_1   12_1
             -0.046   0.002        2_4   10_1
             -0.039   0.001        2_4

         > STATE 00013:   2_1    3_1

             E(VCI)   =    13018.17803
             E(VCI)-E0=     1902.75241

             COEFF.  WEIGHT      CONFIG.
              0.965   0.930        2_1    3_1
             -0.144   0.021        9_1
              0.099   0.010        1_1    5_1
              0.081   0.007        2_1    3_1   10_1
              0.077   0.006        7_1
             -0.073   0.005        2_2    9_1
              0.071   0.005        3_2    9_1
              0.060   0.004        2_2    3_2    9_1
              0.041   0.002        2_1    4_1   11_1
             -0.041   0.002        3_1    4_1   12_1
             -0.033   0.001        2_2    7_1
             -0.033   0.001        2_1    3_3   10_1
              0.032   0.001        3_2    7_1

         > STATE 00014:   3_2

             E(VCI)   =    13027.24735
             E(VCI)-E0=     1911.82173

             COEFF.  WEIGHT      CONFIG.
              0.975   0.951        3_2
              0.087   0.008        3_2   10_1
             -0.077   0.006       10_1
              0.076   0.006        8_1
              0.068   0.005        2_1    3_1    9_1
             -0.062   0.004        3_1    4_1   11_1
             -0.053   0.003        2_1    3_3    9_1
              0.050   0.002        3_4   10_1
              0.049   0.002        3_3    4_1   11_1
              0.041   0.002        3_4
              0.033   0.001        3_2    6_1
              0.032   0.001        2_1    3_1    7_1

         > STATE 00015:   1_1    4_1

             E(VCI)   =    13034.57731
             E(VCI)-E0=     1919.15169

             COEFF.  WEIGHT      CONFIG.
              0.989   0.978        1_1    4_1
              0.085   0.007        1_1    4_1   10_1
             -0.047   0.002        1_1    2_1   12_1
              0.047   0.002        1_1    3_1   11_1
              0.043   0.002        1_3    4_1   10_1
             -0.033   0.001        4_1    5_1    9_1
             -0.033   0.001        4_1    7_1   11_1

         > STATE 00016:   2_1    4_1

             E(VCI)   =    13105.34801
             E(VCI)-E0=     1989.92239

             COEFF.  WEIGHT      CONFIG.
              0.977   0.954        2_1    4_1
             -0.130   0.017       12_1
              0.072   0.005        2_1    4_1   10_1
             -0.069   0.005        2_2   12_1
             -0.064   0.004        4_2   12_1
             -0.056   0.003        2_2    4_2   12_1
             -0.047   0.002        3_1    4_1    9_1
              0.044   0.002        1_1    6_1
              0.044   0.002        2_1    3_1   11_1

         > STATE 00017:   3_1    4_1

             E(VCI)   =    13138.31313
             E(VCI)-E0=     2022.88751

             COEFF.  WEIGHT      CONFIG.
             -0.975   0.951        3_1    4_1
             -0.136   0.018       11_1
             -0.075   0.006        3_1    4_1   10_1
              0.068   0.005        3_2   11_1
             -0.064   0.004        4_2   11_1
              0.056   0.003        3_2    4_2   11_1
              0.055   0.003        1_1    7_1
              0.047   0.002        2_1    4_1    9_1
              0.044   0.002        2_1    3_1   12_1
              0.034   0.001        3_3    4_1   10_1

         > STATE 00018:   1_1    5_1

             E(VCI)   =    13194.63650
             E(VCI)-E0=     2079.21088

             COEFF.  WEIGHT      CONFIG.
             -0.975   0.950        1_1    5_1
              0.112   0.013        2_1    3_1
              0.104   0.011        9_1
             -0.067   0.005        1_1    5_1   10_1
             -0.064   0.004        1_2    9_1
              0.048   0.002        5_2    9_1
             -0.046   0.002        1_2    5_2    9_1
             -0.041   0.002        1_3    5_1   10_1
              0.041   0.002        7_1
              0.040   0.002        1_1    5_1    6_1

         > STATE 00019:   4_2

             E(VCI)   =    13199.53061
             E(VCI)-E0=     2084.10499

             COEFF.  WEIGHT      CONFIG.
              0.984   0.968        4_2
              0.067   0.005        4_2   10_1
             -0.065   0.004        2_1    4_1   12_1
              0.064   0.004       10_1
              0.063   0.004        3_1    4_1   11_1
             -0.049   0.002        2_1    4_3   12_1
              0.049   0.002        3_1    4_3   11_1
             -0.036   0.001        4_4   10_1
              0.034   0.001        3_2

         > STATE 00020:   2_1    5_1

             E(VCI)   =    13308.99163
             E(VCI)-E0=     2193.56601

             COEFF.  WEIGHT      CONFIG.
              0.992   0.984        2_1    5_1
              0.059   0.003        2_1    5_1   10_1
             -0.048   0.002        3_1    5_1    9_1
             -0.044   0.002        4_1    5_1   12_1
             -0.042   0.002        1_1    2_1    9_1
             -0.032   0.001        2_3    5_1   10_1

         > STATE 00021:   1_1    6_1

             E(VCI)   =    13340.68286
             E(VCI)-E0=     2225.25724

             COEFF.  WEIGHT      CONFIG.
             -0.974   0.948        1_1    6_1
              0.139   0.019        1_3
              0.086   0.007       12_1
             -0.059   0.003        1_1    6_1   10_1
              0.057   0.003        2_1    4_1
             -0.048   0.002        1_2   12_1
             -0.042   0.002        1_3    6_1   10_1
              0.033   0.001        5_1    6_1    9_1
             -0.032   0.001        1_1
             -0.032   0.001        6_2   12_1

         > STATE 00022:   3_1    5_1

             E(VCI)   =    13344.02827
             E(VCI)-E0=     2228.60265

             COEFF.  WEIGHT      CONFIG.
             -0.992   0.983        3_1    5_1
             -0.062   0.004        3_1    5_1   10_1
              0.049   0.002        2_1    5_1    9_1
             -0.044   0.002        4_1    5_1   11_1
              0.042   0.002        1_1    3_1    9_1
              0.035   0.001        3_3    5_1   10_1

         > STATE 00023:   1_1    7_1

             E(VCI)   =    13411.03235
             E(VCI)-E0=     2295.60673

             COEFF.  WEIGHT      CONFIG.
             -0.972   0.945        1_1    7_1
              0.137   0.019       11_1
             -0.075   0.006        3_1    4_1
             -0.071   0.005        1_2   11_1
             -0.064   0.004        1_1    7_1   10_1
              0.061   0.004        1_1    2_1    3_1
              0.047   0.002        1_2    5_1
              0.046   0.002        7_2   11_1
             -0.044   0.002        1_2    7_2   11_1
              0.042   0.002        5_1    6_1
             -0.041   0.002        1_3    7_1   10_1
              0.033   0.001        5_1    7_1    9_1

         > STATE 00024:   4_1    5_1

             E(VCI)   =    13429.56756
             E(VCI)-E0=     2314.14194

             COEFF.  WEIGHT      CONFIG.
              0.980   0.960        4_1    5_1
              0.125   0.016        3_1    6_1
             -0.093   0.009        2_1    7_1
              0.051   0.003        4_1    5_1   10_1
             -0.048   0.002        2_1    5_1   12_1
              0.048   0.002        3_1    5_1   11_1
             -0.043   0.002        1_1    4_1    9_1

         > STATE 00025:   2_1    6_1

             E(VCI)   =    13439.05937
             E(VCI)-E0=     2323.63375

             COEFF.  WEIGHT      CONFIG.
              0.988   0.976        2_1    6_1
              0.066   0.004        1_2    2_1
             -0.056   0.003        3_1    7_1
              0.050   0.002        2_1    6_1   10_1
             -0.049   0.002        3_1    6_1    9_1
             -0.042   0.002        4_1    6_1   12_1
              0.039   0.002        2_1    6_1    8_1
             -0.035   0.001        2_1    3_2
             -0.032   0.001        2_3    6_1   10_1

         > STATE 00026:   3_1    6_1

             E(VCI)   =    13475.24321
             E(VCI)-E0=     2359.81759

             COEFF.  WEIGHT      CONFIG.
             -0.974   0.949        3_1    6_1
              0.137   0.019        4_1    5_1
              0.090   0.008        2_1    7_1
             -0.065   0.004        1_2    3_1
              0.056   0.003        3_3
             -0.052   0.003        3_1    6_1   10_1
              0.050   0.002        2_1    6_1    9_1
             -0.041   0.002        4_1    6_1   11_1
             -0.040   0.002        3_1    6_1    8_1
              0.034   0.001        3_3    6_1   10_1

         > STATE 00027:   2_1    7_1

             E(VCI)   =    13518.40807
             E(VCI)-E0=     2402.98244

             COEFF.  WEIGHT      CONFIG.
              0.975   0.951        2_1    7_1
             -0.112   0.012        2_2    3_1
              0.107   0.011        3_1    6_1
              0.083   0.007        4_1    5_1
              0.057   0.003        2_1    7_1   10_1
             -0.048   0.002        3_1    7_1    9_1
             -0.046   0.002        1_1    2_1   11_1
             -0.040   0.002        4_1    7_1   12_1
             -0.033   0.001        3_1    7_2
             -0.033   0.001        2_3    7_1   10_1

         > STATE 00028:   3_1    7_1

             E(VCI)   =    13550.47324
             E(VCI)-E0=     2435.04762

             COEFF.  WEIGHT      CONFIG.
             -0.980   0.961        3_1    7_1
             -0.114   0.013        2_1    3_2
             -0.064   0.004        2_1    6_1
             -0.060   0.004        3_1    7_1   10_1
              0.050   0.002        2_1    7_1    9_1
              0.046   0.002        1_1    3_1   11_1
             -0.042   0.002        4_1    7_1   11_1
              0.039   0.002        2_1    8_1
              0.035   0.001        2_1    7_2
              0.035   0.001        3_3    7_1   10_1

         > STATE 00029:   5_2

             E(VCI)   =    13561.74249
             E(VCI)-E0=     2446.31687

             COEFF.  WEIGHT      CONFIG.
              0.989   0.977        5_2
             -0.061   0.004        1_1    5_1    9_1
              0.055   0.003       10_1
             -0.040   0.002        1_1    5_3    9_1
             -0.038   0.001        5_2    6_1
              0.037   0.001        5_2   10_1
              0.033   0.001        5_1    7_1   12_1

         > STATE 00030:   4_1    6_1

             E(VCI)   =    13562.81727
             E(VCI)-E0=     2447.39165

             COEFF.  WEIGHT      CONFIG.
             -0.991   0.982        4_1    6_1
             -0.066   0.004        1_2    4_1
              0.046   0.002        2_1    6_1   12_1
             -0.045   0.002        3_1    6_1   11_1
             -0.042   0.002        4_1    6_1   10_1

         > STATE 00031:   1_3

             E(VCI)   =    13602.37688
             E(VCI)-E0=     2486.95126

             COEFF.  WEIGHT      CONFIG.
             -0.756   0.571        1_3
              0.589   0.346        1_1    8_1
             -0.143   0.020        1_1    6_1
             -0.109   0.012        1_3   10_1
             -0.100   0.010        1_1   10_1
             -0.064   0.004       12_1
             -0.058   0.003        1_5   10_1
             -0.054   0.003        1_5
              0.044   0.002        1_1
             -0.041   0.002        1_2    5_1    9_1
              0.041   0.002        1_1    8_1   10_1
              0.041   0.002        1_3    6_1
             -0.039   0.002        1_2    7_1   11_1
             -0.038   0.001        1_1    6_1    8_1
             -0.038   0.001        1_3   10_2
             -0.038   0.001        5_1    7_1
              0.035   0.001        1_2   12_1
              0.034   0.001        1_3    8_1
             -0.034   0.001        1_4    5_1    9_1
             -0.034   0.001        1_4    7_1   11_1

         > STATE 00032:   1_1    8_1

             E(VCI)   =    13641.78640
             E(VCI)-E0=     2526.36077

             COEFF.  WEIGHT      CONFIG.
             -0.770   0.593        1_1    8_1
             -0.575   0.331        1_3
              0.122   0.015       12_1
              0.090   0.008        5_1    7_1
             -0.090   0.008        1_1   10_1
             -0.083   0.007        1_3   10_1
             -0.065   0.004        1_1    2_2
              0.052   0.003        1_1    3_2
              0.050   0.002        1_1    6_1    8_1
             -0.049   0.002        1_1    6_1
             -0.049   0.002        1_1    8_1   10_1
             -0.044   0.002        1_5   10_1
             -0.041   0.002        1_5
             -0.040   0.002        1_2   12_1
              0.039   0.002        1_3    6_1
              0.033   0.001        2_1    4_1

         > STATE 00033:   4_1    7_1

             E(VCI)   =    13645.69254
             E(VCI)-E0=     2530.26691

             COEFF.  WEIGHT      CONFIG.
              0.991   0.981        4_1    7_1
             -0.070   0.005        2_1    3_1    4_1
              0.049   0.002        4_1    7_1   10_1
             -0.047   0.002        1_1    4_1   11_1
             -0.046   0.002        2_1    7_1   12_1
              0.046   0.002        3_1    7_1   11_1

         > STATE 00034:   2_1    8_1

             E(VCI)   =    13725.28410
             E(VCI)-E0=     2609.85847

             COEFF.  WEIGHT      CONFIG.
             -0.946   0.895        2_1    8_1
             -0.239   0.057        1_2    2_1
              0.149   0.022        2_3
             -0.056   0.003        2_1    8_1   10_1
              0.051   0.003        2_1    3_2
             -0.050   0.002        3_1    7_1
              0.046   0.002        3_1    8_1    9_1
              0.041   0.002        4_1    8_1   12_1
             -0.035   0.001        1_2    2_1   10_1
              0.034   0.001        2_1    6_1    8_1
              0.034   0.001        1_1    2_1   12_1
              0.033   0.001        2_3    8_1   10_1
              0.032   0.001        2_1    6_1

         > STATE 00035:   5_1    6_1

             E(VCI)   =    13738.03850
             E(VCI)-E0=     2622.61288

             COEFF.  WEIGHT      CONFIG.
             -0.986   0.972        5_1    6_1
             -0.080   0.006       11_1
             -0.068   0.005        1_2    5_1
             -0.061   0.004        1_1    7_1
              0.042   0.002        1_1    6_1    9_1

         > STATE 00036:   3_1    8_1

             E(VCI)   =    13763.23612
             E(VCI)-E0=     2647.81050

             COEFF.  WEIGHT      CONFIG.
             -0.953   0.909        3_1    8_1
             -0.222   0.049        1_2    3_1
              0.123   0.015        3_3
             -0.064   0.004        2_2    3_1
             -0.059   0.003        3_1    8_1   10_1
              0.048   0.002        2_1    8_1    9_1
              0.046   0.002        3_1    6_1
             -0.041   0.002        4_1    8_1   11_1
             -0.038   0.001        2_1    7_1
              0.035   0.001        3_3    8_1   10_1
              0.034   0.001        1_1    3_1   12_1
             -0.033   0.001        1_2    3_1   10_1

         > STATE 00037:   1_2    2_1

             E(VCI)   =    13767.91351
             E(VCI)-E0=     2652.48788

             COEFF.  WEIGHT      CONFIG.
             -0.944   0.891        1_2    2_1
              0.225   0.051        2_1    8_1
             -0.133   0.018        1_2    2_1   10_1
             -0.103   0.011        2_3
              0.096   0.009        2_1   10_1
              0.059   0.003        2_1    6_1
             -0.056   0.003        1_4    2_1   10_1
              0.047   0.002        1_2    3_1    9_1
              0.042   0.002        1_2    4_1   12_1
             -0.039   0.001        1_2    2_1   10_2
              0.033   0.001        1_2    2_1    6_1
              0.033   0.001        1_2    2_3   10_1

         > STATE 00038:   1_2    3_1

             E(VCI)   =    13809.38151
             E(VCI)-E0=     2693.95589

             COEFF.  WEIGHT      CONFIG.
              0.949   0.901        1_2    3_1
             -0.214   0.046        3_1    8_1
              0.137   0.019        1_2    3_1   10_1
             -0.095   0.009        3_1   10_1
              0.069   0.005        3_3
              0.056   0.003        1_4    3_1   10_1
             -0.054   0.003        3_1    6_1
             -0.049   0.002        1_2    2_1    9_1
              0.043   0.002        1_2    4_1   11_1
              0.040   0.002        1_2    3_1   10_2
             -0.037   0.001        2_2    3_1
             -0.033   0.001        1_2    3_3   10_1

         > STATE 00039:   5_1    7_1

             E(VCI)   =    13813.68754
             E(VCI)-E0=     2698.26191

             COEFF.  WEIGHT      CONFIG.
              0.972   0.946        5_1    7_1
              0.137   0.019       12_1
              0.118   0.014        1_1    8_1
             -0.066   0.004        2_1    3_1    5_1
              0.044   0.002        1_1    5_2
              0.043   0.002        1_1    6_1
             -0.042   0.002        1_1    5_1   11_1
              0.040   0.002        5_2   12_1
             -0.039   0.002        1_1    7_1    9_1
              0.035   0.001        7_2   12_1
              0.033   0.001        5_1    7_1   10_1

         > STATE 00040:   6_2

             E(VCI)   =    13841.77577
             E(VCI)-E0=     2726.35015

             COEFF.  WEIGHT      CONFIG.
             -0.986   0.971        6_2
              0.089   0.008        1_2    6_1
             -0.053   0.003        6_2    8_1
              0.046   0.002       10_1
             -0.045   0.002        1_1    6_1   12_1
             -0.039   0.002        3_2    6_1

         > STATE 00041:   4_1    8_1

             E(VCI)   =    13854.73325
             E(VCI)-E0=     2739.30763

             COEFF.  WEIGHT      CONFIG.
              0.938   0.880        4_1    8_1
              0.306   0.093        1_2    4_1
              0.067   0.005        2_2    4_1
             -0.056   0.003        3_2    4_1
             -0.048   0.002        4_1    6_1    8_1
              0.047   0.002        4_1    8_1   10_1
             -0.044   0.002        2_1    8_1   12_1
              0.043   0.002        3_1    8_1   11_1
              0.042   0.002        1_2    4_1   10_1
             -0.035   0.001        1_1    4_1   12_1
             -0.034   0.001        4_1    6_1
             -0.032   0.001        4_1    6_2

         > STATE 00042:   1_1    2_2

             E(VCI)   =    13858.83226
             E(VCI)-E0=     2743.40664

             COEFF.  WEIGHT      CONFIG.
              0.965   0.932        1_1    2_2
              0.177   0.031        1_1    3_2
              0.128   0.016        1_1    2_2   10_1
              0.056   0.003        1_1   10_1
             -0.052   0.003        1_1    8_1
             -0.045   0.002        1_1    2_4   10_1
              0.039   0.002        1_3    2_2   10_1
              0.035   0.001        1_1    2_2   10_2
             -0.034   0.001        2_2    5_1    9_1
             -0.033   0.001        1_1    4_2
             -0.032   0.001        1_3

         > STATE 00043:   2_3

             E(VCI)   =    13887.57786
             E(VCI)-E0=     2772.15224

             COEFF.  WEIGHT      CONFIG.
             -0.951   0.904        2_3
             -0.176   0.031        2_1    8_1
             -0.111   0.012        2_3   10_1
              0.111   0.012        2_1   10_1
             -0.075   0.006        2_2    3_1    9_1
              0.075   0.006        1_2    2_1
             -0.070   0.005        2_2    4_1   12_1
              0.058   0.003        2_4    3_1    9_1
             -0.057   0.003        2_5   10_1
              0.053   0.003        2_4    4_1   12_1
             -0.050   0.003        2_5
             -0.039   0.001        2_3   10_2
             -0.037   0.001        2_1
             -0.033   0.001        2_2    3_1    7_1

         > STATE 00044:   1_2    4_1

             E(VCI)   =    13891.52860
             E(VCI)-E0=     2776.10297

             COEFF.  WEIGHT      CONFIG.
              0.928   0.861        1_2    4_1
             -0.306   0.094        4_1    8_1
              0.124   0.015        1_2    4_1   10_1
             -0.087   0.008        4_1   10_1
             -0.059   0.003        4_1    6_1
              0.055   0.003        1_4    4_1   10_1
             -0.047   0.002        1_2    4_1    6_1
             -0.045   0.002        1_2    2_1   12_1
              0.044   0.002        1_2    3_1   11_1
             -0.042   0.002        2_2    4_1
              0.035   0.001        1_2    4_1   10_2

         > STATE 00045:   1_1    3_2

             E(VCI)   =    13938.12119
             E(VCI)-E0=     2822.69556

             COEFF.  WEIGHT      CONFIG.
              0.961   0.924        1_1    3_2
             -0.163   0.027        1_1    2_2
              0.133   0.018        1_1    3_2   10_1
             -0.095   0.009        1_1   10_1
              0.061   0.004        1_1    8_1
              0.057   0.003        1_1    4_2
              0.047   0.002        1_1    3_4   10_1
              0.038   0.001        1_3    3_2   10_1
              0.038   0.001        1_1    3_2   10_2
              0.035   0.001        1_3
             -0.034   0.001        3_2    5_1    9_1
             -0.032   0.001        3_2    7_1   11_1

         > STATE 00046:   2_2    3_1

             E(VCI)   =    13946.06721
             E(VCI)-E0=     2830.64159

             COEFF.  WEIGHT      CONFIG.
             -0.939   0.882        2_2    3_1
              0.191   0.036        2_1    9_1
             -0.114   0.013        2_1    7_1
             -0.112   0.013        2_2    3_1   10_1
             -0.090   0.008        2_1    3_2    9_1
             -0.089   0.008        1_1    2_1    5_1
             -0.087   0.008        2_3    9_1
              0.078   0.006        3_1    8_1
              0.067   0.004        2_3    3_2    9_1
             -0.057   0.003        3_1   10_1
              0.045   0.002        3_1    4_2
              0.041   0.002        2_4    3_1   10_1
             -0.039   0.002        2_1    3_2    7_1
             -0.039   0.002        2_2    4_1   11_1
             -0.038   0.001        2_2    3_1    9_2
             -0.037   0.001        2_3    7_1
             -0.034   0.001        2_2    3_1    8_1

         > STATE 00047:   6_1    7_1

             E(VCI)   =    13949.43502
             E(VCI)-E0=     2834.00940

             COEFF.  WEIGHT      CONFIG.
              0.973   0.947        6_1    7_1
              0.160   0.026        9_1
              0.072   0.005        1_2    7_1
             -0.069   0.005        2_1    3_1    6_1
             -0.045   0.002        1_1    6_1   11_1
              0.044   0.002        1_1    5_1
              0.040   0.002        6_1    7_1    8_1
              0.037   0.001        7_1    8_1
              0.032   0.001        2_1    3_1

         > STATE 00048:   1_1    2_1    3_1

             E(VCI)   =    13959.51357
             E(VCI)-E0=     2844.08795

             COEFF.  WEIGHT      CONFIG.
             -0.907   0.822        1_1    2_1    3_1
              0.341   0.117        1_2    5_1
              0.189   0.036        1_1    9_1
              0.065   0.004        1_1    2_2    9_1
             -0.063   0.004        1_1    3_2    9_1
              0.056   0.003        5_1    8_1
             -0.038   0.001        5_1    6_1
              0.038   0.001        1_2    5_1   10_1
             -0.037   0.001        1_1    7_1

         > STATE 00049:   2_1    3_2

             E(VCI)   =    13979.09738
             E(VCI)-E0=     2863.67176

             COEFF.  WEIGHT      CONFIG.
              0.938   0.880        2_1    3_2
              0.190   0.036        3_1    9_1
             -0.117   0.014        3_1    7_1
              0.115   0.013        2_1    3_2   10_1
              0.092   0.009        2_2    3_1    9_1
             -0.087   0.007        1_1    3_1    5_1
             -0.085   0.007        3_3    9_1
             -0.069   0.005        2_1   10_1
             -0.067   0.004        2_2    3_3    9_1
              0.065   0.004        2_1    8_1
              0.053   0.003        2_1    4_2
              0.044   0.002        2_1    3_4   10_1
              0.041   0.002        2_2    3_1    7_1
             -0.039   0.001        3_2    4_1   12_1
              0.038   0.001        2_1    3_2    9_2
             -0.036   0.001        3_3    7_1
              0.035   0.001        2_1    3_2    8_1
              0.034   0.001        2_1    3_2    6_1
              0.032   0.001        2_1    3_2   10_2

         > STATE 00050:   3_3

             E(VCI)   =    13985.64660
             E(VCI)-E0=     2870.22098

             COEFF.  WEIGHT      CONFIG.
              0.949   0.901        3_3
              0.145   0.021        3_1    8_1
             -0.132   0.017        3_1   10_1
              0.121   0.015        3_3   10_1
             -0.077   0.006        2_1    3_2    9_1
              0.072   0.005        3_2    4_1   11_1
             -0.062   0.004        3_5   10_1
              0.059   0.003        3_1    6_1
             -0.058   0.003        2_1    3_4    9_1
             -0.054   0.003        3_5
              0.053   0.003        3_4    4_1   11_1
             -0.050   0.003        1_2    3_1
              0.045   0.002        3_3    6_1
              0.043   0.002        3_3   10_2
              0.040   0.002        3_1
              0.036   0.001        3_3    8_1
             -0.035   0.001        2_1    3_2    7_1

         > STATE 00051:   7_2

             E(VCI)   =    13989.75117
             E(VCI)-E0=     2874.32555

             COEFF.  WEIGHT      CONFIG.
              0.977   0.954        7_2
              0.129   0.017       10_1
             -0.089   0.008        2_1    3_1    7_1
             -0.065   0.004        1_1    7_1   11_1
             -0.039   0.002        1_1    7_3   11_1
              0.037   0.001        5_1    7_1   12_1
              0.037   0.001        1_1    5_1    7_1
              0.033   0.001        7_2   10_1

         > STATE 00052:   5_1    8_1

             E(VCI)   =    14016.69471
             E(VCI)-E0=     2901.26909

             COEFF.  WEIGHT      CONFIG.
             -0.900   0.809        5_1    8_1
             -0.293   0.086        1_2    5_1
             -0.198   0.039       11_1
             -0.175   0.031        1_1    2_1    3_1
             -0.079   0.006        1_1    7_1
              0.064   0.004        5_1    6_1
              0.055   0.003        5_1    6_1    8_1
             -0.053   0.003        2_2    5_1
              0.048   0.002        3_2    5_1
              0.037   0.001        1_1    8_1    9_1
             -0.034   0.001        1_2    5_1   10_1

         > STATE 00053:   2_2    4_1

             E(VCI)   =    14025.94061
             E(VCI)-E0=     2910.51499

             COEFF.  WEIGHT      CONFIG.
              0.933   0.871        2_2    4_1
              0.219   0.048        3_2    4_1
             -0.173   0.030        2_1   12_1
              0.103   0.011        2_2    4_1   10_1
             -0.083   0.007        2_1    4_2   12_1
              0.081   0.007        2_3   12_1
             -0.063   0.004        4_1    8_1
              0.062   0.004        2_3    4_2   12_1
              0.048   0.002        4_1   10_1
             -0.046   0.002        3_1   11_1
              0.043   0.002        1_1    2_1    6_1
             -0.042   0.002        2_4    4_1   10_1
              0.040   0.002        2_2    3_1   11_1
              0.033   0.001        2_2    4_1   12_2

         > STATE 00054:   1_1    2_1    4_1

             E(VCI)   =    14039.23325
             E(VCI)-E0=     2923.80763

             COEFF.  WEIGHT      CONFIG.
              0.977   0.955        1_1    2_1    4_1
             -0.148   0.022        1_1   12_1
             -0.095   0.009        1_2    6_1
             -0.066   0.004        1_1    2_2   12_1
             -0.061   0.004        1_1    4_2   12_1
             -0.037   0.001        1_2    8_1

         > STATE 00055:   1_2    5_1

             E(VCI)   =    14039.83850
             E(VCI)-E0=     2924.41287

             COEFF.  WEIGHT      CONFIG.
             -0.846   0.716        1_2    5_1
             -0.329   0.109        1_1    2_1    3_1
              0.327   0.107        5_1    8_1
              0.123   0.015       11_1
             -0.098   0.010        1_2    5_1   10_1
             -0.098   0.010        1_1    9_1
              0.072   0.005        5_1   10_1
             -0.068   0.005        1_3    9_1
             -0.057   0.003        1_1    5_2    9_1
              0.051   0.003        1_2    5_1    6_1
             -0.050   0.002        1_4    5_1   10_1
             -0.047   0.002        1_3    5_2    9_1
              0.041   0.002        5_1    6_1
             -0.034   0.001        1_1    7_1
             -0.033   0.001        1_4    5_1

         > STATE 00056:   1_1    3_1    4_1

             E(VCI)   =    14077.14347
             E(VCI)-E0=     2961.71785

             COEFF.  WEIGHT      CONFIG.
             -0.971   0.943        1_1    3_1    4_1
             -0.161   0.026        1_1   11_1
             -0.128   0.016        1_2    7_1
              0.064   0.004        1_1    3_2   11_1
             -0.061   0.004        1_1    4_2   11_1
              0.051   0.003        9_1

         > STATE 00057:   3_2    4_1

             E(VCI)   =    14096.79632
             E(VCI)-E0=     2981.37070

             COEFF.  WEIGHT      CONFIG.
             -0.926   0.857        3_2    4_1
              0.208   0.043        2_2    4_1
              0.177   0.031        3_1   11_1
             -0.108   0.012        3_2    4_1   10_1
              0.095   0.009        4_1   10_1
              0.086   0.007        3_1    4_2   11_1
             -0.083   0.007        4_1    8_1
             -0.080   0.006        3_3   11_1
             -0.062   0.004        3_3    4_2   11_1
             -0.054   0.003        1_1    3_1    7_1
              0.054   0.003        4_3
             -0.045   0.002        3_4    4_1   10_1
              0.039   0.002        2_1    3_2   12_1
             -0.034   0.001        2_1   12_1
              0.034   0.001        3_2    4_1   11_2
              0.034   0.001        2_2    3_2    4_1

         > STATE 00058:   1_1    4_2

             E(VCI)   =    14097.05041
             E(VCI)-E0=     2981.62479

             COEFF.  WEIGHT      CONFIG.
             -0.981   0.963        1_1    4_2
             -0.116   0.014        1_1    4_2   10_1
             -0.087   0.007        1_1   10_1
              0.041   0.002        1_1    3_2
             -0.040   0.002        1_3    4_2   10_1
              0.040   0.002        1_1    4_2    6_1
              0.036   0.001        1_1    4_4   10_1
             -0.034   0.001        1_1    2_2
              0.034   0.001        4_2    5_1    9_1
              0.033   0.001        4_2    7_1   11_1

         > STATE 00059:   2_1    3_1    4_1

             E(VCI)   =    14126.48626
             E(VCI)-E0=     3011.06064

             COEFF.  WEIGHT      CONFIG.
             -0.953   0.908        2_1    3_1    4_1
              0.136   0.019        4_1    9_1
             -0.128   0.016        2_1   11_1
              0.121   0.015        3_1   12_1
             -0.084   0.007        1_1    4_1    5_1
             -0.067   0.005        4_1    7_1
              0.065   0.004        2_2    4_1    9_1
             -0.063   0.004        3_2    4_1    9_1
              0.060   0.004        2_2    3_1   12_1
              0.059   0.004        2_1    3_2   11_1
             -0.057   0.003        2_1    4_2   11_1
              0.057   0.003        3_1    4_2   12_1
              0.049   0.002        1_1    2_1    7_1
             -0.038   0.001        1_1    3_1    6_1

         > STATE 00060:   2_1    4_2

             E(VCI)   =    14142.33416
             E(VCI)-E0=     3026.90853

             COEFF.  WEIGHT      CONFIG.
              0.960   0.921        2_1    4_2
             -0.175   0.031        4_1   12_1
              0.099   0.010        2_1    4_2   10_1
             -0.089   0.008        2_2    4_1   12_1
             -0.077   0.006        4_3   12_1
              0.067   0.004        2_1   10_1
             -0.064   0.004        2_2    4_3   12_1
             -0.048   0.002        2_1    3_2
             -0.044   0.002        3_1    4_2    9_1
              0.044   0.002        1_1    4_1    6_1
             -0.034   0.001        2_1    4_4   10_1
              0.034   0.001        2_1    4_2   12_2

         > STATE 00061:   9_1

             E(VCI)   =    14154.29924
             E(VCI)-E0=     3038.87361

             COEFF.  WEIGHT      CONFIG.
              0.868   0.754        9_1
              0.392   0.154        7_1    8_1
             -0.167   0.028        6_1    7_1
              0.121   0.015        2_1    3_1
              0.110   0.012        1_1    5_1
             -0.101   0.010       11_1   12_1
             -0.094   0.009        9_1   10_1
             -0.048   0.002        9_2   11_1   12_1
              0.047   0.002        1_1    3_1    4_1
             -0.038   0.001        2_1    3_1    9_2
             -0.038   0.001        9_3   10_1

         > STATE 00062:   6_1    8_1

             E(VCI)   =    14161.06711
             E(VCI)-E0=     3045.64149

             COEFF.  WEIGHT      CONFIG.
              0.915   0.838        6_1    8_1
              0.302   0.091        1_2    6_1
              0.162   0.026       10_1
              0.065   0.004        1_2    8_1
              0.056   0.003        2_2    6_1
              0.055   0.003        6_2    8_1
              0.055   0.003        6_2
              0.051   0.003        6_3
              0.048   0.002        1_1    2_1    4_1
             -0.046   0.002        3_2    6_1
             -0.044   0.002        1_4
              0.042   0.002        8_1
              0.040   0.002        1_1   12_1
             -0.037   0.001        6_1    8_2
             -0.036   0.001        7_2
              0.036   0.001        1_2    6_1   10_1
             -0.033   0.001        8_3
             -0.033   0.001        1_1    6_1   12_1
              0.033   0.001        1_2

         > STATE 00063:   3_1    4_2

             E(VCI)   =    14173.78565
             E(VCI)-E0=     3058.36002

             COEFF.  WEIGHT      CONFIG.
             -0.957   0.916        3_1    4_2
             -0.182   0.033        4_1   11_1
             -0.102   0.010        3_1    4_2   10_1
              0.086   0.007        3_2    4_1   11_1
             -0.078   0.006        4_3   11_1
              0.064   0.004        3_2    4_3   11_1
             -0.062   0.004        3_1   10_1
              0.056   0.003        1_1    4_1    7_1
             -0.049   0.002        3_3
              0.045   0.002        2_1    4_2    9_1
             -0.041   0.002        2_2    3_1
              0.034   0.001        3_1    4_4   10_1
              0.034   0.001        3_1    4_2   11_2

         > STATE 00064:   1_2    6_1

             E(VCI)   =    14194.30342
             E(VCI)-E0=     3078.87780

             COEFF.  WEIGHT      CONFIG.
              0.872   0.760        1_2    6_1
             -0.300   0.090       10_1
             -0.254   0.064        6_1    8_1
             -0.121   0.015        1_4
              0.109   0.012        1_1    2_1    4_1
              0.100   0.010        1_1   12_1
              0.092   0.008        1_2    6_1   10_1
             -0.074   0.006        6_1   10_1
              0.063   0.004        6_2
              0.055   0.003        1_2    6_2
              0.052   0.003        1_4    6_1   10_1
              0.052   0.003        1_3   12_1
              0.046   0.002        8_2
              0.042   0.002        7_2
             -0.038   0.001        1_1    6_2   12_1
              0.035   0.001        1_4    6_1
             -0.033   0.001        1_3    6_2   12_1

         > STATE 00065:   1_1    2_1    5_1

             E(VCI)   =    14208.86211
             E(VCI)-E0=     3093.43649

             COEFF.  WEIGHT      CONFIG.
              0.983   0.967        1_1    2_1    5_1
             -0.106   0.011        2_1    9_1
             -0.106   0.011        2_2    3_1
              0.060   0.004        1_2    2_1    9_1
             -0.048   0.002        2_1    5_2    9_1
             -0.036   0.001        2_1    7_1

         > STATE 00066:  10_1

             E(VCI)   =    14211.60143
             E(VCI)-E0=     3096.17581

             COEFF.  WEIGHT      CONFIG.
             -0.889   0.791       10_1
              0.254   0.065        6_1    8_1
             -0.232   0.054        1_2    6_1
              0.129   0.017        8_2
              0.115   0.013        7_2
             -0.082   0.007        1_2
              0.075   0.006        9_2
             -0.075   0.006       11_2
              0.073   0.005       12_2
             -0.065   0.004        3_2
             -0.059   0.003        6_2
              0.058   0.003        4_2
              0.058   0.003        2_2
              0.048   0.002        5_2
             -0.038   0.001        2_1    3_1    7_1
              0.037   0.001        1_4

         > STATE 00067:   4_3

             E(VCI)   =    14231.63688
             E(VCI)-E0=     3116.21126

             COEFF.  WEIGHT      CONFIG.
             -0.971   0.943        4_3
             -0.110   0.012        4_1   10_1
             -0.095   0.009        4_3   10_1
              0.073   0.005        2_1    4_2   12_1
             -0.070   0.005        3_1    4_2   11_1
             -0.066   0.004        3_2    4_1
             -0.055   0.003        2_1    4_4   12_1
              0.054   0.003        3_1    4_4   11_1
              0.046   0.002        4_5   10_1
              0.037   0.001        2_2    4_1
              0.037   0.001        4_5
             -0.033   0.001        4_3   10_2

         > STATE 00068:   1_2    7_1

             E(VCI)   =    14243.63911
             E(VCI)-E0=     3128.21349

             COEFF.  WEIGHT      CONFIG.
              0.836   0.699        1_2    7_1
              0.418   0.175        7_1    8_1
             -0.176   0.031        9_1
              0.157   0.025        1_1   11_1
             -0.150   0.023        1_1    3_1    4_1
              0.095   0.009        1_2    7_1   10_1
              0.075   0.006        1_3   11_1
             -0.060   0.004        7_1   10_1
             -0.055   0.003        6_1    7_1
              0.053   0.003        1_1    7_2   11_1
             -0.049   0.002        1_2    2_1    3_1
              0.048   0.002        1_4    7_1   10_1
             -0.046   0.002        1_3    5_1
              0.045   0.002        1_3    7_2   11_1
              0.033   0.001        1_1    5_1    8_1
             -0.033   0.001        2_1    3_1    8_1

         > STATE 00069:   1_1    3_1    5_1

             E(VCI)   =    14249.13268
             E(VCI)-E0=     3133.70706

             COEFF.  WEIGHT      CONFIG.
              0.983   0.967        1_1    3_1    5_1
             -0.107   0.011        3_1    9_1
              0.103   0.011        2_1    3_2
              0.059   0.004        1_2    3_1    9_1
             -0.049   0.002        3_1    5_2    9_1
             -0.035   0.001        3_1    7_1

         > STATE 00070:   2_2    5_1

             E(VCI)   =    14254.22788
             E(VCI)-E0=     3138.80226

             COEFF.  WEIGHT      CONFIG.
             -0.934   0.872        2_2    5_1
              0.261   0.068       11_1
             -0.177   0.031        3_2    5_1
             -0.093   0.009        2_2    5_1   10_1
             -0.054   0.003        5_1   10_1
              0.043   0.002        2_4    5_1   10_1
              0.040   0.002        1_1    2_2    9_1
              0.039   0.002        1_1    7_1
              0.033   0.001        4_2    5_1
             -0.033   0.001        9_1   12_1

         > STATE 00071:  11_1

             E(VCI)   =    14268.71874
             E(VCI)-E0=     3153.29311

             COEFF.  WEIGHT      CONFIG.
              0.888   0.788       11_1
              0.251   0.063        2_2    5_1
             -0.242   0.059        5_1    8_1
              0.128   0.016        1_1    7_1
             -0.115   0.013        3_1    4_1
             -0.112   0.013        9_1   12_1
              0.108   0.012        3_2    5_1
             -0.103   0.011       10_1   11_1
             -0.080   0.006        5_1    6_1
              0.049   0.002        9_1   11_2   12_1
              0.041   0.002       10_1   11_3
             -0.035   0.001        3_1    4_1   11_2
              0.035   0.001        1_2    5_1

         > STATE 00072:   7_1    8_1

             E(VCI)   =    14275.41955
             E(VCI)-E0=     3159.99393

             COEFF.  WEIGHT      CONFIG.
             -0.800   0.641        7_1    8_1
              0.436   0.190        1_2    7_1
              0.338   0.115        9_1
              0.073   0.005        1_1   11_1
             -0.073   0.005        2_2    7_1
              0.064   0.004        2_1    3_1    8_1
             -0.059   0.003        6_1    7_1
             -0.058   0.003        1_1    3_1    4_1
              0.057   0.003        3_2    7_1
             -0.050   0.002        7_1   10_1
              0.048   0.002        1_2    7_1   10_1
             -0.044   0.002       11_1   12_1
              0.041   0.002        1_1    5_1
              0.040   0.002        1_1    8_1   11_1
             -0.039   0.002        9_1   10_1
              0.039   0.002        1_3   11_1
              0.034   0.001        1_1    7_1   12_1
              0.033   0.001        2_1    3_1

         > STATE 00073:  12_1

             E(VCI)   =    14286.83927
             E(VCI)-E0=     3171.41365

             COEFF.  WEIGHT      CONFIG.
             -0.944   0.892       12_1
              0.154   0.024        5_1    7_1
             -0.127   0.016        1_1    8_1
              0.121   0.015        9_1   11_1
             -0.117   0.014        2_1    4_1
              0.108   0.012       10_1   12_1
             -0.084   0.007        1_1    6_1
              0.052   0.003        9_1   11_1   12_2
             -0.043   0.002       10_1   12_3
              0.039   0.002        1_1    5_2
              0.038   0.001        2_1    4_1   12_2
             -0.035   0.001        2_1    3_1    5_1

         > STATE 00074:   2_1    3_1    5_1

             E(VCI)   =    14322.21810
             E(VCI)-E0=     3206.79248

             COEFF.  WEIGHT      CONFIG.
             -0.931   0.867        2_1    3_1    5_1
             -0.287   0.082        1_1    5_2
              0.179   0.032        5_1    9_1
              0.065   0.004        2_2    5_1    9_1
             -0.064   0.004        3_2    5_1    9_1
             -0.051   0.003        5_1    7_1
              0.032   0.001        2_2    5_1    7_1

         > STATE 00075:   1_1    4_1    5_1

             E(VCI)   =    14322.73508
             E(VCI)-E0=     3207.30945

             COEFF.  WEIGHT      CONFIG.
              0.984   0.968        1_1    4_1    5_1
             -0.114   0.013        4_1    9_1
             -0.092   0.008        2_1    3_1    4_1
              0.060   0.004        1_2    4_1    9_1
             -0.047   0.002        4_1    5_2    9_1
             -0.034   0.001        4_1    7_1

         > STATE 00076:   3_2    5_1

             E(VCI)   =    14328.95613
             E(VCI)-E0=     3213.53051

             COEFF.  WEIGHT      CONFIG.
             -0.960   0.921        3_2    5_1
              0.187   0.035        2_2    5_1
             -0.102   0.010        3_2    5_1   10_1
              0.101   0.010        5_1   10_1
             -0.072   0.005        5_1    8_1
             -0.057   0.003        4_2    5_1
             -0.048   0.002        3_4    5_1   10_1
              0.041   0.002        1_1    3_2    9_1
              0.038   0.001       11_1
             -0.032   0.001        5_1    6_1

         > STATE 00077:   1_1    2_1    6_1

             E(VCI)   =    14339.83169
             E(VCI)-E0=     3224.40607

             COEFF.  WEIGHT      CONFIG.
             -0.985   0.970        1_1    2_1    6_1
              0.106   0.011        1_3    2_1
              0.083   0.007        2_1   12_1
              0.060   0.004        2_2    4_1
             -0.043   0.002        1_2    2_1   12_1
             -0.032   0.001        2_1    6_2   12_1

         > STATE 00078:   1_1    3_1    6_1

             E(VCI)   =    14380.99140
             E(VCI)-E0=     3265.56578

             COEFF.  WEIGHT      CONFIG.
             -0.984   0.969        1_1    3_1    6_1
              0.108   0.012        1_3    3_1
              0.091   0.008        3_1   12_1
              0.050   0.002        1_1    3_3
              0.049   0.002        2_1    3_1    4_1
             -0.044   0.002        1_2    3_1   12_1

         > STATE 00079:   2_2    6_1

             E(VCI)   =    14381.99683
             E(VCI)-E0=     3266.57121

             COEFF.  WEIGHT      CONFIG.
              0.964   0.929        2_2    6_1
              0.196   0.039        3_2    6_1
              0.088   0.008        2_2    6_1   10_1
              0.060   0.004        1_2    2_2
              0.056   0.003        6_1   10_1
             -0.053   0.003        6_1    8_1
              0.049   0.002        2_2    6_1    8_1
             -0.045   0.002        2_4    6_1   10_1
             -0.035   0.001        4_2    6_1

         > STATE 00080:   2_1    4_1    5_1

             E(VCI)   =    14403.54868
             E(VCI)-E0=     3288.12305

             COEFF.  WEIGHT      CONFIG.
             -0.977   0.955        2_1    4_1    5_1
              0.135   0.018        5_1   12_1
              0.101   0.010        2_2    7_1
              0.067   0.005        2_2    5_1   12_1
              0.061   0.004        4_2    5_1   12_1
             -0.054   0.003        1_1    5_1    6_1
             -0.038   0.001        2_1    3_1    6_1

         > STATE 00081:   1_1    5_2

             E(VCI)   =    14412.12388
             E(VCI)-E0=     3296.69826

             COEFF.  WEIGHT      CONFIG.
              0.923   0.852        1_1    5_2
             -0.308   0.095        2_1    3_1    5_1
             -0.109   0.012        5_1    9_1
              0.081   0.007        1_2    5_1    9_1
              0.078   0.006        1_1    5_2   10_1
             -0.073   0.005        5_1    7_1
             -0.056   0.003        5_3    9_1
             -0.053   0.003        1_1    5_2    6_1
              0.051   0.003        1_2    5_3    9_1
              0.050   0.002        1_1   10_1
              0.037   0.001        1_3    5_2   10_1
              0.036   0.001       12_1
             -0.033   0.001        1_2    5_1    7_1

         > STATE 00082:   1_1    2_1    7_1

             E(VCI)   =    14416.30229
             E(VCI)-E0=     3300.87666

             COEFF.  WEIGHT      CONFIG.
              0.976   0.953        1_1    2_1    7_1
             -0.148   0.022        2_1   11_1
             -0.087   0.007        1_1    2_2    3_1
              0.066   0.004        2_1    3_1    4_1
              0.065   0.004        1_2    2_1   11_1
             -0.045   0.002        2_1    7_2   11_1
             -0.039   0.002        1_2    2_1    5_1
             -0.033   0.001        1_1    3_1    7_2

         > STATE 00083:   8_2

             E(VCI)   =    14422.90167
             E(VCI)-E0=     3307.47604

             COEFF.  WEIGHT      CONFIG.
             -0.895   0.802        8_2
              0.362   0.131        1_2    8_1
             -0.126   0.016       10_1
              0.076   0.006        2_2    8_1
              0.074   0.005        6_1    8_2
             -0.067   0.005        1_4
              0.066   0.004        1_1   12_1
             -0.065   0.004        3_2    8_1
             -0.048   0.002        3_1    4_1    5_1
             -0.047   0.002        1_1    8_1   12_1
              0.042   0.002        1_2    8_1   10_1
             -0.042   0.002        6_2    8_1
             -0.032   0.001        6_1    8_1

         > STATE 00084:   3_1    4_1    5_1

             E(VCI)   =    14438.85042
             E(VCI)-E0=     3323.42480

             COEFF.  WEIGHT      CONFIG.
             -0.954   0.911        3_1    4_1    5_1
              0.213   0.045        3_2    6_1
             -0.139   0.019        5_1   11_1
              0.067   0.004        3_2    5_1   11_1
              0.061   0.004        1_1    5_1    7_1
             -0.060   0.004        4_2    5_1   11_1
             -0.055   0.003        2_2    6_1
              0.043   0.002        8_2

         > STATE 00085:   2_1    3_1    6_1

             E(VCI)   =    14448.92802
             E(VCI)-E0=     3333.50240

             COEFF.  WEIGHT      CONFIG.
              0.944   0.892        2_1    3_1    6_1
             -0.198   0.039        2_2    7_1
             -0.145   0.021        6_1    9_1
              0.107   0.012        1_1    5_1    6_1
              0.075   0.006        6_1    7_1
             -0.069   0.005        2_2    6_1    9_1
             -0.066   0.004        2_1    4_1    5_1
              0.066   0.004        3_2    6_1    9_1
              0.050   0.002        1_2    2_1    3_1
             -0.046   0.002        2_1    3_3
             -0.041   0.002        2_3    3_1
             -0.037   0.001        2_2    6_1    7_1
             -0.036   0.001        2_1    3_1
              0.033   0.001        3_2    6_1    7_1

         > STATE 00086:   1_1    4_1    6_1

             E(VCI)   =    14453.87621
             E(VCI)-E0=     3338.45059

             COEFF.  WEIGHT      CONFIG.
              0.985   0.970        1_1    4_1    6_1
             -0.102   0.010        1_3    4_1
             -0.082   0.007        4_1   12_1
             -0.059   0.003        2_1    4_2
              0.044   0.002        1_2    4_1   12_1
              0.040   0.002        1_1    4_1    6_2
              0.034   0.001        1_1    4_1
              0.032   0.001        4_1    6_2   12_1

         > STATE 00087:   1_1    3_1    7_1

             E(VCI)   =    14456.69874
             E(VCI)-E0=     3341.27312

             COEFF.  WEIGHT      CONFIG.
             -0.976   0.953        1_1    3_1    7_1
              0.140   0.020        3_1   11_1
             -0.087   0.008        1_1    2_1    3_2
              0.082   0.007        3_2    4_1
             -0.065   0.004        1_2    3_1   11_1
              0.046   0.002        3_1    7_2   11_1
              0.038   0.001        1_2    3_1    5_1
              0.034   0.001        1_1    2_1    7_2

         > STATE 00088:   3_2    6_1

             E(VCI)   =    14457.77992
             E(VCI)-E0=     3342.35430

             COEFF.  WEIGHT      CONFIG.
             -0.929   0.864        3_2    6_1
             -0.223   0.050        3_1    4_1    5_1
              0.175   0.030        2_2    6_1
              0.094   0.009        6_1   10_1
             -0.091   0.008        3_2    6_1   10_1
             -0.066   0.004        3_4
             -0.062   0.004        6_1    8_1
             -0.062   0.004        4_2    6_1
             -0.056   0.003        1_2    3_2
             -0.052   0.003        1_2    8_1
             -0.050   0.003        3_2    6_1    8_1
             -0.047   0.002        3_4    6_1   10_1
              0.046   0.002        3_2    6_2
              0.042   0.002        6_2
              0.040   0.002        3_2
             -0.032   0.001        5_1   11_1

         > STATE 00089:   2_2    7_1

             E(VCI)   =    14459.11668
             E(VCI)-E0=     3343.69106

             COEFF.  WEIGHT      CONFIG.
             -0.926   0.858        2_2    7_1
             -0.219   0.048        3_2    7_1
             -0.194   0.038        2_1    3_1    6_1
             -0.117   0.014        2_3    3_1
             -0.092   0.008        2_2    7_1   10_1
             -0.090   0.008        2_1    4_1    5_1
              0.057   0.003        7_1    8_1
             -0.052   0.003        7_1   10_1
              0.044   0.002        1_1    2_2   11_1
              0.044   0.002        2_4    7_1   10_1
              0.040   0.002        2_1    3_3
             -0.036   0.001        2_2    7_1    8_1
              0.032   0.001        4_2    7_1
             -0.032   0.001        1_1    5_1    6_1

         > STATE 00090:   1_2    8_1

             E(VCI)   =    14466.11189
             E(VCI)-E0=     3350.68627

             COEFF.  WEIGHT      CONFIG.
              0.840   0.706        1_2    8_1
              0.372   0.139        8_2
             -0.247   0.061        1_4
              0.145   0.021        1_1   12_1
              0.096   0.009        1_2    8_1   10_1
             -0.076   0.006        1_2    6_1
             -0.074   0.006        8_1   10_1
             -0.071   0.005        1_2    6_1    8_1
              0.062   0.004        1_1    5_1    7_1
             -0.061   0.004        6_1    8_1
              0.058   0.003        1_3   12_1
              0.051   0.003        1_4    8_1   10_1
              0.051   0.003       10_1
             -0.051   0.003        3_2    6_1
              0.050   0.003        1_1    2_1    4_1
             -0.046   0.002        1_4   10_1
              0.042   0.002        1_2
             -0.041   0.002        1_2   10_1
             -0.041   0.002        2_2    8_1
              0.040   0.002        1_4    8_1
              0.037   0.001        1_2    2_2
             -0.037   0.001        1_1    8_2   12_1
             -0.036   0.001        1_2    3_2
              0.033   0.001        3_2    8_1
             -0.032   0.001        6_1    8_2
             -0.032   0.001        1_3    8_2   12_1

         > STATE 00091:   4_2    5_1

             E(VCI)   =    14491.69985
             E(VCI)-E0=     3376.27423

             COEFF.  WEIGHT      CONFIG.
             -0.983   0.966        4_2    5_1
             -0.089   0.008        5_1   10_1
             -0.084   0.007        4_2    5_1   10_1
             -0.060   0.004        3_1    4_1    6_1
              0.044   0.002        2_1    4_1    7_1
              0.043   0.002        1_1    4_2    9_1
              0.040   0.002        3_2    5_1
              0.038   0.001        4_2    5_1    6_1
              0.036   0.001        4_4    5_1   10_1
             -0.035   0.001        2_2    5_1

         > STATE 00092:   2_1    4_1    6_1

             E(VCI)   =    14524.03750
             E(VCI)-E0=     3408.61188

             COEFF.  WEIGHT      CONFIG.
             -0.979   0.958        2_1    4_1    6_1
              0.138   0.019        6_1   12_1
              0.086   0.007        1_1    6_2
              0.065   0.004        2_2    6_1   12_1
              0.060   0.004        4_2    6_1   12_1
             -0.051   0.003        1_2    2_1    4_1

         > STATE 00093:   3_2    7_1

             E(VCI)   =    14527.75300
             E(VCI)-E0=     3412.32738

             COEFF.  WEIGHT      CONFIG.
              0.942   0.888        3_2    7_1
             -0.191   0.037        2_2    7_1
             -0.120   0.014        2_1    3_3
              0.100   0.010        3_2    7_1   10_1
             -0.098   0.010        7_1   10_1
             -0.085   0.007        2_1    3_1    6_1
              0.079   0.006        7_1    8_1
              0.056   0.003        4_2    7_1
              0.053   0.003        2_1    3_1    7_2
              0.048   0.002        3_4    7_1   10_1
             -0.047   0.002        2_1    3_1
             -0.044   0.002        1_1    3_2   11_1
              0.040   0.002        3_2    7_1    8_1
              0.039   0.002        3_2    6_1    7_1

         > STATE 00094:   2_1    3_1    7_1

             E(VCI)   =    14532.93914
             E(VCI)-E0=     3417.51352

             COEFF.  WEIGHT      CONFIG.
              0.952   0.907        2_1    3_1    7_1
             -0.149   0.022        7_1    9_1
              0.147   0.022        2_2    3_2
              0.123   0.015        1_1    5_1    7_1
              0.090   0.008        7_2
             -0.069   0.005        2_2    7_1    9_1
              0.067   0.004        3_2    7_1    9_1
             -0.046   0.002        2_2    7_2
              0.044   0.002        3_2    7_2
             -0.037   0.001        3_2
              0.036   0.001        2_2
              0.034   0.001        2_2    6_1
              0.032   0.001        1_4
              0.032   0.001        2_1    3_1    9_1

         > STATE 00095:   1_1    4_1    7_1

             E(VCI)   =    14536.44143
             E(VCI)-E0=     3421.01581

             COEFF.  WEIGHT      CONFIG.
             -0.981   0.962        1_1    4_1    7_1
              0.139   0.019        4_1   11_1
             -0.082   0.007        3_1    4_2
             -0.066   0.004        1_2    4_1   11_1
              0.046   0.002        4_1    7_2   11_1
              0.042   0.002        1_2    4_1    5_1

         > STATE 00096:   2_1    5_2

             E(VCI)   =    14541.55769
             E(VCI)-E0=     3426.13206

             COEFF.  WEIGHT      CONFIG.
              0.989   0.979        2_1    5_2
              0.077   0.006        2_1    5_2   10_1
              0.070   0.005        2_1   10_1
             -0.048   0.002        3_1    5_2    9_1
             -0.044   0.002        4_1    5_2   12_1
             -0.032   0.001        2_3    5_2   10_1

         > STATE 00097:   3_1    4_1    6_1

             E(VCI)   =    14561.61751
             E(VCI)-E0=     3446.19188

             COEFF.  WEIGHT      CONFIG.
              0.978   0.956        3_1    4_1    6_1
              0.140   0.020        6_1   11_1
             -0.064   0.004        3_2    6_1   11_1
             -0.062   0.004        4_2    5_1
             -0.061   0.004        1_1    6_1    7_1
              0.060   0.004        4_2    6_1   11_1
              0.051   0.003        1_2    3_1    4_1
             -0.047   0.002        3_3    4_1

         > STATE 00098:   1_4

             E(VCI)   =    14563.57542
             E(VCI)-E0=     3448.14980

             COEFF.  WEIGHT      CONFIG.
             -0.899   0.808        1_4
             -0.251   0.063        1_2    8_1
             -0.188   0.035        1_2   10_1
             -0.168   0.028        1_4   10_1
             -0.122   0.015        1_2    6_1
             -0.086   0.007        1_1   12_1
              0.075   0.006        1_2
             -0.072   0.005        1_1    5_1    7_1
              0.067   0.004        1_4    6_1
             -0.054   0.003        1_4   10_2
             -0.053   0.003        1_3    5_1    9_1
             -0.051   0.003        1_3    7_1   11_1
             -0.050   0.003        1_2    2_2
             -0.046   0.002        1_2   10_2
             -0.039   0.002        1_6
             -0.036   0.001        8_2
              0.036   0.001        2_1    3_1    7_1
             -0.033   0.001        1_3    8_1   12_1
              0.032   0.001        1_2    3_2
             -0.032   0.001        1_3    6_1   12_1

         > STATE 00099:   3_1    5_2

             E(VCI)   =    14576.34149
             E(VCI)-E0=     3460.91587

             COEFF.  WEIGHT      CONFIG.
             -0.989   0.978        3_1    5_2
             -0.080   0.006        3_1    5_2   10_1
             -0.069   0.005        3_1   10_1
              0.049   0.002        2_1    5_2    9_1
             -0.044   0.002        4_1    5_2   11_1
              0.034   0.001        3_3    5_2   10_1

(  FINALIZE VCI MODULE  )

            (MEMORY INFO)
            -- CURRENT USAGE    [     0.22 MB /  1200.00 MB (  0.0 % ) ]  -- 
            -- IN THE LAST STEP [   125.32 MB /  1200.00 MB ( 10.4 % ) ]  -- 

            (CLOCK) ---->  LAST STEP: USER     1.14, SYSTEM     0.00 SECS   <----


(  FINALIZE TARGET MODULE  )


(  FINALIZE VIB MODULE  )


(  FINALIZE NMA MODULE  )


(  FINALIZE MOL MODULE  )



   (TOTAL MEMORY USAGE)   [   125.32 MB /  1200.00 MB ( 10.4 % ) ] 

   (CLOCK) ---->  TOTAL CPU-TIME  <----
            >     USER :   0 DAYS   0 HOURS   0 MINS  23.1 SECS 
            >    SYSTEM:   0 DAYS   0 HOURS   0 MINS   0.0 SECS 

