 -------------------------------------------------------
                                                      
    ***   WELCOME TO SINDO PROGRAM                    
     ***                (  VERSION 3.4  NARITA  ) 
      ***                                             
       ***       COPYRIGHT 2013:                      
        ***         KIYOSHI YAGI  KIYOSHI.YAGI@RIKEN.JP
                                                      
 -------------------------------------------------------

     JOB STARTED AT: Tue May 14 12:12:47 2013
     RUNNING ON kyagi-mac.local                 


(  SETUP MEM MODULE  )

   o MAXIMUM MEMORY :   30 MB


(  SETUP MOL MODULE  )


   READ DATA FROM A MINFO FILE : [ eq-singlet.minfo ]


(  ENTER NMA MODULE  )


      o ATOMIC MASS
        21874.6618   1837.1527   1837.1527   1837.1527

      o REFERENCE GEOMETRY
         -0.000000   -0.000000   -0.000000
         -0.000000    2.053673   -0.000000
          1.778533   -1.026836   -0.000000
         -1.778533   -1.026836   -0.000000

      o NORMAL DISPLACEMENT VECTOR
          0.000000   -0.000000    0.448609
         -0.000000    0.000000   -0.515994
         -0.000000   -0.000000   -0.515994
         -0.000000    0.000000   -0.515994

         -0.298165    0.000001    0.000000
          0.774326    0.000000   -0.000000
          0.127263    0.373578   -0.000000
          0.127267   -0.373583   -0.000000

          0.000001    0.298165    0.000000
         -0.000004    0.088422   -0.000000
         -0.373581   -0.558640   -0.000000
          0.373580   -0.558637   -0.000000

         -0.000000   -0.000000    0.000000
          0.000000   -0.577350   -0.000000
         -0.500000    0.288675   -0.000000
          0.500000    0.288675   -0.000000

         -0.000022    0.335183    0.000000
          0.000000   -0.769263   -0.000000
          0.332359   -0.193687   -0.000000
         -0.332284   -0.193644   -0.000000

          0.335183    0.000022   -0.000000
         -0.001799   -0.000050    0.000000
         -0.577375    0.332309    0.000000
         -0.577418   -0.332334    0.000000


      o TRANSLATIONAL VECTOR
          0.893728    0.000000    0.000000
          0.259005    0.000000    0.000000
          0.259005    0.000000    0.000000
          0.259005    0.000000    0.000000

          0.000000    0.893728    0.000000
          0.000000    0.259005    0.000000
          0.000000    0.259005    0.000000
          0.000000    0.259005    0.000000

          0.000000    0.000000    0.893728
          0.000000    0.000000    0.259005
          0.000000    0.000000    0.259005
          0.000000    0.000000    0.259005


      o ROTATIONAL VECTOR
          0.000000    0.000000    0.000000
          0.000000    0.000000    0.816497
          0.000000    0.000000   -0.408248
          0.000000    0.000000   -0.408248

         -0.000000    0.000000    0.000000
         -0.000000    0.000000    0.000000
         -0.000000    0.000000   -0.707107
         -0.000000    0.000000    0.707107

         -0.000000   -0.000000    0.000000
         -0.577350   -0.000000    0.000000
          0.288675    0.500000    0.000000
          0.288675   -0.500000    0.000000

(  SETUP OF NMA COMPLETED  )



(  SETUP VIB MODULE  )

   >> RUN OPTIONS
      VSCF    =     T
      OC-VSCF =     F
      VCI     =     T
      VPT     =     F
      VQDPT   =     F
      PRPT    =     F


   >> BASIS FUNCTIONS
      MODE :         1        2        3        4        5        6
      MAXV :         6        6        6        6        6        6
      FREQ :   1451.59  1455.21  1455.21  3086.89  3292.80  3292.80


(  SETUP TARGET MODULE  )

   >> TARGET STATES
       000   : ZERO-POINT STATE


(  SETUP MRPES MODULE  )

   >> POTENTIAL

      [  OPTIONS  ]

         MR         =        3
         MCS_CUTOFF = 0.10E-03
         MCS_GRID   = -.10E+01
         POTDIR     = ./


         1MR-PEF

         o GRID PEF

           MODE=   1, GRID=   7    MP2/cc-pVTZ (7)
           MODE=   2, GRID=   7    MP2/cc-pVTZ (7)
           MODE=   3, GRID=   7    MP2/cc-pVTZ (7)
           MODE=   4, GRID=   7    MP2/cc-pVTZ (7)
           MODE=   5, GRID=   7    MP2/cc-pVTZ (7)
           MODE=   6, GRID=   7    MP2/cc-pVTZ (7)


         2MR-PEF

         o GRID PEF

           MODE=   2   1, GRID=   7   7    MP2/cc-pVTZ (7)
           MODE=   3   1, GRID=   7   7    MP2/cc-pVTZ (7)
           MODE=   3   2, GRID=   7   7    MP2/cc-pVTZ (7)
           MODE=   4   1, GRID=   7   7    MP2/cc-pVTZ (7)
           MODE=   4   2, GRID=   7   7    MP2/cc-pVTZ (7)
           MODE=   4   3, GRID=   7   7    MP2/cc-pVTZ (7)
           MODE=   5   1, GRID=   7   7    MP2/cc-pVTZ (7)
           MODE=   5   2, GRID=   7   7    MP2/cc-pVTZ (7)
           MODE=   5   3, GRID=   7   7    MP2/cc-pVTZ (7)
           MODE=   5   4, GRID=   7   7    MP2/cc-pVTZ (7)
           MODE=   6   1, GRID=   7   7    MP2/cc-pVTZ (7)
           MODE=   6   2, GRID=   7   7    MP2/cc-pVTZ (7)
           MODE=   6   3, GRID=   7   7    MP2/cc-pVTZ (7)
           MODE=   6   4, GRID=   7   7    MP2/cc-pVTZ (7)
           MODE=   6   5, GRID=   7   7    MP2/cc-pVTZ (7)


         3MR-PEF

         o GRID PEF

           MODE=   3   2   1, GRID=   7   7   7    MP2/cc-pVTZ (7)
           MODE=   4   2   1, GRID=   7   7   7    MP2/cc-pVTZ (7)
           MODE=   4   3   1, GRID=   7   7   7    MP2/cc-pVTZ (7)
           MODE=   4   3   2, GRID=   7   7   7    MP2/cc-pVTZ (7)
           MODE=   5   2   1, GRID=   7   7   7    MP2/cc-pVTZ (7)
           MODE=   5   3   1, GRID=   7   7   7    MP2/cc-pVTZ (7)
           MODE=   5   3   2, GRID=   7   7   7    MP2/cc-pVTZ (7)
           MODE=   5   4   1, GRID=   7   7   7    MP2/cc-pVTZ (7)
           MODE=   5   4   2, GRID=   7   7   7    MP2/cc-pVTZ (7)
           MODE=   5   4   3, GRID=   7   7   7    MP2/cc-pVTZ (7)
           MODE=   6   2   1, GRID=   7   7   7    MP2/cc-pVTZ (7)
           MODE=   6   3   1, GRID=   7   7   7    MP2/cc-pVTZ (7)
           MODE=   6   3   2, GRID=   7   7   7    MP2/cc-pVTZ (7)
           MODE=   6   4   1, GRID=   7   7   7    MP2/cc-pVTZ (7)
           MODE=   6   4   2, GRID=   7   7   7    MP2/cc-pVTZ (7)
           MODE=   6   4   3, GRID=   7   7   7    MP2/cc-pVTZ (7)
           MODE=   6   5   1, GRID=   7   7   7    MP2/cc-pVTZ (7)
           MODE=   6   5   2, GRID=   7   7   7    MP2/cc-pVTZ (7)
           MODE=   6   5   3, GRID=   7   7   7    MP2/cc-pVTZ (7)
           MODE=   6   5   4, GRID=   7   7   7    MP2/cc-pVTZ (7)


(  FINALIZE MRPES MODULE  )

            (MEMORY INFO)
            -- CURRENT USAGE    [     0.09 MB /    30.00 MB (  0.3 % ) ]  -- 
            -- IN THE LAST STEP [     0.22 MB /    30.00 MB (  0.7 % ) ]  -- 

            (CLOCK) ---->  LAST STEP: USER     0.03, SYSTEM     0.01 SECS   <----


(  ENTER VSCF MODULE  )

  ---  VIBRATIONAL SELF-CONSISTENT FIELD CALCULATIONS   ---

   >> SCF OPTIONS
       STATE SPECIFIC :        F
              RESTART :        F
        MAX ITERATION :       10
         CONV. THRESH : 0.10E-04

   >> FILES
       WFN READ/WRITE FILE : vscf_xxx.wfn

   >> STATE 000:   ZERO-POINT STATE

       o INITIAL GUESS FROM (CONTRACTED) HARMONIC OSCILLATOR 

   -- (ITERATION) -------- (EOLD) -------- (ENEW) ----- (DELTA E) --
                1         7022.33         6951.43      -0.709D+02
                2         6951.43         6949.24      -0.219D+01
                3         6949.24         6949.16      -0.795D-01
                4         6949.16         6949.16      -0.308D-02
                5         6949.16         6949.16      -0.121D-03
                6         6949.16         6949.16      -0.487D-05
   -----------------------------------------------------------------
       E(VSCF)=     6949.15756740

       o COEFFICIENTS

         -MODES-          1         2         3         4         5         6
              0     0.99996  -0.99995   0.99994   0.98871  -0.99991  -0.99998
              1    -0.00000   0.00000   0.00002  -0.14766  -0.00018   0.00000
              2     0.00934  -0.00983   0.01002   0.01766  -0.00667  -0.00580
              3     0.00000  -0.00000  -0.00476  -0.01785   0.01165  -0.00000
              4    -0.00046   0.00006   0.00006   0.00509   0.00124   0.00200
              5    -0.00000  -0.00000  -0.00007  -0.00095   0.00016  -0.00000
              6     0.00001  -0.00005   0.00009   0.00092  -0.00038   0.00006

       o VIBRATIONALLY AVERAGED STRUCTURE

         - Q0 -
             -0.000000   -0.000008   -0.001176
             -1.793733    0.000895   -0.000005

         - X0 -
              0.000000   -0.000000   -0.000000
             -0.000000    2.077816    0.000000
              1.799474   -1.038906    0.000000
             -1.799474   -1.038906    0.000000


(  FINALIZE VSCF MODULE  )

            (MEMORY INFO)
            -- CURRENT USAGE    [     0.09 MB /    30.00 MB (  0.3 % ) ]  -- 
            -- IN THE LAST STEP [     0.09 MB /    30.00 MB (  0.3 % ) ]  -- 

            (CLOCK) ---->  LAST STEP: USER     0.00, SYSTEM     0.00 SECS   <----


(  ENTER VCI MODULE  )

   >> VCI OPTIONS

       o VCI SPACE SELECTION
         - MAX NUM. OF MODES TO EXCITE :          4
         - MAX SUM OF QUANTUM NUM.     :          6
         - MAX EXCITATION OF EACH MODE :    6  6  6  6  6  6

       o VCI DIMENSION  :        887
       o NUM_OF_STATES  :         60

   >> VCI WITH ZERO-POINT VSCF REFERENCE

       o READ VSCF WFN   : [ vscf-000.wfn ]

       o DUMP VCI WFN    : [ vci-w.wfn ]

       o VIB. AV. GEOM. : T

   >> VCI MAIN

      o FORMING HAMILTONIAN MATRIX     ... DONE

            (CLOCK) ---->  LAST STEP: USER     0.34, SYSTEM     0.00 SECS   <----

      o DIAGONALIZING HAMILTONIAN MATRIX     ... DONE

            (CLOCK) ---->  LAST STEP: USER     0.34, SYSTEM     0.00 SECS   <----


         > STATE 00000: ZERO-POINT STATE

             E(VCI)   =     6926.76304

             COEFF.  WEIGHT      CONFIG.
              0.999   0.997        0_0

          o VIBRATIONALLY AVERAGED STRUCTURE

            - Q0 -
               -0.000000   -0.000008    0.000253
               -1.788935   -0.002039   -0.000005

            - X0 -
                0.000000   -0.000004   -0.000000
               -0.000000    2.077807    0.000000
                1.799383   -1.038879    0.000000
               -1.799383   -1.038879    0.000000

         > STATE 00001:   2_1

             E(VCI)   =     8334.27312
             E(VCI)-E0=     1407.51008

             COEFF.  WEIGHT      CONFIG.
             -0.997   0.994        2_1
             -0.036   0.001        2_1    3_1

          o VIBRATIONALLY AVERAGED STRUCTURE

            - Q0 -
               -0.000000    0.003059    0.650260
               -1.565175    0.215579   -0.001113

            - X0 -
               -0.000009    0.001799   -0.000000
                0.000055    2.072228    0.000000
                1.792819   -1.046809    0.000000
               -1.792771   -1.046845    0.000000

         > STATE 00002:   3_1

             E(VCI)   =     8334.30958
             E(VCI)-E0=     1407.54654

             COEFF.  WEIGHT      CONFIG.
              0.998   0.995        3_1

          o VIBRATIONALLY AVERAGED STRUCTURE

            - Q0 -
               -0.000000   -0.003079   -0.647847
               -1.566069   -0.214072    0.001095

            - X0 -
                0.000009   -0.001791   -0.000000
               -0.000056    2.077273    0.000000
                1.800764   -1.027991    0.000000
               -1.800812   -1.027955    0.000000

         > STATE 00003:   1_1

             E(VCI)   =     8337.11696
             E(VCI)-E0=     1410.35392

             COEFF.  WEIGHT      CONFIG.
              0.998   0.996        1_1

          o VIBRATIONALLY AVERAGED STRUCTURE

            - Q0 -
                0.000000   -0.000008    0.000023
               -1.460351   -0.004538   -0.000005

            - X0 -
                0.000000   -0.000010    0.000000
               -0.000000    2.073425   -0.000000
                1.795533   -1.036652   -0.000000
               -1.795533   -1.036651   -0.000000

         > STATE 00004:   2_2

             E(VCI)   =     9706.24136
             E(VCI)-E0=     2779.47832

             COEFF.  WEIGHT      CONFIG.
             -0.567   0.322        2_2
              0.557   0.310        3_2
             -0.468   0.219        1_2
             -0.369   0.136        4_1
             -0.062   0.004        2_2    3_1

          o VIBRATIONALLY AVERAGED STRUCTURE

            - Q0 -
               -0.000000   -0.000062    0.012577
               -1.450302    0.008596    0.000017

            - X0 -
                0.000000    0.000045   -0.000000
               -0.000001    2.073080    0.000000
                1.795408   -1.036807    0.000000
               -1.795408   -1.036806    0.000000

         > STATE 00005:   2_1    3_1

             E(VCI)   =     9730.65725
             E(VCI)-E0=     2803.89421

             COEFF.  WEIGHT      CONFIG.
              0.977   0.954        2_1    3_1
              0.180   0.032        6_1
              0.049   0.002        2_1    3_2
              0.044   0.002        2_3
             -0.038   0.001        2_1
             -0.034   0.001        2_1    3_1    4_1

          o VIBRATIONALLY AVERAGED STRUCTURE

            - Q0 -
               -0.000000    0.000036    0.021983
               -1.428345    0.058899   -0.000085

            - X0 -
               -0.000000    0.000178   -0.000000
                0.000001    2.071901    0.000000
                1.795461   -1.037009    0.000000
               -1.795459   -1.037008    0.000000

         > STATE 00006:   3_2

             E(VCI)   =     9732.88146
             E(VCI)-E0=     2806.11842

             COEFF.  WEIGHT      CONFIG.
             -0.698   0.487        3_2
             -0.692   0.479        2_2
              0.159   0.025        5_1

          o VIBRATIONALLY AVERAGED STRUCTURE

            - Q0 -
               -0.000000    0.000007   -0.029660
               -1.365164   -0.022413    0.000047

            - X0 -
                0.000000   -0.000111   -0.000000
                0.000000    2.072402    0.000000
                1.794542   -1.035542    0.000000
               -1.794543   -1.035543    0.000000

         > STATE 00007:   1_2

             E(VCI)   =     9741.68405
             E(VCI)-E0=     2814.92101

             COEFF.  WEIGHT      CONFIG.
             -0.829   0.686        1_2
             -0.388   0.151        3_2
              0.374   0.140        2_2
             -0.119   0.014        4_1
              0.044   0.002        1_2    4_1
              0.041   0.002        2_2    3_1

          o VIBRATIONALLY AVERAGED STRUCTURE

            - Q0 -
               -0.000000   -0.000003   -0.013219
               -1.223987   -0.006816   -0.000006

            - X0 -
               -0.000000   -0.000042   -0.000000
               -0.000000    2.070255    0.000000
                1.792873   -1.034877    0.000000
               -1.792873   -1.034877    0.000000

         > STATE 00008:   1_1    2_1

             E(VCI)   =     9743.06726
             E(VCI)-E0=     2816.30422

             COEFF.  WEIGHT      CONFIG.
              0.996   0.992        1_1    2_1
             -0.045   0.002        1_1    2_1    4_1
              0.036   0.001        1_1    2_1    3_1

          o VIBRATIONALLY AVERAGED STRUCTURE

            - Q0 -
                0.000000    0.005507    0.647307
               -1.239753    0.208738   -0.002039

            - X0 -
               -0.000016    0.001778    0.000000
                0.000100    2.067961   -0.000000
                1.789015   -1.044534   -0.000000
               -1.788927   -1.044598   -0.000000

         > STATE 00009:   1_1    3_1

             E(VCI)   =     9743.07841
             E(VCI)-E0=     2816.31537

             COEFF.  WEIGHT      CONFIG.
             -0.996   0.993        1_1    3_1
              0.045   0.002        1_1    3_1    4_1

          o VIBRATIONALLY AVERAGED STRUCTURE

            - Q0 -
                0.000000   -0.005534   -0.656567
               -1.241633   -0.213874    0.002024

            - X0 -
                0.000016   -0.001808    0.000000
               -0.000100    2.072881   -0.000000
                1.797037   -1.025707   -0.000000
               -1.797125   -1.025643   -0.000000

         > STATE 00010:   4_1

             E(VCI)   =     9919.19409
             E(VCI)-E0=     2992.43105

             COEFF.  WEIGHT      CONFIG.
              0.912   0.832        4_1
             -0.297   0.088        1_2
             -0.180   0.032        2_2
              0.174   0.030        3_2
              0.075   0.006        5_2
              0.075   0.006        6_2
             -0.036   0.001        4_2    6_2
             -0.036   0.001        4_2    5_2

          o VIBRATIONALLY AVERAGED STRUCTURE

            - Q0 -
               -0.000000   -0.000007    0.003212
               -3.045141   -0.054868   -0.000023

            - X0 -
               -0.000000   -0.000118   -0.000000
               -0.000000    2.095682    0.000000
                1.813602   -1.047139    0.000000
               -1.813602   -1.047139    0.000000

         > STATE 00011:   5_1

             E(VCI)   =    10079.42467
             E(VCI)-E0=     3152.66163

             COEFF.  WEIGHT      CONFIG.
              0.974   0.949        5_1
              0.122   0.015        4_1    5_1
              0.113   0.013        3_2
              0.113   0.013        2_2
              0.061   0.004        6_2
              0.049   0.002        4_1    5_3

          o VIBRATIONALLY AVERAGED STRUCTURE

            - Q0 -
               -0.000000    0.000125   -0.222556
               -3.279735   -0.995253   -0.000630

            - X0 -
               -0.000002   -0.002704   -0.000000
                0.000002    2.115254    0.000000
                1.811023   -1.041531    0.000000
               -1.811007   -1.041524    0.000000

         > STATE 00012:   6_1

             E(VCI)   =    10082.98960
             E(VCI)-E0=     3156.22656

             COEFF.  WEIGHT      CONFIG.
             -0.969   0.939        6_1
              0.182   0.033        2_1    3_1
             -0.119   0.014        4_1    6_1
             -0.082   0.007        5_1    6_1
              0.050   0.002        4_1    6_3
              0.035   0.001        5_1    6_3

          o VIBRATIONALLY AVERAGED STRUCTURE

            - Q0 -
               -0.000000   -0.000150    0.226769
               -3.224668    0.972383    0.000642

            - X0 -
                0.000002    0.002661   -0.000000
               -0.000003    2.080125    0.000000
                1.821704   -1.055900    0.000000
               -1.821720   -1.055907    0.000000

         > STATE 00013:   3_3

             E(VCI)   =    11087.45760
             E(VCI)-E0=     4160.69456

             COEFF.  WEIGHT      CONFIG.
              0.737   0.544        3_3
              0.410   0.168        3_1    4_1
              0.384   0.147        2_2    3_1
              0.326   0.106        1_2    3_1
              0.095   0.009        3_1    5_1
             -0.071   0.005        2_1    6_1
              0.070   0.005        2_2    3_2
             -0.043   0.002        3_3    4_1
             -0.043   0.002        3_3    5_1
             -0.035   0.001        2_1    3_2    6_1
             -0.034   0.001        2_2

          o VIBRATIONALLY AVERAGED STRUCTURE

            - Q0 -
               -0.000000   -0.000341   -1.377216
               -1.326801   -0.337185    0.000058

            - X0 -
                0.000001   -0.003541   -0.000000
               -0.000006    2.074755    0.000000
                1.803398   -1.016301    0.000000
               -1.803402   -1.016297    0.000000

         > STATE 00014:   2_3

             E(VCI)   =    11089.53482
             E(VCI)-E0=     4162.77178

             COEFF.  WEIGHT      CONFIG.
             -0.699   0.488        2_3
             -0.417   0.174        2_1    3_2
              0.417   0.174        2_1    4_1
              0.339   0.115        1_2    2_1
             -0.112   0.013        2_1    5_1
             -0.100   0.010        2_3    3_1
             -0.089   0.008        3_1    6_1
              0.061   0.004        2_1    3_1
              0.041   0.002        2_3    4_1
              0.039   0.002        2_2    3_1    6_1
             -0.038   0.001        2_3    5_1

          o VIBRATIONALLY AVERAGED STRUCTURE

            - Q0 -
               -0.000000    0.000235    1.064058
               -1.355183    0.293655   -0.000060

            - X0 -
               -0.000001    0.002811   -0.000000
                0.000004    2.068852    0.000000
                1.787346   -1.051157    0.000000
               -1.787342   -1.051160    0.000000

         > STATE 00015:   1_3

             E(VCI)   =    11097.89251
             E(VCI)-E0=     4171.12947

             COEFF.  WEIGHT      CONFIG.
              0.620   0.385        1_3
              0.493   0.243        1_1    4_1
              0.425   0.180        1_1    2_2
             -0.421   0.178        1_1    3_2
             -0.051   0.003        1_3    4_1
              0.046   0.002        1_1    2_2    3_1
              0.033   0.001        1_1    4_2

          o VIBRATIONALLY AVERAGED STRUCTURE

            - Q0 -
               -0.000000   -0.000029   -0.016027
               -1.261842   -0.008215    0.000002

            - X0 -
                0.000000   -0.000051   -0.000000
               -0.000001    2.070784    0.000000
                1.793328   -1.035089    0.000000
               -1.793329   -1.035089    0.000000

         > STATE 00016:   2_2    3_1

             E(VCI)   =    11120.53314
             E(VCI)-E0=     4193.77010

             COEFF.  WEIGHT      CONFIG.
             -0.838   0.702        2_2    3_1
              0.426   0.181        3_3
              0.228   0.052        2_1    6_1
              0.194   0.038        3_1    5_1
              0.068   0.005        2_2
             -0.065   0.004        2_2    3_2
             -0.053   0.003        2_4
              0.042   0.002        2_2    3_1    4_1
             -0.038   0.001        3_2

          o VIBRATIONALLY AVERAGED STRUCTURE

            - Q0 -
               -0.000000   -0.000008    0.044794
               -1.320411    0.097099   -0.000004

            - X0 -
               -0.000000    0.000310   -0.000000
               -0.000000    2.069808    0.000000
                1.794298   -1.036752    0.000000
               -1.794298   -1.036752    0.000000

         > STATE 00017:   2_1    3_2

             E(VCI)   =    11125.67642
             E(VCI)-E0=     4198.91338

             COEFF.  WEIGHT      CONFIG.
             -0.842   0.708        2_1    3_2
              0.436   0.190        2_3
             -0.218   0.047        3_1    6_1
              0.181   0.033        2_1    5_1
             -0.078   0.006        1_2    2_1
             -0.054   0.003        2_1    4_1
              0.048   0.002        2_1    3_3
              0.041   0.002        2_1    3_2    4_1

          o VIBRATIONALLY AVERAGED STRUCTURE

            - Q0 -
               -0.000000    0.000090   -0.127018
               -1.300255   -0.007249   -0.000013

            - X0 -
               -0.000000   -0.000272   -0.000000
                0.000002    2.071055    0.000000
                1.794752   -1.033905    0.000000
               -1.794751   -1.033906    0.000000

         > STATE 00018:   1_1    3_2

             E(VCI)   =    11142.22242
             E(VCI)-E0=     4215.45938

             COEFF.  WEIGHT      CONFIG.
             -0.714   0.510        1_1    3_2
             -0.671   0.450        1_1    2_2
              0.168   0.028        1_1    5_1
              0.044   0.002        1_1    3_2    4_1
              0.042   0.002        1_1    2_2    4_1

          o VIBRATIONALLY AVERAGED STRUCTURE

            - Q0 -
                0.000000   -0.000041   -0.113910
               -1.070092   -0.061718   -0.000003

            - X0 -
                0.000000   -0.000370    0.000000
               -0.000001    2.068959   -0.000000
                1.791530   -1.032280   -0.000000
               -1.791530   -1.032280   -0.000000

         > STATE 00019:   1_2    3_1

             E(VCI)   =    11147.09640
             E(VCI)-E0=     4220.33336

             COEFF.  WEIGHT      CONFIG.
              0.890   0.793        1_2    3_1
             -0.377   0.142        3_3
             -0.161   0.026        2_2    3_1
              0.150   0.022        3_1    4_1
             -0.062   0.004        1_2    3_1    4_1
             -0.053   0.003        3_1    5_1
              0.045   0.002        2_1    6_1

          o VIBRATIONALLY AVERAGED STRUCTURE

            - Q0 -
                0.000000    0.000034   -0.831739
               -1.031432   -0.276138   -0.000041

            - X0 -
               -0.000000   -0.002303    0.000000
                0.000001    2.070806   -0.000000
                1.795673   -1.021695   -0.000000
               -1.795673   -1.021695   -0.000000

         > STATE 00020:   1_2    2_1

             E(VCI)   =    11147.93633
             E(VCI)-E0=     4221.17329

             COEFF.  WEIGHT      CONFIG.
              0.882   0.778        1_2    2_1
              0.408   0.166        2_3
              0.136   0.018        2_1    4_1
              0.123   0.015        2_1    3_2
              0.075   0.006        2_1    5_1
             -0.061   0.004        1_2    2_1    4_1
              0.050   0.002        2_3    3_1
              0.042   0.002        3_1    6_1
              0.032   0.001        1_2    2_1    3_1

          o VIBRATIONALLY AVERAGED STRUCTURE

            - Q0 -
                0.000000    0.000005    0.818157
               -1.031557    0.274283    0.000018

            - X0 -
               -0.000000    0.002271    0.000000
                0.000000    2.064333   -0.000000
                1.785562   -1.045687   -0.000000
               -1.785562   -1.045687   -0.000000

         > STATE 00021:   1_3

             E(VCI)   =    11149.75137
             E(VCI)-E0=     4222.98833

             COEFF.  WEIGHT      CONFIG.
             -0.622   0.387        1_3
              0.560   0.314        1_1    2_2
             -0.514   0.264        1_1    3_2
             -0.145   0.021        1_1    4_1
              0.058   0.003        1_1    2_2    3_1
              0.048   0.002        1_3    4_1
             -0.033   0.001        1_1    2_2    4_1

          o VIBRATIONALLY AVERAGED STRUCTURE

            - Q0 -
               -0.000000   -0.000027    0.044675
               -1.007242    0.012238    0.000014

            - X0 -
                0.000000    0.000118   -0.000000
               -0.000000    2.067113    0.000000
                1.789988   -1.034258    0.000000
               -1.789988   -1.034258    0.000000

         > STATE 00022:   1_1    2_1    3_1

             E(VCI)   =    11154.99090
             E(VCI)-E0=     4228.22786

             COEFF.  WEIGHT      CONFIG.
              0.972   0.945        1_1    2_1    3_1
              0.203   0.041        1_1    6_1
             -0.059   0.004        1_1    2_1    3_1    4_1
              0.048   0.002        1_1    2_1    3_2
              0.044   0.002        1_1    2_3
             -0.038   0.001        1_1    2_1

          o VIBRATIONALLY AVERAGED STRUCTURE

            - Q0 -
                0.000000    0.000083    0.003198
               -1.111197    0.052545   -0.000032

            - X0 -
               -0.000000    0.000126    0.000000
                0.000001    2.067704   -0.000000
                1.791875   -1.034599   -0.000000
               -1.791874   -1.034600   -0.000000

         > STATE 00023:   3_1    4_1

             E(VCI)   =    11316.56016
             E(VCI)-E0=     4389.79712

             COEFF.  WEIGHT      CONFIG.
              0.880   0.774        3_1    4_1
             -0.300   0.090        1_2    3_1
             -0.288   0.083        3_3
              0.144   0.021        2_1    6_1
             -0.097   0.009        2_2    3_1
              0.079   0.006        3_1    6_2
              0.075   0.006        3_1    5_2
             -0.038   0.001        3_1    5_1
             -0.034   0.001        3_1    4_2    5_2
             -0.034   0.001        3_1    4_2    6_2
              0.032   0.001        2_1    4_1    6_1

          o VIBRATIONALLY AVERAGED STRUCTURE

            - Q0 -
               -0.000000    0.000692   -0.676588
               -2.798135   -0.279589   -0.000845

            - X0 -
               -0.000003   -0.001998   -0.000000
                0.000013    2.094986    0.000000
                1.814916   -1.035601    0.000000
               -1.814890   -1.035600    0.000000

         > STATE 00024:   2_1    4_1

             E(VCI)   =    11316.95065
             E(VCI)-E0=     4390.18761

             COEFF.  WEIGHT      CONFIG.
              0.874   0.764        2_1    4_1
             -0.298   0.089        1_2    2_1
              0.298   0.089        2_3
              0.168   0.028        3_1    6_1
              0.084   0.007        2_1    3_2
              0.080   0.006        2_1    6_2
              0.075   0.006        2_1    5_2
              0.035   0.001        3_1    4_1    6_1
             -0.034   0.001        2_1    4_2    6_2
             -0.033   0.001        2_1    4_2    5_2
              0.033   0.001        2_3    3_1

          o VIBRATIONALLY AVERAGED STRUCTURE

            - Q0 -
               -0.000000   -0.000705    0.666103
               -2.792111    0.267305    0.000788

            - X0 -
                0.000003    0.001949   -0.000000
               -0.000013    2.087859    0.000000
                1.807358   -1.055531    0.000000
               -1.807383   -1.055530    0.000000

         > STATE 00025:   1_1    4_1

             E(VCI)   =    11341.15434
             E(VCI)-E0=     4414.39130

             COEFF.  WEIGHT      CONFIG.
              0.846   0.715        1_1    4_1
             -0.467   0.218        1_3
             -0.161   0.026        1_1    2_2
              0.146   0.021        1_1    3_2
              0.074   0.005        1_1    5_2
              0.072   0.005        1_1    6_2
             -0.041   0.002        1_1    5_1
             -0.033   0.001        1_1    4_2    6_2
             -0.033   0.001        1_1    4_2    5_2

          o VIBRATIONALLY AVERAGED STRUCTURE

            - Q0 -
                0.000000   -0.000007    0.006674
               -2.563107   -0.125712   -0.000015

            - X0 -
               -0.000000   -0.000271    0.000000
               -0.000000    2.090468   -0.000000
                1.807399   -1.043618   -0.000000
               -1.807399   -1.043618   -0.000000

         > STATE 00026:   2_1    5_1

             E(VCI)   =    11439.11045
             E(VCI)-E0=     4512.34741

             COEFF.  WEIGHT      CONFIG.
             -0.746   0.556        2_1    5_1
             -0.609   0.371        3_1    6_1
              0.181   0.033        2_3
              0.089   0.008        2_1    3_2
             -0.078   0.006        2_1    4_1    5_1
              0.071   0.005        2_1    4_1
             -0.061   0.004        3_1    4_1    6_1
             -0.057   0.003        2_1    6_2
             -0.054   0.003        3_1    5_1    6_1
             -0.037   0.001        2_1    4_1    5_3

          o VIBRATIONALLY AVERAGED STRUCTURE

            - Q0 -
               -0.000000   -0.000020    0.115711
               -3.012751   -0.383986   -0.000002

            - X0 -
                0.000000   -0.000637   -0.000000
               -0.000000    2.101385    0.000000
                1.809691   -1.046900    0.000000
               -1.809692   -1.046900    0.000000

         > STATE 00027:   1_1    5_1

             E(VCI)   =    11462.23832
             E(VCI)-E0=     4535.47528

             COEFF.  WEIGHT      CONFIG.
             -0.975   0.951        1_1    5_1
             -0.123   0.015        1_1    3_2
             -0.116   0.014        1_1    2_2
             -0.094   0.009        1_1    4_1    5_1
             -0.062   0.004        1_1    6_2
             -0.048   0.002        1_1    4_1    5_3
             -0.035   0.001        1_1    4_1

          o VIBRATIONALLY AVERAGED STRUCTURE

            - Q0 -
                0.000000    0.000074   -0.228292
               -2.936311   -0.945427   -0.000423

            - X0 -
               -0.000001   -0.002603    0.000000
                0.000001    2.109722   -0.000000
                1.807450   -1.039367   -0.000000
               -1.807440   -1.039363   -0.000000

         > STATE 00028:   1_1    6_1

             E(VCI)   =    11467.06235
             E(VCI)-E0=     4540.29931

             COEFF.  WEIGHT      CONFIG.
             -0.967   0.936        1_1    6_1
              0.204   0.042        1_1    2_1    3_1
             -0.091   0.008        1_1    4_1    6_1
             -0.080   0.006        1_1    5_1    6_1
              0.048   0.002        1_1    4_1    6_3
              0.035   0.001        1_1    5_1    6_3

          o VIBRATIONALLY AVERAGED STRUCTURE

            - Q0 -
                0.000000   -0.000091    0.221103
               -2.864097    0.947474    0.000431

            - X0 -
                0.000001    0.002593    0.000000
               -0.000002    2.075703   -0.000000
                1.817357   -1.053287   -0.000000
               -1.817368   -1.053291   -0.000000

         > STATE 00029:   3_1    5_1

             E(VCI)   =    11476.11632
             E(VCI)-E0=     4549.35328

             COEFF.  WEIGHT      CONFIG.
             -0.902   0.813        3_1    5_1
             -0.292   0.085        2_1    6_1
             -0.204   0.042        2_2    3_1
              0.175   0.031        3_3
             -0.098   0.010        3_1    4_1    5_1
             -0.063   0.004        3_1    6_2
             -0.048   0.002        2_1    5_1    6_1
             -0.045   0.002        3_1    4_1    5_3
              0.044   0.002        3_1    4_1
              0.034   0.001        3_1    5_2

          o VIBRATIONALLY AVERAGED STRUCTURE

            - Q0 -
               -0.000000   -0.000100   -0.674810
               -2.987003   -1.107401   -0.000420

            - X0 -
               -0.000001   -0.003870   -0.000000
               -0.000002    2.112390    0.000000
                1.810677   -1.033159    0.000000
               -1.810668   -1.033151    0.000000

         > STATE 00030:   3_1    6_1

             E(VCI)   =    11480.67038
             E(VCI)-E0=     4553.90734

             COEFF.  WEIGHT      CONFIG.
             -0.720   0.518        3_1    6_1
              0.607   0.369        2_1    5_1
              0.261   0.068        2_1    3_2
              0.121   0.015        2_1    4_1
             -0.102   0.011        2_3
             -0.072   0.005        3_1    4_1    6_1
              0.068   0.005        2_1    4_1    5_1
              0.036   0.001        3_1    4_1    6_3
             -0.034   0.001        3_1    5_1    6_1

          o VIBRATIONALLY AVERAGED STRUCTURE

            - Q0 -
               -0.000000    0.000114   -0.099172
               -2.934417    0.283990    0.000403

            - X0 -
                0.000001    0.000444   -0.000000
                0.000002    2.087898    0.000000
                1.815825   -1.046586    0.000000
               -1.815835   -1.046594    0.000000

         > STATE 00031:   2_1    6_1

             E(VCI)   =    11487.52040
             E(VCI)-E0=     4560.75736

             COEFF.  WEIGHT      CONFIG.
              0.895   0.801        2_1    6_1
             -0.334   0.111        3_1    5_1
              0.205   0.042        2_2    3_1
             -0.111   0.012        3_1    4_1
              0.091   0.008        2_1    4_1    6_1
              0.085   0.007        2_1    5_1    6_1
              0.074   0.006        3_3
             -0.045   0.002        2_1    4_1    6_3
              0.039   0.001        2_1    3_1    6_1
             -0.032   0.001        2_1    5_1    6_3
             -0.032   0.001        3_1    4_1    5_1

          o VIBRATIONALLY AVERAGED STRUCTURE

            - Q0 -
               -0.000000   -0.000034    0.642131
               -2.960503    0.985280    0.000030

            - X0 -
               -0.000000    0.003527   -0.000000
               -0.000001    2.077192    0.000000
                1.815111   -1.059597    0.000000
               -1.815110   -1.059596    0.000000

         > STATE 00032:   2_4

             E(VCI)   =    12426.90731
             E(VCI)-E0=     5500.14427

             COEFF.  WEIGHT      CONFIG.
              0.761   0.579        2_4
             -0.394   0.155        2_2    4_1
              0.210   0.044        3_4
              0.199   0.040        2_2    5_1
             -0.171   0.029        1_2    2_2
              0.165   0.027        2_2    3_2
              0.143   0.021        3_2    4_1
              0.142   0.020        2_4    3_1
             -0.121   0.015        1_2    4_1
              0.105   0.011        1_4
              0.096   0.009        4_2
              0.083   0.007        1_2    3_2
             -0.083   0.007        2_2    3_1
             -0.075   0.006        2_4    4_1
              0.070   0.005        2_4    5_1
             -0.042   0.002        2_2    3_1    4_1
              0.040   0.002        2_5
              0.037   0.001        2_5    3_1
             -0.036   0.001        2_3    3_1    6_1
              0.033   0.001        3_2    5_1
             -0.033   0.001        2_2
             -0.033   0.001        2_2    4_2
              0.032   0.001        4_1    5_1
              0.032   0.001        2_4    5_2

          o VIBRATIONALLY AVERAGED STRUCTURE

            - Q0 -
               -0.000000    0.000030    2.025663
               -1.035186    0.594547    0.000030

            - X0 -
               -0.000000    0.005431   -0.000000
                0.000000    2.061125    0.000000
                1.777563   -1.062896    0.000000
               -1.777563   -1.062896    0.000000

         > STATE 00033:   3_4

             E(VCI)   =    12442.01386
             E(VCI)-E0=     5515.25082

             COEFF.  WEIGHT      CONFIG.
              0.775   0.601        3_4
              0.399   0.159        3_2    4_1
             -0.284   0.080        2_4
              0.196   0.038        3_2    5_1
              0.191   0.036        1_2    3_2
             -0.102   0.010        1_2    4_1
              0.100   0.010        2_2    4_1
              0.099   0.010        1_4
             -0.092   0.008        2_2    5_1
              0.080   0.006        2_2    3_2
             -0.074   0.006        3_4    5_1
             -0.073   0.005        3_4    4_1
              0.061   0.004        4_2
             -0.057   0.003        4_1    5_1
             -0.045   0.002        2_2    3_3
             -0.041   0.002        2_4    3_1
              0.037   0.001        3_3    5_1
              0.033   0.001        3_2    4_2
              0.032   0.001        3_2

          o VIBRATIONALLY AVERAGED STRUCTURE

            - Q0 -
               -0.000000   -0.000017   -2.406450
               -1.026436   -0.635947   -0.000044

            - X0 -
                0.000000   -0.006293   -0.000000
               -0.000000    2.073948    0.000000
                1.806550   -0.999512    0.000000
               -1.806550   -0.999512    0.000000

         > STATE 00034:   1_4

             E(VCI)   =    12471.94729
             E(VCI)-E0=     5545.18425

             COEFF.  WEIGHT      CONFIG.
              0.704   0.496        1_4
             -0.552   0.305        1_2    4_1
             -0.237   0.056        3_4
             -0.200   0.040        1_2    2_2
              0.173   0.030        1_2    3_2
             -0.161   0.026        2_4
              0.117   0.014        4_2
             -0.092   0.008        1_4    4_1
             -0.056   0.003        3_2    5_1
             -0.055   0.003        1_2    4_2
             -0.042   0.002        1_4    4_2
             -0.040   0.002        3_2    4_1
             -0.038   0.001        2_2    5_1
             -0.038   0.001        1_2
              0.036   0.001        1_5    4_1
             -0.036   0.001        2_2    3_2

          o VIBRATIONALLY AVERAGED STRUCTURE

            - Q0 -
                0.000000    0.000015   -0.126187
               -0.940266   -0.051745   -0.000006

            - X0 -
               -0.000000   -0.000372    0.000000
                0.000000    2.067006   -0.000000
                1.790200   -1.031290   -0.000000
               -1.790200   -1.031291   -0.000000

         > STATE 00035:   2_3    3_1

             E(VCI)   =    12485.42824
             E(VCI)-E0=     5558.66520

             COEFF.  WEIGHT      CONFIG.
              0.561   0.315        2_3    3_1
             -0.552   0.304        2_1    3_3
             -0.441   0.195        2_1    3_1    4_1
             -0.280   0.078        1_2    2_1    3_1
              0.155   0.024        3_2    6_1
             -0.150   0.022        2_2    6_1
              0.123   0.015        2_3    3_2
             -0.084   0.007        4_1    6_1
             -0.075   0.006        2_1    3_2
             -0.073   0.005        2_3
             -0.063   0.004        1_2    6_1
             -0.049   0.002        2_2    3_2    6_1
             -0.042   0.002        2_6
             -0.042   0.002        2_3    3_1    4_1
              0.041   0.002        2_1    3_3    4_1
              0.037   0.001        2_1    3_1    5_1
             -0.033   0.001        2_1    3_1    4_2
             -0.032   0.001        2_1    3_4
             -0.032   0.001        2_2    3_1    6_1

          o VIBRATIONALLY AVERAGED STRUCTURE

            - Q0 -
               -0.000000   -0.000077   -0.170866
               -1.321272    0.055750    0.000031

            - X0 -
                0.000000   -0.000218   -0.000000
               -0.000001    2.070117    0.000000
                1.795867   -1.033760    0.000000
               -1.795868   -1.033760    0.000000

         > STATE 00036:   1_1    3_3

             E(VCI)   =    12494.59949
             E(VCI)-E0=     5567.83645

             COEFF.  WEIGHT      CONFIG.
              0.616   0.379        1_1    3_3
              0.521   0.272        1_1    3_1    4_1
              0.490   0.240        1_3    3_1
              0.280   0.078        1_1    2_2    3_1
              0.084   0.007        1_1    3_1    5_1
              0.054   0.003        1_1    2_2    3_2
             -0.053   0.003        1_1    3_3    4_1
             -0.049   0.002        1_3    3_1    4_1
              0.046   0.002        1_1    3_1    4_2
             -0.045   0.002        1_1    2_1    6_1
             -0.036   0.001        1_1    3_3    5_1
              0.033   0.001        1_1    3_1

          o VIBRATIONALLY AVERAGED STRUCTURE

            - Q0 -
                0.000000   -0.000343   -1.218166
               -1.143475   -0.313535    0.000074

            - X0 -
                0.000001   -0.003166    0.000000
               -0.000006    2.072189   -0.000000
                1.800056   -1.017246   -0.000000
               -1.800060   -1.017242   -0.000000

         > STATE 00037:   1_1    2_3

             E(VCI)   =    12494.79420
             E(VCI)-E0=     5568.03116

             COEFF.  WEIGHT      CONFIG.
             -0.592   0.350        1_1    2_3
              0.531   0.282        1_1    2_1    4_1
              0.494   0.244        1_3    2_1
             -0.281   0.079        1_1    2_1    3_2
             -0.122   0.015        1_1    2_1    5_1
             -0.080   0.006        1_1    2_3    3_1
             -0.054   0.003        1_1    3_1    6_1
              0.052   0.003        1_1    2_3    4_1
             -0.050   0.003        1_3    2_1    4_1
              0.050   0.002        1_1    2_1    3_1
              0.046   0.002        1_1    2_1    4_2
              0.035   0.001        1_1    2_1
             -0.033   0.001        1_1    2_3    5_1

          o VIBRATIONALLY AVERAGED STRUCTURE

            - Q0 -
                0.000000    0.000272    1.009253
               -1.181221    0.220289   -0.000075

            - X0 -
               -0.000001    0.002534    0.000000
                0.000005    2.067712   -0.000000
                1.785225   -1.048940   -0.000000
               -1.785221   -1.048943   -0.000000

         > STATE 00038:   2_2    3_2

             E(VCI)   =    12525.83084
             E(VCI)-E0=     5599.06780

             COEFF.  WEIGHT      CONFIG.
             -0.848   0.719        2_2    3_2
              0.322   0.104        2_1    3_1    6_1
              0.177   0.031        2_4
              0.175   0.031        3_2    5_1
              0.170   0.029        3_4
              0.137   0.019        2_2    5_1
             -0.095   0.009        1_2    3_2
              0.093   0.009        2_2    3_3
             -0.089   0.008        3_2    4_1
              0.083   0.007        2_2    3_1
              0.082   0.007        1_4
              0.057   0.003        2_2    3_2    4_1
              0.054   0.003        1_2    2_2
              0.049   0.002        2_2    4_1
              0.047   0.002        6_2
              0.046   0.002        3_3
             -0.042   0.002        2_4    3_1
             -0.038   0.001        2_1    3_3    6_1
              0.033   0.001        2_3    3_1    6_1

          o VIBRATIONALLY AVERAGED STRUCTURE

            - Q0 -
               -0.000000   -0.000070   -0.079693
               -1.223343    0.083139   -0.000067

            - X0 -
               -0.000000    0.000028   -0.000000
               -0.000001    2.068494    0.000000
                1.794143   -1.034414    0.000000
               -1.794142   -1.034411    0.000000

         > STATE 00039:   2_1    3_3

             E(VCI)   =    12527.81938
             E(VCI)-E0=     5601.05634

             COEFF.  WEIGHT      CONFIG.
              0.655   0.429        2_1    3_3
              0.611   0.373        2_3    3_1
              0.279   0.078        2_1    3_1    5_1
             -0.222   0.049        2_2    6_1
             -0.209   0.044        3_2    6_1
             -0.074   0.006        2_3
              0.051   0.003        5_1    6_1
             -0.046   0.002        2_6
             -0.044   0.002        2_1    3_3    4_1
              0.043   0.002        2_3    3_2
             -0.042   0.002        2_3    3_1    4_1
              0.039   0.002        2_1    3_4

          o VIBRATIONALLY AVERAGED STRUCTURE

            - Q0 -
               -0.000000    0.000174   -0.154956
               -1.224226    0.038016   -0.000000

            - X0 -
               -0.000000   -0.000226   -0.000000
                0.000003    2.069161    0.000000
                1.794460   -1.033232    0.000000
               -1.794458   -1.033235    0.000000

         > STATE 00040:   1_1    2_2    3_1

             E(VCI)   =    12549.42181
             E(VCI)-E0=     5622.65877

             COEFF.  WEIGHT      CONFIG.
             -0.819   0.670        1_1    2_2    3_1
              0.441   0.194        1_1    3_3
              0.247   0.061        1_1    2_1    6_1
              0.215   0.046        1_1    3_1    5_1
              0.066   0.004        1_1    2_2
              0.063   0.004        1_1    2_2    3_1    4_1
             -0.063   0.004        1_3    3_1
             -0.063   0.004        1_1    2_2    3_2
             -0.051   0.003        1_1    2_4
             -0.038   0.001        1_1    3_2
             -0.036   0.001        1_1    3_3    4_1

          o VIBRATIONALLY AVERAGED STRUCTURE

            - Q0 -
                0.000000    0.000050    0.003743
               -1.003878    0.044143   -0.000038

            - X0 -
               -0.000000    0.000108    0.000000
                0.000001    2.066410   -0.000000
                1.790554   -1.033846   -0.000000
               -1.790552   -1.033846   -0.000000

         > STATE 00041:   1_1    2_1    3_2

             E(VCI)   =    12552.66806
             E(VCI)-E0=     5625.90502

             COEFF.  WEIGHT      CONFIG.
             -0.876   0.767        1_1    2_1    3_2
              0.345   0.119        1_1    2_3
             -0.254   0.064        1_1    3_1    6_1
              0.183   0.034        1_1    2_1    5_1
              0.067   0.004        1_1    2_1    3_2    4_1
              0.051   0.003        1_1    2_1    3_3
             -0.043   0.002        1_3    2_1

          o VIBRATIONALLY AVERAGED STRUCTURE

            - Q0 -
                0.000000   -0.000106   -0.306229
               -0.988927   -0.057904    0.000036

            - X0 -
                0.000000   -0.000749    0.000000
               -0.000002    2.067401   -0.000000
                1.792288   -1.029244   -0.000000
               -1.792290   -1.029243   -0.000000

         > STATE 00042:   1_2    2_2

             E(VCI)   =    12558.76993
             E(VCI)-E0=     5632.00688

             COEFF.  WEIGHT      CONFIG.
              0.780   0.608        1_2    2_2
              0.437   0.191        1_2    3_2
              0.225   0.050        2_2    4_1
              0.220   0.049        2_4
             -0.172   0.029        1_2    5_1
             -0.132   0.017        3_4
              0.131   0.017        1_4
              0.112   0.013        3_2    4_1
             -0.070   0.005        1_2    2_2    4_1
             -0.047   0.002        4_1    5_1
              0.046   0.002        2_2    5_1
              0.040   0.002        1_2    2_2    3_1
              0.039   0.002        2_4    3_1
             -0.039   0.002        1_2    3_2    4_1
             -0.036   0.001        3_2    5_1

          o VIBRATIONALLY AVERAGED STRUCTURE

            - Q0 -
                0.000000    0.000734    0.667280
               -0.854281    0.198718   -0.000359

            - X0 -
               -0.000002    0.001796    0.000000
                0.000013    2.062990   -0.000000
                1.784230   -1.042181   -0.000000
               -1.784216   -1.042188   -0.000000

         > STATE 00043:   1_2    3_2

             E(VCI)   =    12559.58022
             E(VCI)-E0=     5632.81718

             COEFF.  WEIGHT      CONFIG.
              0.745   0.555        1_2    3_2
             -0.370   0.137        1_4
             -0.364   0.133        1_2    2_2
             -0.221   0.049        3_4
             -0.193   0.037        2_2    3_2
              0.186   0.035        3_2    4_1
             -0.102   0.010        2_2    4_1
              0.093   0.009        2_1    3_1    6_1
             -0.082   0.007        2_4
             -0.066   0.004        1_2    3_2    4_1
             -0.053   0.003        1_2    5_1
             -0.052   0.003        1_2    2_2    3_1
              0.049   0.002        4_2
              0.047   0.002        1_4    4_1
              0.032   0.001        2_2    3_3
              0.032   0.001        1_2    2_2    4_1

          o VIBRATIONALLY AVERAGED STRUCTURE

            - Q0 -
                0.000000   -0.002793   -0.780849
               -0.771283   -0.244816    0.001095

            - X0 -
                0.000008   -0.002129    0.000000
               -0.000050    2.066845   -0.000000
                1.792414   -1.020763   -0.000000
               -1.792461   -1.020732   -0.000000

         > STATE 00044:   1_2    2_1    3_1

             E(VCI)   =    12560.01968
             E(VCI)-E0=     5633.25664

             COEFF.  WEIGHT      CONFIG.
             -0.863   0.745        1_2    2_1    3_1
              0.271   0.073        2_1    3_3
             -0.254   0.065        2_3    3_1
             -0.200   0.040        1_2    6_1
             -0.179   0.032        2_1    3_1    4_1
             -0.109   0.012        3_2    6_1
              0.096   0.009        2_2    6_1
              0.075   0.006        1_2    2_1    3_1    4_1
             -0.056   0.003        2_3    3_2
             -0.043   0.002        1_2    2_1    3_2
             -0.038   0.001        1_2    2_3
             -0.035   0.001        4_1    6_1
              0.034   0.001        1_2    2_1
              0.033   0.001        2_1    3_2

          o VIBRATIONALLY AVERAGED STRUCTURE

            - Q0 -
                0.000000    0.002078   -0.052503
               -0.956599    0.069953   -0.000779

            - X0 -
               -0.000006    0.000053    0.000000
                0.000038    2.065194   -0.000000
                1.790708   -1.032899   -0.000000
               -1.790675   -1.032923   -0.000000

         > STATE 00045:   1_3    3_1

             E(VCI)   =    12566.97511
             E(VCI)-E0=     5640.21207

             COEFF.  WEIGHT      CONFIG.
              0.713   0.508        1_3    3_1
             -0.553   0.306        1_1    3_3
             -0.339   0.115        1_1    2_2    3_1
              0.194   0.038        1_1    3_1    4_1
              0.102   0.010        1_1    2_1    6_1
             -0.075   0.006        1_1    3_1    5_1
             -0.069   0.005        1_3    3_1    4_1
             -0.056   0.003        1_1    2_2    3_2
              0.043   0.002        1_1    3_3    4_1

          o VIBRATIONALLY AVERAGED STRUCTURE

            - Q0 -
               -0.000000    0.000136   -0.942152
               -0.809969   -0.310824   -0.000066

            - X0 -
               -0.000000   -0.002604   -0.000000
                0.000003    2.068218    0.000000
                1.793784   -1.018607    0.000000
               -1.793782   -1.018608    0.000000

         > STATE 00046:   1_3    2_1

             E(VCI)   =    12569.45692
             E(VCI)-E0=     5642.69388

             COEFF.  WEIGHT      CONFIG.
             -0.715   0.511        1_3    2_1
             -0.616   0.379        1_1    2_3
             -0.201   0.040        1_1    2_1    3_2
             -0.175   0.031        1_1    2_1    4_1
             -0.115   0.013        1_1    2_1    5_1
             -0.076   0.006        1_1    2_3    3_1
             -0.073   0.005        1_1    3_1    6_1
              0.069   0.005        1_3    2_1    4_1
              0.048   0.002        1_1    2_3    4_1
              0.038   0.001        1_1    2_1    3_1

          o VIBRATIONALLY AVERAGED STRUCTURE

            - Q0 -
               -0.000000   -0.000001    1.030309
               -0.791085    0.364226    0.000023

            - X0 -
                0.000000    0.002903   -0.000000
               -0.000000    2.059917    0.000000
                1.781605   -1.047238    0.000000
               -1.781605   -1.047238    0.000000

         > STATE 00047:   2_2    4_1

             E(VCI)   =    12681.62606
             E(VCI)-E0=     5754.86302

             COEFF.  WEIGHT      CONFIG.
              0.505   0.255        2_2    4_1
             -0.468   0.219        3_2    4_1
             -0.430   0.185        4_2
             -0.291   0.085        1_2    2_2
              0.260   0.068        1_2    3_2
              0.219   0.048        3_4
              0.218   0.048        2_4
             -0.174   0.030        2_1    3_1    6_1
              0.108   0.012        1_4
              0.093   0.009        1_2    4_1
              0.067   0.004        2_2    3_2
              0.054   0.003        2_5
              0.051   0.003        2_2    6_2
             -0.050   0.002        3_2    6_2
              0.048   0.002        2_2    3_1    4_1
              0.045   0.002        2_2    5_2
              0.044   0.002        2_4    3_1
              0.044   0.002        4_1    5_2
             -0.042   0.002        3_2    5_2
              0.040   0.002        3_5
             -0.038   0.001        2_1    3_1    4_1    6_1
              0.035   0.001        4_1    6_2

          o VIBRATIONALLY AVERAGED STRUCTURE

            - Q0 -
               -0.000000   -0.000005    0.019815
               -2.635516   -0.032650    0.000009

            - X0 -
                0.000000   -0.000034   -0.000000
               -0.000000    2.089800    0.000000
                1.808851   -1.044697    0.000000
               -1.808851   -1.044697    0.000000

         > STATE 00048:   2_1    3_1    4_1

             E(VCI)   =    12702.33878
             E(VCI)-E0=     5775.57574

             COEFF.  WEIGHT      CONFIG.
             -0.813   0.661        2_1    3_1    4_1
              0.321   0.103        1_2    2_1    3_1
             -0.273   0.074        3_2    6_1
              0.222   0.049        2_2    6_1
             -0.177   0.031        2_3    3_1
              0.165   0.027        2_1    3_3
              0.102   0.010        1_2    6_1
             -0.095   0.009        4_1    6_1
             -0.090   0.008        2_1    3_1    6_2
             -0.068   0.005        2_1    3_1    5_2
             -0.044   0.002        3_2    4_1    6_1
              0.041   0.002        2_2    4_1    6_1
             -0.036   0.001        2_1    3_2    4_1
             -0.033   0.001        2_3    3_2
              0.032   0.001        2_1    3_1    4_2    6_2

          o VIBRATIONALLY AVERAGED STRUCTURE

            - Q0 -
               -0.000000   -0.000002   -0.035874
               -2.665804    0.137817    0.000001

            - X0 -
               -0.000000    0.000240   -0.000000
               -0.000000    2.087033    0.000000
                1.811011   -1.044946    0.000000
               -1.811011   -1.044946    0.000000

         > STATE 00049:   3_2    4_1

             E(VCI)   =    12713.30215
             E(VCI)-E0=     5786.53911

             COEFF.  WEIGHT      CONFIG.
             -0.608   0.369        3_2    4_1
             -0.577   0.333        2_2    4_1
              0.245   0.060        1_2    3_2
             -0.243   0.059        2_4
              0.241   0.058        3_4
              0.225   0.051        1_2    2_2
              0.164   0.027        4_1    5_1
             -0.068   0.005        2_5
              0.064   0.004        2_2    5_1
             -0.063   0.004        1_2    5_1
             -0.054   0.003        3_2    6_2
              0.052   0.003        3_5
             -0.052   0.003        3_2    5_2
             -0.047   0.002        2_2    5_2
             -0.043   0.002        2_2    6_2
             -0.041   0.002        2_4    3_1

          o VIBRATIONALLY AVERAGED STRUCTURE

            - Q0 -
               -0.000000    0.000009   -0.120492
               -2.506244   -0.251537   -0.000021

            - X0 -
               -0.000000   -0.000813   -0.000000
                0.000000    2.091698    0.000000
                1.806869   -1.041009    0.000000
               -1.806869   -1.041009    0.000000

         > STATE 00050:   1_2    4_1

             E(VCI)   =    12734.43937
             E(VCI)-E0=     5807.67633

             COEFF.  WEIGHT      CONFIG.
             -0.655   0.428        1_2    4_1
             -0.497   0.247        1_4
              0.342   0.117        4_2
             -0.250   0.062        3_2    4_1
              0.241   0.058        2_2    4_1
             -0.134   0.018        2_1    3_1    6_1
              0.100   0.010        1_5
              0.090   0.008        3_4
              0.084   0.007        1_2    2_2
              0.069   0.005        2_4
              0.061   0.004        1_2    5_1
             -0.061   0.004        1_2    5_2
              0.056   0.003        1_4    4_1
             -0.056   0.003        1_2    6_2
             -0.051   0.003        1_2    3_2
             -0.048   0.002        6_2
             -0.046   0.002        4_1    6_2
             -0.042   0.002        4_1    5_2
             -0.039   0.001        1_2    4_2
              0.035   0.001        2_2    5_1
             -0.032   0.001        1_2

          o VIBRATIONALLY AVERAGED STRUCTURE

            - Q0 -
               -0.000000   -0.000004   -0.011670
               -2.366455   -0.167161   -0.000001

            - X0 -
                0.000000   -0.000402   -0.000000
               -0.000000    2.088525    0.000000
                1.804944   -1.041867    0.000000
               -1.804944   -1.041867    0.000000

         > STATE 00051:   1_1    3_1    4_1

             E(VCI)   =    12747.74006
             E(VCI)-E0=     5820.97702

             COEFF.  WEIGHT      CONFIG.
             -0.803   0.644        1_1    3_1    4_1
              0.483   0.233        1_3    3_1
              0.240   0.058        1_1    3_3
             -0.173   0.030        1_1    2_1    6_1
              0.085   0.007        1_1    3_1    5_1
              0.082   0.007        1_1    2_2    3_1
             -0.073   0.005        1_1    3_1    6_2
             -0.073   0.005        1_1    3_1    5_2
             -0.038   0.001        1_1    3_1    4_2
             -0.037   0.001        1_3    3_1    4_1

          o VIBRATIONALLY AVERAGED STRUCTURE

            - Q0 -
                0.000000   -0.000275   -0.644058
               -2.316885   -0.401420    0.000256

            - X0 -
                0.000001   -0.002208    0.000000
               -0.000005    2.090757   -0.000000
                1.808057   -1.032233   -0.000000
               -1.808066   -1.032232   -0.000000

         > STATE 00052:   1_1    2_1    4_1

             E(VCI)   =    12748.99044
             E(VCI)-E0=     5822.22740

             COEFF.  WEIGHT      CONFIG.
             -0.793   0.629        1_1    2_1    4_1
              0.474   0.225        1_3    2_1
             -0.290   0.084        1_1    2_3
             -0.192   0.037        1_1    3_1    6_1
             -0.073   0.005        1_1    2_1    6_2
             -0.071   0.005        1_1    2_1    5_2
              0.049   0.002        1_1    2_1    5_1
             -0.044   0.002        1_1    2_1    3_2
             -0.037   0.001        1_1    2_1    4_2
             -0.036   0.001        1_3    2_1    4_1

          o VIBRATIONALLY AVERAGED STRUCTURE

            - Q0 -
                0.000000    0.000232    0.660855
               -2.292705    0.042477   -0.000276

            - X0 -
               -0.000001    0.001429    0.000000
                0.000004    2.085156   -0.000000
                1.799852   -1.051083   -0.000000
               -1.799843   -1.051083   -0.000000

         > STATE 00053:   2_2    5_1

             E(VCI)   =    12799.06294
             E(VCI)-E0=     5872.29990

             COEFF.  WEIGHT      CONFIG.
             -0.776   0.603        2_2    5_1
              0.322   0.103        2_1    3_1    6_1
             -0.265   0.070        1_2    5_1
             -0.245   0.060        4_1    5_1
              0.180   0.032        2_4
              0.137   0.019        3_2    5_1
             -0.127   0.016        3_2    4_1
              0.120   0.014        5_2
             -0.100   0.010        2_2    4_1
             -0.097   0.009        1_2    4_1
              0.093   0.009        2_5
              0.079   0.006        6_2
              0.071   0.005        2_2    3_2
             -0.066   0.004        2_2    4_1    5_1
             -0.065   0.004        2_2    6_2
             -0.054   0.003        1_4
             -0.053   0.003        2_2    3_1    5_1
              0.051   0.003        2_1    3_1    5_1    6_1
              0.042   0.002        2_4    3_1
             -0.038   0.001        2_1    6_1
             -0.038   0.001        2_2    5_2
              0.037   0.001        4_2    5_1
             -0.036   0.001        4_2
             -0.035   0.001        2_2    4_1    5_3
              0.034   0.001        2_2
             -0.033   0.001        2_2    5_3

          o VIBRATIONALLY AVERAGED STRUCTURE

            - Q0 -
               -0.000000   -0.000147    0.705559
               -2.821979   -0.422126    0.000019

            - X0 -
                0.000000    0.000466   -0.000000
               -0.000003    2.100716    0.000000
                1.802029   -1.053132    0.000000
               -1.802031   -1.053130    0.000000

         > STATE 00054:   3_2    6_1

             E(VCI)   =    12808.15713
             E(VCI)-E0=     5881.39409

             COEFF.  WEIGHT      CONFIG.
              0.715   0.512        3_2    6_1
              0.383   0.147        2_1    3_1    5_1
             -0.328   0.107        4_1    6_1
             -0.312   0.097        1_2    6_1
              0.203   0.041        2_1    3_3
             -0.168   0.028        2_3    3_1
             -0.137   0.019        2_1    3_1    4_1
              0.126   0.016        1_2    2_1    3_1
             -0.065   0.004        2_2    6_1
              0.050   0.003        3_2    4_1    6_1
              0.048   0.002        4_2    6_1
              0.039   0.002        3_2    5_1    6_1
              0.037   0.001        2_1    3_1    6_2
             -0.037   0.001        2_2    3_1    6_1
             -0.036   0.001        2_3    3_2
             -0.033   0.001        3_2    4_1    6_3
              0.032   0.001        6_1

          o VIBRATIONALLY AVERAGED STRUCTURE

            - Q0 -
               -0.000000    0.000056   -0.696655
               -2.797657    0.115387    0.000054

            - X0 -
               -0.000000   -0.001143   -0.000000
                0.000001    2.087849    0.000000
                1.818134   -1.037119    0.000000
               -1.818135   -1.037121    0.000000

         > STATE 00055:   1_2    5_1

             E(VCI)   =    12828.53715
             E(VCI)-E0=     5901.77411

             COEFF.  WEIGHT      CONFIG.
             -0.760   0.577        1_2    5_1
             -0.332   0.110        2_1    3_1    6_1
             -0.277   0.077        4_1    5_1
              0.263   0.069        3_2    5_1
              0.194   0.038        2_2    5_1
              0.176   0.031        4_2
             -0.128   0.016        6_2
             -0.124   0.015        1_2    2_2
             -0.100   0.010        1_2    3_2
              0.079   0.006        1_2    4_1
             -0.072   0.005        2_2    3_2
             -0.068   0.005        4_1    6_2
             -0.063   0.004        5_2
             -0.060   0.004        3_4
             -0.050   0.002        1_2    4_1    5_1
             -0.048   0.002        2_4
              0.041   0.002        4_2    5_1
              0.040   0.002        5_1
             -0.039   0.002        5_1    6_2
             -0.038   0.001        3_2    4_1
             -0.036   0.001        1_2    4_1    5_3
             -0.036   0.001        1_2    6_2
              0.032   0.001        1_4
             -0.032   0.001        2_5

          o VIBRATIONALLY AVERAGED STRUCTURE

            - Q0 -
               -0.000000   -0.000001   -0.237088
               -2.872627   -0.695389   -0.000219

            - X0 -
               -0.000000   -0.002054   -0.000000
                0.000000    2.104358    0.000000
                1.808720   -1.039953    0.000000
               -1.808715   -1.039950    0.000000

         > STATE 00056:   1_1    2_1    5_1

             E(VCI)   =    12832.44439
             E(VCI)-E0=     5905.68135

             COEFF.  WEIGHT      CONFIG.
              0.743   0.552        1_1    2_1    5_1
              0.618   0.382        1_1    3_1    6_1
             -0.184   0.034        1_1    2_3
             -0.096   0.009        1_1    2_1    3_2
              0.058   0.003        1_1    2_1    6_2
              0.057   0.003        1_1    2_1    4_1    5_1
              0.052   0.003        1_1    3_1    5_1    6_1
              0.044   0.002        1_1    3_1    4_1    6_1
              0.036   0.001        1_1    2_1    4_1    5_3
             -0.033   0.001        1_1    2_1    4_1

          o VIBRATIONALLY AVERAGED STRUCTURE

            - Q0 -
                0.000000   -0.000035    0.067127
               -2.639130   -0.363697    0.000009

            - X0 -
                0.000000   -0.000689    0.000000
               -0.000001    2.095888   -0.000000
                1.805914   -1.043842   -0.000000
               -1.805915   -1.043842   -0.000000

         > STATE 00057:   1_2    6_1

             E(VCI)   =    12836.68907
             E(VCI)-E0=     5909.92603

             COEFF.  WEIGHT      CONFIG.
             -0.767   0.589        1_2    6_1
             -0.401   0.161        2_1    3_1    5_1
             -0.277   0.077        3_2    6_1
             -0.265   0.070        4_1    6_1
             -0.202   0.041        2_2    6_1
              0.185   0.034        1_2    2_1    3_1
             -0.060   0.004        1_2    5_1    6_1
             -0.047   0.002        1_2    4_1    6_1
              0.043   0.002        2_1    3_1    4_1
              0.040   0.002        4_2    6_1
             -0.036   0.001        5_1    6_1
              0.036   0.001        1_2    4_1    6_3
              0.035   0.001        6_1
             -0.035   0.001        2_1    3_1    4_1    5_1
              0.034   0.001        2_3    3_1
             -0.034   0.001        4_1    5_1    6_1

          o VIBRATIONALLY AVERAGED STRUCTURE

            - Q0 -
               -0.000000   -0.000092    0.091148
               -2.723768    0.553463    0.000281

            - X0 -
                0.000001    0.001438   -0.000000
               -0.000002    2.080617    0.000000
                1.813799   -1.048868    0.000000
               -1.813807   -1.048871    0.000000

         > STATE 00058:   3_2    5_1

             E(VCI)   =    12857.74548
             E(VCI)-E0=     5930.98244

             COEFF.  WEIGHT      CONFIG.
              0.527   0.278        3_2    5_1
              0.438   0.192        1_2    5_1
             -0.379   0.144        2_1    3_1    6_1
              0.349   0.122        4_2
             -0.278   0.078        2_2    5_1
              0.245   0.060        1_2    4_1
             -0.154   0.024        6_2
             -0.113   0.013        3_4
              0.107   0.012        1_4
              0.105   0.011        1_2    3_2
             -0.098   0.010        2_2    3_2
             -0.080   0.006        5_2
             -0.078   0.006        4_1    6_2
             -0.074   0.006        3_2    4_1
              0.066   0.004        2_4
             -0.060   0.004        3_5
             -0.057   0.003        4_1    5_2
             -0.051   0.003        1_5
              0.049   0.002        1_2    6_2
              0.047   0.002        3_2    4_1    5_1
              0.044   0.002        2_5
             -0.037   0.001        2_1    3_1    4_1    6_1
             -0.036   0.001        3_2    5_2
              0.032   0.001        1_2    2_2

          o VIBRATIONALLY AVERAGED STRUCTURE

            - Q0 -
               -0.000000   -0.000252   -0.473686
               -3.016618   -0.307040   -0.000294

            - X0 -
               -0.000000   -0.001651   -0.000000
               -0.000004    2.098840    0.000000
                1.815474   -1.039596    0.000000
               -1.815468   -1.039588    0.000000

         > STATE 00059:   3_2    5_1

             E(VCI)   =    12862.99364
             E(VCI)-E0=     5936.23060

             COEFF.  WEIGHT      CONFIG.
              0.683   0.466        3_2    5_1
             -0.366   0.134        4_2
              0.281   0.079        2_2    5_1
              0.278   0.077        2_1    3_1    6_1
              0.256   0.065        2_2    3_2
             -0.205   0.042        1_2    4_1
             -0.193   0.037        3_4
             -0.125   0.016        5_2
              0.118   0.014        6_2
             -0.106   0.011        3_5
             -0.085   0.007        1_4
             -0.078   0.006        2_4
              0.077   0.006        1_2    5_1
              0.066   0.004        4_1    6_2
              0.062   0.004        3_2    4_1    5_1
              0.060   0.004        3_2    6_2
             -0.056   0.003        4_1    5_1
             -0.044   0.002        2_5
              0.041   0.002        1_5
             -0.041   0.002        3_2    5_2
              0.037   0.001        1_2    2_2
              0.033   0.001        3_2    4_1    5_3
              0.033   0.001        2_1    3_1    5_1    6_1

          o VIBRATIONALLY AVERAGED STRUCTURE

            - Q0 -
               -0.000000   -0.000009   -0.859585
               -2.955193   -0.872748    0.000009

            - X0 -
                0.000000   -0.003711   -0.000000
               -0.000000    2.107369    0.000000
                1.813730   -1.031592    0.000000
               -1.813732   -1.031593    0.000000

(  FINALIZE VCI MODULE  )

            (MEMORY INFO)
            -- CURRENT USAGE    [     0.09 MB /    30.00 MB (  0.3 % ) ]  -- 
            -- IN THE LAST STEP [     3.89 MB /    30.00 MB ( 13.0 % ) ]  -- 

            (CLOCK) ---->  LAST STEP: USER     0.45, SYSTEM     0.03 SECS   <----


(  FINALIZE TARGET MODULE  )


(  FINALIZE VIB MODULE  )


(  FINALIZE NMA MODULE  )


(  FINALIZE MOL MODULE  )



   (TOTAL MEMORY USAGE)   [     3.89 MB /    30.00 MB ( 13.0 % ) ] 

   (CLOCK) ---->  TOTAL CPU-TIME  <----
            >     USER :   0 DAYS   0 HOURS   0 MINS   1.2 SECS 
            >    SYSTEM:   0 DAYS   0 HOURS   0 MINS   0.0 SECS 

