 -------------------------------------------------------
                                                      
    ***   WELCOME TO SINDO PROGRAM                    
     ***                (  VERSION 3.4  NARITA  ) 
      ***                                             
       ***       COPYRIGHT 2013:                      
        ***         KIYOSHI YAGI  KIYOSHI.YAGI@RIKEN.JP
                                                      
 -------------------------------------------------------

     JOB STARTED AT: Tue May 14 12:14:34 2013
     RUNNING ON kyagi-mac.local                 


(  SETUP MEM MODULE  )

   o MAXIMUM MEMORY :   30 MB


(  SETUP MOL MODULE  )


   READ DATA FROM A MINFO FILE : [ eq-singlet.minfo ]


(  ENTER NMA MODULE  )


      o ATOMIC MASS
        21874.6618   1837.1527   1837.1527   1837.1527

      o REFERENCE GEOMETRY
         -0.000000   -0.000000   -0.000000
         -0.000000    2.053673   -0.000000
          1.778533   -1.026836   -0.000000
         -1.778533   -1.026836   -0.000000

      o NORMAL DISPLACEMENT VECTOR
          0.000000   -0.000000    0.448609
         -0.000000    0.000000   -0.515994
         -0.000000   -0.000000   -0.515994
         -0.000000    0.000000   -0.515994

         -0.298165    0.000001    0.000000
          0.774326    0.000000   -0.000000
          0.127263    0.373578   -0.000000
          0.127267   -0.373583   -0.000000

          0.000001    0.298165    0.000000
         -0.000004    0.088422   -0.000000
         -0.373581   -0.558640   -0.000000
          0.373580   -0.558637   -0.000000

         -0.000000   -0.000000    0.000000
          0.000000   -0.577350   -0.000000
         -0.500000    0.288675   -0.000000
          0.500000    0.288675   -0.000000

         -0.000022    0.335183    0.000000
          0.000000   -0.769263   -0.000000
          0.332359   -0.193687   -0.000000
         -0.332284   -0.193644   -0.000000

          0.335183    0.000022   -0.000000
         -0.001799   -0.000050    0.000000
         -0.577375    0.332309    0.000000
         -0.577418   -0.332334    0.000000


      o TRANSLATIONAL VECTOR
          0.893728    0.000000    0.000000
          0.259005    0.000000    0.000000
          0.259005    0.000000    0.000000
          0.259005    0.000000    0.000000

          0.000000    0.893728    0.000000
          0.000000    0.259005    0.000000
          0.000000    0.259005    0.000000
          0.000000    0.259005    0.000000

          0.000000    0.000000    0.893728
          0.000000    0.000000    0.259005
          0.000000    0.000000    0.259005
          0.000000    0.000000    0.259005


      o ROTATIONAL VECTOR
          0.000000    0.000000    0.000000
          0.000000    0.000000    0.816497
          0.000000    0.000000   -0.408248
          0.000000    0.000000   -0.408248

         -0.000000    0.000000    0.000000
         -0.000000    0.000000    0.000000
         -0.000000    0.000000   -0.707107
         -0.000000    0.000000    0.707107

         -0.000000   -0.000000    0.000000
         -0.577350   -0.000000    0.000000
          0.288675    0.500000    0.000000
          0.288675   -0.500000    0.000000

(  SETUP OF NMA COMPLETED  )



(  SETUP VIB MODULE  )

   >> RUN OPTIONS
      VSCF    =     F
      OC-VSCF =     F
      VCI     =     T
      VPT     =     F
      VQDPT   =     F
      PRPT    =     F


   >> BASIS FUNCTIONS
      MODE :         1        2        3        4        5        6
      MAXV :         6        6        6        6        6        6
      FREQ :   1451.59  1455.21  1455.21  3086.89  3292.80  3292.80


(  SETUP TARGET MODULE  )

   >> TARGET STATES
       000   : ZERO-POINT STATE


(  SETUP MRPES MODULE  )

   >> POTENTIAL

      [  OPTIONS  ]

         MR         =        3
         MCS_CUTOFF = 0.10E-03
         MCS_GRID   = -.10E+01
         POTDIR     = ./


         1MR-PEF

         o GRID PEF

           MODE=   1, GRID=   7    MP2/cc-pVTZ (7)
           MODE=   2, GRID=   7    MP2/cc-pVTZ (7)
           MODE=   3, GRID=   7    MP2/cc-pVTZ (7)
           MODE=   4, GRID=   7    MP2/cc-pVTZ (7)
           MODE=   5, GRID=   7    MP2/cc-pVTZ (7)
           MODE=   6, GRID=   7    MP2/cc-pVTZ (7)


         2MR-PEF

         o GRID PEF

           MODE=   2   1, GRID=   7   7    MP2/cc-pVTZ (7)
           MODE=   3   1, GRID=   7   7    MP2/cc-pVTZ (7)
           MODE=   3   2, GRID=   7   7    MP2/cc-pVTZ (7)
           MODE=   4   1, GRID=   7   7    MP2/cc-pVTZ (7)
           MODE=   4   2, GRID=   7   7    MP2/cc-pVTZ (7)
           MODE=   4   3, GRID=   7   7    MP2/cc-pVTZ (7)
           MODE=   5   1, GRID=   7   7    MP2/cc-pVTZ (7)
           MODE=   5   2, GRID=   7   7    MP2/cc-pVTZ (7)
           MODE=   5   3, GRID=   7   7    MP2/cc-pVTZ (7)
           MODE=   5   4, GRID=   7   7    MP2/cc-pVTZ (7)
           MODE=   6   1, GRID=   7   7    MP2/cc-pVTZ (7)
           MODE=   6   2, GRID=   7   7    MP2/cc-pVTZ (7)
           MODE=   6   3, GRID=   7   7    MP2/cc-pVTZ (7)
           MODE=   6   4, GRID=   7   7    MP2/cc-pVTZ (7)
           MODE=   6   5, GRID=   7   7    MP2/cc-pVTZ (7)


         3MR-PEF

         o GRID PEF

           MODE=   3   2   1, GRID=   7   7   7    MP2/cc-pVTZ (7)
           MODE=   4   2   1, GRID=   7   7   7    MP2/cc-pVTZ (7)
           MODE=   4   3   1, GRID=   7   7   7    MP2/cc-pVTZ (7)
           MODE=   4   3   2, GRID=   7   7   7    MP2/cc-pVTZ (7)
           MODE=   5   2   1, GRID=   7   7   7    MP2/cc-pVTZ (7)
           MODE=   5   3   1, GRID=   7   7   7    MP2/cc-pVTZ (7)
           MODE=   5   3   2, GRID=   7   7   7    MP2/cc-pVTZ (7)
           MODE=   5   4   1, GRID=   7   7   7    MP2/cc-pVTZ (7)
           MODE=   5   4   2, GRID=   7   7   7    MP2/cc-pVTZ (7)
           MODE=   5   4   3, GRID=   7   7   7    MP2/cc-pVTZ (7)
           MODE=   6   2   1, GRID=   7   7   7    MP2/cc-pVTZ (7)
           MODE=   6   3   1, GRID=   7   7   7    MP2/cc-pVTZ (7)
           MODE=   6   3   2, GRID=   7   7   7    MP2/cc-pVTZ (7)
           MODE=   6   4   1, GRID=   7   7   7    MP2/cc-pVTZ (7)
           MODE=   6   4   2, GRID=   7   7   7    MP2/cc-pVTZ (7)
           MODE=   6   4   3, GRID=   7   7   7    MP2/cc-pVTZ (7)
           MODE=   6   5   1, GRID=   7   7   7    MP2/cc-pVTZ (7)
           MODE=   6   5   2, GRID=   7   7   7    MP2/cc-pVTZ (7)
           MODE=   6   5   3, GRID=   7   7   7    MP2/cc-pVTZ (7)
           MODE=   6   5   4, GRID=   7   7   7    MP2/cc-pVTZ (7)


(  FINALIZE MRPES MODULE  )

            (MEMORY INFO)
            -- CURRENT USAGE    [     0.09 MB /    30.00 MB (  0.3 % ) ]  -- 
            -- IN THE LAST STEP [     0.22 MB /    30.00 MB (  0.7 % ) ]  -- 

            (CLOCK) ---->  LAST STEP: USER     0.03, SYSTEM     0.01 SECS   <----


(  ENTER VCI MODULE  )

   >> VCI OPTIONS

       o VCI SPACE SELECTION
         - MAX NUM. OF MODES TO EXCITE :          4
         - MAX SUM OF QUANTUM NUM.     :          6
         - MAX EXCITATION OF EACH MODE :    6  6  6  6  6  6

       o VCI DIMENSION  :        710
       o NUM_OF_STATES  :         60

   >> VCI WITH HO REFERENCE

       o DUMP VCI WFN    : [ vci-w.wfn ]

       o VIB. AV. GEOM. : T

   >> VCI MAIN

      o FORMING HAMILTONIAN MATRIX     ... DONE

            (CLOCK) ---->  LAST STEP: USER     0.25, SYSTEM     0.00 SECS   <----

      o DIAGONALIZING HAMILTONIAN MATRIX     ... DONE

            (CLOCK) ---->  LAST STEP: USER     0.18, SYSTEM     0.00 SECS   <----


         > STATE 00000: ZERO-POINT STATE

             E(VCI)   =     6927.53814

             COEFF.  WEIGHT      CONFIG.
              0.987   0.975        0_0
             -0.146   0.021        4_1

          o VIBRATIONALLY AVERAGED STRUCTURE

            - Q0 -
               -0.000000   -0.000000   -0.001880
               -1.788645   -0.001659   -0.000000

            - X0 -
                0.000000   -0.000008   -0.000000
                0.000000    2.077792    0.000000
                1.799401   -1.038851    0.000000
               -1.799401   -1.038851    0.000000

         > STATE 00001:   1_1

             E(VCI)   =     8337.62818
             E(VCI)-E0=     1410.09004

             COEFF.  WEIGHT      CONFIG.
              0.991   0.981        1_1
             -0.119   0.014        1_1    4_1

          o VIBRATIONALLY AVERAGED STRUCTURE

            - Q0 -
               -0.000000   -0.000000    0.000164
               -1.459578   -0.001980   -0.000000

            - X0 -
                0.000000   -0.000004   -0.000000
               -0.000000    2.073369    0.000000
                1.795542   -1.036660    0.000000
               -1.795542   -1.036660    0.000000

         > STATE 00002:   3_1

             E(VCI)   =     8338.92215
             E(VCI)-E0=     1411.38401

             COEFF.  WEIGHT      CONFIG.
              0.989   0.978        3_1
             -0.127   0.016        3_1    4_1

          o VIBRATIONALLY AVERAGED STRUCTURE

            - Q0 -
               -0.000000   -0.000022   -0.642300
               -1.552470   -0.205879   -0.000021

            - X0 -
                0.000000   -0.001761   -0.000000
               -0.000000    2.076954    0.000000
                1.800645   -1.027991    0.000000
               -1.800645   -1.027990    0.000000

         > STATE 00003:   2_1

             E(VCI)   =     8347.96025
             E(VCI)-E0=     1420.42211

             COEFF.  WEIGHT      CONFIG.
              0.989   0.979        2_1
             -0.127   0.016        2_1    4_1
              0.036   0.001        2_1    3_1

          o VIBRATIONALLY AVERAGED STRUCTURE

            - Q0 -
               -0.000000    0.000011    0.633036
               -1.547589    0.202880   -0.000000

            - X0 -
               -0.000000    0.001736   -0.000000
                0.000000    2.072183    0.000000
                1.792642   -1.046427    0.000000
               -1.792641   -1.046427    0.000000

         > STATE 00004:   1_2

             E(VCI)   =     9714.05359
             E(VCI)-E0=     2786.51545

             COEFF.  WEIGHT      CONFIG.
              0.601   0.361        1_2
              0.554   0.307        3_2
              0.402   0.161        2_2
              0.376   0.141        4_1
             -0.099   0.010        4_2
             -0.054   0.003        3_2    4_1
             -0.049   0.002        1_2    4_1
              0.049   0.002        2_2    3_1
              0.041   0.002        0_0
             -0.037   0.001        2_2    4_1
             -0.035   0.001        3_3

          o VIBRATIONALLY AVERAGED STRUCTURE

            - Q0 -
               -0.000000   -0.000046   -0.210846
               -1.435492   -0.048364   -0.000000

            - X0 -
                0.000000   -0.000535   -0.000000
               -0.000001    2.073442    0.000000
                1.796741   -1.033538    0.000000
               -1.796741   -1.033537    0.000000

         > STATE 00005:   3_2

             E(VCI)   =     9741.17834
             E(VCI)-E0=     2813.64020

             COEFF.  WEIGHT      CONFIG.
             -0.780   0.609        3_2
              0.437   0.191        2_2
              0.394   0.155        1_2
              0.136   0.019        5_1
              0.086   0.007        3_2    4_1
              0.060   0.004        4_1
              0.048   0.002        3_3
             -0.046   0.002        2_2    4_1
             -0.035   0.001        1_2    4_1
             -0.032   0.001        3_1

          o VIBRATIONALLY AVERAGED STRUCTURE

            - Q0 -
               -0.000000   -0.000145   -0.534901
               -1.319885   -0.184005    0.000031

            - X0 -
                0.000000   -0.001495   -0.000000
               -0.000003    2.073650    0.000000
                1.797164   -1.027924    0.000000
               -1.797166   -1.027922    0.000000

         > STATE 00006:   1_1    3_1

             E(VCI)   =     9745.56058
             E(VCI)-E0=     2818.02244

             COEFF.  WEIGHT      CONFIG.
             -0.992   0.983        1_1    3_1
              0.100   0.010        1_1    3_1    4_1

          o VIBRATIONALLY AVERAGED STRUCTURE

            - Q0 -
               -0.000000   -0.000020   -0.645993
               -1.232053   -0.214827   -0.000020

            - X0 -
                0.000000   -0.001789   -0.000000
               -0.000000    2.072791    0.000000
                1.796870   -1.025744    0.000000
               -1.796870   -1.025744    0.000000

         > STATE 00007:   2_2

             E(VCI)   =     9749.07739
             E(VCI)-E0=     2821.53924

             COEFF.  WEIGHT      CONFIG.
              0.757   0.573        2_2
             -0.621   0.386        1_2
              0.125   0.016        3_2
             -0.083   0.007        2_2    4_1
              0.075   0.006        5_1
              0.058   0.003        1_2    4_1
              0.057   0.003        2_2    3_1

          o VIBRATIONALLY AVERAGED STRUCTURE

            - Q0 -
               -0.000000    0.003760    0.704868
               -1.251745    0.239562   -0.000076

            - X0 -
               -0.000008    0.001964   -0.000000
                0.000068    2.067688    0.000000
                1.788861   -1.045504    0.000000
               -1.788836   -1.045568    0.000000

         > STATE 00008:   1_1    2_1

             E(VCI)   =     9749.31040
             E(VCI)-E0=     2821.77226

             COEFF.  WEIGHT      CONFIG.
             -0.992   0.984        1_1    2_1
              0.099   0.010        1_1    2_1    4_1
             -0.035   0.001        1_1    2_1    3_1

          o VIBRATIONALLY AVERAGED STRUCTURE

            - Q0 -
               -0.000000   -0.000000    0.629868
               -1.218133    0.192301   -0.000000

            - X0 -
               -0.000000    0.001706    0.000000
               -0.000000    2.067929   -0.000000
                1.788744   -1.044119   -0.000000
               -1.788744   -1.044119   -0.000000

         > STATE 00009:   2_1    3_1

             E(VCI)   =     9749.34572
             E(VCI)-E0=     2821.80758

             COEFF.  WEIGHT      CONFIG.
             -0.974   0.948        2_1    3_1
              0.171   0.029        6_1
              0.107   0.011        2_1    3_1    4_1
             -0.043   0.002        4_1    6_1
             -0.042   0.002        2_3
              0.036   0.001        2_1

          o VIBRATIONALLY AVERAGED STRUCTURE

            - Q0 -
               -0.000000   -0.003548   -0.008862
               -1.381377    0.033001    0.000021

            - X0 -
                0.000007    0.000057   -0.000000
               -0.000064    2.071669    0.000000
                1.794969   -1.036204    0.000000
               -1.794991   -1.036143    0.000000

         > STATE 00010:   4_1

             E(VCI)   =     9921.43741
             E(VCI)-E0=     2993.89927

             COEFF.  WEIGHT      CONFIG.
             -0.856   0.733        4_1
              0.289   0.083        1_2
              0.258   0.066        4_2
              0.195   0.038        2_2
              0.179   0.032        3_2
             -0.143   0.021        0_0
              0.072   0.005        5_2
              0.071   0.005        6_2
             -0.055   0.003        4_3
             -0.044   0.002        1_2    4_1
              0.039   0.002        4_2    5_2
              0.039   0.002        4_2    6_2
              0.038   0.001        4_4
             -0.037   0.001        2_2    4_1
             -0.036   0.001        3_2    4_1

          o VIBRATIONALLY AVERAGED STRUCTURE

            - Q0 -
               -0.000000   -0.000000    0.008262
               -3.024804   -0.028680   -0.000023

            - X0 -
               -0.000000   -0.000048   -0.000000
                0.000000    2.094948    0.000000
                1.813524   -1.047187    0.000000
               -1.813523   -1.047186    0.000000

         > STATE 00011:   5_1

             E(VCI)   =    10081.03240
             E(VCI)-E0=     3153.49425

             COEFF.  WEIGHT      CONFIG.
             -0.943   0.890        5_1
              0.257   0.066        4_1    5_1
              0.114   0.013        2_2
             -0.110   0.012        3_2
             -0.059   0.003        6_2
              0.057   0.003        5_2
             -0.055   0.003        4_2    5_1
              0.050   0.003        4_1    5_3

          o VIBRATIONALLY AVERAGED STRUCTURE

            - Q0 -
               -0.000000    0.000060   -0.207843
               -3.278439   -0.988716   -0.000652

            - X0 -
               -0.000001   -0.002660   -0.000000
                0.000001    2.115149    0.000000
                1.810931   -1.041744    0.000000
               -1.810914   -1.041736    0.000000

         > STATE 00012:   6_1

             E(VCI)   =    10085.55089
             E(VCI)-E0=     3158.01275

             COEFF.  WEIGHT      CONFIG.
             -0.941   0.885        6_1
              0.255   0.065        4_1    6_1
             -0.178   0.032        2_1    3_1
             -0.080   0.006        5_1    6_1
             -0.055   0.003        4_2    6_1
              0.050   0.003        4_1    6_3
             -0.034   0.001        5_1    6_3

          o VIBRATIONALLY AVERAGED STRUCTURE

            - Q0 -
               -0.000000   -0.000050    0.214724
               -3.236490    0.973618    0.000640

            - X0 -
                0.000001    0.002639   -0.000000
               -0.000001    2.080237    0.000000
                1.821957   -1.055828    0.000000
               -1.821973   -1.055836    0.000000

         > STATE 00013:   1_3

             E(VCI)   =    11097.59552
             E(VCI)-E0=     4170.05738

             COEFF.  WEIGHT      CONFIG.
              0.689   0.475        1_3
              0.487   0.237        1_1    4_1
              0.375   0.141        1_1    3_2
              0.348   0.121        1_1    2_2
             -0.108   0.012        1_1    4_2
              0.040   0.002        1_1
              0.039   0.002        1_1    2_2    3_1

          o VIBRATIONALLY AVERAGED STRUCTURE

            - Q0 -
               -0.000000   -0.000000   -0.024764
               -1.200013    0.057671   -0.000000

            - X0 -
               -0.000000    0.000081   -0.000000
                0.000000    2.068751    0.000000
                1.793194   -1.034856    0.000000
               -1.793194   -1.034856    0.000000

         > STATE 00014:   3_3

             E(VCI)   =    11099.40299
             E(VCI)-E0=     4171.86485

             COEFF.  WEIGHT      CONFIG.
              0.790   0.625        3_3
              0.387   0.150        3_1    4_1
              0.376   0.141        1_2    3_1
              0.176   0.031        2_2    3_1
             -0.125   0.016        3_1    5_1
             -0.089   0.008        3_1    4_2
             -0.084   0.007        3_4
             -0.058   0.003        3_3    4_1
              0.048   0.002        3_2
              0.048   0.002        2_2    3_2
             -0.045   0.002        3_3    5_1
             -0.043   0.002        3_6
              0.037   0.001        3_5

          o VIBRATIONALLY AVERAGED STRUCTURE

            - Q0 -
               -0.000000   -0.000090   -1.501799
               -1.236736   -0.352526   -0.000030

            - X0 -
                0.000000   -0.003827   -0.000000
               -0.000002    2.073560    0.000000
                1.803316   -1.014000    0.000000
               -1.803316   -1.013999    0.000000

         > STATE 00015:   2_3

             E(VCI)   =    11105.33788
             E(VCI)-E0=     4177.79974

             COEFF.  WEIGHT      CONFIG.
             -0.741   0.550        2_3
             -0.397   0.157        1_2    2_1
             -0.395   0.156        2_1    4_1
             -0.284   0.081        2_1    3_2
             -0.137   0.019        2_1    5_1
             -0.094   0.009        2_3    3_1
              0.091   0.008        2_1    4_2
              0.054   0.003        2_3    4_1
              0.053   0.003        3_1    6_1
             -0.046   0.002        2_3    5_1
              0.044   0.002        2_1    3_1
             -0.033   0.001        2_5

          o VIBRATIONALLY AVERAGED STRUCTURE

            - Q0 -
               -0.000000    0.000044    1.251562
               -1.251627    0.334443   -0.000000

            - X0 -
               -0.000000    0.003281   -0.000000
                0.000001    2.067112    0.000000
                1.784818   -1.053089    0.000000
               -1.784817   -1.053089    0.000000

         > STATE 00016:   2_1    3_2

             E(VCI)   =    11143.43001
             E(VCI)-E0=     4215.89187

             COEFF.  WEIGHT      CONFIG.
              0.847   0.718        2_1    3_2
             -0.412   0.169        2_3
             -0.207   0.043        3_1    6_1
             -0.167   0.028        2_1    5_1
              0.152   0.023        1_2    2_1
             -0.075   0.006        2_1    3_2    4_1
              0.047   0.002        3_1    4_1    6_1
              0.040   0.002        2_1    4_1
              0.037   0.001        2_3    4_1
              0.032   0.001        2_1    4_1    5_1

          o VIBRATIONALLY AVERAGED STRUCTURE

            - Q0 -
               -0.000000    0.000004   -0.156178
               -1.188990    0.012821    0.000003

            - X0 -
               -0.000000   -0.000286   -0.000000
                0.000000    2.069136    0.000000
                1.793863   -1.032867    0.000000
               -1.793863   -1.032867    0.000000

         > STATE 00017:   1_2    3_1

             E(VCI)   =    11148.01086
             E(VCI)-E0=     4220.47271

             COEFF.  WEIGHT      CONFIG.
             -0.821   0.675        1_2    3_1
              0.479   0.229        3_3
             -0.213   0.045        2_2    3_1
             -0.134   0.018        3_1    4_1
             -0.112   0.012        3_1    5_1
              0.058   0.003        1_2    3_1    4_1
             -0.049   0.002        3_4
             -0.046   0.002        3_3    4_1
              0.038   0.001        3_2
              0.032   0.001        3_1    4_2

          o VIBRATIONALLY AVERAGED STRUCTURE

            - Q0 -
               -0.000000   -0.000051   -0.845533
               -0.991472   -0.283304   -0.000014

            - X0 -
                0.000000   -0.002347   -0.000000
               -0.000001    2.070368    0.000000
                1.795271   -1.021214    0.000000
               -1.795272   -1.021213    0.000000

         > STATE 00018:   1_1    3_2

             E(VCI)   =    11149.37825
             E(VCI)-E0=     4221.84011

             COEFF.  WEIGHT      CONFIG.
              0.890   0.792        1_1    3_2
             -0.312   0.097        1_3
             -0.268   0.072        1_1    2_2
             -0.135   0.018        1_1    5_1
             -0.074   0.005        1_1    3_2    4_1
             -0.054   0.003        1_1    3_3
             -0.054   0.003        1_1    4_1

          o VIBRATIONALLY AVERAGED STRUCTURE

            - Q0 -
               -0.000000   -0.000141   -0.887433
               -1.005527    0.031620    0.000017

            - X0 -
                0.000000   -0.001717   -0.000000
               -0.000002    2.064819    0.000000
                1.798242   -1.022186    0.000000
               -1.798243   -1.022184    0.000000

         > STATE 00019:   1_1    2_2

             E(VCI)   =    11154.80067
             E(VCI)-E0=     4227.26253

             COEFF.  WEIGHT      CONFIG.
             -0.863   0.745        1_1    2_2
              0.462   0.214        1_3
             -0.109   0.012        1_1    3_2
             -0.093   0.009        1_1    5_1
              0.070   0.005        1_1    2_2    4_1
             -0.065   0.004        1_1    2_2    3_1
              0.051   0.003        1_1    4_1

          o VIBRATIONALLY AVERAGED STRUCTURE

            - Q0 -
               -0.000000    0.000188    0.927880
               -0.948870    0.304490   -0.000028

            - X0 -
               -0.000000    0.002561    0.000000
                0.000003    2.062903   -0.000000
                1.783876   -1.046695   -0.000000
               -1.783874   -1.046697   -0.000000

         > STATE 00020:   1_2    2_1

             E(VCI)   =    11156.61389
             E(VCI)-E0=     4229.07575

             COEFF.  WEIGHT      CONFIG.
             -0.861   0.741        1_2    2_1
              0.357   0.127        2_3
              0.318   0.101        2_1    3_2
             -0.080   0.006        3_1    6_1
             -0.073   0.005        2_1    4_1
              0.061   0.004        1_2    2_1    4_1
              0.055   0.003        2_3    3_1
              0.036   0.001        2_1    5_1
             -0.034   0.001        2_3    4_1

          o VIBRATIONALLY AVERAGED STRUCTURE

            - Q0 -
               -0.000000    0.000104    0.638417
               -0.952645    0.211270   -0.000006

            - X0 -
               -0.000000    0.001766   -0.000000
                0.000002    2.064030    0.000000
                1.785720   -1.042527    0.000000
               -1.785719   -1.042528    0.000000

         > STATE 00021:   1_1    2_1    3_1

             E(VCI)   =    11163.11781
             E(VCI)-E0=     4235.57967

             COEFF.  WEIGHT      CONFIG.
             -0.973   0.947        1_1    2_1    3_1
              0.190   0.036        1_1    6_1
              0.079   0.006        1_1    2_1    3_1    4_1
             -0.043   0.002        1_1    4_1    6_1
             -0.042   0.002        1_1    2_3
              0.036   0.001        1_1    2_1

          o VIBRATIONALLY AVERAGED STRUCTURE

            - Q0 -
               -0.000000   -0.000015   -0.007454
               -1.047171    0.039885   -0.000027

            - X0 -
               -0.000000    0.000075   -0.000000
               -0.000000    2.067047    0.000000
                1.791123   -1.033972    0.000000
               -1.791122   -1.033972    0.000000

         > STATE 00022:   2_2    3_1

             E(VCI)   =    11171.30704
             E(VCI)-E0=     4243.76889

             COEFF.  WEIGHT      CONFIG.
             -0.919   0.844        2_2    3_1
              0.318   0.101        1_2    3_1
             -0.129   0.017        3_1    5_1
              0.080   0.006        2_2    3_1    4_1
             -0.076   0.006        3_1    4_1
              0.074   0.005        3_3
              0.066   0.004        2_2
             -0.064   0.004        2_2    3_2
             -0.055   0.003        2_4
              0.038   0.001        3_2
             -0.032   0.001        2_4    3_1

          o VIBRATIONALLY AVERAGED STRUCTURE

            - Q0 -
               -0.000000    0.000029    0.458104
               -1.082276    0.163126   -0.000000

            - X0 -
               -0.000000    0.001293   -0.000000
                0.000000    2.066268    0.000000
                1.788430   -1.040833    0.000000
               -1.788430   -1.040833    0.000000

         > STATE 00023:   3_1    4_1

             E(VCI)   =    11340.84979
             E(VCI)-E0=     4413.31164

             COEFF.  WEIGHT      CONFIG.
             -0.851   0.724        3_1    4_1
              0.274   0.075        3_3
              0.265   0.070        1_2    3_1
              0.231   0.053        3_1    4_2
              0.187   0.035        2_2    3_1
             -0.128   0.016        3_1
              0.073   0.005        3_1    6_2
              0.067   0.004        3_1    5_2
             -0.053   0.003        3_3    4_1
             -0.047   0.002        3_1    4_3
              0.039   0.002        3_1    4_2    6_2
             -0.036   0.001        1_2    3_1    4_1
              0.036   0.001        3_1    4_4
             -0.032   0.001        2_2    3_1    4_1

          o VIBRATIONALLY AVERAGED STRUCTURE

            - Q0 -
               -0.000000   -0.000032   -0.666877
               -2.706007   -0.159501   -0.000038

            - X0 -
               -0.000000   -0.001706   -0.000000
               -0.000001    2.091609    0.000000
                1.814675   -1.035649    0.000000
               -1.814675   -1.035648    0.000000

         > STATE 00024:   1_1    4_1

             E(VCI)   =    11341.42548
             E(VCI)-E0=     4413.88733

             COEFF.  WEIGHT      CONFIG.
             -0.813   0.661        1_1    4_1
              0.451   0.203        1_3
              0.214   0.046        1_1    4_2
              0.170   0.029        1_1    2_2
              0.149   0.022        1_1    3_2
             -0.118   0.014        1_1
              0.072   0.005        1_1    5_2
              0.069   0.005        1_1    6_2
             -0.056   0.003        1_3    4_1
             -0.046   0.002        1_1    4_3
              0.037   0.001        1_1    4_2    5_2
              0.037   0.001        1_1    4_2    6_2
              0.034   0.001        1_1    4_4

          o VIBRATIONALLY AVERAGED STRUCTURE

            - Q0 -
               -0.000000   -0.000000    0.009748
               -2.528514   -0.087853   -0.000020

            - X0 -
               -0.000000   -0.000179   -0.000000
               -0.000000    2.089328    0.000000
                1.807263   -1.043596    0.000000
               -1.807262   -1.043596    0.000000

         > STATE 00025:   2_1    4_1

             E(VCI)   =    11355.00095
             E(VCI)-E0=     4427.46281

             COEFF.  WEIGHT      CONFIG.
              0.838   0.703        2_1    4_1
             -0.317   0.100        2_3
             -0.253   0.064        1_2    2_1
             -0.229   0.052        2_1    4_2
              0.130   0.017        2_1    5_1
              0.125   0.016        2_1
              0.124   0.015        3_1    6_1
             -0.090   0.008        2_1    3_2
             -0.077   0.006        2_1    5_2
              0.057   0.003        2_3    4_1
              0.047   0.002        2_1    4_3
             -0.047   0.002        3_1    4_1    6_1
             -0.039   0.002        2_1    4_2    5_2
             -0.035   0.001        2_1    4_4
              0.035   0.001        1_2    2_1    4_1
             -0.033   0.001        2_3    3_1

          o VIBRATIONALLY AVERAGED STRUCTURE

            - Q0 -
               -0.000000    0.000033    0.700967
               -2.767563   -0.176519   -0.000009

            - X0 -
               -0.000000    0.001013   -0.000000
                0.000001    2.095566    0.000000
                1.803339   -1.053814    0.000000
               -1.803339   -1.053815    0.000000

         > STATE 00026:   3_1    6_1

             E(VCI)   =    11459.74079
             E(VCI)-E0=     4532.20265

             COEFF.  WEIGHT      CONFIG.
              0.825   0.681        3_1    6_1
             -0.459   0.210        2_1    5_1
             -0.206   0.043        3_1    4_1    6_1
              0.164   0.027        2_1    3_2
              0.114   0.013        2_1    4_1    5_1
              0.090   0.008        2_3
              0.062   0.004        3_1    5_1    6_1
             -0.045   0.002        3_1    4_1    6_3
              0.043   0.002        3_1    4_2    6_1

          o VIBRATIONALLY AVERAGED STRUCTURE

            - Q0 -
               -0.000000   -0.000004   -0.248297
               -2.969225    0.351423    0.000086

            - X0 -
                0.000000    0.000296   -0.000000
               -0.000000    2.086849    0.000000
                1.818058   -1.045185    0.000000
               -1.818059   -1.045186    0.000000

         > STATE 00027:   1_1    5_1

             E(VCI)   =    11463.88483
             E(VCI)-E0=     4536.34669

             COEFF.  WEIGHT      CONFIG.
             -0.949   0.900        1_1    5_1
              0.230   0.053        1_1    4_1    5_1
              0.118   0.014        1_1    2_2
             -0.117   0.014        1_1    3_2
             -0.060   0.004        1_1    6_2
              0.056   0.003        1_1    5_2
              0.051   0.003        1_1    4_1    5_3
             -0.048   0.002        1_1    4_2    5_1

          o VIBRATIONALLY AVERAGED STRUCTURE

            - Q0 -
               -0.000000    0.000052   -0.212542
               -2.917042   -0.952960   -0.000524

            - X0 -
               -0.000001   -0.002588   -0.000000
                0.000001    2.109630    0.000000
                1.807031   -1.039410    0.000000
               -1.807019   -1.039403    0.000000

         > STATE 00028:   1_1    6_1

             E(VCI)   =    11469.05674
             E(VCI)-E0=     4541.51860

             COEFF.  WEIGHT      CONFIG.
             -0.944   0.892        1_1    6_1
              0.228   0.052        1_1    4_1    6_1
             -0.196   0.039        1_1    2_1    3_1
             -0.079   0.006        1_1    5_1    6_1
              0.050   0.003        1_1    4_1    6_3
             -0.048   0.002        1_1    4_2    6_1
             -0.034   0.001        1_1    5_1    6_3

          o VIBRATIONALLY AVERAGED STRUCTURE

            - Q0 -
               -0.000000   -0.000038    0.211625
               -2.861109    0.950860    0.000528

            - X0 -
                0.000001    0.002582    0.000000
               -0.000001    2.075583   -0.000000
                1.817430   -1.053157   -0.000000
               -1.817443   -1.053164   -0.000000

         > STATE 00029:   3_1    5_1

             E(VCI)   =    11495.81292
             E(VCI)-E0=     4568.27477

             COEFF.  WEIGHT      CONFIG.
              0.937   0.879        3_1    5_1
             -0.232   0.054        3_1    4_1    5_1
              0.169   0.028        3_3
             -0.128   0.016        2_2    3_1
             -0.079   0.006        3_1    5_2
              0.057   0.003        3_1    6_2
              0.049   0.002        3_1    4_2    5_1
             -0.043   0.002        3_1    4_1    5_3
             -0.033   0.001        3_2    5_1

          o VIBRATIONALLY AVERAGED STRUCTURE

            - Q0 -
               -0.000000   -0.001339   -0.653774
               -2.912948   -1.145563   -0.000972

            - X0 -
                0.000001   -0.003914   -0.000000
               -0.000024    2.112121    0.000000
                1.809338   -1.032777    0.000000
               -1.809321   -1.032739    0.000000

         > STATE 00030:   2_1    5_1

             E(VCI)   =    11497.59876
             E(VCI)-E0=     4570.06061

             COEFF.  WEIGHT      CONFIG.
              0.809   0.654        2_1    5_1
              0.421   0.177        3_1    6_1
              0.218   0.047        2_1    3_2
             -0.208   0.043        2_1    4_1    5_1
             -0.192   0.037        2_1    4_1
             -0.124   0.015        2_3
             -0.102   0.010        3_1    4_1    6_1
              0.052   0.003        2_1    4_2
              0.042   0.002        1_2    2_1
              0.042   0.002        2_1    4_2    5_1
             -0.042   0.002        2_1    4_1    5_3

          o VIBRATIONALLY AVERAGED STRUCTURE

            - Q0 -
               -0.000000    0.001300    0.205474
               -2.955138    0.027910    0.000858

            - X0 -
               -0.000001    0.000477   -0.000000
                0.000023    2.093401    0.000000
                1.811423   -1.049525    0.000000
               -1.811439   -1.049561    0.000000

         > STATE 00031:   2_4

             E(VCI)   =    12455.78840
             E(VCI)-E0=     5528.25026

             COEFF.  WEIGHT      CONFIG.
              0.622   0.387        2_4
              0.375   0.141        2_2    4_1
              0.290   0.084        1_4
              0.290   0.084        1_2    4_1
              0.255   0.065        1_2    2_2
              0.189   0.036        3_4
              0.184   0.034        2_2    5_1
              0.170   0.029        2_6
              0.168   0.028        3_2    4_1
              0.159   0.025        1_2    3_2
              0.136   0.019        2_2    3_2
              0.129   0.017        4_2
              0.104   0.011        2_4    3_1
             -0.071   0.005        2_2    4_2
              0.065   0.004        1_6
             -0.061   0.004        2_2    3_1
              0.059   0.003        2_4    5_1
             -0.050   0.003        4_3
              0.049   0.002        2_2    3_1    4_1
             -0.048   0.002        1_2    4_2
              0.046   0.002        3_6
             -0.033   0.001        3_2    5_1

          o VIBRATIONALLY AVERAGED STRUCTURE

            - Q0 -
               -0.000000    0.000070    1.220488
               -1.055302    0.376244   -0.000000

            - X0 -
               -0.000000    0.003313   -0.000000
                0.000001    2.063653    0.000000
                1.783123   -1.051551    0.000000
               -1.783122   -1.051551    0.000000

         > STATE 00032:   2_4

             E(VCI)   =    12474.03549
             E(VCI)-E0=     5546.49735

             COEFF.  WEIGHT      CONFIG.
              0.485   0.235        2_4
             -0.416   0.173        1_4
             -0.398   0.158        3_4
             -0.354   0.125        1_2    4_1
             -0.288   0.083        3_2    4_1
             -0.265   0.070        1_2    3_2
              0.190   0.036        2_2    4_1
              0.156   0.024        2_2    5_1
              0.133   0.018        2_6
             -0.098   0.010        3_6
             -0.096   0.009        1_6
              0.092   0.008        3_2    5_1
             -0.085   0.007        4_2
              0.068   0.005        2_4    3_1
              0.065   0.004        3_5
              0.060   0.004        1_2    4_2
             -0.057   0.003        2_2    3_2
              0.056   0.003        3_2    4_2
              0.055   0.003        4_1    5_1
             -0.052   0.003        3_3
              0.046   0.002        2_4    5_1
             -0.038   0.001        2_2    4_2
              0.034   0.001        4_3
              0.034   0.001        3_3    4_1

          o VIBRATIONALLY AVERAGED STRUCTURE

            - Q0 -
               -0.000000    0.000007   -0.079921
               -0.983607    0.235662   -0.000012

            - X0 -
               -0.000000    0.000373   -0.000000
                0.000000    2.062527    0.000000
                1.792531   -1.033484    0.000000
               -1.792530   -1.033484    0.000000

         > STATE 00033:   3_4

             E(VCI)   =    12487.97234
             E(VCI)-E0=     5560.43420

             COEFF.  WEIGHT      CONFIG.
              0.607   0.369        3_4
             -0.490   0.240        1_4
             -0.362   0.131        1_2    4_1
              0.337   0.114        3_2    4_1
              0.160   0.026        2_2    3_2
              0.154   0.024        3_6
             -0.133   0.018        1_2    2_2
             -0.121   0.015        3_2    5_1
             -0.115   0.013        1_6
             -0.099   0.010        3_5
              0.088   0.008        2_4
              0.074   0.005        3_3
             -0.068   0.005        3_2    4_2
              0.063   0.004        1_2    4_2
              0.057   0.003        1_2    3_2
             -0.043   0.002        3_3    4_1
              0.039   0.002        2_2    3_3
             -0.034   0.001        4_1    5_1

          o VIBRATIONALLY AVERAGED STRUCTURE

            - Q0 -
               -0.000000    0.000024   -1.551911
               -0.926881    0.004359   -0.000033

            - X0 -
               -0.000000   -0.003119   -0.000000
                0.000001    2.062878    0.000000
                1.802906   -1.012872    0.000000
               -1.802905   -1.012872    0.000000

         > STATE 00034:   1_1    2_3

             E(VCI)   =    12502.02300
             E(VCI)-E0=     5574.48485

             COEFF.  WEIGHT      CONFIG.
             -0.578   0.334        1_1    2_3
             -0.532   0.284        1_3    2_1
             -0.528   0.279        1_1    2_1    4_1
             -0.240   0.058        1_1    2_1    3_2
             -0.129   0.017        1_1    2_1    5_1
              0.100   0.010        1_1    2_1    4_2
             -0.075   0.006        1_1    2_3    3_1
              0.042   0.002        1_1    3_1    6_1
              0.037   0.001        1_1    2_1    3_1
             -0.036   0.001        1_1    2_3    5_1

          o VIBRATIONALLY AVERAGED STRUCTURE

            - Q0 -
               -0.000000    0.000161    1.005392
               -1.045153    0.226591   -0.000007

            - X0 -
               -0.000000    0.002540   -0.000000
                0.000003    2.065758   -0.000000
                1.783719   -1.048002   -0.000000
               -1.783718   -1.048004   -0.000000

         > STATE 00035:   1_1    3_3

             E(VCI)   =    12504.12373
             E(VCI)-E0=     5576.58559

             COEFF.  WEIGHT      CONFIG.
              0.570   0.325        1_1    3_3
              0.546   0.298        1_3    3_1
              0.543   0.295        1_1    3_1    4_1
              0.218   0.048        1_1    2_2    3_1
             -0.103   0.011        1_1    3_1    4_2
             -0.082   0.007        1_1    3_1    5_1
             -0.059   0.003        1_1    3_4
              0.042   0.002        1_1    2_2    3_2
             -0.034   0.001        1_1    3_3    5_1

          o VIBRATIONALLY AVERAGED STRUCTURE

            - Q0 -
               -0.000000   -0.000215   -0.979308
               -1.057925   -0.273051   -0.000016

            - X0 -
                0.000000   -0.002593   -0.000000
               -0.000004    2.070803    0.000000
                1.797292   -1.019966    0.000000
               -1.797293   -1.019962    0.000000

         > STATE 00036:   2_1    3_3

             E(VCI)   =    12516.99175
             E(VCI)-E0=     5589.45361

             COEFF.  WEIGHT      CONFIG.
             -0.665   0.442        2_1    3_3
             -0.428   0.183        2_1    3_1    4_1
             -0.401   0.161        2_3    3_1
             -0.369   0.136        1_2    2_1    3_1
              0.181   0.033        3_2    6_1
             -0.095   0.009        2_3    3_2
              0.085   0.007        2_1    3_1    4_2
              0.078   0.006        1_2    6_1
              0.067   0.005        4_1    6_1
              0.046   0.002        2_3
              0.037   0.001        2_1    3_3    4_1

          o VIBRATIONALLY AVERAGED STRUCTURE

            - Q0 -
               -0.000000   -0.000110   -0.499363
               -1.132785   -0.055645   -0.000009

            - X0 -
                0.000000   -0.001133   -0.000000
               -0.000002    2.068900    0.000000
                1.795668   -1.027707    0.000000
               -1.795668   -1.027705    0.000000

         > STATE 00037:   2_1    3_3

             E(VCI)   =    12561.48293
             E(VCI)-E0=     5633.94479

             COEFF.  WEIGHT      CONFIG.
             -0.609   0.371        2_1    3_3
              0.578   0.334        2_3    3_1
              0.371   0.138        1_2    2_1    3_1
              0.253   0.064        2_1    3_1    5_1
              0.203   0.041        3_2    6_1
              0.143   0.020        2_1    3_1    4_1
             -0.077   0.006        1_2    6_1
             -0.064   0.004        2_3
              0.048   0.002        2_1    3_3    4_1
             -0.046   0.002        3_2    4_1    6_1
              0.042   0.002        2_5
             -0.039   0.002        2_1    3_2
             -0.039   0.002        2_1    3_1    4_1    5_1
             -0.036   0.001        2_3    3_1    4_1
             -0.035   0.001        5_1    6_1

          o VIBRATIONALLY AVERAGED STRUCTURE

            - Q0 -
               -0.000000   -0.000003   -0.028049
               -1.020887   -0.018304   -0.000009

            - X0 -
               -0.000000   -0.000098   -0.000000
               -0.000000    2.067695    0.000000
                1.790544   -1.033264    0.000000
               -1.790544   -1.033264    0.000000

         > STATE 00038:   1_1    2_1    3_2

             E(VCI)   =    12564.24631
             E(VCI)-E0=     5636.70817

             COEFF.  WEIGHT      CONFIG.
              0.829   0.687        1_1    2_1    3_2
             -0.448   0.201        1_1    2_3
             -0.222   0.049        1_1    3_1    6_1
             -0.194   0.038        1_1    2_1    5_1
              0.112   0.013        1_3    2_1
             -0.053   0.003        1_1    2_1    3_2    4_1
              0.044   0.002        1_1    3_1    4_1    6_1

          o VIBRATIONALLY AVERAGED STRUCTURE

            - Q0 -
               -0.000000   -0.000096   -0.066442
               -0.890573    0.011062    0.000006

            - X0 -
                0.000000   -0.000109   -0.000000
               -0.000002    2.065333    0.000000
                1.789586   -1.032019    0.000000
               -1.789587   -1.032018    0.000000

         > STATE 00039:   1_2    2_2

             E(VCI)   =    12568.06708
             E(VCI)-E0=     5640.52894

             COEFF.  WEIGHT      CONFIG.
              0.805   0.648        1_2    2_2
             -0.295   0.087        1_4
             -0.288   0.083        2_4
              0.273   0.074        2_2    3_2
              0.189   0.036        2_2    4_1
             -0.111   0.012        3_4
              0.104   0.011        1_2    5_1
             -0.099   0.010        2_2    5_1
             -0.087   0.008        2_6
             -0.080   0.006        1_6
              0.061   0.004        1_2    3_2
              0.059   0.003        1_2    2_2    3_1
              0.046   0.002        3_2    5_1
             -0.040   0.002        1_2    2_2    4_1
             -0.039   0.002        2_2    4_2

          o VIBRATIONALLY AVERAGED STRUCTURE

            - Q0 -
               -0.000000    0.000115    1.017251
               -0.710396    0.381034   -0.000009

            - X0 -
               -0.000000    0.002914   -0.000000
                0.000002    2.058502    0.000000
                1.780908   -1.046600    0.000000
               -1.780907   -1.046601    0.000000

         > STATE 00040:   1_2    3_2

             E(VCI)   =    12574.15121
             E(VCI)-E0=     5646.61307

             COEFF.  WEIGHT      CONFIG.
              0.846   0.715        1_2    3_2
             -0.358   0.128        3_4
             -0.198   0.039        1_4
             -0.185   0.034        1_2    2_2
              0.142   0.020        3_2    4_1
             -0.140   0.020        1_2    5_1
             -0.105   0.011        3_6
              0.066   0.004        2_2    3_2
              0.059   0.003        3_5
              0.055   0.003        3_2    5_1
             -0.055   0.003        1_6
             -0.052   0.003        1_2    3_3
             -0.046   0.002        3_3
             -0.044   0.002        1_2    3_2    4_1
              0.042   0.002        2_4

          o VIBRATIONALLY AVERAGED STRUCTURE

            - Q0 -
               -0.000000   -0.000168   -1.389606
               -0.709933    0.043498    0.000027

            - X0 -
                0.000000   -0.002703   -0.000000
               -0.000003    2.059588    0.000000
                1.799262   -1.013704    0.000000
               -1.799264   -1.013702    0.000000

         > STATE 00041:   1_1    3_3

             E(VCI)   =    12574.24442
             E(VCI)-E0=     5646.70627

             COEFF.  WEIGHT      CONFIG.
             -0.728   0.530        1_1    3_3
              0.538   0.290        1_3    3_1
              0.318   0.101        1_1    2_2    3_1
              0.199   0.040        1_1    3_1    5_1
              0.133   0.018        1_1    3_1    4_1
              0.073   0.005        1_1    3_4
             -0.058   0.003        1_1    3_2
              0.049   0.002        1_1    3_3    4_1
              0.042   0.002        1_1    3_3    5_1
             -0.034   0.001        1_1    3_1    4_1    5_1
             -0.032   0.001        1_1    3_5

          o VIBRATIONALLY AVERAGED STRUCTURE

            - Q0 -
               -0.000000   -0.000049   -0.998257
               -0.776085   -0.431486   -0.000014

            - X0 -
                0.000000   -0.002990   -0.000000
               -0.000001    2.069811    0.000000
                1.792941   -1.017103    0.000000
               -1.792942   -1.017103    0.000000

         > STATE 00042:   1_3    2_1

             E(VCI)   =    12579.94869
             E(VCI)-E0=     5652.41055

             COEFF.  WEIGHT      CONFIG.
             -0.699   0.488        1_3    2_1
              0.559   0.313        1_1    2_3
              0.388   0.151        1_1    2_1    3_2
             -0.121   0.015        1_1    2_1    4_1
             -0.107   0.011        1_1    3_1    6_1
              0.079   0.006        1_1    2_3    3_1
              0.070   0.005        1_1    2_1    5_1
             -0.039   0.001        1_1    2_3    4_1
             -0.035   0.001        1_1    2_1    3_1

          o VIBRATIONALLY AVERAGED STRUCTURE

            - Q0 -
               -0.000000    0.000132    0.779005
               -0.715183    0.286806   -0.000025

            - X0 -
               -0.000000    0.002220   -0.000000
                0.000002    2.059766    0.000000
                1.782310   -1.043101    0.000000
               -1.782309   -1.043103    0.000000

         > STATE 00043:   1_2    2_1    3_1

             E(VCI)   =    12581.10807
             E(VCI)-E0=     5653.56993

             COEFF.  WEIGHT      CONFIG.
             -0.776   0.603        1_2    2_1    3_1
              0.565   0.320        2_3    3_1
              0.173   0.030        1_2    6_1
              0.115   0.013        2_1    3_1    5_1
              0.095   0.009        2_1    3_3
              0.073   0.005        2_3    3_2
             -0.061   0.004        2_3
              0.043   0.002        1_2    2_1    3_1    4_1
              0.041   0.002        2_5
             -0.041   0.002        2_3    3_1    4_1
             -0.036   0.001        2_1    3_2
             -0.034   0.001        1_2    2_3
             -0.033   0.001        1_2    4_1    6_1

          o VIBRATIONALLY AVERAGED STRUCTURE

            - Q0 -
               -0.000000   -0.000068    0.362901
               -0.821477    0.174260   -0.000034

            - X0 -
                0.000000    0.001127   -0.000000
               -0.000001    2.062359    0.000000
                1.786304   -1.037887    0.000000
               -1.786303   -1.037885    0.000000

         > STATE 00044:   2_2    3_2

             E(VCI)   =    12588.77692
             E(VCI)-E0=     5661.23877

             COEFF.  WEIGHT      CONFIG.
             -0.881   0.776        2_2    3_2
              0.302   0.091        1_2    2_2
              0.184   0.034        1_2    3_2
              0.148   0.022        3_4
             -0.130   0.017        1_4
              0.121   0.015        2_2    5_1
             -0.112   0.012        3_2    5_1
             -0.066   0.004        2_4    3_1
              0.065   0.004        2_2    3_1
              0.062   0.004        2_2    3_2    4_1
              0.057   0.003        3_3
             -0.045   0.002        2_2    4_1
              0.043   0.002        2_4
             -0.042   0.002        2_2    3_3
             -0.037   0.001        1_6
              0.037   0.001        3_6

          o VIBRATIONALLY AVERAGED STRUCTURE

            - Q0 -
               -0.000000    0.000167   -0.062226
               -0.845519    0.099515   -0.000028

            - X0 -
               -0.000000    0.000100   -0.000000
                0.000003    2.063147    0.000000
                1.789711   -1.032168    0.000000
               -1.789709   -1.032171    0.000000

         > STATE 00045:   1_1    2_2    3_1

             E(VCI)   =    12593.21518
             E(VCI)-E0=     5665.67703

             COEFF.  WEIGHT      CONFIG.
              0.882   0.779        1_1    2_2    3_1
             -0.425   0.181        1_3    3_1
              0.101   0.010        1_1    3_1    5_1
              0.100   0.010        1_1    3_3
              0.069   0.005        1_1    2_2    3_2
             -0.065   0.004        1_1    2_2
             -0.055   0.003        1_1    2_2    3_1    4_1
              0.052   0.003        1_1    2_4

          o VIBRATIONALLY AVERAGED STRUCTURE

            - Q0 -
               -0.000000    0.000056    0.323096
               -0.740566    0.134626   -0.000000

            - X0 -
               -0.000000    0.000956   -0.000000
                0.000001    2.061898    0.000000
                1.785400   -1.036643    0.000000
               -1.785399   -1.036644    0.000000

         > STATE 00046:   4_2

             E(VCI)   =    12708.32339
             E(VCI)-E0=     5780.78525

             COEFF.  WEIGHT      CONFIG.
             -0.472   0.223        4_2
             -0.416   0.173        3_2    4_1
             -0.310   0.096        2_2    4_1
              0.268   0.072        1_2    3_2
             -0.253   0.064        1_2    4_1
              0.247   0.061        1_4
              0.228   0.052        3_4
              0.223   0.050        1_2    2_2
              0.214   0.046        4_3
              0.167   0.028        2_4
             -0.148   0.022        4_1
              0.148   0.022        2_2    3_2
              0.098   0.010        3_6
              0.096   0.009        1_6
              0.091   0.008        3_2    4_2
              0.080   0.006        2_6
              0.070   0.005        3_2    5_1
             -0.067   0.005        2_2    5_1
              0.066   0.004        2_2    4_2
              0.059   0.004        4_1    5_2
             -0.059   0.003        4_4
             -0.055   0.003        3_2
              0.054   0.003        4_1    6_2
              0.048   0.002        1_2    4_2
              0.042   0.002        3_2    6_2
             -0.040   0.002        2_2
              0.039   0.002        4_5
             -0.039   0.002        3_5
              0.037   0.001        2_4    3_1
             -0.034   0.001        2_2    3_1    4_1
             -0.033   0.001        3_4    4_1
             -0.033   0.001        1_2
             -0.033   0.001        5_2

          o VIBRATIONALLY AVERAGED STRUCTURE

            - Q0 -
               -0.000000   -0.000013   -0.334690
               -2.610748   -0.034683   -0.000009

            - X0 -
                0.000000   -0.000753   -0.000000
               -0.000000    2.088771    0.000000
                1.811636   -1.039901    0.000000
               -1.811636   -1.039901    0.000000

         > STATE 00047:   3_2    4_1

             E(VCI)   =    12740.94942
             E(VCI)-E0=     5813.41128

             COEFF.  WEIGHT      CONFIG.
             -0.592   0.350        3_2    4_1
              0.442   0.196        2_2    4_1
              0.278   0.077        3_4
             -0.223   0.050        2_4
             -0.221   0.049        1_2    2_2
              0.195   0.038        1_2    4_1
              0.186   0.035        4_1    5_1
              0.184   0.034        1_2    3_2
             -0.150   0.022        1_4
              0.145   0.021        3_2    4_2
              0.130   0.017        3_6
              0.128   0.016        2_2    5_1
             -0.110   0.012        2_6
             -0.105   0.011        2_2    4_2
              0.097   0.009        3_2    5_1
              0.091   0.008        4_2
             -0.078   0.006        3_2
             -0.077   0.006        4_2    5_1
             -0.065   0.004        1_6
              0.058   0.003        3_2    6_2
              0.055   0.003        2_2
              0.049   0.002        5_1
             -0.048   0.002        3_5
             -0.044   0.002        3_4    4_1
             -0.043   0.002        4_3
             -0.041   0.002        1_2    4_2
             -0.039   0.002        2_2    5_2
              0.033   0.001        2_4    4_1
             -0.032   0.001        2_4    3_1
              0.032   0.001        4_1

          o VIBRATIONALLY AVERAGED STRUCTURE

            - Q0 -
               -0.000000    0.000008   -0.448415
               -2.320652   -0.236261    0.000024

            - X0 -
                0.000000   -0.001439   -0.000000
                0.000000    2.088247    0.000000
                1.807680   -1.035554    0.000000
               -1.807681   -1.035554    0.000000

         > STATE 00048:   1_2    4_1

             E(VCI)   =    12752.28257
             E(VCI)-E0=     5824.74443

             COEFF.  WEIGHT      CONFIG.
             -0.572   0.328        1_2    4_1
              0.496   0.246        2_2    4_1
              0.408   0.166        1_4
             -0.228   0.052        2_4
              0.183   0.033        3_2    4_1
              0.183   0.033        1_6
              0.139   0.019        2_2    5_1
              0.125   0.016        1_2    4_2
             -0.123   0.015        2_2    4_2
             -0.121   0.015        2_6
             -0.101   0.010        4_2
             -0.101   0.010        2_2    3_2
             -0.074   0.005        3_4
             -0.068   0.005        1_2
              0.063   0.004        2_2
              0.061   0.004        1_2    3_2
              0.058   0.003        4_1    5_1
              0.052   0.003        1_2    5_2
              0.049   0.002        1_2    6_2
              0.048   0.002        4_3
             -0.047   0.002        3_2    4_2
             -0.044   0.002        2_4    3_1
             -0.043   0.002        2_2    5_2
             -0.037   0.001        3_6
             -0.036   0.001        4_1
              0.036   0.001        2_4    4_1
              0.036   0.001        2_2    3_1    4_1
             -0.036   0.001        1_2    2_2
             -0.036   0.001        1_2    5_1

          o VIBRATIONALLY AVERAGED STRUCTURE

            - Q0 -
               -0.000000   -0.000029    0.412037
               -2.099717   -0.154504   -0.000006

            - X0 -
                0.000000    0.000481   -0.000000
               -0.000001    2.085579    0.000000
                1.798237   -1.045650    0.000000
               -1.798238   -1.045650    0.000000

         > STATE 00049:   1_1    3_1    4_1

             E(VCI)   =    12761.32500
             E(VCI)-E0=     5833.78686

             COEFF.  WEIGHT      CONFIG.
              0.780   0.608        1_1    3_1    4_1
             -0.474   0.224        1_3    3_1
             -0.254   0.064        1_1    3_3
             -0.182   0.033        1_1    3_1    4_2
             -0.180   0.032        1_1    2_2    3_1
              0.104   0.011        1_1    3_1
             -0.072   0.005        1_1    3_1    5_2
             -0.065   0.004        1_1    3_1    6_2
              0.054   0.003        1_1    3_1    5_1
              0.048   0.002        1_3    3_1    4_1
              0.042   0.002        1_1    3_3    4_1
              0.041   0.002        1_1    3_1    4_3
             -0.033   0.001        1_1    3_1    4_2    6_2
             -0.032   0.001        1_1    3_1    4_2    5_2

          o VIBRATIONALLY AVERAGED STRUCTURE

            - Q0 -
               -0.000000   -0.000071   -0.640759
               -2.133846   -0.353701   -0.000007

            - X0 -
                0.000000   -0.002093   -0.000000
               -0.000001    2.087442    0.000000
                1.806267   -1.031259    0.000000
               -1.806268   -1.031258    0.000000

         > STATE 00050:   2_1    3_1    4_1

             E(VCI)   =    12768.34543
             E(VCI)-E0=     5840.80728

             COEFF.  WEIGHT      CONFIG.
             -0.804   0.647        2_1    3_1    4_1
              0.312   0.097        2_3    3_1
              0.250   0.062        1_2    2_1    3_1
             -0.247   0.061        3_2    6_1
              0.195   0.038        2_1    3_1    4_2
              0.146   0.021        2_1    3_3
              0.132   0.017        4_1    6_1
             -0.111   0.012        2_1    3_1
              0.079   0.006        3_2    4_1    6_1
             -0.070   0.005        1_2    6_1
              0.070   0.005        2_1    3_1    5_2
             -0.063   0.004        4_2    6_1
             -0.050   0.003        2_3    3_1    4_1
              0.049   0.002        6_1
             -0.048   0.002        2_1    3_1    5_1
              0.040   0.002        2_3    3_2
             -0.039   0.002        2_1    3_1    4_3
             -0.038   0.001        2_1    3_3    4_1

          o VIBRATIONALLY AVERAGED STRUCTURE

            - Q0 -
               -0.000000    0.000091   -0.005741
               -2.506419   -0.030100   -0.000035

            - X0 -
               -0.000000   -0.000080   -0.000000
                0.000002    2.087962    0.000000
                1.807588   -1.043506    0.000000
               -1.807587   -1.043507    0.000000

         > STATE 00051:   1_1    2_1    4_1

             E(VCI)   =    12770.72439
             E(VCI)-E0=     5843.18625

             COEFF.  WEIGHT      CONFIG.
              0.765   0.585        1_1    2_1    4_1
             -0.447   0.200        1_3    2_1
             -0.322   0.104        1_1    2_3
             -0.179   0.032        1_1    2_1    4_2
              0.164   0.027        1_1    2_1    5_1
              0.127   0.016        1_1    3_1    6_1
              0.099   0.010        1_1    2_1
             -0.074   0.006        1_1    2_1    5_2
             -0.067   0.005        1_1    2_1    3_2
              0.047   0.002        1_1    2_3    4_1
              0.047   0.002        1_3    2_1    4_1
             -0.042   0.002        1_1    3_1    4_1    6_1
              0.040   0.002        1_1    2_1    4_3
             -0.032   0.001        1_1    2_3    3_1
             -0.032   0.001        1_1    2_1    4_2    5_2

          o VIBRATIONALLY AVERAGED STRUCTURE

            - Q0 -
               -0.000000    0.000064    0.711306
               -2.182269   -0.243998   -0.000023

            - X0 -
               -0.000000    0.000881   -0.000000
                0.000001    2.088914    0.000000
                1.795898   -1.049702    0.000000
               -1.795898   -1.049703    0.000000

         > STATE 00052:   3_2    6_1

             E(VCI)   =    12822.76779
             E(VCI)-E0=     5895.22965

             COEFF.  WEIGHT      CONFIG.
             -0.683   0.466        3_2    6_1
             -0.474   0.225        1_2    6_1
             -0.330   0.109        4_1    6_1
             -0.221   0.049        2_1    3_3
              0.186   0.034        2_1    3_1    5_1
              0.149   0.022        4_2    6_1
             -0.146   0.021        1_2    2_1    3_1
              0.141   0.020        3_2    4_1    6_1
              0.089   0.008        1_2    4_1    6_1
             -0.085   0.007        6_1
              0.069   0.005        2_1    3_1    4_1
              0.067   0.004        5_1    6_1
             -0.056   0.003        2_3    3_1
             -0.053   0.003        4_1    5_1    6_1
             -0.043   0.002        4_3    6_1
             -0.037   0.001        1_2    5_1    6_1
             -0.036   0.001        2_1    3_1    4_1    5_1
              0.035   0.001        6_3
             -0.033   0.001        3_4    6_1
              0.033   0.001        3_2    4_1    6_3

          o VIBRATIONALLY AVERAGED STRUCTURE

            - Q0 -
               -0.000000    0.000027   -0.580499
               -2.711854    0.575495   -0.000061

            - X0 -
               -0.000000    0.000134   -0.000000
                0.000001    2.078675    0.000000
                1.819690   -1.040136    0.000000
               -1.819687   -1.040135    0.000000

         > STATE 00053:   1_2    5_1

             E(VCI)   =    12829.82365
             E(VCI)-E0=     5902.28551

             COEFF.  WEIGHT      CONFIG.
              0.775   0.601        1_2    5_1
              0.381   0.145        2_2    5_1
              0.303   0.092        4_1    5_1
             -0.166   0.028        2_2    4_1
             -0.153   0.023        1_2    4_1    5_1
             -0.138   0.019        4_2    5_1
              0.120   0.014        3_2    4_1
              0.085   0.007        1_2    3_2
             -0.084   0.007        2_2    4_1    5_1
             -0.081   0.007        1_2    2_2
              0.077   0.006        5_1
             -0.076   0.006        4_2
              0.067   0.004        5_2
              0.059   0.003        2_2    3_2
             -0.054   0.003        2_4
              0.047   0.002        3_2    5_1
             -0.046   0.002        1_2    5_2
              0.043   0.002        1_2    6_2
              0.040   0.002        4_3    5_1
              0.039   0.002        4_1    6_2
             -0.039   0.002        2_6
              0.038   0.001        2_2    4_2
             -0.038   0.001        1_2    4_1    5_3
              0.036   0.001        4_3
              0.035   0.001        1_2    4_2    5_1
              0.035   0.001        1_4    5_1
             -0.034   0.001        5_3
             -0.034   0.001        4_1    5_2
             -0.032   0.001        2_2

          o VIBRATIONALLY AVERAGED STRUCTURE

            - Q0 -
               -0.000000   -0.000044    0.039287
               -2.741362   -0.680915   -0.000033

            - X0 -
                0.000000   -0.001464   -0.000000
               -0.000001    2.102900    0.000000
                1.804890   -1.042735    0.000000
               -1.804890   -1.042734    0.000000

         > STATE 00054:   1_2    6_1

             E(VCI)   =    12850.38141
             E(VCI)-E0=     5922.84326

             COEFF.  WEIGHT      CONFIG.
              0.752   0.566        1_2    6_1
             -0.500   0.250        3_2    6_1
              0.233   0.054        2_1    3_1    5_1
              0.158   0.025        1_2    2_1    3_1
             -0.152   0.023        1_2    4_1    6_1
             -0.131   0.017        2_1    3_3
              0.115   0.013        4_1    6_1
              0.113   0.013        3_2    4_1    6_1
              0.095   0.009        2_1    3_1    4_1
             -0.076   0.006        2_3    3_1
              0.061   0.004        1_2    5_1    6_1
             -0.052   0.003        4_2    6_1
             -0.048   0.002        2_1    3_1    4_1    5_1
             -0.037   0.001        1_2    4_1    6_3
              0.034   0.001        1_4    6_1
              0.033   0.001        1_2    4_2    6_1
              0.032   0.001        6_1

          o VIBRATIONALLY AVERAGED STRUCTURE

            - Q0 -
               -0.000000   -0.000000   -0.172742
               -2.494059    0.610536    0.000133

            - X0 -
                0.000000    0.001035   -0.000000
                0.000000    2.075954    0.000000
                1.813865   -1.044140    0.000000
               -1.813867   -1.044142    0.000000

         > STATE 00055:   1_1    3_1    6_1

             E(VCI)   =    12855.54311
             E(VCI)-E0=     5928.00497

             COEFF.  WEIGHT      CONFIG.
             -0.778   0.605        1_1    3_1    6_1
              0.551   0.304        1_1    2_1    5_1
              0.167   0.028        1_1    3_1    4_1    6_1
             -0.146   0.021        1_1    2_1    3_2
             -0.119   0.014        1_1    2_1    4_1    5_1
             -0.110   0.012        1_1    2_3
             -0.054   0.003        1_1    3_1    5_1    6_1
              0.038   0.001        1_1    3_1    4_1    6_3
             -0.034   0.001        1_1    3_1    4_2    6_1

          o VIBRATIONALLY AVERAGED STRUCTURE

            - Q0 -
               -0.000000   -0.000017   -0.196143
               -2.523468    0.151160    0.000069

            - X0 -
                0.000000   -0.000053   -0.000000
               -0.000000    2.084546    0.000000
                1.810850   -1.041958    0.000000
               -1.810852   -1.041959    0.000000

         > STATE 00056:   2_2    5_1

             E(VCI)   =    12859.46774
             E(VCI)-E0=     5931.92960

             COEFF.  WEIGHT      CONFIG.
              0.758   0.574        2_2    5_1
             -0.457   0.209        1_2    5_1
             -0.181   0.033        2_2    4_1    5_1
             -0.161   0.026        2_2    4_1
             -0.148   0.022        4_2
             -0.134   0.018        2_4
              0.121   0.015        2_2    3_2
              0.117   0.014        1_2    4_1
              0.115   0.013        5_2
             -0.110   0.012        2_6
              0.096   0.009        1_2    4_1    5_1
             -0.095   0.009        1_2    3_2
              0.094   0.009        1_2    2_2
              0.072   0.005        4_3
              0.067   0.005        3_2    4_1
             -0.049   0.002        1_4
             -0.044   0.002        4_1
              0.042   0.002        2_2    3_1    5_1
             -0.042   0.002        2_2
             -0.037   0.001        1_2    6_2
             -0.037   0.001        2_2    4_1    5_3
             -0.036   0.001        1_6
              0.035   0.001        2_2    4_2
              0.034   0.001        2_2    4_2    5_1

          o VIBRATIONALLY AVERAGED STRUCTURE

            - Q0 -
               -0.000000   -0.000022    0.637250
               -2.649903   -0.076278   -0.000036

            - X0 -
               -0.000000    0.001112   -0.000000
               -0.000000    2.092050    0.000000
                1.803299   -1.052645    0.000000
               -1.803299   -1.052644    0.000000

         > STATE 00057:   1_1    3_1    5_1

             E(VCI)   =    12882.06817
             E(VCI)-E0=     5954.53003

             COEFF.  WEIGHT      CONFIG.
              0.936   0.876        1_1    3_1    5_1
              0.207   0.043        1_1    3_3
             -0.204   0.042        1_1    3_1    4_1    5_1
             -0.132   0.018        1_1    2_2    3_1
             -0.077   0.006        1_1    3_1    5_2
              0.060   0.004        1_1    3_1    6_2
             -0.046   0.002        1_1    3_1    4_1    5_3
              0.041   0.002        1_1    3_1    4_2    5_1

          o VIBRATIONALLY AVERAGED STRUCTURE

            - Q0 -
               -0.000000   -0.000246    0.043425
               -2.552999   -1.084566   -0.000386

            - X0 -
               -0.000000   -0.002370   -0.000000
               -0.000004    2.107616    0.000000
                1.799530   -1.039701    0.000000
               -1.799523   -1.039692    0.000000

         > STATE 00058:   1_1    2_1    5_1

             E(VCI)   =    12889.73031
             E(VCI)-E0=     5962.19216

             COEFF.  WEIGHT      CONFIG.
             -0.744   0.554        1_1    2_1    5_1
             -0.509   0.259        1_1    3_1    6_1
             -0.258   0.067        1_1    2_1    3_2
              0.216   0.047        1_1    2_1    4_1
              0.168   0.028        1_1    2_1    4_1    5_1
              0.117   0.014        1_1    2_3
              0.106   0.011        1_1    3_1    4_1    6_1
             -0.088   0.008        1_3    2_1
             -0.050   0.003        1_1    2_1    4_2
              0.035   0.001        1_1    2_1    4_1    5_3
             -0.033   0.001        1_1    2_1    4_2    5_1

          o VIBRATIONALLY AVERAGED STRUCTURE

            - Q0 -
               -0.000000    0.000223    0.107312
               -2.499800    0.201836    0.000288

            - X0 -
                0.000000    0.000674    0.000000
                0.000004    2.083944   -0.000000
                1.808320   -1.045979    0.000000
               -1.808326   -1.045987   -0.000000

         > STATE 00059:   4_2

             E(VCI)   =    12890.48674
             E(VCI)-E0=     5962.94860

             COEFF.  WEIGHT      CONFIG.
             -0.623   0.389        4_2
              0.365   0.133        1_2    4_1
              0.314   0.098        4_3
              0.311   0.097        2_2    4_1
             -0.242   0.059        4_1
              0.201   0.041        3_2    4_1
             -0.140   0.019        2_2    5_1
             -0.132   0.017        1_4
              0.115   0.013        4_1    5_2
             -0.114   0.013        1_2    2_2
             -0.114   0.013        1_6
             -0.099   0.010        1_2    4_2
              0.096   0.009        4_1    6_2
             -0.093   0.009        2_2    4_2
             -0.089   0.008        4_4
             -0.078   0.006        1_2    3_2
             -0.076   0.006        5_2
             -0.070   0.005        2_2    3_2
             -0.066   0.004        3_2    4_2
             -0.058   0.003        4_1    5_1
             -0.056   0.003        3_2    5_1
              0.055   0.003        4_5
              0.051   0.003        2_2
              0.051   0.003        1_2
             -0.051   0.003        3_4
             -0.049   0.002        3_6
              0.048   0.002        1_2    5_1
              0.046   0.002        4_3    5_2
             -0.046   0.002        6_2
              0.044   0.002        4_3    6_2
             -0.042   0.002        4_2    5_2
             -0.037   0.001        4_6
             -0.036   0.001        1_2    5_2
              0.036   0.001        2_2    4_1    5_1
             -0.035   0.001        2_4
             -0.035   0.001        4_2    6_2
             -0.034   0.001        2_6

          o VIBRATIONALLY AVERAGED STRUCTURE

            - Q0 -
               -0.000000    0.000027    0.074489
               -3.852580   -0.195743   -0.000033

            - X0 -
               -0.000000   -0.000293   -0.000000
                0.000000    2.109234    0.000000
                1.821308   -1.052870    0.000000
               -1.821307   -1.052870    0.000000

(  FINALIZE VCI MODULE  )

            (MEMORY INFO)
            -- CURRENT USAGE    [     0.09 MB /    30.00 MB (  0.3 % ) ]  -- 
            -- IN THE LAST STEP [     2.64 MB /    30.00 MB (  8.8 % ) ]  -- 

            (CLOCK) ---->  LAST STEP: USER     0.29, SYSTEM     0.02 SECS   <----


(  FINALIZE TARGET MODULE  )


(  FINALIZE VIB MODULE  )


(  FINALIZE NMA MODULE  )


(  FINALIZE MOL MODULE  )



   (TOTAL MEMORY USAGE)   [     2.64 MB /    30.00 MB (  8.8 % ) ] 

   (CLOCK) ---->  TOTAL CPU-TIME  <----
            >     USER :   0 DAYS   0 HOURS   0 MINS   0.8 SECS 
            >    SYSTEM:   0 DAYS   0 HOURS   0 MINS   0.0 SECS 

