 -------------------------------------------------------
                                                      
    ***   WELCOME TO SINDO PROGRAM                    
     ***                (  VERSION 4.0 BETA  )        
      ***                                             
       ***       COPYRIGHT 2018:                      
        ***         KIYOSHI YAGI  KIYOSHI.YAGI@RIKEN.JP
                                                      
 -------------------------------------------------------

     JOB STARTED AT: Sat Oct 13 17:11:45 2018
     RUNNING ON beluga02                        


(  SETUP MEM MODULE  )

   o MAXIMUM MEMORY :      500 MB


(  SETUP MOL MODULE  )


   READ DATA FROM A MINFO FILE : [ h2o_6-mp2dz_ocvscf.minfo ]


(  ENTER NMA MODULE  )


      o ATOMIC MASS
           15.9949      1.0078      1.0078     15.9949      1.0078
            1.0078     15.9949      1.0078      1.0078     15.9949
            1.0078      1.0078     15.9949      1.0078      1.0078
           15.9949      1.0078      1.0078
 
      o REFERENCE GEOMETRY
          2.679725   -1.835853   -2.351627
          0.879149   -2.031678   -2.699097
          2.784469   -2.365654   -0.578971
         -2.685828   -1.724979   -2.520557
         -3.791612   -2.947273   -3.303300
         -2.997848   -1.921170   -0.705303
         -2.761855   -0.828790    2.574621
         -2.714771    0.903266    1.835538
         -4.065411   -0.746471    3.849749
          2.535211   -1.686665    2.913885
          2.987855    0.060505    2.580272
          0.712482   -1.549969    3.146083
         -2.379994    3.291472   -0.254915
         -0.532493    3.464456   -0.339503
         -2.729658    2.253101   -1.727519
          2.771446    2.774541   -0.339892
          4.075705    3.844848   -1.035127
          2.873365    1.199094   -1.364292
 
      o NORMAL DISPLACEMENT VECTOR
          0.067723   -0.325509    0.162426
          0.014874   -0.046781    0.033633
         -0.001273   -0.023000    0.059283
          0.048397    0.338806   -0.201102
          0.007293    0.120069   -0.098828
         -0.004993    0.027873   -0.059462
         -0.082313   -0.312956   -0.093537
         -0.013723   -0.055589    0.030143
         -0.023771   -0.114619   -0.024162
          0.012143    0.359570    0.159795
         -0.035031    0.088323   -0.021432
         -0.001734    0.048026    0.025371
          0.003274    0.008341    0.405866
         -0.000619   -0.005668    0.051533
         -0.038594    0.049403    0.077565
         -0.023833   -0.071309   -0.406214
         -0.008237   -0.030114   -0.124297
          0.004657   -0.045740   -0.057841
 
         -0.377509    0.219220    0.134773
         -0.094356    0.041235    0.038782
         -0.072750    0.052809    0.031928
         -0.400412   -0.148210   -0.143867
         -0.062284   -0.064039   -0.047459
         -0.099463   -0.051825   -0.037884
          0.011546   -0.255324   -0.143303
          0.037949   -0.065936   -0.039240
          0.023110   -0.025133   -0.017482
          0.071499    0.224308    0.144058
          0.015307    0.055788    0.030287
          0.014354    0.041251    0.017520
          0.331947   -0.236621   -0.055244
          0.079714   -0.020085   -0.009627
          0.088393   -0.031962   -0.033967
          0.351242    0.194736    0.079621
          0.084935    0.029373   -0.015620
          0.031650    0.046055    0.018872
 
         -0.173980   -0.124612    0.221804
         -0.041664   -0.034674    0.048798
         -0.026085   -0.036107    0.052991
         -0.166900    0.163438   -0.229612
         -0.041710    0.032064   -0.044039
         -0.009060    0.033157   -0.052668
          0.446938    0.049843   -0.221931
          0.056565    0.015878   -0.053336
          0.126610   -0.017874   -0.038340
          0.390399   -0.130904    0.253770
          0.107600   -0.038885    0.044756
          0.093645   -0.012446    0.021593
         -0.240158    0.153608   -0.182133
         -0.058533    0.025497   -0.035443
         -0.059876    0.038072   -0.045543
         -0.260691   -0.095693    0.163067
         -0.061943   -0.035295    0.029190
         -0.068053   -0.031859    0.052259
 
          0.137565   -0.070869   -0.053083
          0.035957    0.001457   -0.018912
          0.018783    0.001230   -0.005725
         -0.106600    0.502703    0.088424
         -0.139936    0.279813   -0.058443
         -0.034053    0.030910    0.010917
         -0.037891   -0.059387    0.249232
         -0.018624   -0.028483    0.031378
          0.005422    0.005955    0.076303
          0.062269    0.141943   -0.089474
         -0.010054    0.039563   -0.040125
          0.018616    0.014421    0.011025
         -0.139522   -0.449262   -0.372561
         -0.041691   -0.064069   -0.060816
          0.028045   -0.240969   -0.020336
          0.099070   -0.076364    0.171326
          0.032344   -0.000069    0.086193
          0.045870    0.005008    0.012987
 
          0.084934    0.103491    0.250924
          0.028604    0.025408    0.032045
         -0.008202    0.021743    0.064132
         -0.034877    0.161009   -0.007391
         -0.008892    0.054332   -0.023618
         -0.008554    0.008779   -0.006040
          0.170072    0.006378    0.101860
          0.050253   -0.007247   -0.003981
          0.054976    0.032007    0.036284
         -0.240565   -0.499368    0.129024
          0.011284   -0.122729    0.152224
         -0.062292   -0.071800    0.005027
          0.041572   -0.196338   -0.055360
          0.007450   -0.010339   -0.047251
          0.004295   -0.063144   -0.002872
         -0.022212    0.416841   -0.410852
         -0.074243    0.111607   -0.219885
          0.009613    0.053200   -0.018749
 
         -0.344760    0.129651   -0.159078
         -0.105090    0.060128    0.028341
         -0.013141   -0.028383   -0.067182
          0.346879    0.171728    0.221336
          0.134377    0.010985    0.038233
          0.051404    0.054518    0.054914
         -0.389007   -0.070031   -0.073751
         -0.058492   -0.011889    0.000516
         -0.211385   -0.043673   -0.133036
          0.379589   -0.175902    0.321357
          0.074710   -0.048237    0.028144
          0.099355   -0.052306    0.099075
          0.001067   -0.035070   -0.136051
          0.000821   -0.005764   -0.016815
          0.020752   -0.024673   -0.027291
          0.018059    0.004289   -0.147052
         -0.013211   -0.004739   -0.078856
         -0.027215   -0.004229   -0.032650
 
          0.413389   -0.107616    0.072277
          0.107780   -0.063185    0.022407
          0.116367   -0.018118    0.019429
         -0.401852   -0.130978    0.050611
         -0.189432    0.064808   -0.013033
         -0.129839   -0.033158    0.005878
         -0.415963   -0.038101   -0.088817
         -0.077956   -0.002183    0.009049
         -0.061926    0.008969    0.019642
          0.378928   -0.165010   -0.015012
          0.090851   -0.035645    0.017598
          0.090300   -0.049594   -0.034120
         -0.138191    0.233855   -0.003776
         -0.035988    0.053236    0.010591
         -0.018645    0.019980    0.021285
          0.169546    0.196486   -0.030536
          0.031421    0.052574   -0.023581
          0.053731    0.047589    0.005618
 
         -0.060620    0.023756   -0.093050
          0.017742   -0.156735   -0.090652
         -0.017392   -0.013917   -0.030303
          0.193012   -0.191443    0.216596
         -0.539708    0.543032   -0.035431
         -0.007492   -0.051488    0.045214
          0.061660   -0.016436   -0.301416
          0.026486    0.019606   -0.029310
          0.115886   -0.001436    0.026765
         -0.082956    0.029769    0.118162
          0.003456   -0.001334    0.020011
         -0.029266    0.024073   -0.045612
          0.110743    0.029473    0.045382
          0.025200    0.063050    0.064210
          0.141546   -0.144855    0.087834
         -0.128585    0.058469    0.017002
         -0.018613   -0.024487   -0.030850
         -0.089351    0.009063    0.007465
 
         -0.081485   -0.053997    0.380258
         -0.036728    0.037631    0.147407
          0.003341    0.018567    0.106064
          0.049845    0.162196    0.507989
          0.162473   -0.054843    0.065754
         -0.026816   -0.007640    0.117108
          0.042539   -0.187785   -0.418007
          0.006962   -0.026669   -0.067868
          0.054305   -0.066136   -0.058518
         -0.049531   -0.002548   -0.444920
         -0.024637    0.008442   -0.086867
         -0.014822   -0.019630   -0.117783
         -0.046733    0.066371   -0.073941
         -0.013980    0.032256   -0.023149
         -0.005843    0.000241   -0.009283
          0.043403    0.043627    0.016197
          0.056912   -0.026588    0.032821
          0.005999   -0.006635    0.023483
 
          0.159008   -0.043237   -0.417539
          0.018890    0.066397   -0.049367
          0.049710   -0.023687   -0.112161
         -0.195695    0.082217    0.280947
          0.085062   -0.118204    0.098244
          0.017052   -0.009400    0.079236
          0.246113   -0.172876   -0.204422
          0.032808   -0.030537   -0.024005
          0.051112   -0.087096   -0.058399
         -0.262589    0.027072    0.438562
         -0.094911    0.002310    0.050807
         -0.075353   -0.022185    0.036651
         -0.215363    0.120488   -0.057686
         -0.059843    0.044422   -0.050057
         -0.080579    0.027316   -0.006761
          0.220883    0.021335   -0.053889
          0.155245   -0.022767    0.131608
          0.090600    0.034006   -0.039911
 
          0.279280    0.139586   -0.103859
          0.055769    0.053431    0.022256
          0.098609    0.023271   -0.030130
         -0.281785    0.131059    0.181149
          0.077587   -0.121079    0.077153
         -0.054154    0.050388    0.052278
         -0.049762    0.090211   -0.240587
          0.035376    0.022947   -0.078042
         -0.023713    0.061484   -0.074407
          0.045856    0.050924    0.102621
          0.016395    0.020146    0.078158
          0.004727    0.005604   -0.016122
          0.424591   -0.197180    0.055030
          0.121070   -0.152463   -0.002090
          0.017390    0.018686   -0.011611
         -0.426778   -0.222739    0.028554
         -0.291199    0.097739   -0.103135
         -0.023607   -0.047724   -0.005568
 
         -0.084585   -0.180922   -0.132870
         -0.035564    0.000684    0.016314
          0.005119   -0.023396   -0.029685
          0.088719    0.009405    0.014099
          0.102840   -0.037188   -0.049009
         -0.024446   -0.033110   -0.008867
         -0.034142    0.135177   -0.163571
         -0.107344    0.049179   -0.015250
          0.195499   -0.007864    0.169095
         -0.057470    0.040937    0.001233
          0.228001   -0.025316    0.162718
         -0.019817    0.197011   -0.134303
         -0.200689   -0.081818    0.094174
         -0.032255   -0.142706    0.076112
         -0.068475   -0.027796    0.032255
          0.313024    0.029688    0.227234
         -0.378317    0.238280   -0.448051
          0.035732    0.001583    0.068123
 
         -0.020844   -0.317911   -0.050000
          0.010843   -0.086953   -0.082822
         -0.069344   -0.043329    0.000869
         -0.048861    0.003152   -0.034704
         -0.125543   -0.055924    0.239855
          0.216058    0.139077    0.052000
          0.129480    0.196883   -0.077968
          0.023214    0.054689   -0.021054
         -0.427344   -0.136330   -0.476845
          0.009805    0.019288   -0.120419
         -0.011509    0.017900    0.025220
          0.026326   -0.004206    0.141838
         -0.006952   -0.206396    0.143676
         -0.007253    0.005258    0.032444
          0.014255   -0.032664    0.017454
          0.029627    0.304175    0.146646
         -0.017515    0.075672   -0.012323
          0.000283    0.070031    0.054552
 
         -0.081802   -0.479878   -0.222067
         -0.047612   -0.048058    0.044245
          0.038395   -0.082032   -0.051679
          0.055286    0.051856    0.032403
          0.172048   -0.057438   -0.105721
         -0.094401   -0.058581   -0.021716
         -0.057125   -0.203389    0.128175
          0.038567   -0.066836    0.006777
          0.125670    0.075704    0.167253
          0.007762    0.026597   -0.003911
         -0.031820    0.021013    0.039761
         -0.006526   -0.037496   -0.039373
          0.288719    0.138924   -0.150306
          0.065044    0.090375   -0.010415
          0.115585    0.046808   -0.054562
         -0.290216    0.451923    0.182004
         -0.012981    0.067578    0.085214
         -0.053719    0.104606    0.074482
 
         -0.033999   -0.090691   -0.050101
         -0.026097    0.015211    0.051694
          0.039120   -0.033251   -0.020106
          0.028216    0.003037   -0.030342
          0.136167   -0.066443   -0.085046
         -0.100802   -0.009561   -0.025783
         -0.106069    0.396801   -0.277488
          0.015675    0.100740   -0.081714
          0.202247    0.211045    0.155303
          0.107611   -0.041895    0.069926
         -0.002779   -0.020301   -0.079049
          0.007746   -0.016721   -0.104336
         -0.099962   -0.425584    0.312970
         -0.043579    0.040591    0.025419
         -0.003035   -0.079966    0.053067
         -0.030662    0.143658   -0.070053
          0.296702   -0.124210    0.308967
          0.015913    0.041326   -0.018791
 
          0.031852    0.024783    0.040376
          0.043717   -0.050761   -0.141253
         -0.099199   -0.037205    0.003182
         -0.023961    0.063709   -0.073684
         -0.095683   -0.154390    0.371236
          0.248929    0.249334    0.053255
         -0.097681   -0.041990   -0.031874
         -0.270473    0.070380    0.179001
          0.198804   -0.370896    0.240092
         -0.032489   -0.026659    0.038979
          0.286108   -0.094193   -0.045969
         -0.010366    0.284403   -0.162209
          0.103094   -0.032264   -0.080128
          0.024428    0.011799    0.036800
          0.066359    0.038911   -0.061049
         -0.098795    0.056853   -0.041028
          0.141664   -0.118653    0.097508
         -0.064281   -0.005737    0.016454
 
          0.087232    0.088201   -0.065100
          0.018260   -0.073698    0.048995
          0.109545   -0.027412   -0.035414
         -0.081263    0.036949    0.037698
          0.153213   -0.048444   -0.144303
         -0.104634   -0.103001   -0.018040
          0.051130    0.002792    0.059319
          0.004595   -0.027174   -0.054352
         -0.134288    0.008441   -0.135099
         -0.054721    0.025333   -0.030816
          0.204227   -0.017009    0.179903
         -0.004163    0.179269   -0.024576
         -0.070915   -0.031529    0.010440
         -0.040907    0.292835    0.177548
          0.318678   -0.078206   -0.030225
         -0.024009   -0.002404    0.023095
          0.186438   -0.429433   -0.299234
         -0.342276   -0.151598    0.196819
 
          0.011337    0.044862   -0.018186
          0.019387   -0.153877   -0.002805
          0.087319   -0.050398   -0.029828
          0.068385    0.040261   -0.049691
         -0.158175   -0.036474    0.303852
          0.099670    0.287434    0.033863
         -0.089873   -0.111837   -0.030479
          0.176842   -0.065937   -0.095187
          0.136911    0.305185    0.134954
          0.031569    0.039438   -0.026840
         -0.208862    0.084986    0.090943
         -0.005189   -0.227970    0.018951
         -0.040488   -0.106551    0.026900
         -0.020547    0.014663   -0.180427
         -0.223622    0.303770   -0.170407
          0.076953    0.056413    0.098519
          0.056189   -0.216895   -0.266989
         -0.190520   -0.095434    0.162194
 
         -0.045757    0.026391   -0.014282
         -0.048865   -0.115926    0.251422
          0.294294   -0.008229   -0.029591
         -0.020819   -0.004496   -0.080503
          0.024814   -0.075880    0.053818
         -0.045899    0.145379   -0.008713
          0.040291    0.137281   -0.024994
         -0.164877    0.126422    0.216611
          0.064190   -0.346540    0.070918
          0.037108    0.015528    0.041630
         -0.418378    0.102392   -0.071223
         -0.037703   -0.413913   -0.132054
         -0.005057    0.014193   -0.042201
         -0.002282    0.077350    0.163372
          0.235304   -0.195539    0.070273
          0.055932   -0.020038    0.013183
         -0.080492    0.022824   -0.131473
         -0.065899    0.008959   -0.026427
 
         -0.018431   -0.002848   -0.039644
         -0.021705    0.047901    0.053827
          0.043359    0.052776    0.003511
          0.011866   -0.032128   -0.018434
          0.028781    0.029110   -0.098962
         -0.012412   -0.084045   -0.014694
         -0.023784    0.054994   -0.024789
          0.024382    0.110041    0.231634
         -0.034653   -0.219974   -0.022001
          0.015449    0.027237   -0.063972
          0.032231    0.073058    0.383364
         -0.006978   -0.031719   -0.075964
          0.125943    0.077131    0.001654
          0.029228   -0.157314   -0.432541
         -0.434995   -0.255433    0.304312
         -0.049673    0.055165    0.027258
          0.151221   -0.197699   -0.014005
         -0.042943   -0.081999    0.151316
 
          0.062741    0.017065    0.053813
          0.083117    0.057807   -0.348135
         -0.316760   -0.134340   -0.007536
         -0.061495    0.047855   -0.023048
          0.118177   -0.145813    0.049844
          0.162202   -0.110541    0.013866
         -0.075024   -0.020237   -0.106277
          0.132758    0.035161    0.081997
          0.121567    0.120517    0.109645
          0.031221   -0.009068    0.032339
         -0.148609   -0.025349   -0.349000
          0.039890   -0.073085    0.278551
          0.016104    0.092437   -0.000774
         -0.011269    0.114612   -0.060461
          0.056949   -0.401717    0.280253
          0.004917    0.038075    0.064414
         -0.066154   -0.054927   -0.214906
         -0.086070   -0.044141    0.084345
 
         -0.021086   -0.069116   -0.022231
          0.029952    0.016997   -0.179775
         -0.233892    0.378137    0.135559
         -0.003074    0.028605   -0.020299
          0.010026   -0.087147    0.125370
          0.123889    0.021351    0.017488
         -0.059869   -0.027963   -0.044989
          0.028601   -0.017840   -0.041031
          0.090531    0.116083    0.089074
          0.074697    0.018270   -0.102850
         -0.061117    0.149830    0.642043
          0.014211   -0.166886    0.054837
         -0.067424    0.037945   -0.010462
         -0.018206    0.116609    0.174378
          0.244934   -0.126278    0.026406
         -0.001159   -0.111424   -0.070473
          0.000005    0.061291    0.124848
          0.081471    0.030580   -0.088370
 
         -0.061354    0.036093   -0.007802
         -0.040482   -0.242268    0.270295
          0.319201    0.043943   -0.014333
          0.018276    0.026218   -0.119844
         -0.027425   -0.118841    0.205526
          0.065837    0.195202    0.006829
         -0.047910   -0.149378    0.007619
          0.326261   -0.023379    0.047832
         -0.044469    0.291193   -0.048324
         -0.084710   -0.011945    0.009817
          0.216471   -0.073441   -0.036694
         -0.017697    0.199931   -0.099260
         -0.029576    0.092059    0.004349
         -0.026421    0.153966   -0.096038
          0.043396   -0.347525    0.242785
          0.015709   -0.073238    0.001589
         -0.065231    0.138621    0.113537
          0.005751    0.102062   -0.176754
 
         -0.023957    0.029065   -0.019587
          0.094454   -0.624905   -0.131276
          0.009623    0.382112    0.116356
         -0.040182    0.098567    0.057310
          0.134179   -0.029409   -0.106814
          0.118927   -0.266214    0.001606
         -0.001207    0.050114    0.004134
         -0.115433   -0.013775   -0.066720
         -0.002430   -0.058562    0.001409
          0.003824   -0.045773    0.052807
         -0.030881   -0.025671   -0.127832
         -0.002896   -0.009604    0.006040
          0.052698   -0.010653    0.004235
          0.018082   -0.104361   -0.060323
         -0.145504    0.084302   -0.020535
          0.060589    0.007038    0.067409
          0.016286   -0.014934   -0.008738
         -0.300631    0.169667   -0.265714
 
         -0.047063    0.022839    0.008076
         -0.067764    0.074173    0.247603
          0.278817   -0.178425   -0.078053
         -0.084565    0.078474   -0.064825
         -0.086054    0.014881    0.079274
          0.607123   -0.486638    0.036576
         -0.041332    0.024607   -0.006942
         -0.168796   -0.070603   -0.203355
          0.069948    0.074590    0.073571
         -0.012051    0.001519   -0.051463
         -0.032664    0.025493    0.083337
          0.018852    0.002161    0.157576
          0.016499    0.042070   -0.002070
          0.020885   -0.109407    0.093857
          0.015006   -0.022948    0.019661
         -0.021846    0.017462   -0.039026
          0.038340   -0.022092    0.034274
          0.064661   -0.046040    0.078148
 
         -0.033695    0.029924    0.067515
          0.050302   -0.029157   -0.239230
         -0.119762   -0.173912   -0.034388
         -0.026798    0.043424    0.010783
          0.022877   -0.025231    0.014898
          0.176582   -0.169784    0.013538
          0.001232   -0.011616    0.111210
          0.056589   -0.049587   -0.088907
         -0.134834    0.107432   -0.118580
          0.072639    0.048263    0.121416
         -0.042237    0.019548   -0.010053
         -0.107708   -0.154493   -0.822200
         -0.003194    0.018788    0.006872
         -0.005348    0.046444   -0.016754
          0.012120   -0.032903    0.024287
          0.001069   -0.011496   -0.010662
         -0.027868    0.029047   -0.004941
          0.074457   -0.034650    0.058764
 
         -0.057884    0.136959    0.059526
          0.081386   -0.438446   -0.190384
          0.032153   -0.417285   -0.133924
          0.011688    0.029063    0.022002
          0.094760   -0.063509   -0.015410
         -0.192753    0.145515   -0.012904
          0.041767   -0.033053    0.001888
         -0.048648   -0.029807   -0.070498
          0.000884    0.069174   -0.010901
         -0.008070    0.036821   -0.067431
         -0.001516    0.043049    0.183484
          0.017099   -0.004266    0.114453
         -0.047468    0.109804   -0.044435
          0.058925   -0.468855    0.274278
          0.018509   -0.114764    0.078955
         -0.003614    0.057058   -0.089263
          0.076656    0.009937    0.127883
          0.115841   -0.071907    0.123914
 
          0.046606   -0.104933   -0.063165
         -0.053867    0.301734    0.121895
         -0.041554    0.358808    0.112963
          0.027478   -0.025224   -0.046640
         -0.069276   -0.013611    0.103900
         -0.027554    0.123964   -0.001639
          0.036649   -0.057955    0.035318
         -0.061613   -0.070259   -0.147066
         -0.038442    0.165758   -0.046278
          0.005274   -0.020078    0.067820
         -0.004407   -0.040630   -0.191720
         -0.023150   -0.019858   -0.149624
         -0.019397    0.125448   -0.056527
          0.070124   -0.532736    0.308097
         -0.033140   -0.170500    0.131891
         -0.014551    0.102728    0.028984
          0.132177   -0.202031   -0.095809
         -0.176205    0.019738   -0.010327
 
         -0.029640    0.014979   -0.058095
          0.002468   -0.146075    0.024017
          0.000239    0.202452    0.052356
          0.033779    0.004244   -0.019793
         -0.007712   -0.032597    0.064384
         -0.137784    0.143532   -0.012935
          0.069500   -0.004697    0.076685
         -0.472317   -0.187261   -0.487794
         -0.000668    0.006796    0.001302
          0.012469   -0.030686    0.020157
         -0.047029   -0.012230   -0.104954
          0.002737    0.031588    0.018864
          0.056303    0.037231    0.068788
         -0.014745    0.218113   -0.238474
         -0.017948   -0.159384    0.137323
         -0.037458    0.000869   -0.015505
         -0.028958    0.013402   -0.022646
          0.303602   -0.165742    0.280776
 
          0.041273   -0.011121    0.087001
          0.002822    0.222232   -0.046548
         -0.025427   -0.360351   -0.092265
          0.025938   -0.017815   -0.011868
         -0.017148   -0.009325    0.036100
         -0.098236    0.110438   -0.006484
          0.052998    0.000707    0.047348
         -0.304618   -0.121757   -0.309917
          0.003194    0.008934    0.001685
          0.005452    0.022359   -0.032390
         -0.020544    0.044518    0.177070
          0.005465   -0.031974    0.011003
          0.049834    0.016936    0.023650
          0.000350    0.097155   -0.113725
         -0.084365   -0.103380    0.104277
          0.071302   -0.049695    0.052853
         -0.010990    0.032219    0.027825
         -0.433696    0.265177   -0.452697
 
          0.038684    0.022172   -0.033088
         -0.018127   -0.046225    0.141440
         -0.162598   -0.045685   -0.002092
          0.160454    0.159029   -0.089046
         -0.194657   -0.161495    0.525193
         -0.471881   -0.519901   -0.149057
         -0.006345    0.035697   -0.000690
          0.083201   -0.005214   -0.007266
         -0.009281   -0.087762   -0.007531
          0.019357   -0.017543   -0.000416
         -0.061213    0.020091    0.013416
          0.001194    0.062052   -0.007820
          0.009523   -0.010811   -0.017145
         -0.002882    0.026749    0.056404
         -0.047379    0.010523    0.007329
          0.000273   -0.002082   -0.000811
         -0.001241   -0.000636   -0.002445
          0.000679    0.004672   -0.005074
 
          0.006287    0.021943    0.003252
         -0.007151   -0.047334    0.064082
         -0.074390   -0.064560   -0.014535
          0.000154    0.008000   -0.002578
         -0.004092   -0.007461    0.017781
         -0.004977   -0.027596   -0.004751
          0.015835   -0.014762   -0.011762
         -0.060278    0.021603    0.062928
         -0.008281    0.058253   -0.013563
          0.003738   -0.000042   -0.003981
         -0.011401    0.005104    0.019864
          0.002164    0.011371   -0.003880
         -0.092364    0.048719    0.116500
          0.003943   -0.246084   -0.390645
          0.402139    0.009791   -0.105630
         -0.123031    0.021437    0.141420
          0.105513   -0.309696   -0.277036
          0.411269    0.256810   -0.322089
 
          0.024708    0.011496   -0.019059
         -0.012429   -0.031446    0.079082
         -0.089726   -0.017947    0.000033
          0.005604    0.007577    0.002562
         -0.009913   -0.001509    0.016788
         -0.010303   -0.043920   -0.013387
          0.142830   -0.160885   -0.085457
         -0.537108    0.193965    0.489064
         -0.080320    0.520669   -0.121389
          0.030552   -0.045787    0.000351
         -0.142747    0.044746    0.025492
          0.010792    0.142805   -0.031282
          0.032681   -0.037826   -0.014022
         -0.007444    0.069664    0.023065
         -0.057325    0.031433   -0.006436
          0.016504   -0.005997   -0.018475
         -0.018378    0.043795    0.034400
         -0.052521   -0.030310    0.038796
 
         -0.107032   -0.058847    0.083904
          0.061035    0.153341   -0.375491
          0.412878    0.094341   -0.000074
          0.013166    0.008052    0.001694
         -0.009455   -0.014295    0.038386
         -0.059932   -0.026010   -0.012857
         -0.015205    0.004348    0.005473
          0.078564   -0.012868   -0.019616
         -0.001594   -0.042704    0.002634
          0.101152   -0.163663    0.000217
         -0.477047    0.137445    0.043345
          0.023080    0.546861   -0.048340
         -0.028052    0.014810    0.026735
          0.004014   -0.072570   -0.084961
          0.100003    0.001862   -0.027098
          0.015336    0.002918   -0.002433
         -0.008097    0.017773    0.008322
         -0.041244   -0.016762    0.015264
 
         -0.034905    0.004476    0.030061
          0.016506   -0.017854   -0.069521
          0.075005   -0.016637   -0.013908
         -0.001974   -0.011624    0.008515
          0.012649    0.012554   -0.035639
          0.011014    0.039042    0.006127
         -0.001199   -0.002136    0.001366
          0.009656   -0.002827   -0.007798
          0.000704   -0.005263    0.001291
          0.013847   -0.022850   -0.006343
         -0.073243    0.022592    0.024955
          0.006384    0.086500   -0.000066
          0.116635   -0.061114   -0.131269
         -0.020378    0.286933    0.460857
         -0.451173    0.003369    0.109722
         -0.112951    0.005399    0.098924
          0.078054   -0.256024   -0.238711
          0.416677    0.197585   -0.242306
 
         -0.134690   -0.062280    0.103085
          0.076527    0.161856   -0.452135
          0.499825    0.109828   -0.003085
          0.044086    0.039414   -0.010031
         -0.043050   -0.043964    0.133371
         -0.154220   -0.136520   -0.043656
          0.040421   -0.021552   -0.025567
         -0.149770    0.043890    0.113192
         -0.015394    0.106932   -0.027849
         -0.097546    0.116863   -0.004675
          0.373394   -0.116323   -0.055299
         -0.013206   -0.391894    0.090295
          0.003203   -0.009545    0.007957
         -0.004880    0.008139   -0.035704
          0.018516    0.014531   -0.012190
         -0.017901    0.000658    0.007795
          0.009631   -0.021604   -0.012181
          0.049706    0.011921   -0.007743
 
         -0.009452   -0.005964    0.019033
          0.048011    0.002173    0.016092
         -0.012342    0.027726   -0.087705
         -0.005314   -0.002396    0.026289
          0.002831    0.003517    0.002870
          0.019489    0.018649   -0.092440
         -0.004424    0.215468   -0.080357
         -0.028870   -0.853894    0.343109
          0.060915    0.008253   -0.065659
         -0.013825   -0.007614    0.002476
          0.007746    0.030657   -0.002471
          0.038441   -0.001098   -0.007920
          0.055125   -0.008955   -0.010791
         -0.232871   -0.032994    0.005236
          0.021094    0.038451    0.064529
         -0.003048    0.009253    0.003809
         -0.000658    0.003465    0.000827
          0.000275   -0.040837   -0.018947
 
          0.021425    0.007669   -0.041876
         -0.101113   -0.013243   -0.029653
          0.020430   -0.054816    0.172168
          0.006245    0.008870   -0.024459
         -0.016368   -0.018119   -0.014008
         -0.016619   -0.015148    0.110572
         -0.000409    0.010055   -0.002829
         -0.004705   -0.044025    0.021942
          0.003955    0.001564   -0.003814
         -0.001220   -0.011812    0.005325
          0.017908    0.047701   -0.003479
         -0.013745   -0.003415    0.000971
         -0.055861   -0.003875    0.002627
          0.221370    0.031914   -0.002757
         -0.011173   -0.011841   -0.011410
         -0.023325    0.183178    0.131238
          0.063836    0.062872   -0.024252
          0.047950   -0.756643   -0.495246
 
          0.009849   -0.002298    0.011936
         -0.037986   -0.004387   -0.007728
         -0.001875    0.013775   -0.037261
         -0.003217   -0.000805    0.018702
          0.001451    0.002177    0.002753
          0.012057    0.005449   -0.072133
         -0.006803    0.053416   -0.015473
         -0.008742   -0.215649    0.097057
          0.036196    0.001890   -0.037089
         -0.010082   -0.010769    0.002609
          0.012479    0.046710   -0.013322
          0.027979   -0.002031   -0.003285
         -0.200441    0.004574    0.046893
          0.873742    0.112114   -0.011020
         -0.075589   -0.129224   -0.178161
          0.002783   -0.045061   -0.029457
         -0.007363   -0.016214    0.002259
         -0.004070    0.189141    0.117670
 
         -0.068405   -0.064940    0.166208
          0.363568    0.030071    0.104738
         -0.085738    0.240856   -0.760457
          0.039136    0.039913   -0.046206
         -0.124345   -0.138269   -0.101955
         -0.039949   -0.024547    0.280808
          0.006768   -0.014726    0.000573
          0.001464    0.055433   -0.023119
         -0.026119    0.001130    0.028193
         -0.014465    0.010341   -0.000455
         -0.015010   -0.042970    0.006824
          0.072837   -0.001741   -0.012393
         -0.019409   -0.006322   -0.006858
          0.069684    0.007769   -0.003294
          0.007368    0.022124    0.027577
         -0.006109    0.025264    0.022142
          0.021717    0.020157   -0.009323
          0.003453   -0.128301   -0.077023
 
          0.110383    0.015313    0.014398
         -0.454591   -0.047526   -0.108801
          0.018791   -0.013575    0.055651
          0.057061    0.047626   -0.173405
         -0.106591   -0.117920   -0.097226
         -0.125099   -0.076211    0.782981
          0.005152    0.025498   -0.011974
         -0.008266   -0.109957    0.046577
         -0.007689    0.006206    0.010726
          0.011310   -0.013116   -0.001503
          0.016068    0.051310   -0.008307
         -0.066435    0.001765    0.008443
          0.013355    0.009165    0.009391
         -0.038866   -0.004305    0.003208
         -0.011277   -0.026221   -0.042627
          0.003614   -0.033344   -0.023760
         -0.009956   -0.010208    0.003419
         -0.006336    0.142899    0.090341
 
          0.008599    0.006978   -0.016988
         -0.040471   -0.004090   -0.011467
          0.006986   -0.018834    0.084537
         -0.000915   -0.001742   -0.018068
          0.013770    0.014899    0.009577
         -0.010925   -0.009399    0.059721
          0.000065    0.005256   -0.002036
          0.001586   -0.018299    0.005321
         -0.003431   -0.000779    0.005968
         -0.119068    0.153589   -0.007089
         -0.204508   -0.610525    0.118875
          0.679820   -0.004324   -0.097003
          0.018631    0.028369    0.040504
         -0.028876   -0.000333    0.006055
         -0.045103   -0.114880   -0.166270
          0.001871    0.005870    0.001155
         -0.006730   -0.004567    0.003868
         -0.000322   -0.018939   -0.009136
 
         -0.188163    0.015901   -0.150733
          0.727348    0.081752    0.154989
          0.022576   -0.144826    0.441219
          0.019221    0.012287   -0.086334
         -0.018415   -0.022075   -0.025328
         -0.056107   -0.032001    0.369041
         -0.000291    0.013437   -0.006716
         -0.002928   -0.058150    0.028093
          0.002423    0.002692   -0.001392
          0.008791   -0.003407    0.001286
          0.005259    0.013999   -0.003624
         -0.040809    0.001729    0.005981
         -0.007151    0.004505    0.007554
          0.041790    0.005256    0.001612
         -0.010442   -0.017756   -0.033266
         -0.003425   -0.017760   -0.008831
          0.013601    0.010203   -0.007446
         -0.002995    0.059733    0.041271
 
         -0.006993   -0.004080    0.009831
          0.031866    0.003490    0.008380
         -0.005271    0.013264   -0.048741
          0.001227    0.000893    0.011536
         -0.007839   -0.009328   -0.003855
          0.004568    0.002486   -0.043695
         -0.000528   -0.006547    0.004618
          0.000550    0.028617   -0.011334
          0.003302   -0.000900   -0.002555
         -0.083127   -0.105395    0.027698
          0.126703    0.443301   -0.080942
          0.204117   -0.023801   -0.026472
          0.097240    0.113198    0.151819
         -0.214099   -0.014268    0.025023
         -0.168504   -0.436820   -0.631927
         -0.003055    0.007126    0.004616
          0.003883    0.005727   -0.002475
          0.001746   -0.032467   -0.018476
 
         -0.001673   -0.003351    0.012709
          0.011289    0.000856    0.004876
         -0.006061    0.015082   -0.055614
          0.000420    0.000475    0.011965
         -0.006137   -0.006949   -0.003144
          0.007088    0.005771   -0.041061
          0.006649    0.011097   -0.011749
         -0.004009   -0.049995    0.024887
         -0.024875    0.002995    0.021272
          0.192920    0.117243   -0.044500
         -0.130960   -0.508092    0.092294
         -0.636944    0.040922    0.086159
          0.043356    0.066213    0.089049
         -0.070721   -0.000597    0.013515
         -0.102173   -0.259853   -0.372336
         -0.000978    0.007145    0.006732
          0.005162    0.005953   -0.001616
         -0.000538   -0.038159   -0.025018
 
          0.000542   -0.001147    0.004278
         -0.000598   -0.000773    0.000367
         -0.001746    0.005332   -0.017302
         -0.037568   -0.041796   -0.037435
          0.159583    0.176655    0.120442
         -0.008340   -0.009939    0.027797
          0.160299    0.015837   -0.167015
          0.016685   -0.079678    0.012854
         -0.656200    0.019809    0.651682
         -0.006030   -0.007715    0.002021
          0.009699    0.032802   -0.006120
          0.015110   -0.002506   -0.003114
         -0.007052   -0.001910    0.000002
          0.027907    0.003094   -0.000260
         -0.000297    0.001760    0.003176
         -0.011095   -0.010535    0.004655
          0.044710    0.037929   -0.022827
         -0.001291    0.003811    0.004150
 
          0.005972    0.001728    0.001207
         -0.024304   -0.002194   -0.005529
          0.000694   -0.000500    0.002416
          0.000564    0.000647    0.004667
         -0.003928   -0.004261   -0.002632
          0.002357    0.001839   -0.015740
         -0.010842   -0.000979    0.011257
         -0.001002    0.005241   -0.000842
          0.044470   -0.001481   -0.044164
         -0.001274    0.001977   -0.000489
         -0.003657   -0.008610    0.002592
          0.008062    0.000233   -0.001031
          0.002077   -0.000344   -0.001057
         -0.009989   -0.002110    0.001933
          0.000587    0.002315    0.003433
         -0.165268   -0.160376    0.072483
          0.683929    0.582261   -0.349924
         -0.024862    0.054107    0.058636
 
         -0.001228   -0.011052    0.033971
          0.019915   -0.000667    0.008820
         -0.015222    0.045492   -0.143273
         -0.120114   -0.137187   -0.155171
          0.532090    0.588732    0.400376
         -0.054367   -0.042783    0.214844
         -0.045175   -0.003169    0.048322
         -0.006702    0.016009   -0.000038
          0.188736   -0.004413   -0.186883
          0.005179   -0.002436   -0.000596
          0.003024    0.008401   -0.001758
         -0.024859    0.000822    0.002858
          0.000109    0.002559    0.002481
          0.003677    0.000820    0.000297
         -0.004443   -0.008656   -0.012718
          0.000512    0.006171    0.003355
         -0.002524   -0.001852    0.001565
          0.000941   -0.023800   -0.014634
 
 
      o TRANSLATIONAL VECTOR
          0.384727    0.000000    0.000000
          0.096571    0.000000    0.000000
          0.096571    0.000000    0.000000
          0.384727    0.000000    0.000000
          0.096571    0.000000    0.000000
          0.096571    0.000000    0.000000
          0.384727    0.000000    0.000000
          0.096571    0.000000    0.000000
          0.096571    0.000000    0.000000
          0.384727    0.000000    0.000000
          0.096571    0.000000    0.000000
          0.096571    0.000000    0.000000
          0.384727    0.000000    0.000000
          0.096571    0.000000    0.000000
          0.096571    0.000000    0.000000
          0.384727    0.000000    0.000000
          0.096571    0.000000    0.000000
          0.096571    0.000000    0.000000
 
          0.000000    0.384727    0.000000
          0.000000    0.096571    0.000000
          0.000000    0.096571    0.000000
          0.000000    0.384727    0.000000
          0.000000    0.096571    0.000000
          0.000000    0.096571    0.000000
          0.000000    0.384727    0.000000
          0.000000    0.096571    0.000000
          0.000000    0.096571    0.000000
          0.000000    0.384727    0.000000
          0.000000    0.096571    0.000000
          0.000000    0.096571    0.000000
          0.000000    0.384727    0.000000
          0.000000    0.096571    0.000000
          0.000000    0.096571    0.000000
          0.000000    0.384727    0.000000
          0.000000    0.096571    0.000000
          0.000000    0.096571    0.000000
 
          0.000000    0.000000    0.384727
          0.000000    0.000000    0.096571
          0.000000    0.000000    0.096571
          0.000000    0.000000    0.384727
          0.000000    0.000000    0.096571
          0.000000    0.000000    0.096571
          0.000000    0.000000    0.384727
          0.000000    0.000000    0.096571
          0.000000    0.000000    0.096571
          0.000000    0.000000    0.384727
          0.000000    0.000000    0.096571
          0.000000    0.000000    0.096571
          0.000000    0.000000    0.384727
          0.000000    0.000000    0.096571
          0.000000    0.000000    0.096571
          0.000000    0.000000    0.384727
          0.000000    0.000000    0.096571
          0.000000    0.000000    0.096571
 
 
      o ROTATIONAL VECTOR
          0.004500    0.296109   -0.226036
          0.001296    0.085310   -0.063792
          0.000278    0.018299   -0.073433
          0.004823    0.317380   -0.222343
          0.001587    0.104406   -0.094975
          0.000339    0.022292   -0.062162
         -0.004927   -0.324187   -0.109643
         -0.000882   -0.058015    0.027245
         -0.001849   -0.121678   -0.025546
         -0.005576   -0.366906   -0.207528
         -0.001239   -0.081554    0.003348
         -0.001511   -0.099437   -0.048647
          0.000488    0.032098    0.409897
          0.000163    0.010731    0.109244
          0.000830    0.054601    0.069902
          0.000650    0.042798    0.354664
          0.000497    0.032717    0.123481
          0.000655    0.043121    0.039280
 
         -0.264729    0.000000   -0.301664
         -0.076269    0.000000   -0.024842
         -0.016360    0.000000   -0.078681
         -0.283746    0.000000    0.302351
         -0.093342    0.000000    0.107141
         -0.019930    0.000000    0.084711
          0.289832    0.000000    0.310910
          0.051867    0.000000    0.076712
          0.108783    0.000000    0.114877
          0.328024    0.000000   -0.285396
          0.072911    0.000000   -0.084429
          0.088900    0.000000   -0.020133
         -0.028697    0.000000    0.267923
         -0.009593    0.000000    0.015047
         -0.048815    0.000000    0.077133
         -0.038263    0.000000   -0.311989
         -0.029250    0.000000   -0.115168
         -0.038551    0.000000   -0.081193
 
          0.205418    0.300274   -0.000339
          0.057065    0.024903   -0.000158
          0.066368    0.078149   -0.000130
          0.193050   -0.299191   -0.000952
          0.082764   -0.106044   -0.000384
          0.053905   -0.084017   -0.000266
          0.092292   -0.309532   -0.000637
         -0.025390   -0.076309   -0.000001
          0.020819   -0.114374   -0.000192
          0.188107    0.282219   -0.000302
         -0.001776    0.083566    0.000097
          0.043376    0.019697   -0.000119
         -0.367746   -0.265839    0.000903
         -0.097158   -0.014904    0.000299
         -0.063140   -0.076402    0.000121
         -0.309975    0.309794    0.001343
         -0.107806    0.114406    0.000474
         -0.033590    0.080714    0.000197
 
(  SETUP OF NMA COMPLETED  )



(  SETUP VIB MODULE  )

   >> RUN OPTIONS
      VSCF    =     T
      OC-VSCF =     F
      VCI     =     F
      VPT     =     F
      VQDPT   =     T
      PRPT    =     F


   >> BASIS FUNCTIONS
      MODE :         1        2        3        4        5        6
      MAXV :        -1       -1       -1       -1       -1       -1
      FREQ :     68.57    75.09    80.48   136.07   143.86   194.45

      MODE :         7        8        9       10       11       12
      MAXV :        -1       -1       -1       -1       -1       -1
      FREQ :    208.51   225.63   229.69   236.86   243.36   264.32

      MODE :        13       14       15       16       17       18
      MAXV :        -1       -1       -1       -1       -1       -1
      FREQ :    285.99   295.43   306.70   429.22   454.45   484.92

      MODE :        19       20       21       22       23       24
      MAXV :        -1       -1       -1       -1       -1       -1
      FREQ :    497.39   550.59   553.99   578.26   617.24   683.17

      MODE :        25       26       27       28       29       30
      MAXV :        -1       -1       -1       -1       -1       -1
      FREQ :    718.30   744.74   816.14   891.25  1066.71  1088.07

      MODE :        31       32       33       34       35       36
      MAXV :        10       10       10       10       10       10
      FREQ :   1691.66  1707.56  1701.92  1739.06  1739.42  1753.47

      MODE :        37       38       39       40       41       42
      MAXV :        10       10       10       10       10       10
      FREQ :   3302.55  3311.20  3598.35  3639.09  3636.51  3745.57

      MODE :        43       44       45       46       47       48
      MAXV :        10       10       10       10       10       10
      FREQ :   3728.43  3822.22  3818.45  3907.69  3910.26  3910.69


(  SETUP TARGET MODULE  )

   >> TARGET STATES
       000   : ZERO-POINT STATE
     001-018 : FUNDAMENTALS
 

(  SETUP MRPES MODULE  )

   >> POTENTIAL

      [  OPTIONS  ]

         MR         =        4
         MCS_CUTOFF = -.10E-02
         MCS_GRID   = -.10E+01
         POTDIR     = ./
         MOPFILE    = prop_no_1.mop_ocvscf


         1MR-PEF

         o QFF   MP2/cc-pVDZ

           MODE=  31
           MODE=  32
           MODE=  33
           MODE=  34
           MODE=  35
           MODE=  36
           MODE=  37
           MODE=  38
           MODE=  39
           MODE=  40
           MODE=  41
           MODE=  42
           MODE=  43
           MODE=  44
           MODE=  45
           MODE=  46
           MODE=  47
           MODE=  48
 
         o DISABLED

           MODE=   1
           MODE=   2
           MODE=   3
           MODE=   4
           MODE=   5
           MODE=   6
           MODE=   7
           MODE=   8
           MODE=   9
           MODE=  10
           MODE=  11
           MODE=  12
           MODE=  13
           MODE=  14
           MODE=  15
           MODE=  16
           MODE=  17
           MODE=  18
           MODE=  19
           MODE=  20
           MODE=  21
           MODE=  22
           MODE=  23
           MODE=  24
           MODE=  25
           MODE=  26
           MODE=  27
           MODE=  28
           MODE=  29
           MODE=  30

         2MR-PEF

         o QFF   MP2/cc-pVDZ

           NUMBER OF TERMS=     153
 

         3MR-PEF

         o QFF   MP2/cc-pVDZ

           NUMBER OF TERMS=     816
 

         4MR-PEF

         o QFF   MP2/cc-pVDZ

           NUMBER OF TERMS=    3060
 

(  FINALIZE MRPES MODULE  )

            (MEMORY INFO)
            -- CURRENT USAGE    [     0.73 MB /   500.00 MB (  0.1 % ) ]  -- 
            -- IN THE LAST STEP [     3.02 MB /   500.00 MB (  0.6 % ) ]  -- 

            (CLOCK) ---->  LAST STEP: USER     1.13, SYSTEM     0.00 SECS   <----


(  ENTER VSCF MODULE  )

  ---  VIBRATIONAL SELF-CONSISTENT FIELD CALCULATIONS   ---

   >> SCF OPTIONS
       STATE SPECIFIC :        F
              RESTART :        F
        MAX ITERATION :       20
         CONV. THRESH : 0.10E-04

   >> FILES
       WFN READ/WRITE FILE : vscf_xxx.wfn

   >> STATE 000:   ZERO-POINT STATE

       o INITIAL GUESS FROM (CONTRACTED) HARMONIC OSCILLATOR 

   -- (ITERATION) -------- (EOLD) -------- (ENEW) ----- (DELTA E) --
                1        27675.24        26878.48      -0.797D+03
                2        26878.48        26876.05      -0.244D+01
                3        26876.05        26876.03      -0.127D-01
                4        26876.03        26876.03      -0.728D-04
                5        26876.03        26876.03      -0.431D-06
   -----------------------------------------------------------------
       E(VSCF)=    26876.03241666

       o COEFFICIENTS

         -MODES-          1         2         3         4         5         6
              0     0.00000   0.00000   0.00000   0.00000   0.00000   0.00000
              1     0.00000   0.00000   0.00000   0.00000   0.00000   0.00000
              2     0.00000   0.00000   0.00000   0.00000   0.00000   0.00000
              3     0.00000   0.00000   0.00000   0.00000   0.00000   0.00000
              4     0.00000   0.00000   0.00000   0.00000   0.00000   0.00000
              5     0.00000   0.00000   0.00000   0.00000   0.00000   0.00000
              6     0.00000   0.00000   0.00000   0.00000   0.00000   0.00000
              7     0.00000   0.00000   0.00000   0.00000   0.00000   0.00000
              8     0.00000   0.00000   0.00000   0.00000   0.00000   0.00000
              9     0.00000   0.00000   0.00000   0.00000   0.00000   0.00000
             10     0.00000   0.00000   0.00000   0.00000   0.00000   0.00000
         -MODES-          7         8         9        10        11        12
              0     0.00000   0.00000   0.00000   0.00000   0.00000   0.00000
              1     0.00000   0.00000   0.00000   0.00000   0.00000   0.00000
              2     0.00000   0.00000   0.00000   0.00000   0.00000   0.00000
              3     0.00000   0.00000   0.00000   0.00000   0.00000   0.00000
              4     0.00000   0.00000   0.00000   0.00000   0.00000   0.00000
              5     0.00000   0.00000   0.00000   0.00000   0.00000   0.00000
              6     0.00000   0.00000   0.00000   0.00000   0.00000   0.00000
              7     0.00000   0.00000   0.00000   0.00000   0.00000   0.00000
              8     0.00000   0.00000   0.00000   0.00000   0.00000   0.00000
              9     0.00000   0.00000   0.00000   0.00000   0.00000   0.00000
             10     0.00000   0.00000   0.00000   0.00000   0.00000   0.00000
         -MODES-         13        14        15        16        17        18
              0     0.00000   0.00000   0.00000   0.00000   0.00000   0.00000
              1     0.00000   0.00000   0.00000   0.00000   0.00000   0.00000
              2     0.00000   0.00000   0.00000   0.00000   0.00000   0.00000
              3     0.00000   0.00000   0.00000   0.00000   0.00000   0.00000
              4     0.00000   0.00000   0.00000   0.00000   0.00000   0.00000
              5     0.00000   0.00000   0.00000   0.00000   0.00000   0.00000
              6     0.00000   0.00000   0.00000   0.00000   0.00000   0.00000
              7     0.00000   0.00000   0.00000   0.00000   0.00000   0.00000
              8     0.00000   0.00000   0.00000   0.00000   0.00000   0.00000
              9     0.00000   0.00000   0.00000   0.00000   0.00000   0.00000
             10     0.00000   0.00000   0.00000   0.00000   0.00000   0.00000
         -MODES-         19        20        21        22        23        24
              0     0.00000   0.00000   0.00000   0.00000   0.00000   0.00000
              1     0.00000   0.00000   0.00000   0.00000   0.00000   0.00000
              2     0.00000   0.00000   0.00000   0.00000   0.00000   0.00000
              3     0.00000   0.00000   0.00000   0.00000   0.00000   0.00000
              4     0.00000   0.00000   0.00000   0.00000   0.00000   0.00000
              5     0.00000   0.00000   0.00000   0.00000   0.00000   0.00000
              6     0.00000   0.00000   0.00000   0.00000   0.00000   0.00000
              7     0.00000   0.00000   0.00000   0.00000   0.00000   0.00000
              8     0.00000   0.00000   0.00000   0.00000   0.00000   0.00000
              9     0.00000   0.00000   0.00000   0.00000   0.00000   0.00000
             10     0.00000   0.00000   0.00000   0.00000   0.00000   0.00000
         -MODES-         25        26        27        28        29        30
              0     0.00000   0.00000   0.00000   0.00000   0.00000   0.00000
              1     0.00000   0.00000   0.00000   0.00000   0.00000   0.00000
              2     0.00000   0.00000   0.00000   0.00000   0.00000   0.00000
              3     0.00000   0.00000   0.00000   0.00000   0.00000   0.00000
              4     0.00000   0.00000   0.00000   0.00000   0.00000   0.00000
              5     0.00000   0.00000   0.00000   0.00000   0.00000   0.00000
              6     0.00000   0.00000   0.00000   0.00000   0.00000   0.00000
              7     0.00000   0.00000   0.00000   0.00000   0.00000   0.00000
              8     0.00000   0.00000   0.00000   0.00000   0.00000   0.00000
              9     0.00000   0.00000   0.00000   0.00000   0.00000   0.00000
             10     0.00000   0.00000   0.00000   0.00000   0.00000   0.00000
         -MODES-         31        32        33        34        35        36
              0     0.99975   0.99918   0.99934   0.99972   0.99984   0.99984
              1    -0.01499  -0.03661  -0.03190   0.01815   0.00912   0.00999
              2     0.01511   0.01615   0.01617   0.01413   0.01428   0.01396
              3    -0.00674  -0.00644  -0.00607  -0.00530  -0.00528  -0.00514
              4     0.00106   0.00127   0.00114   0.00074   0.00087   0.00087
              5    -0.00038  -0.00039  -0.00036  -0.00027  -0.00028  -0.00027
              6     0.00015   0.00014   0.00013   0.00011   0.00011   0.00011
              7    -0.00004  -0.00004  -0.00004  -0.00003  -0.00003  -0.00003
              8     0.00001   0.00001   0.00001   0.00001   0.00001   0.00001
              9    -0.00001  -0.00000  -0.00000  -0.00000  -0.00000  -0.00000
             10     0.00000   0.00000   0.00000   0.00000   0.00000   0.00000
         -MODES-         37        38        39        40        41        42
              0     0.98277   0.98250   0.99136   0.99163  -0.99195  -0.99311
              1    -0.17600   0.17739  -0.12449   0.12284   0.12065   0.11164
              2     0.03372   0.03404   0.01976   0.01809  -0.01681  -0.01417
              3    -0.04276   0.04299  -0.03540   0.03448   0.03374   0.03198
              4     0.01424   0.01450   0.00831   0.00792  -0.00751  -0.00651
              5    -0.00246   0.00258  -0.00070   0.00050   0.00031   0.00008
              6     0.00267   0.00273   0.00193   0.00182  -0.00173  -0.00158
              7    -0.00102   0.00106  -0.00050   0.00047   0.00042   0.00035
              8    -0.00003  -0.00001  -0.00012  -0.00013   0.00015   0.00014
              9    -0.00007   0.00008  -0.00007   0.00006   0.00006   0.00006
             10     0.00007   0.00008   0.00003   0.00003  -0.00003  -0.00002
         -MODES-         43        44        45        46        47        48
              0    -0.99299   0.99374   0.99372   0.99494  -0.99492   0.99380
              1     0.11258   0.10667   0.10681   0.09545   0.09562   0.10637
              2    -0.01440   0.01195   0.01208   0.00982  -0.00986   0.01100
              3     0.03217   0.03045   0.03052   0.02936   0.02939   0.02980
              4    -0.00660   0.00578   0.00581   0.00492  -0.00494   0.00568
              5     0.00009  -0.00015  -0.00014  -0.00029  -0.00029  -0.00018
              6    -0.00159   0.00144   0.00144   0.00137  -0.00137   0.00139
              7     0.00035   0.00029   0.00029   0.00023   0.00024   0.00029
              8     0.00015  -0.00015  -0.00015  -0.00015   0.00015  -0.00014
              9     0.00006   0.00005   0.00005   0.00005   0.00005   0.00005
             10    -0.00002   0.00002   0.00002   0.00001  -0.00001   0.00002
 
       o VIBRATIONALLY AVERAGED STRUCTURE

         - Q0 -
              0.000000    0.000000    0.000000
              0.000000    0.000000    0.000000
              0.000000    0.000000    0.000000
              0.000000    0.000000    0.000000
              0.000000    0.000000    0.000000
              0.000000    0.000000    0.000000
              0.000000    0.000000    0.000000
              0.000000    0.000000    0.000000
              0.000000    0.000000    0.000000
              0.000000    0.000000    0.000000
             -0.249633   -0.603091   -0.526581
              0.291802    0.145542    0.158967
             -2.134882    2.149791   -1.421532
              1.390346   -1.362864   -1.237493
             -1.251162    1.165789    1.168187
              1.028859   -1.030435    1.147038
 
         - X0 -
              2.679316   -1.836923   -2.349264
              0.882523   -2.029046   -2.704894
              2.789172   -2.352708   -0.613480
             -2.687143   -1.726375   -2.520581
             -3.774211   -2.928449   -3.293391
             -2.994809   -1.918005   -0.715686
             -2.761439   -0.831669    2.575378
             -2.705804    0.953476    1.807231
             -4.081288   -0.753250    3.868359
              2.536759   -1.687544    2.913849
              2.993144    0.073285    2.577384
              0.682644   -1.549345    3.150735
             -2.378893    3.292292   -0.254351
             -0.542408    3.466931   -0.333224
             -2.739527    2.240548   -1.743392
              2.772303    2.778665   -0.338279
              4.063805    3.839354   -1.026279
              2.873099    1.140565   -1.397951
 
   >> VIRTUAL VSCF ENERGIES

      o VSCF STATES               TOTAL ENERGY         E-E0
       31_1                      28495.49838674        1619.46597008
       32_1                      28509.00390810        1632.97149144
       33_1                      28502.84954698        1626.81713032
       34_1                      28547.75181065        1671.71939399
       35_1                      28546.20612831        1670.17371165
       36_1                      28561.34252524        1685.31010858
       37_1                      29892.17182066        3016.13940400
       38_1                      29898.03580194        3022.00338528
       39_1                      30250.71266517        3374.68024851
       40_1                      30307.04842837        3431.01601171
       41_1                      30317.92157106        3441.88915440
       42_1                      30445.66324678        3569.63083012
       43_1                      30427.14354874        3551.11113208
       44_1                      30543.45904220        3667.42662554
       45_1                      30538.42395094        3662.39153428
       46_1                      30641.58191091        3765.54949425
       47_1                      30643.72332545        3767.69090879
       48_1                      30640.93884143        3764.90642477

(  FINALIZE VSCF MODULE  )

            (MEMORY INFO)
            -- CURRENT USAGE    [     0.73 MB /   500.00 MB (  0.1 % ) ]  -- 
            -- IN THE LAST STEP [     0.96 MB /   500.00 MB (  0.2 % ) ]  -- 

            (CLOCK) ---->  LAST STEP: USER     0.02, SYSTEM     0.00 SECS   <----


(  ENTER VQDPT MODULE  )

   >> VQDPT OPTIONS

       o VQDPT WITH ZERO-POINT VSCF REFERENCE
         READ VSCF WFN  : vscf-000.wfn

       o P-SPACE CONSTRUCTION
         NGEN =    3
         THRESH_P0  = 0.50E+03
         THRESH_P1  = 0.10E+00
         THRESH_P2  = 0.50E-01
         THRESH_P3  = 0.95E+00
         P SET      =        0

       o Q-SPACE CONSTRUCTION
         NCUP   =    4
         MAXSUM =    4

       o P/Q INTERACTION =   1

       o THRESH_ENE =   0.100E-03

       o DUMP VQDPT WFN : [ vqdpt-w.wfn ]

   >> ENTER VQDPT MAIN ROUTINE

       o FOUND    4 GROUPS FROM THE TARGET STATES

            (CLOCK) ---->  LAST STEP: USER     0.05, SYSTEM     0.00 SECS   <----

    [ LOOP OVER THE GROUPS ]

       o STATE 000:   ZERO-POINT STATE

              --- Q-SPACE COMPONENTS--- 
                  1-MODE :        0
                  2-MODE :      918
                  3-MODE :     3264
                  4-MODE :     3060
                   TOTAL :     7242
              ------------------------- 

             E(0th)    =    26610.04357
             E(1st)    =      265.98886
             E(2nd)    =      -10.04932

             E(VMP1)   =    26876.03243
             E(VMP2)   =    26865.98311

            (CLOCK) ---->  LAST STEP: USER     0.03, SYSTEM     0.00 SECS   <----

       o GROUP 001: 
 
          --- P-SPACE COMPONENTS -----------------------------------------
          *    1)  31_1
          *    2)  32_1
          *    3)  33_1
          *    4)  35_1
          *    5)  34_1
          *    6)  36_1
          ----------------------------------------------------------------
                                                     * IS THE TARGET STATE

         o Q-SPACE COMPONENTS:        27910

            (CLOCK) ---->  LAST STEP: USER     0.22, SYSTEM     0.00 SECS   <----

         > STATE 001:  31_1
 
             E(VQDPT2)   =    28469.33391
             E(VQDPT2)-E0=     1603.35079

             COEFF.  WEIGHT      CONFIG.

             -0.788   0.622       31_1
              0.606   0.367       33_1
 
         > STATE 002:  32_1
 
             E(VQDPT2)   =    28490.44979
             E(VQDPT2)-E0=     1624.46667

             COEFF.  WEIGHT      CONFIG.

             -0.921   0.848       32_1
             -0.275   0.076       35_1
              0.257   0.066       33_1
 
         > STATE 003:  33_1
 
             E(VQDPT2)   =    28498.96622
             E(VQDPT2)-E0=     1632.98310

             COEFF.  WEIGHT      CONFIG.

             -0.739   0.546       33_1
             -0.599   0.359       31_1
             -0.243   0.059       32_1
             -0.174   0.030       34_1
 
         > STATE 004:  34_1
 
             E(VQDPT2)   =    28532.66511
             E(VQDPT2)-E0=     1666.68200

             COEFF.  WEIGHT      CONFIG.

             -0.924   0.853       34_1
              0.325   0.105       36_1
              0.133   0.018       33_1
              0.107   0.012       32_1
             -0.101   0.010       35_1
 
         > STATE 005:  35_1
 
             E(VQDPT2)   =    28535.80564
             E(VQDPT2)-E0=     1669.82253

             COEFF.  WEIGHT      CONFIG.

              0.952   0.907       35_1
             -0.274   0.075       32_1
             -0.124   0.015       34_1
 
         > STATE 006:  36_1
 
             E(VQDPT2)   =    28549.49244
             E(VQDPT2)-E0=     1683.50933

             COEFF.  WEIGHT      CONFIG.

             -0.943   0.890       36_1
             -0.314   0.099       34_1
 
 
            (CLOCK) ---->  LAST STEP: USER     0.00, SYSTEM     0.00 SECS   <----

       o GROUP 002: 
 
          --- P-SPACE COMPONENTS -----------------------------------------
          *    1)  37_1
          *    2)  38_1
          *    3)  39_1
               4)  35_2
               5)  31_1   35_1
               6)  32_1   35_1
               7)  35_1   36_1
               8)  32_1   36_1
               9)  34_1   35_1
              10)  33_1   35_1
              11)  31_1   32_1
              12)  32_2
              13)  31_1   36_1
              14)  33_1   36_1
              15)  32_1   34_1
          ----------------------------------------------------------------
                                                     * IS THE TARGET STATE

         o Q-SPACE COMPONENTS:        69623

            (CLOCK) ---->  LAST STEP: USER     0.62, SYSTEM     0.00 SECS   <----

         > STATE 001:  37_1
 
             E(VQDPT2)   =    29836.62210
             E(VQDPT2)-E0=     2970.63899

             COEFF.  WEIGHT      CONFIG.

              0.741   0.549       37_1
              0.652   0.425       38_1
             -0.156   0.024       39_1
 
         > STATE 002:  38_1
 
             E(VQDPT2)   =    29889.45322
             E(VQDPT2)-E0=     3023.47011

             COEFF.  WEIGHT      CONFIG.

             -0.747   0.558       38_1
              0.662   0.438       37_1
 
         > STATE 006:  32_1   35_1
 
             E(VQDPT2)   =    30146.67419
             E(VQDPT2)-E0=     3280.69107

             COEFF.  WEIGHT      CONFIG.

              0.658   0.433       32_1   35_1
             -0.592   0.351       35_2
             -0.274   0.075       33_1   35_1
              0.252   0.063       32_2
             -0.179   0.032       39_1
              0.141   0.020       32_1   34_1
              0.102   0.010       34_1   35_1
 
         > STATE 012:  35_2
 
             E(VQDPT2)   =    30185.30246
             E(VQDPT2)-E0=     3319.31934

             COEFF.  WEIGHT      CONFIG.

             -0.688   0.473       35_2
             -0.640   0.410       32_1   35_1
             -0.256   0.066       39_1
             -0.133   0.018       32_2
 
         > STATE 015:  39_1
 
             E(VQDPT2)   =    30247.64242
             E(VQDPT2)-E0=     3381.65931

             COEFF.  WEIGHT      CONFIG.

              0.935   0.874       39_1
             -0.314   0.098       35_2
              0.104   0.011       37_1
              0.101   0.010       38_1
 
 
            (CLOCK) ---->  LAST STEP: USER     0.00, SYSTEM     0.00 SECS   <----

       o GROUP 003: 
 
          --- P-SPACE COMPONENTS -----------------------------------------
          *    1)  40_1
               2)  31_2
          *    3)  41_1
          *    4)  42_1
          *    5)  43_1
          *    6)  48_1
               7)  31_1   32_1
               8)  31_1   33_1
               9)  36_2
          *   10)  45_1
          *   11)  46_1
              12)  32_2
              13)  32_1   33_1
              14)  31_1   35_1
              15)  33_2
              16)  31_1   34_1
              17)  34_1   36_1
              18)  35_1   36_1
          *   19)  44_1
              20)  32_1   36_1
              21)  34_1   35_1
              22)  34_2
              23)  33_1   34_1
              24)  32_1   34_1
              25)  33_1   36_1
          ----------------------------------------------------------------
                                                     * IS THE TARGET STATE

         o Q-SPACE COMPONENTS:        88736

            (CLOCK) ---->  LAST STEP: USER     1.11, SYSTEM     0.00 SECS   <----

         > STATE 001:  31_2
 
             E(VQDPT2)   =    30057.46790
             E(VQDPT2)-E0=     3191.48479

             COEFF.  WEIGHT      CONFIG.

             -0.807   0.651       31_2
             -0.491   0.241       31_1   33_1
             -0.293   0.086       33_2
             -0.111   0.012       40_1
 
         > STATE 002:  33_2
 
             E(VQDPT2)   =    30082.49945
             E(VQDPT2)-E0=     3216.51633

             COEFF.  WEIGHT      CONFIG.

             -0.755   0.570       33_2
              0.500   0.250       31_2
             -0.395   0.156       31_1   33_1
              0.107   0.011       40_1
 
         > STATE 014:  36_2
 
             E(VQDPT2)   =    30197.58820
             E(VQDPT2)-E0=     3331.60509

             COEFF.  WEIGHT      CONFIG.

              0.830   0.689       36_2
              0.370   0.137       34_1   36_1
             -0.211   0.045       34_2
              0.189   0.036       41_1
             -0.184   0.034       35_1   36_1
              0.121   0.015       34_1   35_1
             -0.108   0.012       33_1   34_1
             -0.104   0.011       43_1
 
         > STATE 018:  40_1
 
             E(VQDPT2)   =    30281.80792
             E(VQDPT2)-E0=     3415.82481

             COEFF.  WEIGHT      CONFIG.

              0.842   0.709       40_1
             -0.432   0.187       41_1
              0.192   0.037       42_1
             -0.152   0.023       31_2
             -0.143   0.020       43_1
 
         > STATE 019:  41_1
 
             E(VQDPT2)   =    30310.94468
             E(VQDPT2)-E0=     3444.96157

             COEFF.  WEIGHT      CONFIG.

              0.841   0.707       41_1
              0.424   0.180       40_1
             -0.225   0.050       36_2
             -0.197   0.039       43_1
 
         > STATE 020:  43_1
 
             E(VQDPT2)   =    30418.63333
             E(VQDPT2)-E0=     3552.65021

             COEFF.  WEIGHT      CONFIG.

              0.832   0.692       43_1
             -0.451   0.204       42_1
              0.249   0.062       40_1
             -0.150   0.022       45_1
 
         > STATE 021:  42_1
 
             E(VQDPT2)   =    30439.16711
             E(VQDPT2)-E0=     3573.18400

             COEFF.  WEIGHT      CONFIG.

             -0.811   0.657       42_1
             -0.477   0.227       43_1
             -0.231   0.053       41_1
             -0.217   0.047       45_1
             -0.102   0.010       34_2
 
         > STATE 022:  44_1
 
             E(VQDPT2)   =    30531.95019
             E(VQDPT2)-E0=     3665.96708

             COEFF.  WEIGHT      CONFIG.

             -0.759   0.576       44_1
             -0.616   0.379       45_1
              0.175   0.031       42_1
 
         > STATE 023:  45_1
 
             E(VQDPT2)   =    30537.38216
             E(VQDPT2)-E0=     3671.39905

             COEFF.  WEIGHT      CONFIG.

             -0.733   0.537       45_1
              0.641   0.411       44_1
              0.217   0.047       42_1
 
         > STATE 024:  46_1
 
             E(VQDPT2)   =    30626.53663
             E(VQDPT2)-E0=     3760.55352

             COEFF.  WEIGHT      CONFIG.

             -0.976   0.953       46_1
              0.209   0.044       48_1
 
         > STATE 025:  48_1
 
             E(VQDPT2)   =    30633.53738
             E(VQDPT2)-E0=     3767.55427

             COEFF.  WEIGHT      CONFIG.

             -0.969   0.939       48_1
             -0.208   0.043       46_1
             -0.121   0.015       40_1
 
 
            (CLOCK) ---->  LAST STEP: USER     0.00, SYSTEM     0.00 SECS   <----

       o GROUP 004:  47_1
 
              --- Q-SPACE COMPONENTS--- 
                  1-MODE :       73
                  2-MODE :      969
                  3-MODE :     3672
                  4-MODE :     3740
                   TOTAL :     8454
              ------------------------- 

             E(0th)     =    30377.73526
             E(1st)     =      265.98807
             E(2nd)     =      -15.08996

             E(VMP1)    =    30643.72333
             E(VMP2)    =    30628.63337

             E(VMP1)-E0 =     3767.69090
             E(VMP2)-E0 =     3762.65026

            (CLOCK) ---->  LAST STEP: USER     0.04, SYSTEM     0.00 SECS   <----


(  FINALIZE VQDPT MODULE  )

            (MEMORY INFO)
            -- CURRENT USAGE    [     0.73 MB /   500.00 MB (  0.1 % ) ]  -- 
            -- IN THE LAST STEP [     9.15 MB /   500.00 MB (  1.8 % ) ]  -- 

            (CLOCK) ---->  LAST STEP: USER     0.00, SYSTEM     0.00 SECS   <----


(  FINALIZE TARGET MODULE  )


(  FINALIZE VIB MODULE  )


(  FINALIZE NMA MODULE  )


(  FINALIZE MOL MODULE  )



   (TOTAL MEMORY USAGE)   [     9.15 MB /   500.00 MB (  1.8 % ) ] 

   (CLOCK) ---->  TOTAL CPU-TIME  <----
            >     USER :   0 DAYS   0 HOURS   0 MINS   3.2 SECS 
            >    SYSTEM:   0 DAYS   0 HOURS   0 MINS   0.0 SECS 

