 -------------------------------------------------------
                                                      
    ***   WELCOME TO SINDO PROGRAM                    
     ***                (  VERSION 3.4  NARITA  ) 
      ***                                             
       ***       COPYRIGHT 2013:                      
        ***         KIYOSHI YAGI  KIYOSHI.YAGI@RIKEN.JP
                                                      
 -------------------------------------------------------

     JOB STARTED AT: Sat May  4 03:52:07 2013
     RUNNING ON kyagi-mac.local                 


(  SETUP MEM MODULE  )

   o MAXIMUM MEMORY :   30 MB


(  SETUP MOL MODULE  )


   READ DATA FROM A MINFO FILE : [ h2co-mp2-atz.minfo ]


(  ENTER NMA MODULE  )


      o ATOMIC MASS
        21874.6618  29156.9456   1837.1527   1837.1527

      o REFERENCE GEOMETRY
          0.000000    0.000000   -1.009408
         -0.000000   -0.000000    1.282652
          0.000000    1.768520   -2.102386
         -0.000000   -1.768520   -2.102386

      o NORMAL DISPLACEMENT VECTOR
         -0.512459    0.000000   -0.000000
          0.143328   -0.000000   -0.000000
          0.598683   -0.000000   -0.000000
          0.598683   -0.000000    0.000000

          0.000000    0.437573   -0.000000
         -0.000000   -0.271041    0.000000
         -0.000000   -0.215041   -0.566825
         -0.000000   -0.215041    0.566825

         -0.000000   -0.000000   -0.080615
          0.000000    0.000000    0.360056
          0.000000   -0.312600   -0.578110
          0.000000    0.312600   -0.578110

         -0.000000   -0.000000   -0.745599
          0.000000    0.000000    0.580843
         -0.000000    0.191324    0.129410
         -0.000000   -0.191324    0.129410

         -0.000000   -0.000000    0.194226
          0.000000   -0.000000    0.002355
          0.000000    0.604712   -0.339793
          0.000000   -0.604712   -0.339793

          0.000000   -0.333420   -0.000000
         -0.000000    0.002606    0.000000
         -0.000000    0.570070   -0.345590
         -0.000000    0.570070    0.345590


      o TRANSLATIONAL VECTOR
          0.632344    0.000000    0.000000
          0.730052    0.000000    0.000000
          0.183255    0.000000    0.000000
          0.183255    0.000000    0.000000

          0.000000    0.632344    0.000000
          0.000000    0.730052    0.000000
          0.000000    0.183255    0.000000
          0.000000    0.183255    0.000000

          0.000000    0.000000    0.632344
          0.000000    0.000000    0.730052
          0.000000    0.000000    0.183255
          0.000000    0.000000    0.183255


      o ROTATIONAL VECTOR
          0.000000    0.545441    0.000000
          0.000000   -0.627336   -0.000000
          0.000000    0.308537    0.243467
          0.000000    0.308537   -0.243467

         -0.580964    0.000000   -0.000000
          0.668194    0.000000    0.000000
         -0.328632    0.000000   -0.000000
         -0.328632    0.000000    0.000000

          0.000000    0.000000    0.000000
          0.000000    0.000000    0.000000
         -0.707107    0.000000    0.000000
          0.707107   -0.000000    0.000000

(  SETUP OF NMA COMPLETED  )



(  SETUP VIB MODULE  )

   >> RUN OPTIONS
      VSCF    =     T
      OC-VSCF =     F
      VCI     =     T
      VPT     =     F
      VQDPT   =     F
      PRPT    =     F


   >> BASIS FUNCTIONS
      MODE :         1        2        3        4        5        6
      MAXV :         6        6        6        6        6        6
      FREQ :   1196.90  1266.76  1540.14  1752.93  2973.65  3047.62


(  SETUP TARGET MODULE  )

   >> TARGET STATES
       000   : ZERO-POINT STATE


(  SETUP MRPES MODULE  )

   >> POTENTIAL

      [  OPTIONS  ]

         MR         =        3
         MCS_CUTOFF = 0.10E-03
         MCS_GRID   = -.10E+01
         POTDIR     = ./


         1MR-PEF

         o GRID PEF

           MODE=   1, GRID=  11    MP2/aug-cc-pVTZ (11)
           MODE=   2, GRID=  11    MP2/aug-cc-pVTZ (11)
           MODE=   3, GRID=  11    MP2/aug-cc-pVTZ (11)
           MODE=   4, GRID=  11    MP2/aug-cc-pVTZ (11)
           MODE=   5, GRID=  11    MP2/aug-cc-pVTZ (11)
           MODE=   6, GRID=  11    MP2/aug-cc-pVTZ (11)


         2MR-PEF

         o GRID PEF

           MODE=   2   1, GRID=  11  11    MP2/aug-cc-pVTZ (11)
           MODE=   3   1, GRID=  11  11    MP2/aug-cc-pVTZ (11)
           MODE=   3   2, GRID=  11  11    MP2/aug-cc-pVTZ (11)
           MODE=   4   1, GRID=  11  11    MP2/aug-cc-pVTZ (11)
           MODE=   4   2, GRID=  11  11    MP2/aug-cc-pVTZ (11)
           MODE=   4   3, GRID=  11  11    MP2/aug-cc-pVTZ (11)
           MODE=   5   1, GRID=  11  11    MP2/aug-cc-pVTZ (11)
           MODE=   5   2, GRID=  11  11    MP2/aug-cc-pVTZ (11)
           MODE=   5   3, GRID=  11  11    MP2/aug-cc-pVTZ (11)
           MODE=   5   4, GRID=  11  11    MP2/aug-cc-pVTZ (11)
           MODE=   6   1, GRID=  11  11    MP2/aug-cc-pVTZ (11)
           MODE=   6   2, GRID=  11  11    MP2/aug-cc-pVTZ (11)
           MODE=   6   3, GRID=  11  11    MP2/aug-cc-pVTZ (11)
           MODE=   6   4, GRID=  11  11    MP2/aug-cc-pVTZ (11)
           MODE=   6   5, GRID=  11  11    MP2/aug-cc-pVTZ (11)


         3MR-PEF

         o GRID PEF

           MODE=   3   2   1, GRID=  11  11  11    MP2/aug-cc-pVTZ (11)
           MODE=   4   2   1, GRID=  11  11  11    MP2/aug-cc-pVTZ (11)
           MODE=   4   3   1, GRID=  11  11  11    MP2/aug-cc-pVTZ (11)
           MODE=   4   3   2, GRID=  11  11  11    MP2/aug-cc-pVTZ (11)
           MODE=   5   2   1, GRID=  11  11  11    MP2/aug-cc-pVTZ (11)
           MODE=   5   3   1, GRID=  11  11  11    MP2/aug-cc-pVTZ (11)
           MODE=   5   3   2, GRID=  11  11  11    MP2/aug-cc-pVTZ (11)
           MODE=   5   4   1, GRID=  11  11  11    MP2/aug-cc-pVTZ (11)
           MODE=   5   4   2, GRID=  11  11  11    MP2/aug-cc-pVTZ (11)
           MODE=   5   4   3, GRID=  11  11  11    MP2/aug-cc-pVTZ (11)
           MODE=   6   2   1, GRID=  11  11  11    MP2/aug-cc-pVTZ (11)
           MODE=   6   3   1, GRID=  11  11  11    MP2/aug-cc-pVTZ (11)
           MODE=   6   3   2, GRID=  11  11  11    MP2/aug-cc-pVTZ (11)
           MODE=   6   4   1, GRID=  11  11  11    MP2/aug-cc-pVTZ (11)
           MODE=   6   4   2, GRID=  11  11  11    MP2/aug-cc-pVTZ (11)
           MODE=   6   4   3, GRID=  11  11  11    MP2/aug-cc-pVTZ (11)
           MODE=   6   5   1, GRID=  11  11  11    MP2/aug-cc-pVTZ (11)
           MODE=   6   5   2, GRID=  11  11  11    MP2/aug-cc-pVTZ (11)
           MODE=   6   5   3, GRID=  11  11  11    MP2/aug-cc-pVTZ (11)
           MODE=   6   5   4, GRID=  11  11  11    MP2/aug-cc-pVTZ (11)


(  FINALIZE MRPES MODULE  )

            (MEMORY INFO)
            -- CURRENT USAGE    [     0.09 MB /    30.00 MB (  0.3 % ) ]  -- 
            -- IN THE LAST STEP [     0.56 MB /    30.00 MB (  1.9 % ) ]  -- 

            (CLOCK) ---->  LAST STEP: USER     0.16, SYSTEM     0.05 SECS   <----


(  ENTER VSCF MODULE  )

  ---  VIBRATIONAL SELF-CONSISTENT FIELD CALCULATIONS   ---

   >> SCF OPTIONS
       STATE SPECIFIC :        F
              RESTART :        F
        MAX ITERATION :       20
         CONV. THRESH : 0.10E-04

   >> FILES
       WFN READ/WRITE FILE : vscf_xxx.wfn

   >> STATE 000:   ZERO-POINT STATE

       o INITIAL GUESS FROM (CONTRACTED) HARMONIC OSCILLATOR 

   -- (ITERATION) -------- (EOLD) -------- (ENEW) ----- (DELTA E) --
                1         5887.67         5833.20      -0.545D+02
                2         5833.20         5831.95      -0.125D+01
                3         5831.95         5831.91      -0.416D-01
                4         5831.91         5831.91      -0.145D-02
                5         5831.91         5831.91      -0.510D-04
                6         5831.91         5831.91      -0.181D-05
   -----------------------------------------------------------------
       E(VSCF)=     5831.90738705

       o COEFFICIENTS

         -MODES-          1         2         3         4         5         6
              0     0.99997  -0.99999  -0.99952   0.99795   0.99250   0.99996
              1    -0.00000  -0.00000   0.03021   0.06181  -0.11884   0.00000
              2     0.00699  -0.00470  -0.00698   0.00499   0.01558   0.00816
              3    -0.00000   0.00000  -0.00036   0.01540  -0.02318   0.00000
              4    -0.00155   0.00078   0.00001   0.00201   0.00562  -0.00234
              5     0.00000  -0.00000   0.00001   0.00023  -0.00111  -0.00000
              6     0.00010  -0.00004  -0.00001   0.00072   0.00156  -0.00009

       o VIBRATIONALLY AVERAGED STRUCTURE

         - Q0 -
             -0.000000    0.000000   -0.514677
              0.986169   -1.475839    0.000000

         - X0 -
              0.000000    0.000000   -1.016037
             -0.000000   -0.000000    1.284901
             -0.000000    1.755854   -2.080766
             -0.000000   -1.755854   -2.080766


(  FINALIZE VSCF MODULE  )

            (MEMORY INFO)
            -- CURRENT USAGE    [     0.09 MB /    30.00 MB (  0.3 % ) ]  -- 
            -- IN THE LAST STEP [     0.09 MB /    30.00 MB (  0.3 % ) ]  -- 

            (CLOCK) ---->  LAST STEP: USER     0.00, SYSTEM     0.00 SECS   <----


(  ENTER VCI MODULE  )

   >> VCI OPTIONS

       o VCI SPACE SELECTION
         - MAX NUM. OF MODES TO EXCITE :          4
         - MAX SUM OF QUANTUM NUM.     :          6
         - MAX EXCITATION OF EACH MODE :    6  6  6
                                            6  6  6
         - VCI DIMENSION               :        887

       o NUM_OF_STATES  :         60

   >> VCI WITH ZERO-POINT VSCF REFERENCE
       o READ VSCF WFN  : vscf-000.wfn
       o DUMP VCI WFN   : vci-w.wfn

       o VIB. AV. GEOM. : T

   >> VCI MAIN

      o FORMING HAMILTONIAN MATRIX     ... DONE

            (CLOCK) ---->  LAST STEP: USER     0.62, SYSTEM     0.00 SECS   <----

      o DIAGONALIZING HAMILTONIAN MATRIX     ... DONE

            (CLOCK) ---->  LAST STEP: USER     0.36, SYSTEM     0.00 SECS   <----


         > STATE 000: ZERO-POINT STATE

             E(VCI)   =     5813.81

             COEFF.  WEIGHT      CONFIG.
              0.999   0.998        0_0
              0.038   0.001        5_1    6_2

          o VIBRATIONALLY AVERAGED STRUCTURE

            - Q0 -
               -0.000000    0.000000   -0.512049
                0.984302   -1.470043    0.000000

            - X0 -
                0.000000    0.000000   -1.016022
               -0.000000   -0.000000    1.284901
               -0.000000    1.755908   -2.080853
               -0.000000   -1.755908   -2.080853

         > STATE 001:   1_1

             E(VCI)   =     6979.25
             E(VCI)-E0=     1165.44

             COEFF.  WEIGHT      CONFIG.
             -0.997   0.995        1_1
              0.040   0.002        1_1    5_1
             -0.036   0.001        1_1    5_1    6_2

          o VIBRATIONALLY AVERAGED STRUCTURE

            - Q0 -
               -0.000000    0.000000   -0.260985
                1.160820   -0.966403    0.000000

            - X0 -
                0.000000    0.000000   -1.016387
               -0.000000   -0.000000    1.286037
               -0.000000    1.761971   -2.087699
               -0.000000   -1.761971   -2.087699

         > STATE 002:   2_1

             E(VCI)   =     7055.69
             E(VCI)-E0=     1241.88

             COEFF.  WEIGHT      CONFIG.
             -0.997   0.995        2_1
             -0.037   0.001        2_1    5_1    6_2

          o VIBRATIONALLY AVERAGED STRUCTURE

            - Q0 -
               -0.000000   -0.000000   -0.925340
                1.040722   -1.139014    0.000000

            - X0 -
                0.000000   -0.000000   -1.015646
               -0.000000    0.000000    1.284226
               -0.000000    1.763845   -2.077733
               -0.000000   -1.763845   -2.077733

         > STATE 003:   3_1

             E(VCI)   =     7319.15
             E(VCI)-E0=     1505.34

             COEFF.  WEIGHT      CONFIG.
             -0.996   0.992        3_1
              0.048   0.002        4_1
             -0.037   0.001        3_1    5_1    6_2

          o VIBRATIONALLY AVERAGED STRUCTURE

            - Q0 -
               -0.000000    0.000000   -0.364679
                1.380097   -1.367901    0.000000

            - X0 -
                0.000000    0.000000   -1.017963
               -0.000000   -0.000000    1.286559
               -0.000000    1.758041   -2.082456
               -0.000000   -1.758041   -2.082456

         > STATE 004:   4_1

             E(VCI)   =     7534.32
             E(VCI)-E0=     1720.51

             COEFF.  WEIGHT      CONFIG.
              0.996   0.992        4_1
              0.049   0.002        3_1
              0.037   0.001        4_1    5_1    6_2

          o VIBRATIONALLY AVERAGED STRUCTURE

            - Q0 -
               -0.000000    0.000000   -1.073756
                2.807046   -1.353010    0.000000

            - X0 -
                0.000000    0.000000   -1.024750
               -0.000000   -0.000000    1.289918
               -0.000000    1.769792   -2.068702
               -0.000000   -1.769792   -2.068702

         > STATE 005:   1_2

             E(VCI)   =     8139.93
             E(VCI)-E0=     2326.12

             COEFF.  WEIGHT      CONFIG.
             -0.980   0.960        1_2
              0.160   0.026        5_1
              0.075   0.006        1_2    5_1
              0.039   0.002        2_2
             -0.034   0.001        1_2    5_1    6_2
              0.033   0.001        1_4    5_1

          o VIBRATIONALLY AVERAGED STRUCTURE

            - Q0 -
               -0.000000    0.000000   -0.022931
                1.330069   -0.514533    0.000000

            - X0 -
                0.000000    0.000000   -1.016776
               -0.000000   -0.000000    1.287121
               -0.000000    1.767365   -2.093982
               -0.000000   -1.767365   -2.093982

         > STATE 006:   1_1    2_1

             E(VCI)   =     8223.09
             E(VCI)-E0=     2409.29

             COEFF.  WEIGHT      CONFIG.
             -0.995   0.991        1_1    2_1
              0.064   0.004        1_1    2_1    5_1
             -0.035   0.001        1_1    2_1    5_1    6_2

          o VIBRATIONALLY AVERAGED STRUCTURE

            - Q0 -
               -0.000000   -0.000000   -0.676512
                1.216799   -0.648850    0.000000

            - X0 -
                0.000000   -0.000000   -1.016026
               -0.000000    0.000000    1.285356
               -0.000000    1.769731   -2.084443
               -0.000000   -1.769731   -2.084443

         > STATE 007:   2_2

             E(VCI)   =     8295.13
             E(VCI)-E0=     2481.32

             COEFF.  WEIGHT      CONFIG.
             -0.983   0.966        2_2
             -0.137   0.019        5_1
             -0.062   0.004        1_2
              0.051   0.003        2_2    5_1
              0.047   0.002        2_2    3_1
             -0.035   0.001        2_2    5_1    6_2

          o VIBRATIONALLY AVERAGED STRUCTURE

            - Q0 -
               -0.000000   -0.000000   -1.323158
                1.096720   -0.836873    0.000000

            - X0 -
                0.000000   -0.000000   -1.015315
               -0.000000    0.000000    1.283581
               -0.000000    1.771259   -2.074594
               -0.000000   -1.771259   -2.074594

         > STATE 008:   1_1    3_1

             E(VCI)   =     8484.19
             E(VCI)-E0=     2670.38

             COEFF.  WEIGHT      CONFIG.
              0.993   0.987        1_1    3_1
             -0.047   0.002        1_1    3_1    5_1
             -0.046   0.002        1_1    4_1
             -0.037   0.001        1_1    3_1    4_1
              0.036   0.001        1_1    3_1    5_1    6_2
              0.032   0.001        1_3

          o VIBRATIONALLY AVERAGED STRUCTURE

            - Q0 -
               -0.000000    0.000000   -0.123870
                1.550060   -0.867048    0.000000

            - X0 -
                0.000000    0.000000   -1.018293
               -0.000000   -0.000000    1.287652
               -0.000000    1.764110   -2.089161
               -0.000000   -1.764110   -2.089161

         > STATE 009:   2_1    3_1

             E(VCI)   =     8524.88
             E(VCI)-E0=     2711.07

             COEFF.  WEIGHT      CONFIG.
              0.870   0.757        2_1    3_1
             -0.451   0.203        6_1
             -0.145   0.021        2_1    4_1
             -0.070   0.005        5_1    6_1
              0.040   0.002        2_2    6_1
             -0.037   0.001        2_3
              0.034   0.001        2_1    3_1    5_1    6_2
             -0.032   0.001        5_1    6_3

          o VIBRATIONALLY AVERAGED STRUCTURE

            - Q0 -
               -0.000000   -0.000000   -0.705986
                1.177688   -1.599165    0.000000

            - X0 -
                0.000000   -0.000000   -1.017060
               -0.000000    0.000000    1.285148
               -0.000000    1.756364   -2.076630
               -0.000000   -1.756364   -2.076630

         > STATE 010:   5_1

             E(VCI)   =     8644.44
             E(VCI)-E0=     2830.64

             COEFF.  WEIGHT      CONFIG.
              0.964   0.930        5_1
              0.154   0.024        1_2
             -0.145   0.021        2_2
              0.111   0.012        6_2
              0.071   0.005        3_2
             -0.052   0.003        5_2    6_2
              0.040   0.002        3_1    4_1
              0.032   0.001        5_1    6_2

          o VIBRATIONALLY AVERAGED STRUCTURE

            - Q0 -
               -0.000000    0.000000   -0.494961
                0.930636   -3.383305    0.000000

            - X0 -
                0.000000    0.000000   -1.018273
               -0.000000   -0.000000    1.284728
               -0.000000    1.728551   -2.066078
               -0.000000   -1.728551   -2.066078

         > STATE 011:   6_1

             E(VCI)   =     8684.92
             E(VCI)-E0=     2871.11

             COEFF.  WEIGHT      CONFIG.
              0.717   0.514        6_1
              0.495   0.245        2_1    4_1
              0.464   0.215        2_1    3_1
              0.118   0.014        5_1    6_1
              0.051   0.003        5_1    6_3
             -0.043   0.002        2_1    3_1    4_1

          o VIBRATIONALLY AVERAGED STRUCTURE

            - Q0 -
               -0.000000   -0.000000   -1.377004
                1.544421   -2.403365    0.000000

            - X0 -
                0.000000   -0.000000   -1.019599
               -0.000000    0.000000    1.284969
               -0.000000    1.751549   -2.060097
               -0.000000   -1.751549   -2.060097

         > STATE 012:   1_1    4_1

             E(VCI)   =     8692.64
             E(VCI)-E0=     2878.83

             COEFF.  WEIGHT      CONFIG.
             -0.994   0.988        1_1    4_1
              0.049   0.002        1_1    4_1    5_1
             -0.048   0.002        1_1    3_1
             -0.036   0.001        1_1    4_1    5_1    6_2
              0.034   0.001        1_3

          o VIBRATIONALLY AVERAGED STRUCTURE

            - Q0 -
               -0.000000    0.000000   -0.816615
                2.998949   -0.844813    0.000000

            - X0 -
                0.000000    0.000000   -1.025191
               -0.000000   -0.000000    1.291120
               -0.000000    1.775943   -2.075620
               -0.000000   -1.775943   -2.075620

         > STATE 013:   2_1    4_1

             E(VCI)   =     8804.89
             E(VCI)-E0=     2991.08

             COEFF.  WEIGHT      CONFIG.
             -0.849   0.722        2_1    4_1
              0.496   0.246        6_1
              0.122   0.015        2_1    3_1
              0.086   0.007        5_1    6_1
              0.041   0.002        2_1    3_1    4_1
              0.036   0.001        5_1    6_3
              0.034   0.001        2_1    4_1    5_1

          o VIBRATIONALLY AVERAGED STRUCTURE

            - Q0 -
               -0.000000   -0.000000   -1.167791
                2.125045   -1.639463    0.000000

            - X0 -
                0.000000   -0.000000   -1.021637
               -0.000000    0.000000    1.287396
               -0.000000    1.763393   -2.067222
               -0.000000   -1.763393   -2.067222

         > STATE 014:   3_2

             E(VCI)   =     8823.86
             E(VCI)-E0=     3010.05

             COEFF.  WEIGHT      CONFIG.
              0.990   0.980        3_2
             -0.071   0.005        5_1
              0.060   0.004        3_1    4_1
             -0.051   0.003        3_2    4_1
              0.039   0.001        2_1    3_1    6_1
              0.037   0.001        3_2    5_1    6_2
             -0.036   0.001        2_2    3_1

          o VIBRATIONALLY AVERAGED STRUCTURE

            - Q0 -
               -0.000000    0.000000   -0.247566
                1.770207   -1.300293    0.000000

            - X0 -
                0.000000    0.000000   -1.019905
               -0.000000   -0.000000    1.288134
               -0.000000    1.759882   -2.083394
               -0.000000   -1.759882   -2.083394

         > STATE 015:   3_1    4_1

             E(VCI)   =     9031.82
             E(VCI)-E0=     3218.01

             COEFF.  WEIGHT      CONFIG.
             -0.989   0.978        3_1    4_1
              0.062   0.004        3_2
             -0.044   0.002        3_2    4_1
             -0.043   0.002        3_3
              0.038   0.001        4_2
              0.038   0.001        3_1    4_2
             -0.037   0.001        3_1    4_1    5_1    6_2
              0.035   0.001        5_1
             -0.032   0.001        4_1

          o VIBRATIONALLY AVERAGED STRUCTURE

            - Q0 -
               -0.000000    0.000000   -0.969419
                3.228543   -1.264045    0.000000

            - X0 -
                0.000000    0.000000   -1.026815
               -0.000000   -0.000000    1.291573
               -0.000000    1.772168   -2.069542
               -0.000000   -1.772168   -2.069542

         > STATE 016:   4_2

             E(VCI)   =     9234.70
             E(VCI)-E0=     3420.89

             COEFF.  WEIGHT      CONFIG.
             -0.993   0.986        4_2
              0.061   0.004        3_1    4_2
             -0.037   0.001        3_1    4_1
             -0.037   0.001        4_2    5_1    6_2
             -0.037   0.001        3_2    4_1
             -0.035   0.001        2_1    4_1    6_1

          o VIBRATIONALLY AVERAGED STRUCTURE

            - Q0 -
               -0.000000    0.000000   -1.591221
                4.654127   -1.232923    0.000000

            - X0 -
                0.000000    0.000000   -1.033622
               -0.000000   -0.000000    1.295112
               -0.000000    1.783505   -2.057098
               -0.000000   -1.783505   -2.057098

         > STATE 017:   1_3

             E(VCI)   =     9310.48
             E(VCI)-E0=     3496.67

             COEFF.  WEIGHT      CONFIG.
              0.947   0.897        1_3
             -0.276   0.076        1_1    5_1
             -0.103   0.011        1_3    5_1
             -0.064   0.004        1_1    2_2
             -0.043   0.002        1_3    5_2
              0.042   0.002        1_1    4_1
              0.039   0.001        1_3    3_1
             -0.037   0.001        1_1    5_2

          o VIBRATIONALLY AVERAGED STRUCTURE

            - Q0 -
                0.000000    0.000000    0.166072
                1.463111   -0.207179    0.000000

            - X0 -
               -0.000000    0.000000   -1.017146
                0.000000   -0.000000    1.287977
                0.000000    1.770917   -2.098566
                0.000000   -1.770917   -2.098566

         > STATE 018:   1_2    2_1

             E(VCI)   =     9388.11
             E(VCI)-E0=     3574.30

             COEFF.  WEIGHT      CONFIG.
             -0.973   0.948        1_2    2_1
              0.175   0.031        2_1    5_1
              0.096   0.009        1_2    2_1    5_1
             -0.066   0.004        2_3
              0.037   0.001        1_2    2_1    5_2
             -0.033   0.001        1_2    2_1    5_1    6_2

          o VIBRATIONALLY AVERAGED STRUCTURE

            - Q0 -
               -0.000000   -0.000000   -0.451330
                1.375466   -0.260624    0.000000

            - X0 -
                0.000000   -0.000000   -1.016438
               -0.000000    0.000000    1.286376
               -0.000000    1.774274   -2.090079
               -0.000000   -1.774274   -2.090079

         > STATE 019:   1_1    2_2

             E(VCI)   =     9467.91
             E(VCI)-E0=     3654.10

             COEFF.  WEIGHT      CONFIG.
              0.979   0.959        1_1    2_2
              0.121   0.015        1_1    5_1
              0.102   0.010        1_3
             -0.085   0.007        1_1    2_2    5_1
              0.034   0.001        1_1    2_2    5_1    6_2
             -0.032   0.001        1_1    2_2    3_1
             -0.032   0.001        1_1    2_2    5_2

          o VIBRATIONALLY AVERAGED STRUCTURE

            - Q0 -
               -0.000000   -0.000000   -1.058238
                1.272120   -0.391238    0.000000

            - X0 -
                0.000000   -0.000000   -1.015758
               -0.000000    0.000000    1.284743
               -0.000000    1.776397   -2.081170
               -0.000000   -1.776397   -2.081170

         > STATE 020:   2_3

             E(VCI)   =     9539.79
             E(VCI)-E0=     3725.98

             COEFF.  WEIGHT      CONFIG.
             -0.954   0.910        2_3
              0.243   0.059        2_1    5_1
              0.109   0.012        1_2    2_1
              0.072   0.005        2_3    5_1
              0.065   0.004        2_3    3_1
             -0.048   0.002        2_1    3_1
             -0.033   0.001        2_3    5_1    6_2

          o VIBRATIONALLY AVERAGED STRUCTURE

            - Q0 -
               -0.000000    0.000000   -1.660974
                1.150401   -0.624259    0.000000

            - X0 -
                0.000000    0.000000   -1.015122
               -0.000000   -0.000000    1.283055
               -0.000000    1.776962   -2.071561
               -0.000000   -1.776962   -2.071561

         > STATE 021:   1_2    3_1

             E(VCI)   =     9646.61
             E(VCI)-E0=     3832.80

             COEFF.  WEIGHT      CONFIG.
             -0.973   0.947        1_2    3_1
              0.165   0.027        3_1    5_1
              0.080   0.006        1_2    3_1    5_1
              0.048   0.002        1_2    4_1
              0.046   0.002        1_2    3_1    4_1
             -0.043   0.002        1_4
              0.041   0.002        2_2    3_1
              0.040   0.002        1_2    3_2
             -0.033   0.001        1_2    3_1    5_1    6_2
              0.032   0.001        1_2    3_1    5_2
              0.032   0.001        1_2
              0.032   0.001        1_4    3_1    5_1

          o VIBRATIONALLY AVERAGED STRUCTURE

            - Q0 -
               -0.000000    0.000000    0.078397
                1.705378   -0.463244    0.000000

            - X0 -
                0.000000    0.000000   -1.018656
               -0.000000   -0.000000    1.288612
               -0.000000    1.769025   -2.094622
               -0.000000   -1.769025   -2.094622

         > STATE 022:   1_1    2_1    3_1

             E(VCI)   =     9693.03
             E(VCI)-E0=     3879.22

             COEFF.  WEIGHT      CONFIG.
             -0.802   0.644        1_1    2_1    3_1
              0.560   0.313        1_1    6_1
              0.158   0.025        1_1    2_1    4_1
              0.062   0.004        1_1    5_1    6_1
              0.052   0.003        1_1    2_1    3_1    5_1
             -0.038   0.001        1_1    2_2    6_1
              0.038   0.001        1_1    5_1    6_3
              0.033   0.001        1_1    2_3

          o VIBRATIONALLY AVERAGED STRUCTURE

            - Q0 -
               -0.000000   -0.000000   -0.483785
                1.255423   -1.345426    0.000000

            - X0 -
                0.000000   -0.000000   -1.017240
               -0.000000    0.000000    1.285884
               -0.000000    1.758671   -2.081404
               -0.000000   -1.758671   -2.081404

         > STATE 023:   2_2    3_1

             E(VCI)   =     9742.21
             E(VCI)-E0=     3928.40

             COEFF.  WEIGHT      CONFIG.
              0.777   0.604        2_2    3_1
              0.569   0.323        2_1    6_1
             -0.195   0.038        2_2    4_1
              0.071   0.005        2_1    5_1    6_1
              0.052   0.003        3_1    5_1
              0.049   0.002        1_2    3_1
              0.048   0.002        2_3    6_1
              0.045   0.002        2_2    3_2
              0.044   0.002        2_2
             -0.044   0.002        2_4
              0.040   0.002        2_1    5_1    6_3
             -0.037   0.001        2_2    3_1    5_1
             -0.035   0.001        2_1    3_2    6_1
              0.034   0.001        2_2    3_1    6_2
              0.033   0.001        3_2
             -0.032   0.001        2_1    3_1    4_1    6_1

          o VIBRATIONALLY AVERAGED STRUCTURE

            - Q0 -
               -0.000000   -0.000000   -1.054647
                1.121973   -1.616400    0.000000

            - X0 -
                0.000000   -0.000000   -1.016612
               -0.000000    0.000000    1.284223
               -0.000000    1.758415   -2.071959
               -0.000000   -1.758415   -2.071959

         > STATE 024:   1_1    5_1

             E(VCI)   =     9806.06
             E(VCI)-E0=     3992.25

             COEFF.  WEIGHT      CONFIG.
             -0.937   0.878        1_1    5_1
             -0.268   0.072        1_3
              0.145   0.021        1_1    2_2
             -0.112   0.012        1_1    6_2
             -0.065   0.004        1_1    3_2
              0.049   0.002        1_1    5_2    6_2
             -0.044   0.002        1_1    3_1    4_1
             -0.044   0.002        1_1    5_2
             -0.033   0.001        1_1
             -0.033   0.001        1_1    5_1    6_2

          o VIBRATIONALLY AVERAGED STRUCTURE

            - Q0 -
               -0.000000    0.000000   -0.234681
                1.097804   -2.842649    0.000000

            - X0 -
                0.000000    0.000000   -1.018547
               -0.000000   -0.000000    1.285853
               -0.000000    1.735027   -2.073370
               -0.000000   -1.735027   -2.073370

         > STATE 025:   1_1    6_1

             E(VCI)   =     9836.32
             E(VCI)-E0=     4022.51

             COEFF.  WEIGHT      CONFIG.
             -0.711   0.505        1_1    6_1
             -0.576   0.331        1_1    2_1    3_1
             -0.380   0.144        1_1    2_1    4_1
             -0.087   0.008        1_1    5_1    6_1
             -0.049   0.002        1_1    5_1    6_3
              0.042   0.002        1_1    2_1    3_1    5_1
              0.040   0.002        1_1    2_1    3_1    4_1

          o VIBRATIONALLY AVERAGED STRUCTURE

            - Q0 -
               -0.000000   -0.000000   -1.032163
                1.577201   -1.862593    0.000000

            - X0 -
                0.000000   -0.000000   -1.019242
               -0.000000    0.000000    1.285815
               -0.000000    1.756810   -2.068936
               -0.000000   -1.756810   -2.068936

         > STATE 026:   1_2    4_1

             E(VCI)   =     9849.26
             E(VCI)-E0=     4035.45

             COEFF.  WEIGHT      CONFIG.
              0.975   0.951        1_2    4_1
             -0.157   0.025        4_1    5_1
             -0.083   0.007        1_2    4_1    5_1
              0.055   0.003        1_2    3_1
             -0.045   0.002        1_4
             -0.037   0.001        2_2    4_1
              0.035   0.001        4_2
              0.034   0.001        1_2    4_1    5_1    6_2
             -0.034   0.001        1_4    4_1    5_1

          o VIBRATIONALLY AVERAGED STRUCTURE

            - Q0 -
               -0.000000    0.000000   -0.583383
                3.160493   -0.433351    0.000000

            - X0 -
                0.000000    0.000000   -1.025592
               -0.000000   -0.000000    1.292167
               -0.000000    1.780769   -2.081539
               -0.000000   -1.780769   -2.081539

         > STATE 027:   2_1    5_1

             E(VCI)   =     9876.26
             E(VCI)-E0=     4062.45

             COEFF.  WEIGHT      CONFIG.
              0.936   0.876        2_1    5_1
              0.259   0.067        2_3
              0.152   0.023        1_2    2_1
              0.117   0.014        2_1    6_2
             -0.086   0.007        3_1    6_1
             -0.049   0.002        2_1    5_2    6_2
              0.038   0.001        4_1    6_1
             -0.036   0.001        3_1    5_1    6_1
              0.035   0.001        2_1    5_1    6_2

          o VIBRATIONALLY AVERAGED STRUCTURE

            - Q0 -
               -0.000000   -0.000000   -0.920067
                0.964528   -3.050961    0.000000

            - X0 -
                0.000000   -0.000000   -1.017776
               -0.000000    0.000000    1.283951
               -0.000000    1.736492   -2.062877
               -0.000000   -1.736492   -2.062877

         > STATE 028:   2_1    6_1

             E(VCI)   =     9908.10
             E(VCI)-E0=     4094.29

             COEFF.  WEIGHT      CONFIG.
             -0.619   0.383        2_1    6_1
              0.564   0.318        2_2    3_1
              0.481   0.231        2_2    4_1
              0.183   0.033        3_1    5_1
             -0.089   0.008        2_1    5_1    6_1
             -0.058   0.003        2_2    3_1    4_1
              0.049   0.002        2_2    3_2
              0.047   0.002        1_2    3_1
             -0.044   0.002        2_1    5_1    6_3
             -0.042   0.002        2_4
              0.039   0.002        3_1    6_2
             -0.034   0.001        2_2    3_1    5_1
              0.032   0.001        2_1    3_1    6_1

          o VIBRATIONALLY AVERAGED STRUCTURE

            - Q0 -
               -0.000000   -0.000000   -1.775289
                1.739776   -1.839599    0.000000

            - X0 -
                0.000000   -0.000000   -1.019627
               -0.000000    0.000000    1.284802
               -0.000000    1.763280   -2.058605
               -0.000000   -1.763280   -2.058605

         > STATE 029:   1_1    2_1    4_1

             E(VCI)   =     9969.81
             E(VCI)-E0=     4156.00

             COEFF.  WEIGHT      CONFIG.
             -0.903   0.815        1_1    2_1    4_1
              0.397   0.157        1_1    6_1
              0.101   0.010        1_1    2_1    3_1
              0.070   0.005        1_1    2_1    4_1    5_1
              0.053   0.003        1_1    5_1    6_1
              0.037   0.001        1_3    2_1

          o VIBRATIONALLY AVERAGED STRUCTURE

            - Q0 -
               -0.000000   -0.000000   -0.974826
                2.543614   -0.917961    0.000000

            - X0 -
                0.000000   -0.000000   -1.022905
               -0.000000    0.000000    1.289237
               -0.000000    1.774033   -2.074280
               -0.000000   -1.774033   -2.074280

         > STATE 030:   1_1    3_2

             E(VCI)   =     9990.26
             E(VCI)-E0=     4176.45

             COEFF.  WEIGHT      CONFIG.
              0.987   0.975        1_1    3_2
             -0.066   0.004        1_1    5_1
             -0.062   0.004        1_1    3_2    4_1
             -0.051   0.003        1_1    3_2    5_1
              0.049   0.002        1_1    3_1    4_1
             -0.044   0.002        1_3    3_1
              0.038   0.001        1_1    2_1    3_1    6_1
              0.035   0.001        1_1    3_2    5_1    6_2
             -0.034   0.001        1_1    2_2    3_1

          o VIBRATIONALLY AVERAGED STRUCTURE

            - Q0 -
               -0.000000    0.000000   -0.048981
                1.939849   -0.827941    0.000000

            - X0 -
                0.000000    0.000000   -1.020248
               -0.000000   -0.000000    1.289136
               -0.000000    1.765855   -2.089305
               -0.000000   -1.765855   -2.089305

         > STATE 031:   2_1    3_2

             E(VCI)   =     9999.20
             E(VCI)-E0=     4185.39

             COEFF.  WEIGHT      CONFIG.
              0.782   0.612        2_1    3_2
              0.561   0.315        3_1    6_1
              0.184   0.034        2_1    3_1    4_1
             -0.091   0.008        4_1    6_1
              0.080   0.006        3_1    5_1    6_1
              0.061   0.004        2_1    5_1
             -0.047   0.002        2_2    3_1    6_1
              0.044   0.002        2_3    3_1
              0.040   0.002        3_1    5_1    6_3
             -0.035   0.001        3_3    6_1
              0.034   0.001        2_1    3_2    6_2

          o VIBRATIONALLY AVERAGED STRUCTURE

            - Q0 -
               -0.000000   -0.000000   -0.460196
                1.395508   -1.834774    0.000000

            - X0 -
                0.000000   -0.000000   -1.018602
               -0.000000    0.000000    1.286404
               -0.000000    1.752220   -2.077420
               -0.000000   -1.752220   -2.077420

         > STATE 032:   2_2    4_1

             E(VCI)   =    10047.32
             E(VCI)-E0=     4233.51

             COEFF.  WEIGHT      CONFIG.
             -0.810   0.657        2_2    4_1
             -0.443   0.196        2_1    6_1
              0.272   0.074        3_1    5_1
             -0.174   0.030        4_1    5_1
              0.108   0.012        2_2    3_1
             -0.077   0.006        2_1    5_1    6_1
             -0.058   0.003        1_2    4_1
              0.057   0.003        2_2    3_1    4_1
              0.052   0.003        2_2    4_1    5_1
              0.049   0.002        1_2    3_1
              0.047   0.002        3_1    6_2
             -0.033   0.001        2_1    5_1    6_3

          o VIBRATIONALLY AVERAGED STRUCTURE

            - Q0 -
               -0.000000   -0.000000   -1.417957
                2.138395   -1.460463    0.000000

            - X0 -
                0.000000   -0.000000   -1.021333
               -0.000000    0.000000    1.286916
               -0.000000    1.767802   -2.065226
               -0.000000   -1.767802   -2.065226

         > STATE 033:   3_1    5_1

             E(VCI)   =    10135.00
             E(VCI)-E0=     4321.19

             COEFF.  WEIGHT      CONFIG.
              0.905   0.819        3_1    5_1
              0.239   0.057        2_1    6_1
             -0.199   0.040        2_2    3_1
              0.173   0.030        2_2    4_1
              0.149   0.022        1_2    3_1
              0.097   0.009        3_3
              0.094   0.009        3_1    6_2
             -0.054   0.003        3_2    4_1
             -0.048   0.002        3_1    5_2    6_2
             -0.041   0.002        4_1    5_1

          o VIBRATIONALLY AVERAGED STRUCTURE

            - Q0 -
               -0.000000    0.000000   -0.394343
                1.328376   -3.101385    0.000000

            - X0 -
                0.000000    0.000000   -1.019963
               -0.000000   -0.000000    1.286297
               -0.000000    1.733570   -2.068470
               -0.000000   -1.733570   -2.068470

         > STATE 034:   2_1    3_2

             E(VCI)   =    10178.50
             E(VCI)-E0=     4364.69

             COEFF.  WEIGHT      CONFIG.
              0.565   0.320        2_1    3_2
             -0.557   0.311        3_1    6_1
             -0.495   0.245        2_1    3_1    4_1
              0.282   0.080        4_1    6_1
              0.097   0.009        2_1    4_2
             -0.085   0.007        3_1    5_1    6_1
             -0.068   0.005        2_1    3_2    4_1
             -0.055   0.003        2_1    5_1
             -0.043   0.002        2_1    3_3
             -0.042   0.002        2_1    4_1
             -0.040   0.002        3_1    5_1    6_3
              0.039   0.002        2_3    3_1
              0.038   0.001        4_1    5_1    6_1

          o VIBRATIONALLY AVERAGED STRUCTURE

            - Q0 -
               -0.000000   -0.000000   -1.216815
                2.198221   -2.017257    0.000000

            - X0 -
                0.000000   -0.000000   -1.022476
               -0.000000    0.000000    1.287536
               -0.000000    1.758747   -2.063345
               -0.000000   -1.758747   -2.063345

         > STATE 035:   1_1    3_1    4_1

             E(VCI)   =    10204.64
             E(VCI)-E0=     4390.83

             COEFF.  WEIGHT      CONFIG.
              0.988   0.975        1_1    3_1    4_1
             -0.056   0.003        1_1    3_1    4_1    5_1
             -0.055   0.003        1_1    3_2
             -0.053   0.003        1_1    3_1    4_2
             -0.042   0.002        1_1    5_1
              0.040   0.002        1_1    3_3
              0.037   0.001        1_1    3_1
             -0.034   0.001        1_1    4_2
              0.033   0.001        1_3    4_1
             -0.033   0.001        1_3    3_1

          o VIBRATIONALLY AVERAGED STRUCTURE

            - Q0 -
               -0.000000    0.000000   -0.731836
                3.404071   -0.759956    0.000000

            - X0 -
                0.000000    0.000000   -1.027168
               -0.000000   -0.000000    1.292678
               -0.000000    1.778331   -2.076213
               -0.000000   -1.778331   -2.076213

         > STATE 036:   2_1    3_1    4_1

             E(VCI)   =    10291.76
             E(VCI)-E0=     4477.95

             COEFF.  WEIGHT      CONFIG.
              0.633   0.401        2_1    3_1    4_1
             -0.569   0.324        3_1    6_1
             -0.392   0.154        4_1    6_1
              0.219   0.048        2_1    3_2
             -0.210   0.044        2_1    4_2
             -0.093   0.009        3_1    5_1    6_1
             -0.058   0.003        4_1    5_1    6_1
             -0.048   0.002        2_1    5_1
             -0.040   0.002        3_1    5_1    6_3
              0.037   0.001        2_2    4_1    6_1

          o VIBRATIONALLY AVERAGED STRUCTURE

            - Q0 -
               -0.000000   -0.000000   -1.015622
                2.192518   -2.149554    0.000000

            - X0 -
                0.000000   -0.000000   -1.022730
               -0.000000    0.000000    1.287939
               -0.000000    1.755387   -2.065027
               -0.000000   -1.755387   -2.065027

         > STATE 037:   3_3

             E(VCI)   =    10331.78
             E(VCI)-E0=     4517.97

             COEFF.  WEIGHT      CONFIG.
              0.982   0.964        3_3
             -0.096   0.009        3_1    5_1
             -0.075   0.006        3_3    4_1
              0.070   0.005        4_1    5_1
             -0.059   0.003        3_2    4_1
             -0.044   0.002        2_1    3_2    6_1
              0.041   0.002        2_2    3_2
             -0.038   0.001        3_1    4_1
              0.037   0.001        3_3    5_1    6_2

          o VIBRATIONALLY AVERAGED STRUCTURE

            - Q0 -
               -0.000000    0.000000   -0.183614
                2.145266   -1.276794    0.000000

            - X0 -
                0.000000    0.000000   -1.021799
               -0.000000   -0.000000    1.289545
               -0.000000    1.761422   -2.083310
               -0.000000   -1.761422   -2.083310

         > STATE 038:   4_1    5_1

             E(VCI)   =    10368.52
             E(VCI)-E0=     4554.71

             COEFF.  WEIGHT      CONFIG.
              0.951   0.905        4_1    5_1
             -0.151   0.023        2_2    4_1
              0.150   0.023        1_2    4_1
              0.106   0.011        4_1    6_2
              0.102   0.010        3_1    5_1
              0.074   0.005        3_2    4_1
             -0.067   0.004        2_1    6_1
              0.058   0.003        3_1    4_2
             -0.057   0.003        3_3
             -0.050   0.003        4_1    5_2    6_2
             -0.050   0.002        4_3

          o VIBRATIONALLY AVERAGED STRUCTURE

            - Q0 -
               -0.000000    0.000000   -1.070122
                2.782789   -3.234274    0.000000

            - X0 -
                0.000000    0.000000   -1.027101
               -0.000000   -0.000000    1.289817
               -0.000000    1.743116   -2.053910
               -0.000000   -1.743116   -2.053910

         > STATE 039:   4_1    6_1

             E(VCI)   =    10376.60
             E(VCI)-E0=     4562.79

             COEFF.  WEIGHT      CONFIG.
              0.601   0.361        4_1    6_1
              0.577   0.333        2_1    4_2
              0.520   0.270        2_1    3_1    4_1
              0.091   0.008        4_1    5_1    6_1
             -0.073   0.005        2_1    3_1    4_2
              0.059   0.003        2_1    3_2    4_1
             -0.046   0.002        3_1    6_1
              0.043   0.002        4_1    5_1    6_3
             -0.040   0.002        3_1    4_1    6_1
              0.034   0.001        2_1    4_1
             -0.032   0.001        2_1    5_1
             -0.032   0.001        2_3    4_1

          o VIBRATIONALLY AVERAGED STRUCTURE

            - Q0 -
               -0.000000   -0.000000   -2.083092
                3.757503   -1.952079    0.000000

            - X0 -
                0.000000   -0.000000   -1.029778
               -0.000000    0.000000    1.291015
               -0.000000    1.772944   -2.047469
               -0.000000   -1.772944   -2.047469

         > STATE 040:   1_1    4_2

             E(VCI)   =    10387.47
             E(VCI)-E0=     4573.66

             COEFF.  WEIGHT      CONFIG.
             -0.991   0.981        1_1    4_2
              0.058   0.003        1_1    4_2    5_1
              0.049   0.002        1_3    4_1
              0.046   0.002        1_1    3_1    4_2
             -0.036   0.001        1_1    4_2    5_1    6_2
             -0.035   0.001        1_1    3_1    4_1
             -0.035   0.001        1_1    3_2    4_1
             -0.034   0.001        1_1    2_1    4_1    6_1

          o VIBRATIONALLY AVERAGED STRUCTURE

            - Q0 -
               -0.000000    0.000000   -1.315065
                4.847442   -0.747746    0.000000

            - X0 -
                0.000000    0.000000   -1.034110
               -0.000000   -0.000000    1.296358
               -0.000000    1.789199   -2.064085
               -0.000000   -1.789199   -2.064085

         > STATE 041:   1_4

             E(VCI)   =    10455.45
             E(VCI)-E0=     4641.64

             COEFF.  WEIGHT      CONFIG.
              0.893   0.798        1_4
             -0.346   0.120        1_2    5_1
             -0.158   0.025        1_5
             -0.140   0.020        1_4    5_1
              0.092   0.009        1_5    5_1
             -0.063   0.004        1_4    5_2
             -0.061   0.004        1_2    5_2
              0.059   0.004        1_2    4_1
             -0.059   0.003        1_2    2_2
              0.052   0.003        1_4    3_1
             -0.045   0.002        1_2    3_1
             -0.045   0.002        1_2
             -0.040   0.002        5_2
             -0.038   0.001        1_4    4_1
             -0.032   0.001        1_5    3_1

          o VIBRATIONALLY AVERAGED STRUCTURE

            - Q0 -
                0.000000    0.000000    0.493510
                1.696481    0.351678    0.000000

            - X0 -
               -0.000000    0.000000   -1.017768
                0.000000   -0.000000    1.289469
                0.000000    1.777455   -2.106708
                0.000000   -1.777455   -2.106708

         > STATE 042:   3_2    4_1

             E(VCI)   =    10530.96
             E(VCI)-E0=     4717.16

             COEFF.  WEIGHT      CONFIG.
              0.978   0.956        3_2    4_1
             -0.075   0.006        4_1    5_1
             -0.074   0.005        3_2    4_2
              0.065   0.004        3_3
              0.058   0.003        3_4
             -0.053   0.003        3_3    4_1
              0.052   0.003        3_2
             -0.044   0.002        3_1    4_1
              0.042   0.002        3_1    4_2
              0.041   0.002        3_1    5_1
              0.039   0.002        3_1    4_3
              0.038   0.001        2_1    3_1    4_1    6_1
              0.037   0.001        3_2    4_1    5_1    6_2
             -0.035   0.001        2_2    3_1    4_1

          o VIBRATIONALLY AVERAGED STRUCTURE

            - Q0 -
               -0.000000    0.000000   -0.878279
                3.638195   -1.223819    0.000000

            - X0 -
                0.000000    0.000000   -1.028877
               -0.000000   -0.000000    1.293159
               -0.000000    1.773899   -2.069853
               -0.000000   -1.773899   -2.069853

         > STATE 043:   2_1    4_2

             E(VCI)   =    10533.73
             E(VCI)-E0=     4719.93

             COEFF.  WEIGHT      CONFIG.
              0.770   0.593        2_1    4_2
             -0.596   0.355        4_1    6_1
             -0.154   0.024        2_1    3_1    4_1
             -0.096   0.009        4_1    5_1    6_1
             -0.054   0.003        2_1    3_1    4_2
             -0.042   0.002        4_1    5_1    6_3
             -0.040   0.002        2_1    4_2    5_1
              0.039   0.002        2_1    5_1
             -0.035   0.001        2_2    4_1    6_1
             -0.034   0.001        3_1    6_1
              0.033   0.001        3_1    4_1    6_1
             -0.032   0.001        4_2    6_1

          o VIBRATIONALLY AVERAGED STRUCTURE

            - Q0 -
               -0.000000   -0.000000   -1.544222
                3.625416   -1.815766    0.000000

            - X0 -
                0.000000   -0.000000   -1.029227
               -0.000000    0.000000    1.291704
               -0.000000    1.770348   -2.056217
               -0.000000   -1.770348   -2.056217

         > STATE 044:   1_3    2_1

             E(VCI)   =    10569.39
             E(VCI)-E0=     4755.58

             COEFF.  WEIGHT      CONFIG.
             -0.936   0.876        1_3    2_1
              0.296   0.087        1_1    2_1    5_1
              0.123   0.015        1_3    2_1    5_1
             -0.101   0.010        1_1    2_3
              0.048   0.002        1_3    2_1    5_2
              0.046   0.002        1_1    2_1    5_2
             -0.042   0.002        1_1    2_1    4_1

          o VIBRATIONALLY AVERAGED STRUCTURE

            - Q0 -
                0.000000   -0.000000   -0.257209
                1.510806    0.031909    0.000000

            - X0 -
               -0.000000   -0.000000   -1.016842
                0.000000    0.000000    1.287250
                0.000000    1.777590   -2.094608
                0.000000   -1.777590   -2.094608

         > STATE 045:   1_2    2_2

             E(VCI)   =    10651.83
             E(VCI)-E0=     4838.02

             COEFF.  WEIGHT      CONFIG.
              0.947   0.898        1_2    2_2
             -0.202   0.041        2_2    5_1
              0.116   0.014        1_2    5_1
             -0.115   0.013        1_2    2_2    5_1
              0.110   0.012        2_4
              0.103   0.011        1_4
             -0.042   0.002        1_2    2_2    5_2
             -0.038   0.001        1_5
              0.036   0.001        5_2

          o VIBRATIONALLY AVERAGED STRUCTURE

            - Q0 -
               -0.000000   -0.000000   -0.840901
                1.429643   -0.019891    0.000000

            - X0 -
                0.000000   -0.000000   -1.016183
               -0.000000    0.000000    1.285742
               -0.000000    1.780754   -2.086570
               -0.000000   -1.780754   -2.086570

         > STATE 046:   3_1    4_2

             E(VCI)   =    10726.79
             E(VCI)-E0=     4912.98

             COEFF.  WEIGHT      CONFIG.
              0.981   0.963        3_1    4_2
              0.084   0.007        3_2    4_2
              0.062   0.004        4_2
              0.060   0.004        3_3    4_1
             -0.055   0.003        4_1    5_1
             -0.049   0.002        3_1    4_3
              0.039   0.002        3_1    4_1
              0.037   0.001        3_1    4_2    5_1    6_2
              0.036   0.001        4_4
              0.036   0.001        2_1    3_1    4_1    6_1
             -0.035   0.001        3_2    4_1

          o VIBRATIONALLY AVERAGED STRUCTURE

            - Q0 -
               -0.000000    0.000000   -1.479302
                5.086645   -1.174529    0.000000

            - X0 -
                0.000000    0.000000   -1.035787
               -0.000000   -0.000000    1.296820
               -0.000000    1.785444   -2.057764
               -0.000000   -1.785444   -2.057764

         > STATE 047:   1_1    2_3

             E(VCI)   =    10729.42
             E(VCI)-E0=     4915.62

             COEFF.  WEIGHT      CONFIG.
              0.948   0.899        1_1    2_3
             -0.219   0.048        1_1    2_1    5_1
             -0.173   0.030        1_3    2_1
             -0.105   0.011        1_1    2_3    5_1
             -0.051   0.003        1_1    2_3    3_1
              0.048   0.002        1_1    2_1    3_1
             -0.038   0.001        1_1    2_3    5_2

          o VIBRATIONALLY AVERAGED STRUCTURE

            - Q0 -
               -0.000000    0.000000   -1.390453
                1.337012   -0.156061    0.000000

            - X0 -
                0.000000    0.000000   -1.015595
               -0.000000   -0.000000    1.284266
               -0.000000    1.782427   -2.078358
               -0.000000   -1.782427   -2.078358

         > STATE 048:   2_4

             E(VCI)   =    10773.07
             E(VCI)-E0=     4959.26

             COEFF.  WEIGHT      CONFIG.
              0.904   0.818        2_4
             -0.321   0.103        2_2    5_1
             -0.174   0.030        1_2    2_2
             -0.101   0.010        2_4    5_1
              0.093   0.009        2_5
             -0.088   0.008        2_4    3_1
              0.066   0.004        2_2    3_1
             -0.059   0.003        2_5    5_1
             -0.047   0.002        2_5    3_1
             -0.043   0.002        2_4    5_2
             -0.039   0.002        2_2    5_2

          o VIBRATIONALLY AVERAGED STRUCTURE

            - Q0 -
               -0.000000    0.000000   -2.149173
                1.277463   -0.234872    0.000000

            - X0 -
                0.000000   -0.000000   -1.014985
               -0.000000   -0.000000    1.282463
               -0.000000    1.786583   -2.067679
               -0.000000   -1.786583   -2.067679

         > STATE 049:   1_3    3_1

             E(VCI)   =    10826.21
             E(VCI)-E0=     5012.40

             COEFF.  WEIGHT      CONFIG.
              0.938   0.880        1_3    3_1
             -0.283   0.080        1_1    3_1    5_1
             -0.108   0.012        1_3    3_1    5_1
             -0.063   0.004        1_1    2_2    3_1
             -0.054   0.003        1_3    3_2
             -0.053   0.003        1_3    3_1    4_1
             -0.047   0.002        1_3    4_1
             -0.046   0.002        1_6
              0.045   0.002        1_1    3_1    4_1
             -0.044   0.002        1_3
              0.043   0.002        1_1    3_2
             -0.043   0.002        1_3    3_1    5_2
             -0.038   0.001        1_1    3_1    5_2

          o VIBRATIONALLY AVERAGED STRUCTURE

            - Q0 -
                0.000000    0.000000    0.254816
                1.831529   -0.164510    0.000000

            - X0 -
               -0.000000    0.000000   -1.018996
                0.000000   -0.000000    1.289418
                0.000000    1.772516   -2.098989
                0.000000   -1.772516   -2.098989

         > STATE 050:   1_2    2_1    3_1

             E(VCI)   =    10846.02
             E(VCI)-E0=     5032.22

             COEFF.  WEIGHT      CONFIG.
             -0.694   0.482        1_2    2_1    3_1
              0.658   0.433        1_2    6_1
              0.173   0.030        1_2    2_1    4_1
              0.128   0.016        2_1    3_1    5_1
             -0.115   0.013        5_1    6_1
              0.068   0.005        1_2    2_1    3_1    5_1
              0.046   0.002        1_2    5_1    6_1
             -0.043   0.002        2_3    3_1
              0.043   0.002        1_2    5_1    6_3
             -0.036   0.001        1_2    2_2    6_1
              0.035   0.001        1_2    6_3
             -0.033   0.001        2_1    4_1    5_1
             -0.032   0.001        1_2    2_1    3_1    6_2

          o VIBRATIONALLY AVERAGED STRUCTURE

            - Q0 -
               -0.000000   -0.000000   -0.278016
                1.299357   -1.260722    0.000000

            - X0 -
                0.000000   -0.000000   -1.017462
               -0.000000    0.000000    1.286469
               -0.000000    1.758561   -2.084718
               -0.000000   -1.758561   -2.084718

         > STATE 051:   1_5

             E(VCI)   =    10849.71
             E(VCI)-E0=     5035.90

             COEFF.  WEIGHT      CONFIG.
              0.946   0.895        1_5
             -0.266   0.071        1_2    5_1
              0.091   0.008        1_4
              0.081   0.007        1_4    5_1
             -0.080   0.006        1_5    5_1
              0.065   0.004        1_2    2_2
             -0.052   0.003        5_2
             -0.037   0.001        1_4    3_1

          o VIBRATIONALLY AVERAGED STRUCTURE

            - Q0 -
                0.000000    0.000000   -0.053071
                1.303527   -0.703156    0.000000

            - X0 -
               -0.000000    0.000000   -1.016874
                0.000000   -0.000000    1.286965
                0.000000    1.764805   -2.092160
                0.000000   -1.764805   -2.092160

         > STATE 052:   4_3

             E(VCI)   =    10903.91
             E(VCI)-E0=     5090.10

             COEFF.  WEIGHT      CONFIG.
              0.989   0.978        4_3
             -0.090   0.008        3_1    4_3
              0.048   0.002        4_1    5_1
              0.042   0.002        2_1    4_2    6_1
              0.042   0.002        3_2    4_2
              0.037   0.001        4_3    5_1    6_2
             -0.036   0.001        1_2    4_2

          o VIBRATIONALLY AVERAGED STRUCTURE

            - Q0 -
               -0.000000    0.000000   -2.087718
                6.023346   -1.124342    0.000000

            - X0 -
                0.000000    0.000000   -1.040112
               -0.000000   -0.000000    1.298724
               -0.000000    1.794770   -2.047128
               -0.000000   -1.794770   -2.047128

         > STATE 053:   1_1    2_2    3_1

             E(VCI)   =    10915.37
             E(VCI)-E0=     5101.56

             COEFF.  WEIGHT      CONFIG.
             -0.687   0.472        1_1    2_2    3_1
             -0.678   0.459        1_1    2_1    6_1
              0.201   0.040        1_1    2_2    4_1
             -0.065   0.004        1_3    3_1
              0.057   0.003        1_1    2_2    3_1    5_1
             -0.056   0.003        1_1    2_1    5_1    6_1
             -0.046   0.002        1_1    2_3    6_1
             -0.045   0.002        1_1    2_1    5_1    6_3
              0.038   0.001        1_1    2_4
             -0.035   0.001        1_1    2_1    6_3
             -0.035   0.001        1_1    2_2    3_1    6_2

          o VIBRATIONALLY AVERAGED STRUCTURE

            - Q0 -
               -0.000000   -0.000000   -0.842564
                1.231539   -1.408191    0.000000

            - X0 -
                0.000000   -0.000000   -1.017006
               -0.000000    0.000000    1.285046
               -0.000000    1.760295   -2.076139
               -0.000000   -1.760295   -2.076139

         > STATE 054:   1_2    5_1

             E(VCI)   =    10973.28
             E(VCI)-E0=     5159.47

             COEFF.  WEIGHT      CONFIG.
             -0.835   0.697        1_2    5_1
             -0.378   0.143        1_4
             -0.230   0.053        1_5
             -0.221   0.049        5_2
              0.146   0.021        1_2    2_2
             -0.105   0.011        1_2    6_2
             -0.075   0.006        1_2    5_2
             -0.062   0.004        1_2
             -0.058   0.003        1_2    3_2
             -0.046   0.002        1_2    3_1    4_1
              0.042   0.002        1_2    5_2    6_2
             -0.038   0.001        1_2    5_3

          o VIBRATIONALLY AVERAGED STRUCTURE

            - Q0 -
               -0.000000    0.000000   -0.103276
                1.190949   -2.488328    0.000000

            - X0 -
                0.000000    0.000000   -1.018623
               -0.000000   -0.000000    1.286452
               -0.000000    1.739483   -2.077670
               -0.000000   -1.739483   -2.077670

         > STATE 055:   2_3    3_1

             E(VCI)   =    10979.57
             E(VCI)-E0=     5165.76

             COEFF.  WEIGHT      CONFIG.
             -0.669   0.448        2_3    3_1
             -0.651   0.424        2_2    6_1
              0.217   0.047        2_3    4_1
             -0.147   0.021        1_2    6_1
              0.119   0.014        2_1    3_1    5_1
             -0.067   0.005        5_1    6_1
             -0.059   0.003        2_3
             -0.058   0.003        2_2    5_1    6_1
             -0.057   0.003        2_3    3_2
             -0.053   0.003        2_4    6_1
             -0.051   0.003        1_2    2_1    4_1
             -0.046   0.002        1_2    2_1    3_1
              0.046   0.002        2_3    3_1    5_1
              0.045   0.002        2_6
              0.045   0.002        2_2    3_1    6_1
              0.045   0.002        2_1    3_2
             -0.043   0.002        2_2    5_1    6_3
             -0.035   0.001        2_3    3_1    6_2
              0.034   0.001        2_2    3_2    6_1
              0.033   0.001        2_2    3_1    4_1    6_1
             -0.033   0.001        2_2    6_3
              0.032   0.001        2_1    3_1

          o VIBRATIONALLY AVERAGED STRUCTURE

            - Q0 -
               -0.000000    0.000000   -1.364366
                1.120821   -1.599534    0.000000

            - X0 -
                0.000000    0.000000   -1.016415
               -0.000000   -0.000000    1.283566
               -0.000000    1.760907   -2.067919
               -0.000000   -1.760907   -2.067919

         > STATE 056:   1_2    2_1    3_1

             E(VCI)   =    10986.87
             E(VCI)-E0=     5173.06

             COEFF.  WEIGHT      CONFIG.
             -0.675   0.456        1_2    2_1    3_1
             -0.626   0.392        1_2    6_1
             -0.283   0.080        1_2    2_1    4_1
              0.128   0.016        2_2    6_1
              0.120   0.014        5_1    6_1
              0.109   0.012        2_1    3_1    5_1
              0.071   0.005        1_2    2_1    3_1    5_1
              0.066   0.004        2_3    3_1
             -0.051   0.003        2_3    4_1
             -0.050   0.003        1_2    5_1    6_1
              0.048   0.002        2_1    4_1    5_1
              0.042   0.002        1_2    2_1    3_1    4_1
             -0.041   0.002        1_2    5_1    6_3
              0.033   0.001        1_2    2_3

          o VIBRATIONALLY AVERAGED STRUCTURE

            - Q0 -
               -0.000000   -0.000000   -0.739800
                1.691272   -1.248768    0.000000

            - X0 -
                0.000000   -0.000000   -1.019171
               -0.000000    0.000000    1.286828
               -0.000000    1.763847   -2.077401
               -0.000000   -1.763847   -2.077401

         > STATE 057:   1_3    4_1

             E(VCI)   =    11025.23
             E(VCI)-E0=     5211.42

             COEFF.  WEIGHT      CONFIG.
             -0.943   0.890        1_3    4_1
              0.271   0.074        1_1    4_1    5_1
              0.113   0.013        1_3    4_1    5_1
             -0.061   0.004        1_3    3_1
             -0.059   0.004        1_1    4_2
              0.053   0.003        1_1    2_2    4_1
             -0.043   0.002        1_6
              0.042   0.002        1_3    4_1    5_2
              0.042   0.002        1_3    4_2
              0.039   0.001        1_1    4_1    5_2

          o VIBRATIONALLY AVERAGED STRUCTURE

            - Q0 -
                0.000000    0.000000   -0.399099
                3.280309   -0.129879    0.000000

            - X0 -
               -0.000000    0.000000   -1.025898
                0.000000   -0.000000    1.292967
                0.000000    1.784241   -2.086069
                0.000000   -1.784241   -2.086069

         > STATE 058:   1_1    2_1    5_1

             E(VCI)   =    11049.22
             E(VCI)-E0=     5235.41

             COEFF.  WEIGHT      CONFIG.
              0.905   0.819        1_1    2_1    5_1
              0.264   0.070        1_3    2_1
              0.262   0.069        1_1    2_3
              0.116   0.013        1_1    2_1    6_2
             -0.105   0.011        1_1    3_1    6_1
              0.066   0.004        1_1    2_1    5_2
              0.050   0.003        1_1    2_1
             -0.046   0.002        1_1    2_1    5_2    6_2
              0.044   0.002        1_1    4_1    6_1
              0.033   0.001        1_1    2_1    5_1    6_2
             -0.032   0.001        1_1    3_1    5_1    6_1

          o VIBRATIONALLY AVERAGED STRUCTURE

            - Q0 -
               -0.000000   -0.000000   -0.659353
                1.142104   -2.560646    0.000000

            - X0 -
                0.000000   -0.000000   -1.018169
               -0.000000    0.000000    1.285112
               -0.000000    1.742300   -2.069744
               -0.000000   -1.742300   -2.069744

         > STATE 059:   1_1    2_2    3_1

             E(VCI)   =    11075.80
             E(VCI)-E0=     5261.99

             COEFF.  WEIGHT      CONFIG.
             -0.671   0.450        1_1    2_2    3_1
              0.583   0.339        1_1    2_1    6_1
             -0.377   0.142        1_1    2_2    4_1
             -0.182   0.033        1_1    3_1    5_1
             -0.088   0.008        1_3    3_1
              0.063   0.004        1_1    2_2    3_1    5_1
              0.061   0.004        1_1    2_1    5_1    6_1
              0.054   0.003        1_1    2_2    3_1    4_1
              0.045   0.002        1_1    2_4
             -0.040   0.002        1_1    2_2    3_2
              0.040   0.002        1_1    2_1    5_1    6_3
             -0.036   0.001        1_1    3_1    6_2

          o VIBRATIONALLY AVERAGED STRUCTURE

            - Q0 -
               -0.000000   -0.000000   -1.406333
                1.810924   -1.247022    0.000000

            - X0 -
                0.000000   -0.000000   -1.019408
               -0.000000    0.000000    1.285830
               -0.000000    1.769267   -2.068064
               -0.000000   -1.769267   -2.068064

(  FINALIZE VCI MODULE  )

            (MEMORY INFO)
            -- CURRENT USAGE    [     0.09 MB /    30.00 MB (  0.3 % ) ]  -- 
            -- IN THE LAST STEP [     3.89 MB /    30.00 MB ( 13.0 % ) ]  -- 

            (CLOCK) ---->  LAST STEP: USER     0.44, SYSTEM     0.03 SECS   <----


(  FINALIZE TARGET MODULE  )


(  FINALIZE VIB MODULE  )


(  FINALIZE NMA MODULE  )


(  FINALIZE MOL MODULE  )



   (TOTAL MEMORY USAGE)   [     3.89 MB /    30.00 MB ( 13.0 % ) ] 

   (CLOCK) ---->  TOTAL CPU-TIME  <----
            >     USER :   0 DAYS   0 HOURS   0 MINS   1.6 SECS 
            >    SYSTEM:   0 DAYS   0 HOURS   0 MINS   0.1 SECS 

