 -------------------------------------------------------
                                                      
    ***   WELCOME TO SINDO PROGRAM                    
     ***                (  VERSION 3.4  NARITA  ) 
      ***                                             
       ***       COPYRIGHT 2013:                      
        ***         KIYOSHI YAGI  KIYOSHI.YAGI@RIKEN.JP
                                                      
 -------------------------------------------------------

     JOB STARTED AT: Wed Aug  7 15:36:40 2013
     RUNNING ON kyagi-mac.ad78.riken.go.jp      


(  SETUP MEM MODULE  )

   o MAXIMUM MEMORY :  500 MB


(  SETUP MOL MODULE  )


   READ DATA FROM A MINFO FILE : [ ch3nh2_cff_ocvscf.minfo ]


(  ENTER NMA MODULE  )


      o ATOMIC MASS
        21874.6618   1837.1527   1837.1527   1837.1527  25526.0423
         1837.1527   1837.1527

      o REFERENCE GEOMETRY
         -0.103830    1.326671    0.000000
         -1.135182    2.012595    1.674827
          1.784576    2.238805    0.000000
         -1.135182    2.012595   -1.674827
         -0.103830   -1.445558   -0.000000
          0.917791   -2.052558   -1.524923
          0.917791   -2.052558    1.524923

      o NORMAL DISPLACEMENT VECTOR
         -0.002365    0.002136   -0.010324
          0.306280   -0.045838    0.198493
         -0.003691   -0.000246   -0.308539
         -0.301578    0.050475    0.205405
          0.004875   -0.001048   -0.162986
          0.472751   -0.001386    0.279395
         -0.483774   -0.006467    0.267307

         -0.064808    0.096470    0.001275
          0.103662    0.152638    0.021624
          0.112945   -0.259874   -0.002990
          0.100192    0.152435   -0.020171
         -0.252330   -0.309451   -0.003812
          0.424142    0.388034    0.102704
          0.423243    0.387371   -0.091366

          0.002648   -0.000709   -0.215648
          0.029726   -0.457416    0.145596
          0.000586    0.004551    0.267008
         -0.031827    0.451012    0.148463
         -0.002366    0.000023   -0.007945
         -0.102753   -0.433965    0.105695
          0.103950    0.438181    0.107070

         -0.070751   -0.635983   -0.000917
          0.064180   -0.080784    0.007538
          0.056829   -0.331700   -0.000494
          0.060923   -0.078506   -0.006443
          0.010061    0.612189    0.000228
          0.014242    0.203113    0.003061
          0.010458    0.200477   -0.001352

         -0.418360    0.103555   -0.000856
          0.194625    0.346392    0.063705
          0.131589   -0.495118    0.004313
          0.196288    0.353659   -0.066762
          0.329126   -0.066049    0.002023
         -0.155485   -0.162260   -0.081528
         -0.150161   -0.153849    0.075694

         -0.000827    0.001989   -0.408862
          0.106078   -0.287702    0.063859
          0.001877    0.001011    0.258813
         -0.104713    0.288113    0.065889
         -0.000727   -0.002441    0.315765
          0.052363    0.476061   -0.077243
         -0.050042   -0.475246   -0.077457

          0.093320   -0.375043   -0.000774
         -0.072689    0.500989   -0.290323
         -0.184795    0.362234    0.000925
         -0.068976    0.499559    0.291868
          0.004388   -0.038654    0.000576
         -0.007400    0.037680   -0.020589
         -0.004521    0.037760    0.018648

         -0.155405   -0.129813   -0.042617
          0.577092    0.107918    0.306798
         -0.233753    0.440700    0.208954
          0.358797   -0.110704   -0.281826
         -0.046569   -0.010133   -0.024514
          0.001285   -0.002219    0.000148
          0.006429    0.050003    0.004370

          0.049052    0.042108   -0.136670
          0.179294    0.340075   -0.048893
          0.079288   -0.141711    0.642198
         -0.481485   -0.340511    0.145720
          0.014897    0.003188   -0.075692
         -0.007910   -0.087749    0.008093
          0.006021    0.072715    0.006656

         -0.069919   -0.030087   -0.000443
          0.012152    0.057282   -0.009484
         -0.020177   -0.021714    0.002002
          0.014599    0.059066    0.008264
         -0.113274    0.235758   -0.001384
          0.323479   -0.434245    0.405251
          0.333432   -0.435357   -0.399337

          0.241507    0.110571   -0.001680
          0.026675   -0.001112   -0.007955
         -0.878229   -0.395667    0.004392
          0.025537   -0.001242    0.007830
         -0.000298    0.003474    0.000884
         -0.004659    0.001597   -0.005961
         -0.001565    0.001939    0.004201

         -0.137968    0.089170   -0.216693
         -0.003394   -0.001056   -0.015019
         -0.005690    0.001640   -0.014512
          0.482828   -0.304981    0.774189
          0.002145   -0.001384    0.002769
         -0.001703    0.002783   -0.002766
         -0.003957   -0.000923   -0.004477

          0.134668   -0.088980   -0.219070
         -0.473814    0.303687    0.780176
          0.005073   -0.001696   -0.012711
          0.004529    0.001116   -0.016191
         -0.001639    0.001525    0.002081
          0.007394    0.000871   -0.002302
         -0.001767   -0.002624   -0.000801

          0.006095    0.006326    0.002849
         -0.001903   -0.001153   -0.001413
         -0.001296    0.002223    0.002636
          0.000578    0.000108   -0.006832
          0.116789   -0.089965    0.202373
          0.021445    0.001736    0.024897
         -0.475186    0.310601   -0.783455

         -0.005398   -0.006208    0.003009
          0.003556   -0.000120   -0.004312
          0.001774   -0.002494   -0.002015
         -0.001881    0.001459    0.001492
         -0.122085    0.089734    0.200149
          0.490172   -0.310216   -0.774235
         -0.019926   -0.001690    0.022626


      o TRANSLATIONAL VECTOR
          0.621748    0.000000    0.000000
          0.180184    0.000000    0.000000
          0.180184    0.000000    0.000000
          0.180184    0.000000    0.000000
          0.671638    0.000000    0.000000
          0.180184    0.000000    0.000000
          0.180184    0.000000    0.000000

          0.000000    0.621748    0.000000
          0.000000    0.180184    0.000000
          0.000000    0.180184    0.000000
          0.000000    0.180184    0.000000
          0.000000    0.671638    0.000000
          0.000000    0.180184    0.000000
          0.000000    0.180184    0.000000

          0.000000    0.000000    0.621748
          0.000000    0.000000    0.180184
          0.000000    0.000000    0.180184
          0.000000    0.000000    0.180184
          0.000000    0.000000    0.671638
          0.000000    0.000000    0.180184
          0.000000    0.000000    0.180184


      o ROTATIONAL VECTOR
          0.000000   -0.000000    0.530783
         -0.041460   -0.186372    0.204620
          0.000000   -0.000000    0.302070
          0.041460    0.186372    0.204620
          0.000000    0.000000   -0.576524
          0.037749    0.169691   -0.196923
         -0.037749   -0.169691   -0.196923

          0.000000    0.000000    0.049449
          0.395549    0.000000    0.257908
          0.000000    0.000000   -0.431660
         -0.395549    0.000000    0.257908
         -0.000000    0.000000    0.053417
         -0.360145    0.000000   -0.226949
          0.360145    0.000000   -0.226949

         -0.541719   -0.023549    0.000000
         -0.234140   -0.122824    0.000000
         -0.259582    0.205570    0.000000
         -0.234140   -0.122824    0.000000
          0.577053   -0.025439   -0.000000
          0.223080    0.108080   -0.000000
          0.223080    0.108080   -0.000000

(  SETUP OF NMA COMPLETED  )



(  SETUP VIB MODULE  )

   >> RUN OPTIONS
      VSCF    =     T
      OC-VSCF =     F
      VCI     =     F
      VPT     =     F
      VQDPT   =     T
      PRPT    =     F


   >> BASIS FUNCTIONS
      MODE :         1        2        3        4        5        6
      MAXV :        10       10       10       10       10       10
      FREQ :    349.39   911.20   987.42  1094.02  1198.73  1368.32

      MODE :         7        8        9       10       11       12
      MAXV :        10       10       10       10       10       10
      FREQ :   1461.99  1505.10  1520.95  1662.21  3049.97  3150.12

      MODE :        13       14       15
      MAXV :        10       10       10
      FREQ :   3150.14  3560.34  3560.70

(  SETUP TARGET MODULE  )

   >> TARGET STATES
       000   : ZERO-POINT STATE
     001-015 : FUNDAMENTALS


(  SETUP MRPES MODULE  )

   >> POTENTIAL

      [  OPTIONS  ]

         MR         =        3
         MCS_CUTOFF = -.10E-02
         MCS_GRID   = -.10E+01
         POTDIR     = ./
         MOPFILE    = prop_no_1.mop_cff_ocvscf2


         1MR-PEF

         o QFF  - coeff module

           MODE=   1
           MODE=   2
           MODE=   3
           MODE=   4
           MODE=   5
           MODE=   6
           MODE=   7
           MODE=   8
           MODE=   9
           MODE=  10
           MODE=  11
           MODE=  12
           MODE=  13
           MODE=  14
           MODE=  15


         2MR-PEF

         o QFF  - coeff module

           NUMBER OF TERMS=     105


         3MR-PEF

         o QFF  - coeff module

           NUMBER OF TERMS=     455


(  FINALIZE MRPES MODULE  )

            (MEMORY INFO)
            -- CURRENT USAGE    [     0.23 MB /   500.00 MB (  0.0 % ) ]  -- 
            -- IN THE LAST STEP [     0.26 MB /   500.00 MB (  0.1 % ) ]  -- 

            (CLOCK) ---->  LAST STEP: USER     0.01, SYSTEM     0.02 SECS   <----


(  ENTER VSCF MODULE  )

  ---  VIBRATIONAL SELF-CONSISTENT FIELD CALCULATIONS   ---

   >> SCF OPTIONS
       STATE SPECIFIC :        F
              RESTART :        F
        MAX ITERATION :       20
         CONV. THRESH : 0.10E-04

   >> FILES
       WFN READ/WRITE FILE : vscf_xxx.wfn

   >> STATE 000:   ZERO-POINT STATE

       o INITIAL GUESS FROM (CONTRACTED) HARMONIC OSCILLATOR 

   -- (ITERATION) -------- (EOLD) -------- (ENEW) ----- (DELTA E) --
                1        14227.86        14108.41      -0.119D+03
                2        14108.41        14106.69      -0.172D+01
                3        14106.69        14106.50      -0.197D+00
                4        14106.50        14106.47      -0.239D-01
                5        14106.47        14106.47      -0.287D-02
                6        14106.47        14106.47      -0.345D-03
                7        14106.47        14106.47      -0.419D-04
                8        14106.47        14106.47      -0.513D-05
   -----------------------------------------------------------------
       E(VSCF)=    14106.46928154

       o COEFFICIENTS

         -MODES-          1         2         3         4         5         6
              0     0.99448  -0.99973  -0.99999   0.99210  -0.99916   0.99998
              1     0.03312   0.01611   0.00153  -0.12353  -0.04057   0.00054
              2    -0.09818   0.01043   0.00364   0.01345  -0.00561   0.00577
              3    -0.00066   0.01211   0.00006  -0.01678  -0.00310   0.00001
              4    -0.01001   0.00452   0.00228   0.00409   0.00041  -0.00042
              5    -0.00381  -0.00154  -0.00001  -0.00060   0.00004  -0.00000
              6     0.01157  -0.00070  -0.00009   0.00058  -0.00001  -0.00001
              7     0.00221  -0.00016  -0.00000  -0.00018   0.00001  -0.00000
              8    -0.00416   0.00003  -0.00002   0.00003  -0.00000   0.00000
              9    -0.00076   0.00008   0.00000  -0.00002  -0.00000   0.00000
             10     0.00067   0.00003   0.00000   0.00001   0.00000   0.00000
         -MODES-          7         8         9        10        11        12
              0     0.99990   0.99996   0.99996   0.99996   0.99699   0.99755
              1     0.01229   0.00374  -0.00119   0.00338  -0.06871  -0.06096
              2     0.00651   0.00833   0.00894   0.00807   0.01437   0.01380
              3    -0.00205   0.00067   0.00197  -0.00334  -0.03246  -0.03114
              4    -0.00031   0.00010   0.00012   0.00007   0.00459   0.00377
              5    -0.00004   0.00002   0.00006  -0.00009  -0.00047  -0.00037
              6     0.00000   0.00000   0.00001   0.00003   0.00186   0.00172
              7     0.00000   0.00000   0.00000  -0.00000  -0.00028  -0.00020
              8     0.00000   0.00000   0.00000   0.00000  -0.00007  -0.00008
              9     0.00000   0.00000   0.00000  -0.00000  -0.00010  -0.00009
             10    -0.00000   0.00000   0.00000   0.00000   0.00001   0.00000
         -MODES-         13        14        15
              0     0.99753   0.99900  -0.99900
              1     0.06105  -0.02537  -0.02522
              2     0.01435   0.01572  -0.01585
              3     0.03139  -0.03310  -0.03311
              4     0.00402   0.00213  -0.00210
              5     0.00052  -0.00058  -0.00058
              6     0.00178   0.00201  -0.00201
              7     0.00024  -0.00009  -0.00008
              8    -0.00005  -0.00007   0.00007
              9     0.00010  -0.00013  -0.00013
             10     0.00001  -0.00002   0.00002

       o VIBRATIONALLY AVERAGED STRUCTURE

         - Q0 -
              1.009734   -0.341306   -0.032016
             -2.512697    0.782287    0.009790
              0.214537    0.064801   -0.019886
              0.054755   -0.851989   -0.743485
              0.745818   -0.299294    0.297705

         - X0 -
             -0.104715    1.335639   -0.000050
             -1.137237    2.029552    1.692953
              1.798984    2.261565   -0.007341
             -1.151455    2.031267   -1.683595
             -0.102323   -1.454500   -0.001009
              0.925854   -2.072676   -1.525937
              0.903241   -2.073365    1.538506

   >> VIRTUAL VSCF ENERGIES

      o VSCF STATES               TOTAL ENERGY         E-E0
        1_1                      14558.95049547         452.48121393
        2_1                      15041.59895864         935.12967710
        3_1                      15103.97495321         997.50567167
        4_1                      15177.44919973        1070.97991819
        5_1                      15289.43657228        1182.96729074
        6_1                      15452.66192655        1346.19264501
        7_1                      15542.31932820        1435.85004666
        8_1                      15576.52101536        1470.05173383
        9_1                      15589.34878071        1482.87949917
       10_1                      15730.96561861        1624.49633707
       11_1                      16981.43890663        2874.96962509
       12_1                      17083.36827069        2976.89898916
       13_1                      17077.50954564        2971.04026410
       14_1                      17439.15095935        3332.68167781
       15_1                      17438.27147277        3331.80219123

(  FINALIZE VSCF MODULE  )

            (MEMORY INFO)
            -- CURRENT USAGE    [     0.23 MB /   500.00 MB (  0.0 % ) ]  -- 
            -- IN THE LAST STEP [     0.32 MB /   500.00 MB (  0.1 % ) ]  -- 

            (CLOCK) ---->  LAST STEP: USER     0.01, SYSTEM     0.00 SECS   <----


(  ENTER VQDPT MODULE  )

   >> VQDPT OPTIONS

       o VQDPT WITH ZERO-POINT VSCF REFERENCE
         READ VSCF WFN  : vscf-000.wfn

       o P-SPACE CONSTRUCTION
         NGEN =    3
         THRESH_P0  = 0.50E+03
         THRESH_P1  = 0.10E+00
         THRESH_P2  = 0.50E-01
         THRESH_P3  = 0.95E+00
         P SET      =        0

       o Q-SPACE CONSTRUCTION
         NCUP   =    3
         MAXSUM =    4

       o P/Q INTERACTION =  -1

       o THRESH_ENE =   0.100E-03

       o DUMP VQDPT WFN : [ vqdpt-w.wfn ]

   >> ENTER VQDPT MAIN ROUTINE

       o FOUND   11 GROUPS FROM THE TARGET STATES

            (CLOCK) ---->  LAST STEP: USER     0.02, SYSTEM     0.00 SECS   <----

    [ LOOP OVER THE GROUPS ]

       o STATE 000:   ZERO-POINT STATE

              --- Q-SPACE COMPONENTS--- 
                  1-MODE :        0
                  2-MODE :      630
                  3-MODE :     1820
                   TOTAL :     2450
              ------------------------- 

             E(0th)    =    13851.77732
             E(1st)    =      254.69196
             E(2nd)    =      -75.75048

             E(VMP1)   =    14106.46929
             E(VMP2)   =    14030.71881

            (CLOCK) ---->  LAST STEP: USER     0.00, SYSTEM     0.00 SECS   <----

       o GROUP 001:   1_1

              --- Q-SPACE COMPONENTS--- 
                  1-MODE :       61
                  2-MODE :      672
                  3-MODE :     2093
                   TOTAL :     2826
              ------------------------- 

             E(0th)     =    14304.23051
             E(1st)     =      254.72000
             E(2nd)     =     -182.32586

             E(VMP1)    =    14558.95051
             E(VMP2)    =    14376.62465

             E(VMP1)-E0 =      452.48122
             E(VMP2)-E0 =      345.90584

            (CLOCK) ---->  LAST STEP: USER     0.00, SYSTEM     0.00 SECS   <----

       o GROUP 002:   2_1

              --- Q-SPACE COMPONENTS--- 
                  1-MODE :       61
                  2-MODE :      672
                  3-MODE :     2093
                   TOTAL :     2826
              ------------------------- 

             E(0th)     =    14786.88987
             E(1st)     =      254.70908
             E(2nd)     =     -173.83301

             E(VMP1)    =    15041.59895
             E(VMP2)    =    14867.76594

             E(VMP1)-E0 =      935.12967
             E(VMP2)-E0 =      837.04714

            (CLOCK) ---->  LAST STEP: USER     0.00, SYSTEM     0.00 SECS   <----

       o GROUP 003:   3_1

          --- P-SPACE COMPONENTS -----------------------------------------
          *    1)   3_1
               2)   1_2
          ----------------------------------------------------------------
                                                     * IS THE TARGET STATE

         o Q-SPACE COMPONENTS:         5432

            (CLOCK) ---->  LAST STEP: USER     0.01, SYSTEM     0.00 SECS   <----

         > STATE 002:   3_1

             E(VQDPT2)   =    14989.47667
             E(VQDPT2)-E0=      958.75786

             COEFF.  WEIGHT      CONFIG.

             -1.000   1.000        3_1


            (CLOCK) ---->  LAST STEP: USER     0.00, SYSTEM     0.00 SECS   <----

       o GROUP 004:   4_1

          --- P-SPACE COMPONENTS -----------------------------------------
          *    1)   4_1
               2)   1_2
          ----------------------------------------------------------------
                                                     * IS THE TARGET STATE

         o Q-SPACE COMPONENTS:         5432

            (CLOCK) ---->  LAST STEP: USER     0.00, SYSTEM     0.00 SECS   <----

         > STATE 002:   4_1

             E(VQDPT2)   =    15095.99676
             E(VQDPT2)-E0=     1065.27796

             COEFF.  WEIGHT      CONFIG.

             -1.000   1.000        4_1


            (CLOCK) ---->  LAST STEP: USER     0.00, SYSTEM     0.00 SECS   <----

       o GROUP 005:   5_1

          --- P-SPACE COMPONENTS -----------------------------------------
          *    1)   5_1
               2)   1_2
          ----------------------------------------------------------------
                                                     * IS THE TARGET STATE

         o Q-SPACE COMPONENTS:         5432

            (CLOCK) ---->  LAST STEP: USER     0.01, SYSTEM     0.00 SECS   <----

         > STATE 002:   5_1

             E(VQDPT2)   =    15184.04864
             E(VQDPT2)-E0=     1153.32984

             COEFF.  WEIGHT      CONFIG.

             -0.999   0.998        5_1


            (CLOCK) ---->  LAST STEP: USER     0.00, SYSTEM     0.00 SECS   <----

       o GROUP 006:   6_1

          --- P-SPACE COMPONENTS -----------------------------------------
          *    1)   6_1
               2)   1_1    2_1
               3)   1_1    5_1
               4)   1_3
          ----------------------------------------------------------------
                                                     * IS THE TARGET STATE

         o Q-SPACE COMPONENTS:        10401

            (CLOCK) ---->  LAST STEP: USER     0.01, SYSTEM     0.00 SECS   <----

         > STATE 003:   6_1

             E(VQDPT2)   =    15352.07419
             E(VQDPT2)-E0=     1321.35539

             COEFF.  WEIGHT      CONFIG.

             -0.994   0.987        6_1


            (CLOCK) ---->  LAST STEP: USER     0.00, SYSTEM     0.00 SECS   <----

       o GROUP 007:   7_1

              --- Q-SPACE COMPONENTS--- 
                  1-MODE :       61
                  2-MODE :      672
                  3-MODE :     2093
                   TOTAL :     2826
              ------------------------- 

             E(0th)     =    15287.62517
             E(1st)     =      254.69417
             E(2nd)     =      -89.92865

             E(VMP1)    =    15542.31934
             E(VMP2)    =    15452.39070

             E(VMP1)-E0 =     1435.85006
             E(VMP2)-E0 =     1421.67189

            (CLOCK) ---->  LAST STEP: USER     0.00, SYSTEM     0.00 SECS   <----

       o GROUP 008: 

          --- P-SPACE COMPONENTS -----------------------------------------
          *    1)   8_1
          *    2)   9_1
               3)   1_1    4_1
               4)   1_1    2_1
               5)   1_1    5_1
          ----------------------------------------------------------------
                                                     * IS THE TARGET STATE

         o Q-SPACE COMPONENTS:        11703

            (CLOCK) ---->  LAST STEP: USER     0.01, SYSTEM     0.00 SECS   <----

         > STATE 003:   8_1

             E(VQDPT2)   =    15485.31736
             E(VQDPT2)-E0=     1454.59855

             COEFF.  WEIGHT      CONFIG.

              0.960   0.921        8_1
             -0.281   0.079        9_1

         > STATE 004:   9_1

             E(VQDPT2)   =    15502.69542
             E(VQDPT2)-E0=     1471.97662

             COEFF.  WEIGHT      CONFIG.

             -0.931   0.867        9_1
             -0.271   0.074        8_1
              0.211   0.044        1_1    5_1
              0.122   0.015        1_1    4_1

         > STATE 005:   1_1    5_1

             E(VQDPT2)   =    15521.76223
             E(VQDPT2)-E0=     1491.04342

             COEFF.  WEIGHT      CONFIG.

              0.967   0.934        1_1    5_1
              0.214   0.046        9_1
              0.108   0.012        1_1    4_1


            (CLOCK) ---->  LAST STEP: USER     0.00, SYSTEM     0.00 SECS   <----

       o GROUP 009:  10_1

          --- P-SPACE COMPONENTS -----------------------------------------
          *    1)  10_1
               2)   2_2
               3)   1_1    3_1
          ----------------------------------------------------------------
                                                     * IS THE TARGET STATE

         o Q-SPACE COMPONENTS:         8219

            (CLOCK) ---->  LAST STEP: USER     0.01, SYSTEM     0.00 SECS   <----

         > STATE 002:  10_1

             E(VQDPT2)   =    15588.85902
             E(VQDPT2)-E0=     1558.14021

             COEFF.  WEIGHT      CONFIG.

             -0.830   0.689       10_1
             -0.556   0.309        2_2

         > STATE 003:   2_2

             E(VQDPT2)   =    15701.68968
             E(VQDPT2)-E0=     1670.97087

             COEFF.  WEIGHT      CONFIG.

             -0.831   0.690        2_2
              0.554   0.307       10_1


            (CLOCK) ---->  LAST STEP: USER     0.00, SYSTEM     0.00 SECS   <----

       o GROUP 010: 

          --- P-SPACE COMPONENTS -----------------------------------------
          *    1)  11_1
               2)   7_2
               3)   9_2
          *    4)  12_1
          *    5)  13_1
               6)   5_1    7_1
               7)   5_1    8_1
               8)   6_1    8_1
               9)   7_1    8_1
              10)   6_1    9_1
              11)   7_1    9_1
              12)   8_1    9_1
              13)   8_2
              14)   1_1    4_1    6_1
              15)   1_1    4_1    8_1
              16)   1_1    2_1    6_1
              17)   6_1    7_1
              18)   5_1    9_1
              19)   6_1   10_1
              20)   1_1    2_1    8_1
              21)   1_1    4_1    9_1
          ----------------------------------------------------------------
                                                     * IS THE TARGET STATE

         o Q-SPACE COMPONENTS:        36658

            (CLOCK) ---->  LAST STEP: USER     0.11, SYSTEM     0.00 SECS   <----

         > STATE 002:   5_1    7_1

             E(VQDPT2)   =    16600.96828
             E(VQDPT2)-E0=     2570.24947

             COEFF.  WEIGHT      CONFIG.

              0.978   0.957        5_1    7_1
              0.140   0.019       11_1
             -0.127   0.016        5_1    8_1

         > STATE 007:   6_1    7_1

             E(VQDPT2)   =    16764.73454
             E(VQDPT2)-E0=     2734.01574

             COEFF.  WEIGHT      CONFIG.

              0.980   0.960        6_1    7_1
             -0.108   0.012       13_1
              0.105   0.011       12_1

         > STATE 009:   6_1    9_1

             E(VQDPT2)   =    16813.26123
             E(VQDPT2)-E0=     2782.54242

             COEFF.  WEIGHT      CONFIG.

              0.875   0.766        6_1    9_1
              0.287   0.083       11_1
              0.284   0.080        6_1    8_1
              0.175   0.031        7_2

         > STATE 010:   7_2

             E(VQDPT2)   =    16842.51012
             E(VQDPT2)-E0=     2811.79131

             COEFF.  WEIGHT      CONFIG.

              0.801   0.642        7_2
              0.324   0.105       11_1
             -0.277   0.077        6_1    9_1
             -0.263   0.069       13_1
             -0.256   0.066       12_1
              0.135   0.018        8_2

         > STATE 012:   7_1    8_1

             E(VQDPT2)   =    16896.20292
             E(VQDPT2)-E0=     2865.48411

             COEFF.  WEIGHT      CONFIG.

              0.821   0.675        7_1    8_1
              0.353   0.125       11_1
             -0.266   0.071        7_2
             -0.250   0.063        7_1    9_1
             -0.202   0.041        1_1    4_1    9_1

         > STATE 015:   8_2

             E(VQDPT2)   =    16922.33471
             E(VQDPT2)-E0=     2891.61590

             COEFF.  WEIGHT      CONFIG.

              0.661   0.437        8_2
             -0.403   0.163        7_2
              0.352   0.124       11_1
             -0.262   0.069        7_1    8_1
              0.204   0.041        9_2
              0.199   0.039        8_1    9_1
             -0.190   0.036       13_1
              0.181   0.033        1_1    4_1    9_1
             -0.172   0.030       12_1
              0.107   0.012        7_1    9_1
             -0.101   0.010        6_1    9_1

         > STATE 017:   8_2

             E(VQDPT2)   =    16943.43646
             E(VQDPT2)-E0=     2912.71765

             COEFF.  WEIGHT      CONFIG.

             -0.591   0.349        8_2
              0.581   0.337       11_1
             -0.311   0.097        8_1    9_1
             -0.275   0.076        7_1    8_1
              0.211   0.044        9_2
             -0.184   0.034        7_2
             -0.146   0.021        6_1    9_1
              0.124   0.015        1_1    4_1    9_1
              0.106   0.011        7_1    9_1

         > STATE 018:   8_1    9_1

             E(VQDPT2)   =    16951.35614
             E(VQDPT2)-E0=     2920.63734

             COEFF.  WEIGHT      CONFIG.

              0.829   0.687        8_1    9_1
              0.363   0.132        9_2
             -0.331   0.110        8_2
              0.150   0.023       13_1
             -0.148   0.022       12_1
             -0.104   0.011        1_1    4_1    8_1

         > STATE 019:   9_2

             E(VQDPT2)   =    16978.77714
             E(VQDPT2)-E0=     2948.05834

             COEFF.  WEIGHT      CONFIG.

              0.845   0.714        9_2
             -0.357   0.127       11_1
             -0.355   0.126        8_1    9_1

         > STATE 020:  13_1

             E(VQDPT2)   =    17026.19287
             E(VQDPT2)-E0=     2995.47407

             COEFF.  WEIGHT      CONFIG.

             -0.666   0.444       13_1
             -0.579   0.336       12_1
             -0.250   0.063       11_1
             -0.248   0.062        8_2
             -0.224   0.050        7_2
             -0.116   0.013        9_2
             -0.113   0.013        5_1    8_1

         > STATE 021:  12_1

             E(VQDPT2)   =    17063.06212
             E(VQDPT2)-E0=     3032.34332

             COEFF.  WEIGHT      CONFIG.

             -0.715   0.511       12_1
              0.628   0.394       13_1
             -0.188   0.035        8_1    9_1
              0.142   0.020        6_1    7_1
             -0.106   0.011        9_2


            (CLOCK) ---->  LAST STEP: USER     0.00, SYSTEM     0.00 SECS   <----

       o GROUP 011: 

          --- P-SPACE COMPONENTS -----------------------------------------
          *    1)  14_1
               2)  10_2
          *    3)  15_1
               4)   2_1    5_2
               5)   6_1   10_1
               6)   1_1   11_1
               7)   1_1    3_1   10_1
               8)   1_2    2_1    5_1
               9)   4_2    5_1
              10)   1_1    7_2
              11)   1_1    9_2
              12)   1_1   12_1
              13)   1_1   13_1
              14)   1_1    6_1    8_1
              15)   1_1    7_1    8_1
              16)   1_1    6_1    9_1
              17)   1_2    3_2
              18)   2_2    5_1
              19)   1_2    4_1    5_1
              20)   1_2    5_2
              21)   1_2    2_2
              22)   1_2    4_2
              23)   1_1    5_1    9_1
              24)   1_1    8_1    9_1
              25)   1_1    8_2
              26)   1_1    7_1    9_1
          ----------------------------------------------------------------
                                                     * IS THE TARGET STATE

         o Q-SPACE COMPONENTS:        52466

            (CLOCK) ---->  LAST STEP: USER     0.17, SYSTEM     0.00 SECS   <----

         > STATE 007:   6_1   10_1

             E(VQDPT2)   =    16923.29610
             E(VQDPT2)-E0=     2892.57729

             COEFF.  WEIGHT      CONFIG.

             -0.989   0.978        6_1   10_1
             -0.106   0.011       15_1
              0.105   0.011       14_1

         > STATE 014:  10_2

             E(VQDPT2)   =    17175.65169
             E(VQDPT2)-E0=     3144.93289

             COEFF.  WEIGHT      CONFIG.

             -0.949   0.900       10_2
              0.205   0.042       14_1
              0.204   0.042       15_1
              0.120   0.014        1_1    3_1   10_1

         > STATE 023:   1_1   13_1

             E(VQDPT2)   =    17370.66745
             E(VQDPT2)-E0=     3339.94864

             COEFF.  WEIGHT      CONFIG.

              0.638   0.407        1_1   13_1
              0.559   0.312        1_1   12_1
              0.314   0.099        1_1    8_2
              0.290   0.084        1_1   11_1
              0.226   0.051        1_1    7_2
             -0.105   0.011        1_1    7_1    8_1
              0.100   0.010       14_1

         > STATE 024:  15_1

             E(VQDPT2)   =    17379.06592
             E(VQDPT2)-E0=     3348.34711

             COEFF.  WEIGHT      CONFIG.

             -0.677   0.458       15_1
             -0.662   0.438       14_1
             -0.287   0.083       10_2
              0.106   0.011        1_1   12_1

         > STATE 026:  14_1

             E(VQDPT2)   =    17461.01474
             E(VQDPT2)-E0=     3430.29593

             COEFF.  WEIGHT      CONFIG.

              0.704   0.495       14_1
             -0.694   0.482       15_1
              0.149   0.022        6_1   10_1


            (CLOCK) ---->  LAST STEP: USER     0.00, SYSTEM     0.00 SECS   <----


(  FINALIZE VQDPT MODULE  )

            (MEMORY INFO)
            -- CURRENT USAGE    [     0.23 MB /   500.00 MB (  0.0 % ) ]  -- 
            -- IN THE LAST STEP [     2.31 MB /   500.00 MB (  0.5 % ) ]  -- 

            (CLOCK) ---->  LAST STEP: USER     0.00, SYSTEM     0.00 SECS   <----


(  FINALIZE TARGET MODULE  )


(  FINALIZE VIB MODULE  )


(  FINALIZE NMA MODULE  )


(  FINALIZE MOL MODULE  )



   (TOTAL MEMORY USAGE)   [     2.31 MB /   500.00 MB (  0.5 % ) ] 

   (CLOCK) ---->  TOTAL CPU-TIME  <----
            >     USER :   0 DAYS   0 HOURS   0 MINS   0.4 SECS 
            >    SYSTEM:   0 DAYS   0 HOURS   0 MINS   0.0 SECS 

