 -------------------------------------------------------
                                                      
    ***   WELCOME TO SINDO PROGRAM                    
     ***                (  VERSION 4.0 BETA  )        
      ***                                             
       ***       COPYRIGHT 2018:                      
        ***         KIYOSHI YAGI  KIYOSHI.YAGI@RIKEN.JP
                                                      
 -------------------------------------------------------

     JOB STARTED AT: Sat Oct 13 15:39:57 2018
     RUNNING ON kyagi-mac2.local                


(  SETUP MEM MODULE  )

   o MAXIMUM MEMORY :       10 MB


(  SETUP MOL MODULE  )


   READ DATA FROM A MINFO FILE : [ h2o.minfo ]


(  ENTER NMA MODULE  )


      o ATOMIC MASS
           15.9949      1.0078      1.0078

      o REFERENCE GEOMETRY
          0.000000    0.000000    0.127986
          0.000000    1.429203   -1.015613
         -0.000000   -1.429203   -1.015613

      o NORMAL DISPLACEMENT VECTOR
         -0.000000   -0.000000    0.270394
         -0.000000   -0.416360   -0.538598
         -0.000000    0.416360   -0.538598

          0.000000    0.000000   -0.196982
          0.000000   -0.571528    0.392370
          0.000000    0.571528    0.392370

         -0.000000   -0.267099   -0.000000
         -0.000000    0.532056   -0.425729
         -0.000000    0.532056    0.425729


      o TRANSLATIONAL VECTOR
          0.942384    0.000000    0.000000
          0.236551    0.000000    0.000000
          0.236551    0.000000    0.000000

          0.000000    0.942384    0.000000
          0.000000    0.236551    0.000000
          0.000000    0.236551    0.000000

          0.000000    0.000000    0.942384
          0.000000    0.000000    0.236551
          0.000000    0.000000    0.236551


      o ROTATIONAL VECTOR
          0.000000   -0.201414    0.000000
          0.000000    0.401202    0.564583
          0.000000    0.401202   -0.564583

          0.334533    0.000000   -0.000000
         -0.666366    0.000000   -0.000000
         -0.666366    0.000000    0.000000

         -0.000000    0.000000    0.000000
         -0.707107    0.000000    0.000000
          0.707107   -0.000000    0.000000

(  SETUP OF NMA COMPLETED  )



(  SETUP VIB MODULE  )

   >> RUN OPTIONS
      VSCF    =     T
      OC-VSCF =     F
      VCI     =     T
      VPT     =     F
      VQDPT   =     F
      PRPT    =     F


   >> BASIS FUNCTIONS
      MODE :         1        2        3
      MAXV :        10       10       10
      FREQ :   1659.40  3752.61  3853.49

(  SETUP TARGET MODULE  )

   >> TARGET STATES
       000   : ZERO-POINT STATE


(  SETUP MRPES MODULE  )

   >> POTENTIAL

      [  OPTIONS  ]

         MR         =        3
         MCS_CUTOFF = 0.10E-03
         MCS_GRID   = -.10E+01
         POTDIR     = ./


         1MR-PEF

         o GRID PEF

           MODE=   1, GRID=  11    B3LYP/cc-pVDZ (11)
           MODE=   2, GRID=  11    B3LYP/cc-pVDZ (11)
           MODE=   3, GRID=  11    B3LYP/cc-pVDZ (11)


         2MR-PEF

         o GRID PEF

           MODE=   2   1, GRID=  11  11    B3LYP/cc-pVDZ (11)
           MODE=   3   1, GRID=  11  11    B3LYP/cc-pVDZ (11)
           MODE=   3   2, GRID=  11  11    B3LYP/cc-pVDZ (11)


         3MR-PEF

         o GRID PEF

           MODE=   3   2   1, GRID=  11  11  11    B3LYP/cc-pVDZ (11)


(  FINALIZE MRPES MODULE  )

            (MEMORY INFO)
            -- CURRENT USAGE    [     0.05 MB /    10.00 MB (  0.5 % ) ]  -- 
            -- IN THE LAST STEP [     0.08 MB /    10.00 MB (  0.8 % ) ]  -- 

            (CLOCK) ---->  LAST STEP: USER     0.01, SYSTEM     0.00 SECS   <----


(  ENTER VSCF MODULE  )

  ---  VIBRATIONAL SELF-CONSISTENT FIELD CALCULATIONS   ---

   >> SCF OPTIONS
       STATE SPECIFIC :        F
              RESTART :        F
        MAX ITERATION :       10
         CONV. THRESH : 0.10E-04

   >> FILES
       WFN READ/WRITE FILE : vscf_xxx.wfn

   >> STATE 000:   ZERO-POINT STATE

       o INITIAL GUESS FROM (CONTRACTED) HARMONIC OSCILLATOR 

   -- (ITERATION) -------- (EOLD) -------- (ENEW) ----- (DELTA E) --
                1         4687.67         4589.42      -0.983D+02
                2         4589.42         4586.72      -0.270D+01
                3         4586.72         4586.64      -0.809D-01
                4         4586.64         4586.64      -0.254D-02
                5         4586.64         4586.64      -0.800D-04
                6         4586.64         4586.64      -0.252D-05
   -----------------------------------------------------------------
       E(VSCF)=     4586.63551924

       o COEFFICIENTS

         -MODES-          1         2         3
              0    -0.99988   0.98731  -0.99999
              1    -0.00246  -0.15550   0.00000
              2    -0.01293   0.01883  -0.00473
              3     0.00856  -0.02486  -0.00000
              4    -0.00093   0.00772   0.00249
              5     0.00011  -0.00146   0.00000
              6    -0.00018   0.00139   0.00000
              7     0.00003  -0.00056  -0.00000
              8    -0.00000   0.00013  -0.00003
              9     0.00000  -0.00010   0.00000
             10    -0.00000   0.00005   0.00000

       o VIBRATIONALLY AVERAGED STRUCTURE

         - Q0 -
              0.037284   -1.718458   -0.000000

         - X0 -
             -0.000000    0.000000    0.130027
             -0.000000    1.451755   -1.031812
             -0.000000   -1.451755   -1.031812


(  FINALIZE VSCF MODULE  )

            (MEMORY INFO)
            -- CURRENT USAGE    [     0.05 MB /    10.00 MB (  0.5 % ) ]  -- 
            -- IN THE LAST STEP [     0.06 MB /    10.00 MB (  0.6 % ) ]  -- 

            (CLOCK) ---->  LAST STEP: USER     0.00, SYSTEM     0.00 SECS   <----


(  ENTER VCI MODULE  )

   >> VCI OPTIONS

       o VCI SPACE SELECTION
         - MAX NUM. OF MODES TO EXCITE :          3
         - MAX SUM OF QUANTUM NUM.     :          8
         - MAX EXCITATION OF EACH MODE :    8  8  8

       o VCI DIMENSION  :        165
       o NUM_OF_STATES  :         20

   >> VCI WITH ZERO-POINT VSCF REFERENCE

       o READ VSCF WFN   : [ vscf-000.wfn ]

       o DUMP VCI WFN    : [ vci-w.wfn ]

       o VIB. AV. GEOM. : F

   >> VCI MAIN

      o FORMING HAMILTONIAN MATRIX     ... DONE

            (CLOCK) ---->  LAST STEP: USER     0.03, SYSTEM     0.00 SECS   <----

      o DIAGONALIZING HAMILTONIAN MATRIX     ... DONE

            (CLOCK) ---->  LAST STEP: USER     0.00, SYSTEM     0.00 SECS   <----


         > STATE 00000: ZERO-POINT STATE

             E(VCI)   =     4567.81121

             COEFF.  WEIGHT      CONFIG.
              0.999   0.998        0_0
              0.039   0.001        2_1    3_2

         > STATE 00001:   1_1

             E(VCI)   =     6158.00730
             E(VCI)-E0=     1590.19608

             COEFF.  WEIGHT      CONFIG.
             -0.998   0.996        1_1
             -0.038   0.001        1_1    2_1    3_2

         > STATE 00002:   1_2

             E(VCI)   =     7707.92155
             E(VCI)-E0=     3140.11033

             COEFF.  WEIGHT      CONFIG.
             -0.983   0.965        1_2
             -0.157   0.025        2_1
              0.061   0.004        1_2    2_1
             -0.036   0.001        1_2    2_1    3_2

         > STATE 00003:   2_1

             E(VCI)   =     8145.46159
             E(VCI)-E0=     3577.65038

             COEFF.  WEIGHT      CONFIG.
              0.979   0.958        2_1
             -0.157   0.025        1_2
              0.112   0.012        3_2
             -0.054   0.003        2_2    3_2
              0.033   0.001        2_1    3_2

         > STATE 00004:   3_1

             E(VCI)   =     8225.59466
             E(VCI)-E0=     3657.78345

             COEFF.  WEIGHT      CONFIG.
              0.981   0.962        3_1
              0.165   0.027        2_1    3_1
              0.073   0.005        2_1    3_3
             -0.059   0.004        1_1    3_1
              0.034   0.001        3_3

         > STATE 00005:   1_3

             E(VCI)   =     9215.64773
             E(VCI)-E0=     4647.83651

             COEFF.  WEIGHT      CONFIG.
             -0.956   0.913        1_3
             -0.247   0.061        1_1    2_1
              0.095   0.009        1_3    2_1
              0.060   0.004        1_2    2_1
              0.043   0.002        1_3    2_2
             -0.043   0.002        1_4    2_1
              0.038   0.001        1_5    2_1
              0.038   0.001        1_4
             -0.033   0.001        1_3    2_1    3_2

         > STATE 00006:   1_1    2_1

             E(VCI)   =     9719.80441
             E(VCI)-E0=     5151.99320

             COEFF.  WEIGHT      CONFIG.
              0.957   0.916        1_1    2_1
             -0.248   0.062        1_3
              0.113   0.013        1_1    3_2
             -0.052   0.003        1_1    2_2    3_2
              0.036   0.001        1_1    2_1    3_2
              0.033   0.001        1_2    2_1
              0.032   0.001        1_1    2_2

         > STATE 00007:   1_1    3_1

             E(VCI)   =     9775.53688
             E(VCI)-E0=     5207.72567

             COEFF.  WEIGHT      CONFIG.
              0.981   0.962        1_1    3_1
              0.135   0.018        1_1    2_1    3_1
              0.079   0.006        1_2    3_1
              0.073   0.005        1_1    2_1    3_3
              0.061   0.004        3_1
              0.043   0.002        1_1    3_3
             -0.032   0.001        1_3    3_1

         > STATE 00008:   1_4

             E(VCI)   =    10683.45073
             E(VCI)-E0=     6115.63952

             COEFF.  WEIGHT      CONFIG.
             -0.919   0.844        1_4
             -0.309   0.096        1_2    2_1
              0.128   0.016        1_4    2_1
             -0.093   0.009        1_3    2_1
             -0.078   0.006        1_3
              0.067   0.005        1_5
              0.063   0.004        1_4    2_2
             -0.062   0.004        1_5    2_1
             -0.056   0.003        1_2    2_2
              0.048   0.002        1_6    2_1
             -0.038   0.001        1_2
             -0.033   0.001        1_3    2_2
             -0.032   0.001        1_6

         > STATE 00009:   1_2    2_1

             E(VCI)   =    11255.12103
             E(VCI)-E0=     6687.30982

             COEFF.  WEIGHT      CONFIG.
              0.901   0.811        1_2    2_1
             -0.316   0.100        1_4
             -0.230   0.053        2_2
              0.111   0.012        1_2    3_2
              0.066   0.004        1_2    2_2
              0.051   0.003        1_3
              0.051   0.003        1_2
             -0.047   0.002        1_2    2_2    3_2
             -0.046   0.002        1_3    2_1
              0.036   0.001        1_2    2_1    3_2
              0.035   0.001        1_2    2_3

         > STATE 00010:   1_2    3_1

             E(VCI)   =    11288.14308
             E(VCI)-E0=     6720.33186

             COEFF.  WEIGHT      CONFIG.
             -0.966   0.934        1_2    3_1
             -0.168   0.028        2_1    3_1
             -0.097   0.009        1_2    2_1    3_1
              0.085   0.007        1_1    3_1
              0.081   0.007        1_3    3_1
             -0.068   0.005        1_2    2_1    3_3
             -0.051   0.003        1_2    3_3
              0.047   0.002        1_4    3_1

         > STATE 00011:   2_2

             E(VCI)   =    11615.00487
             E(VCI)-E0=     7047.19366

             COEFF.  WEIGHT      CONFIG.
             -0.879   0.772        2_2
              0.310   0.096        3_2
              0.248   0.061        2_1    3_2
             -0.213   0.046        1_2    2_1
             -0.065   0.004        2_2    3_2
              0.060   0.004        2_3    3_2
             -0.056   0.003        2_1    3_4
             -0.050   0.002        2_1
             -0.044   0.002        3_4
              0.042   0.002        1_4
              0.037   0.001        2_2    3_4
             -0.037   0.001        1_2    3_2
             -0.035   0.001        1_1    3_2

         > STATE 00012:   2_1    3_1

             E(VCI)   =    11651.71590
             E(VCI)-E0=     7083.90469

             COEFF.  WEIGHT      CONFIG.
             -0.913   0.833        2_1    3_1
              0.223   0.050        2_2    3_1
             -0.174   0.030        3_3
              0.171   0.029        3_1
              0.163   0.026        1_2    3_1
              0.108   0.012        2_2    3_3
             -0.092   0.008        2_1    3_3
              0.067   0.004        1_1    2_1    3_1
              0.044   0.002        1_2    2_1    3_1
              0.035   0.001        2_1    3_5

         > STATE 00013:   3_2

             E(VCI)   =    11822.68004
             E(VCI)-E0=     7254.86882

             COEFF.  WEIGHT      CONFIG.
             -0.870   0.756        3_2
             -0.375   0.141        2_2
             -0.232   0.054        2_1    3_2
              0.108   0.012        2_1
              0.105   0.011        1_1    3_2
              0.103   0.011        2_1    3_4
             -0.079   0.006        1_2    2_1
              0.062   0.004        3_4

         > STATE 00014:   1_5

             E(VCI)   =    12135.39395
             E(VCI)-E0=     7567.58274

             COEFF.  WEIGHT      CONFIG.
              0.875   0.766        1_5
             -0.351   0.123        1_3    2_1
             -0.152   0.023        1_5    2_1
              0.144   0.021        1_4
              0.120   0.014        1_4    2_1
             -0.093   0.009        1_6
             -0.083   0.007        1_3    2_2
             -0.080   0.006        1_5    2_2
              0.076   0.006        1_6    2_1
             -0.068   0.005        1_3
              0.057   0.003        1_1    2_2
              0.051   0.003        1_4    2_2
             -0.048   0.002        1_7    2_1
             -0.038   0.001        1_3    2_3
              0.038   0.001        1_6    2_2
             -0.037   0.001        1_5    2_3
              0.035   0.001        1_7
              0.034   0.001        1_2    2_1

         > STATE 00015:   1_3    2_1

             E(VCI)   =    12755.08279
             E(VCI)-E0=     8187.27157

             COEFF.  WEIGHT      CONFIG.
             -0.823   0.678        1_3    2_1
             -0.371   0.138        1_5
              0.355   0.126        1_1    2_2
             -0.108   0.012        1_3    3_2
             -0.094   0.009        1_3    2_2
             -0.074   0.006        1_3
              0.070   0.005        1_4
             -0.059   0.003        1_4    2_1
             -0.054   0.003        1_2    2_2
             -0.054   0.003        1_3    2_3
              0.046   0.002        1_1    2_3
             -0.043   0.002        1_1    2_1    3_2
              0.041   0.002        1_3    2_2    3_2
             -0.034   0.001        1_3    2_1    3_2
              0.033   0.001        1_5    2_1
             -0.032   0.001        1_6    2_1
             -0.032   0.001        1_1    2_1

         > STATE 00016:   1_3    3_1

             E(VCI)   =    12761.49520
             E(VCI)-E0=     8193.68399

             COEFF.  WEIGHT      CONFIG.
             -0.945   0.893        1_3    3_1
             -0.270   0.073        1_1    2_1    3_1
             -0.086   0.007        1_2    3_1
             -0.067   0.004        1_4    3_1
             -0.062   0.004        1_5    3_1
             -0.062   0.004        1_3    2_1    3_3
             -0.057   0.003        1_3    3_3
             -0.052   0.003        1_3    2_1    3_1
             -0.040   0.002        1_4    2_1    3_1
              0.032   0.001        1_5    2_1    3_1

         > STATE 00017:   1_1    2_2

             E(VCI)   =    13170.52719
             E(VCI)-E0=     8602.71598

             COEFF.  WEIGHT      CONFIG.
              0.808   0.652        1_1    2_2
             -0.375   0.140        1_1    3_2
              0.316   0.100        1_3    2_1
             -0.249   0.062        1_1    2_1    3_2
              0.075   0.006        1_5
              0.063   0.004        1_3    3_2
              0.063   0.004        1_1    2_2    3_2
              0.062   0.004        1_1    2_1    3_4
             -0.056   0.003        3_2
             -0.054   0.003        1_2    3_2
              0.054   0.003        1_2    2_2
              0.053   0.003        1_1    3_4
             -0.053   0.003        1_1    2_3    3_2
              0.050   0.002        1_2    2_1
             -0.035   0.001        1_1    2_2    3_4
              0.032   0.001        1_4    2_1

         > STATE 00018:   1_1    2_1    3_1

             E(VCI)   =    13189.74316
             E(VCI)-E0=     8621.93195

             COEFF.  WEIGHT      CONFIG.
              0.895   0.802        1_1    2_1    3_1
             -0.254   0.065        1_3    3_1
             -0.181   0.033        1_1    2_2    3_1
              0.174   0.030        1_1    3_3
             -0.146   0.021        1_1    3_1
             -0.101   0.010        1_1    2_2    3_3
              0.095   0.009        1_1    2_1    3_3
              0.092   0.009        1_2    2_1    3_1
              0.071   0.005        2_1    3_1
             -0.063   0.004        1_3    2_1    3_1
             -0.063   0.004        1_2    3_1
             -0.036   0.001        1_1    2_1    3_5
             -0.032   0.001        1_4    3_1

         > STATE 00019:   1_1    3_2

             E(VCI)   =    13343.24812
             E(VCI)-E0=     8775.43691

             COEFF.  WEIGHT      CONFIG.
              0.837   0.701        1_1    3_2
              0.418   0.175        1_1    2_2
              0.182   0.033        1_1    2_1    3_2
              0.149   0.022        1_3    2_1
              0.137   0.019        1_2    3_2
             -0.117   0.014        1_1    2_1
              0.101   0.010        3_2
             -0.093   0.009        1_1    2_1    3_4
             -0.068   0.005        1_1    3_4
              0.049   0.002        2_1    3_2
             -0.040   0.002        1_3    3_2
              0.034   0.001        1_5
              0.033   0.001        1_2    2_1    3_2
             -0.032   0.001        1_2    3_4

(  FINALIZE VCI MODULE  )

            (MEMORY INFO)
            -- CURRENT USAGE    [     0.05 MB /    10.00 MB (  0.5 % ) ]  -- 
            -- IN THE LAST STEP [     0.23 MB /    10.00 MB (  2.3 % ) ]  -- 

            (CLOCK) ---->  LAST STEP: USER     0.00, SYSTEM     0.00 SECS   <----


(  FINALIZE TARGET MODULE  )


(  FINALIZE VIB MODULE  )


(  FINALIZE NMA MODULE  )


(  FINALIZE MOL MODULE  )



   (TOTAL MEMORY USAGE)   [     0.23 MB /    10.00 MB (  2.3 % ) ] 

   (CLOCK) ---->  TOTAL CPU-TIME  <----
            >     USER :   0 DAYS   0 HOURS   0 MINS   0.0 SECS 
            >    SYSTEM:   0 DAYS   0 HOURS   0 MINS   0.0 SECS 

