 -------------------------------------------------------
                                                      
    ***   WELCOME TO SINDO PROGRAM                    
     ***                (  VERSION 4.0 BETA  )        
      ***                                             
       ***       COPYRIGHT 2018:                      
        ***         KIYOSHI YAGI  KIYOSHI.YAGI@RIKEN.JP
                                                      
 -------------------------------------------------------

     JOB STARTED AT: Mon Oct 22 01:01:58 2018
     RUNNING ON kyagi-mac2.local                


(  SETUP MEM MODULE  )

   o MAXIMUM MEMORY :      500 MB


(  SETUP MOL MODULE  )


   READ DATA FROM A MINFO FILE : [ h2o_6-mp2dz_ocvscf.minfo ]


(  ENTER NMA MODULE  )


      o ATOMIC MASS
           15.9949      1.0078      1.0078     15.9949      1.0078
            1.0078     15.9949      1.0078      1.0078     15.9949
            1.0078      1.0078     15.9949      1.0078      1.0078
           15.9949      1.0078      1.0078

      o REFERENCE GEOMETRY
          2.679725   -1.835853   -2.351627
          0.879149   -2.031678   -2.699097
          2.784469   -2.365654   -0.578971
         -2.685828   -1.724979   -2.520557
         -3.791612   -2.947273   -3.303300
         -2.997848   -1.921170   -0.705303
         -2.761855   -0.828790    2.574621
         -2.714771    0.903266    1.835538
         -4.065411   -0.746471    3.849749
          2.535211   -1.686665    2.913885
          2.987855    0.060505    2.580272
          0.712482   -1.549969    3.146083
         -2.379994    3.291472   -0.254915
         -0.532493    3.464456   -0.339503
         -2.729658    2.253101   -1.727519
          2.771446    2.774541   -0.339892
          4.075705    3.844848   -1.035127
          2.873365    1.199094   -1.364292

      o NORMAL DISPLACEMENT VECTOR
          0.067723   -0.325509    0.162426
          0.014874   -0.046781    0.033633
         -0.001273   -0.023000    0.059283
          0.048397    0.338806   -0.201102
          0.007293    0.120069   -0.098828
         -0.004993    0.027873   -0.059462
         -0.082313   -0.312956   -0.093537
         -0.013723   -0.055589    0.030143
         -0.023771   -0.114619   -0.024162
          0.012143    0.359570    0.159795
         -0.035031    0.088323   -0.021432
         -0.001734    0.048026    0.025371
          0.003274    0.008341    0.405866
         -0.000619   -0.005668    0.051533
         -0.038594    0.049403    0.077565
         -0.023833   -0.071309   -0.406214
         -0.008237   -0.030114   -0.124297
          0.004657   -0.045740   -0.057841

         -0.377509    0.219220    0.134773
         -0.094356    0.041235    0.038782
         -0.072750    0.052809    0.031928
         -0.400412   -0.148210   -0.143867
         -0.062284   -0.064039   -0.047459
         -0.099463   -0.051825   -0.037884
          0.011546   -0.255324   -0.143303
          0.037949   -0.065936   -0.039240
          0.023110   -0.025133   -0.017482
          0.071499    0.224308    0.144058
          0.015307    0.055788    0.030287
          0.014354    0.041251    0.017520
          0.331947   -0.236621   -0.055244
          0.079714   -0.020085   -0.009627
          0.088393   -0.031962   -0.033967
          0.351242    0.194736    0.079621
          0.084935    0.029373   -0.015620
          0.031650    0.046055    0.018872

         -0.173980   -0.124612    0.221804
         -0.041664   -0.034674    0.048798
         -0.026085   -0.036107    0.052991
         -0.166900    0.163438   -0.229612
         -0.041710    0.032064   -0.044039
         -0.009060    0.033157   -0.052668
          0.446938    0.049843   -0.221931
          0.056565    0.015878   -0.053336
          0.126610   -0.017874   -0.038340
          0.390399   -0.130904    0.253770
          0.107600   -0.038885    0.044756
          0.093645   -0.012446    0.021593
         -0.240158    0.153608   -0.182133
         -0.058533    0.025497   -0.035443
         -0.059876    0.038072   -0.045543
         -0.260691   -0.095693    0.163067
         -0.061943   -0.035295    0.029190
         -0.068053   -0.031859    0.052259

          0.137565   -0.070869   -0.053083
          0.035957    0.001457   -0.018912
          0.018783    0.001230   -0.005725
         -0.106600    0.502703    0.088424
         -0.139936    0.279813   -0.058443
         -0.034053    0.030910    0.010917
         -0.037891   -0.059387    0.249232
         -0.018624   -0.028483    0.031378
          0.005422    0.005955    0.076303
          0.062269    0.141943   -0.089474
         -0.010054    0.039563   -0.040125
          0.018616    0.014421    0.011025
         -0.139522   -0.449262   -0.372561
         -0.041691   -0.064069   -0.060816
          0.028045   -0.240969   -0.020336
          0.099070   -0.076364    0.171326
          0.032344   -0.000069    0.086193
          0.045870    0.005008    0.012987

          0.084934    0.103491    0.250924
          0.028604    0.025408    0.032045
         -0.008202    0.021743    0.064132
         -0.034877    0.161009   -0.007391
         -0.008892    0.054332   -0.023618
         -0.008554    0.008779   -0.006040
          0.170072    0.006378    0.101860
          0.050253   -0.007247   -0.003981
          0.054976    0.032007    0.036284
         -0.240565   -0.499368    0.129024
          0.011284   -0.122729    0.152224
         -0.062292   -0.071800    0.005027
          0.041572   -0.196338   -0.055360
          0.007450   -0.010339   -0.047251
          0.004295   -0.063144   -0.002872
         -0.022212    0.416841   -0.410852
         -0.074243    0.111607   -0.219885
          0.009613    0.053200   -0.018749

         -0.344760    0.129651   -0.159078
         -0.105090    0.060128    0.028341
         -0.013141   -0.028383   -0.067182
          0.346879    0.171728    0.221336
          0.134377    0.010985    0.038233
          0.051404    0.054518    0.054914
         -0.389007   -0.070031   -0.073751
         -0.058492   -0.011889    0.000516
         -0.211385   -0.043673   -0.133036
          0.379589   -0.175902    0.321357
          0.074710   -0.048237    0.028144
          0.099355   -0.052306    0.099075
          0.001067   -0.035070   -0.136051
          0.000821   -0.005764   -0.016815
          0.020752   -0.024673   -0.027291
          0.018059    0.004289   -0.147052
         -0.013211   -0.004739   -0.078856
         -0.027215   -0.004229   -0.032650

          0.413389   -0.107616    0.072277
          0.107780   -0.063185    0.022407
          0.116367   -0.018118    0.019429
         -0.401852   -0.130978    0.050611
         -0.189432    0.064808   -0.013033
         -0.129839   -0.033158    0.005878
         -0.415963   -0.038101   -0.088817
         -0.077956   -0.002183    0.009049
         -0.061926    0.008969    0.019642
          0.378928   -0.165010   -0.015012
          0.090851   -0.035645    0.017598
          0.090300   -0.049594   -0.034120
         -0.138191    0.233855   -0.003776
         -0.035988    0.053236    0.010591
         -0.018645    0.019980    0.021285
          0.169546    0.196486   -0.030536
          0.031421    0.052574   -0.023581
          0.053731    0.047589    0.005618

         -0.060620    0.023756   -0.093050
          0.017742   -0.156735   -0.090652
         -0.017392   -0.013917   -0.030303
          0.193012   -0.191443    0.216596
         -0.539708    0.543032   -0.035431
         -0.007492   -0.051488    0.045214
          0.061660   -0.016436   -0.301416
          0.026486    0.019606   -0.029310
          0.115886   -0.001436    0.026765
         -0.082956    0.029769    0.118162
          0.003456   -0.001334    0.020011
         -0.029266    0.024073   -0.045612
          0.110743    0.029473    0.045382
          0.025200    0.063050    0.064210
          0.141546   -0.144855    0.087834
         -0.128585    0.058469    0.017002
         -0.018613   -0.024487   -0.030850
         -0.089351    0.009063    0.007465

         -0.081485   -0.053997    0.380258
         -0.036728    0.037631    0.147407
          0.003341    0.018567    0.106064
          0.049845    0.162196    0.507989
          0.162473   -0.054843    0.065754
         -0.026816   -0.007640    0.117108
          0.042539   -0.187785   -0.418007
          0.006962   -0.026669   -0.067868
          0.054305   -0.066136   -0.058518
         -0.049531   -0.002548   -0.444920
         -0.024637    0.008442   -0.086867
         -0.014822   -0.019630   -0.117783
         -0.046733    0.066371   -0.073941
         -0.013980    0.032256   -0.023149
         -0.005843    0.000241   -0.009283
          0.043403    0.043627    0.016197
          0.056912   -0.026588    0.032821
          0.005999   -0.006635    0.023483

          0.159008   -0.043237   -0.417539
          0.018890    0.066397   -0.049367
          0.049710   -0.023687   -0.112161
         -0.195695    0.082217    0.280947
          0.085062   -0.118204    0.098244
          0.017052   -0.009400    0.079236
          0.246113   -0.172876   -0.204422
          0.032808   -0.030537   -0.024005
          0.051112   -0.087096   -0.058399
         -0.262589    0.027072    0.438562
         -0.094911    0.002310    0.050807
         -0.075353   -0.022185    0.036651
         -0.215363    0.120488   -0.057686
         -0.059843    0.044422   -0.050057
         -0.080579    0.027316   -0.006761
          0.220883    0.021335   -0.053889
          0.155245   -0.022767    0.131608
          0.090600    0.034006   -0.039911

          0.279280    0.139586   -0.103859
          0.055769    0.053431    0.022256
          0.098609    0.023271   -0.030130
         -0.281785    0.131059    0.181149
          0.077587   -0.121079    0.077153
         -0.054154    0.050388    0.052278
         -0.049762    0.090211   -0.240587
          0.035376    0.022947   -0.078042
         -0.023713    0.061484   -0.074407
          0.045856    0.050924    0.102621
          0.016395    0.020146    0.078158
          0.004727    0.005604   -0.016122
          0.424591   -0.197180    0.055030
          0.121070   -0.152463   -0.002090
          0.017390    0.018686   -0.011611
         -0.426778   -0.222739    0.028554
         -0.291199    0.097739   -0.103135
         -0.023607   -0.047724   -0.005568

         -0.084585   -0.180922   -0.132870
         -0.035564    0.000684    0.016314
          0.005119   -0.023396   -0.029685
          0.088719    0.009405    0.014099
          0.102840   -0.037188   -0.049009
         -0.024446   -0.033110   -0.008867
         -0.034142    0.135177   -0.163571
         -0.107344    0.049179   -0.015250
          0.195499   -0.007864    0.169095
         -0.057470    0.040937    0.001233
          0.228001   -0.025316    0.162718
         -0.019817    0.197011   -0.134303
         -0.200689   -0.081818    0.094174
         -0.032255   -0.142706    0.076112
         -0.068475   -0.027796    0.032255
          0.313024    0.029688    0.227234
         -0.378317    0.238280   -0.448051
          0.035732    0.001583    0.068123

         -0.020844   -0.317911   -0.050000
          0.010843   -0.086953   -0.082822
         -0.069344   -0.043329    0.000869
         -0.048861    0.003152   -0.034704
         -0.125543   -0.055924    0.239855
          0.216058    0.139077    0.052000
          0.129480    0.196883   -0.077968
          0.023214    0.054689   -0.021054
         -0.427344   -0.136330   -0.476845
          0.009805    0.019288   -0.120419
         -0.011509    0.017900    0.025220
          0.026326   -0.004206    0.141838
         -0.006952   -0.206396    0.143676
         -0.007253    0.005258    0.032444
          0.014255   -0.032664    0.017454
          0.029627    0.304175    0.146646
         -0.017515    0.075672   -0.012323
          0.000283    0.070031    0.054552

         -0.081802   -0.479878   -0.222067
         -0.047612   -0.048058    0.044245
          0.038395   -0.082032   -0.051679
          0.055286    0.051856    0.032403
          0.172048   -0.057438   -0.105721
         -0.094401   -0.058581   -0.021716
         -0.057125   -0.203389    0.128175
          0.038567   -0.066836    0.006777
          0.125670    0.075704    0.167253
          0.007762    0.026597   -0.003911
         -0.031820    0.021013    0.039761
         -0.006526   -0.037496   -0.039373
          0.288719    0.138924   -0.150306
          0.065044    0.090375   -0.010415
          0.115585    0.046808   -0.054562
         -0.290216    0.451923    0.182004
         -0.012981    0.067578    0.085214
         -0.053719    0.104606    0.074482

         -0.033999   -0.090691   -0.050101
         -0.026097    0.015211    0.051694
          0.039120   -0.033251   -0.020106
          0.028216    0.003037   -0.030342
          0.136167   -0.066443   -0.085046
         -0.100802   -0.009561   -0.025783
         -0.106069    0.396801   -0.277488
          0.015675    0.100740   -0.081714
          0.202247    0.211045    0.155303
          0.107611   -0.041895    0.069926
         -0.002779   -0.020301   -0.079049
          0.007746   -0.016721   -0.104336
         -0.099962   -0.425584    0.312970
         -0.043579    0.040591    0.025419
         -0.003035   -0.079966    0.053067
         -0.030662    0.143658   -0.070053
          0.296702   -0.124210    0.308967
          0.015913    0.041326   -0.018791

          0.031852    0.024783    0.040376
          0.043717   -0.050761   -0.141253
         -0.099199   -0.037205    0.003182
         -0.023961    0.063709   -0.073684
         -0.095683   -0.154390    0.371236
          0.248929    0.249334    0.053255
         -0.097681   -0.041990   -0.031874
         -0.270473    0.070380    0.179001
          0.198804   -0.370896    0.240092
         -0.032489   -0.026659    0.038979
          0.286108   -0.094193   -0.045969
         -0.010366    0.284403   -0.162209
          0.103094   -0.032264   -0.080128
          0.024428    0.011799    0.036800
          0.066359    0.038911   -0.061049
         -0.098795    0.056853   -0.041028
          0.141664   -0.118653    0.097508
         -0.064281   -0.005737    0.016454

          0.087232    0.088201   -0.065100
          0.018260   -0.073698    0.048995
          0.109545   -0.027412   -0.035414
         -0.081263    0.036949    0.037698
          0.153213   -0.048444   -0.144303
         -0.104634   -0.103001   -0.018040
          0.051130    0.002792    0.059319
          0.004595   -0.027174   -0.054352
         -0.134288    0.008441   -0.135099
         -0.054721    0.025333   -0.030816
          0.204227   -0.017009    0.179903
         -0.004163    0.179269   -0.024576
         -0.070915   -0.031529    0.010440
         -0.040907    0.292835    0.177548
          0.318678   -0.078206   -0.030225
         -0.024009   -0.002404    0.023095
          0.186438   -0.429433   -0.299234
         -0.342276   -0.151598    0.196819

          0.011337    0.044862   -0.018186
          0.019387   -0.153877   -0.002805
          0.087319   -0.050398   -0.029828
          0.068385    0.040261   -0.049691
         -0.158175   -0.036474    0.303852
          0.099670    0.287434    0.033863
         -0.089873   -0.111837   -0.030479
          0.176842   -0.065937   -0.095187
          0.136911    0.305185    0.134954
          0.031569    0.039438   -0.026840
         -0.208862    0.084986    0.090943
         -0.005189   -0.227970    0.018951
         -0.040488   -0.106551    0.026900
         -0.020547    0.014663   -0.180427
         -0.223622    0.303770   -0.170407
          0.076953    0.056413    0.098519
          0.056189   -0.216895   -0.266989
         -0.190520   -0.095434    0.162194

         -0.045757    0.026391   -0.014282
         -0.048865   -0.115926    0.251422
          0.294294   -0.008229   -0.029591
         -0.020819   -0.004496   -0.080503
          0.024814   -0.075880    0.053818
         -0.045899    0.145379   -0.008713
          0.040291    0.137281   -0.024994
         -0.164877    0.126422    0.216611
          0.064190   -0.346540    0.070918
          0.037108    0.015528    0.041630
         -0.418378    0.102392   -0.071223
         -0.037703   -0.413913   -0.132054
         -0.005057    0.014193   -0.042201
         -0.002282    0.077350    0.163372
          0.235304   -0.195539    0.070273
          0.055932   -0.020038    0.013183
         -0.080492    0.022824   -0.131473
         -0.065899    0.008959   -0.026427

         -0.018431   -0.002848   -0.039644
         -0.021705    0.047901    0.053827
          0.043359    0.052776    0.003511
          0.011866   -0.032128   -0.018434
          0.028781    0.029110   -0.098962
         -0.012412   -0.084045   -0.014694
         -0.023784    0.054994   -0.024789
          0.024382    0.110041    0.231634
         -0.034653   -0.219974   -0.022001
          0.015449    0.027237   -0.063972
          0.032231    0.073058    0.383364
         -0.006978   -0.031719   -0.075964
          0.125943    0.077131    0.001654
          0.029228   -0.157314   -0.432541
         -0.434995   -0.255433    0.304312
         -0.049673    0.055165    0.027258
          0.151221   -0.197699   -0.014005
         -0.042943   -0.081999    0.151316

          0.062741    0.017065    0.053813
          0.083117    0.057807   -0.348135
         -0.316760   -0.134340   -0.007536
         -0.061495    0.047855   -0.023048
          0.118177   -0.145813    0.049844
          0.162202   -0.110541    0.013866
         -0.075024   -0.020237   -0.106277
          0.132758    0.035161    0.081997
          0.121567    0.120517    0.109645
          0.031221   -0.009068    0.032339
         -0.148609   -0.025349   -0.349000
          0.039890   -0.073085    0.278551
          0.016104    0.092437   -0.000774
         -0.011269    0.114612   -0.060461
          0.056949   -0.401717    0.280253
          0.004917    0.038075    0.064414
         -0.066154   -0.054927   -0.214906
         -0.086070   -0.044141    0.084345

         -0.021086   -0.069116   -0.022231
          0.029952    0.016997   -0.179775
         -0.233892    0.378137    0.135559
         -0.003074    0.028605   -0.020299
          0.010026   -0.087147    0.125370
          0.123889    0.021351    0.017488
         -0.059869   -0.027963   -0.044989
          0.028601   -0.017840   -0.041031
          0.090531    0.116083    0.089074
          0.074697    0.018270   -0.102850
         -0.061117    0.149830    0.642043
          0.014211   -0.166886    0.054837
         -0.067424    0.037945   -0.010462
         -0.018206    0.116609    0.174378
          0.244934   -0.126278    0.026406
         -0.001159   -0.111424   -0.070473
          0.000005    0.061291    0.124848
          0.081471    0.030580   -0.088370

         -0.061354    0.036093   -0.007802
         -0.040482   -0.242268    0.270295
          0.319201    0.043943   -0.014333
          0.018276    0.026218   -0.119844
         -0.027425   -0.118841    0.205526
          0.065837    0.195202    0.006829
         -0.047910   -0.149378    0.007619
          0.326261   -0.023379    0.047832
         -0.044469    0.291193   -0.048324
         -0.084710   -0.011945    0.009817
          0.216471   -0.073441   -0.036694
         -0.017697    0.199931   -0.099260
         -0.029576    0.092059    0.004349
         -0.026421    0.153966   -0.096038
          0.043396   -0.347525    0.242785
          0.015709   -0.073238    0.001589
         -0.065231    0.138621    0.113537
          0.005751    0.102062   -0.176754

         -0.023957    0.029065   -0.019587
          0.094454   -0.624905   -0.131276
          0.009623    0.382112    0.116356
         -0.040182    0.098567    0.057310
          0.134179   -0.029409   -0.106814
          0.118927   -0.266214    0.001606
         -0.001207    0.050114    0.004134
         -0.115433   -0.013775   -0.066720
         -0.002430   -0.058562    0.001409
          0.003824   -0.045773    0.052807
         -0.030881   -0.025671   -0.127832
         -0.002896   -0.009604    0.006040
          0.052698   -0.010653    0.004235
          0.018082   -0.104361   -0.060323
         -0.145504    0.084302   -0.020535
          0.060589    0.007038    0.067409
          0.016286   -0.014934   -0.008738
         -0.300631    0.169667   -0.265714

         -0.047063    0.022839    0.008076
         -0.067764    0.074173    0.247603
          0.278817   -0.178425   -0.078053
         -0.084565    0.078474   -0.064825
         -0.086054    0.014881    0.079274
          0.607123   -0.486638    0.036576
         -0.041332    0.024607   -0.006942
         -0.168796   -0.070603   -0.203355
          0.069948    0.074590    0.073571
         -0.012051    0.001519   -0.051463
         -0.032664    0.025493    0.083337
          0.018852    0.002161    0.157576
          0.016499    0.042070   -0.002070
          0.020885   -0.109407    0.093857
          0.015006   -0.022948    0.019661
         -0.021846    0.017462   -0.039026
          0.038340   -0.022092    0.034274
          0.064661   -0.046040    0.078148

         -0.033695    0.029924    0.067515
          0.050302   -0.029157   -0.239230
         -0.119762   -0.173912   -0.034388
         -0.026798    0.043424    0.010783
          0.022877   -0.025231    0.014898
          0.176582   -0.169784    0.013538
          0.001232   -0.011616    0.111210
          0.056589   -0.049587   -0.088907
         -0.134834    0.107432   -0.118580
          0.072639    0.048263    0.121416
         -0.042237    0.019548   -0.010053
         -0.107708   -0.154493   -0.822200
         -0.003194    0.018788    0.006872
         -0.005348    0.046444   -0.016754
          0.012120   -0.032903    0.024287
          0.001069   -0.011496   -0.010662
         -0.027868    0.029047   -0.004941
          0.074457   -0.034650    0.058764

         -0.057884    0.136959    0.059526
          0.081386   -0.438446   -0.190384
          0.032153   -0.417285   -0.133924
          0.011688    0.029063    0.022002
          0.094760   -0.063509   -0.015410
         -0.192753    0.145515   -0.012904
          0.041767   -0.033053    0.001888
         -0.048648   -0.029807   -0.070498
          0.000884    0.069174   -0.010901
         -0.008070    0.036821   -0.067431
         -0.001516    0.043049    0.183484
          0.017099   -0.004266    0.114453
         -0.047468    0.109804   -0.044435
          0.058925   -0.468855    0.274278
          0.018509   -0.114764    0.078955
         -0.003614    0.057058   -0.089263
          0.076656    0.009937    0.127883
          0.115841   -0.071907    0.123914

          0.046606   -0.104933   -0.063165
         -0.053867    0.301734    0.121895
         -0.041554    0.358808    0.112963
          0.027478   -0.025224   -0.046640
         -0.069276   -0.013611    0.103900
         -0.027554    0.123964   -0.001639
          0.036649   -0.057955    0.035318
         -0.061613   -0.070259   -0.147066
         -0.038442    0.165758   -0.046278
          0.005274   -0.020078    0.067820
         -0.004407   -0.040630   -0.191720
         -0.023150   -0.019858   -0.149624
         -0.019397    0.125448   -0.056527
          0.070124   -0.532736    0.308097
         -0.033140   -0.170500    0.131891
         -0.014551    0.102728    0.028984
          0.132177   -0.202031   -0.095809
         -0.176205    0.019738   -0.010327

         -0.029640    0.014979   -0.058095
          0.002468   -0.146075    0.024017
          0.000239    0.202452    0.052356
          0.033779    0.004244   -0.019793
         -0.007712   -0.032597    0.064384
         -0.137784    0.143532   -0.012935
          0.069500   -0.004697    0.076685
         -0.472317   -0.187261   -0.487794
         -0.000668    0.006796    0.001302
          0.012469   -0.030686    0.020157
         -0.047029   -0.012230   -0.104954
          0.002737    0.031588    0.018864
          0.056303    0.037231    0.068788
         -0.014745    0.218113   -0.238474
         -0.017948   -0.159384    0.137323
         -0.037458    0.000869   -0.015505
         -0.028958    0.013402   -0.022646
          0.303602   -0.165742    0.280776

          0.041273   -0.011121    0.087001
          0.002822    0.222232   -0.046548
         -0.025427   -0.360351   -0.092265
          0.025938   -0.017815   -0.011868
         -0.017148   -0.009325    0.036100
         -0.098236    0.110438   -0.006484
          0.052998    0.000707    0.047348
         -0.304618   -0.121757   -0.309917
          0.003194    0.008934    0.001685
          0.005452    0.022359   -0.032390
         -0.020544    0.044518    0.177070
          0.005465   -0.031974    0.011003
          0.049834    0.016936    0.023650
          0.000350    0.097155   -0.113725
         -0.084365   -0.103380    0.104277
          0.071302   -0.049695    0.052853
         -0.010990    0.032219    0.027825
         -0.433696    0.265177   -0.452697

          0.012902    0.008485   -0.013297
         -0.003369   -0.010198    0.051103
         -0.062640   -0.021758   -0.001785
          0.165554    0.163941   -0.089711
         -0.199590   -0.167559    0.542309
         -0.492510   -0.537063   -0.154564
         -0.001769    0.033536   -0.003853
          0.066074   -0.000329    0.006234
         -0.010981   -0.075719   -0.010717
          0.007401   -0.004962   -0.000759
         -0.018674    0.006262    0.004800
         -0.000273    0.019284    0.004594
         -0.002063   -0.005666   -0.002431
         -0.001766   -0.002153    0.004636
          0.002130    0.012351   -0.005931
          0.004213   -0.001753   -0.004327
         -0.003833    0.009883    0.008506
         -0.016505   -0.004191    0.006472

         -0.025370    0.015683    0.027851
          0.009640   -0.036312   -0.022548
          0.020871   -0.053875   -0.020122
          0.005008    0.005352    0.000612
         -0.002452   -0.004825    0.012619
         -0.017370   -0.018532   -0.006058
          0.014225   -0.013361   -0.010189
         -0.049811    0.017983    0.052173
         -0.007203    0.047739   -0.011808
          0.004543   -0.005595   -0.007267
         -0.026972    0.009479    0.026804
          0.004575    0.033693    0.003315
         -0.007088    0.003398    0.018758
         -0.008986   -0.032615   -0.051430
          0.065501    0.011004   -0.022835
         -0.166628    0.020574    0.172712
          0.131586   -0.401414   -0.364223
          0.579022    0.323897   -0.402520

          0.003071    0.000974   -0.002422
         -0.000165   -0.004250    0.005491
         -0.008351    0.000422   -0.000254
          0.009755    0.010904    0.002371
         -0.013349   -0.005676    0.028757
         -0.026432   -0.055566   -0.017510
          0.146009   -0.162328   -0.087612
         -0.548601    0.197185    0.497894
         -0.081457    0.528461   -0.123545
          0.021935   -0.037149   -0.000199
         -0.113250    0.035094    0.019864
          0.009947    0.113759   -0.021600
          0.032061   -0.038232   -0.012269
         -0.007816    0.068184    0.016469
         -0.052134    0.032872   -0.008500
          0.015379   -0.005837   -0.018168
         -0.017877    0.043050    0.034384
         -0.049665   -0.030615    0.039831

         -0.009470   -0.010530    0.008912
          0.005627    0.027961   -0.041650
          0.043681    0.009963    0.000729
         -0.005670   -0.007671    0.002888
          0.006676    0.005329   -0.017752
          0.013866    0.028998    0.006184
         -0.030138    0.011190    0.015641
          0.132992   -0.028181   -0.061690
          0.003794   -0.079934    0.012822
          0.141289   -0.204350    0.002459
         -0.615666    0.182737    0.070172
          0.027242    0.684026   -0.092661
         -0.017021    0.012368    0.009243
          0.004506   -0.045289   -0.021877
          0.043703   -0.004714   -0.009591
          0.016398    0.002088   -0.000869
         -0.007935    0.012471    0.000066
         -0.038489   -0.008934    0.002768

          0.023124    0.004233   -0.015359
         -0.012794   -0.001151    0.062279
         -0.069081   -0.015450    0.002962
         -0.009308    0.002875   -0.001785
          0.001090   -0.003481    0.002909
          0.019355   -0.011061    0.002463
          0.009784   -0.009210   -0.007580
         -0.044529    0.014496    0.042286
         -0.004788    0.042121   -0.008223
         -0.004835    0.010663    0.002863
          0.030639   -0.009156   -0.007232
         -0.002715   -0.037570   -0.004310
         -0.150236    0.079339    0.176572
          0.019209   -0.380986   -0.608477
          0.607491    0.002293   -0.152133
          0.020781    0.008392    0.001999
         -0.002247    0.028357    0.032920
         -0.100662   -0.012023    0.010249

          0.177534    0.089551   -0.136986
         -0.100442   -0.230590    0.609799
         -0.674413   -0.155249    0.001065
         -0.015824   -0.008603   -0.007270
          0.006534    0.016164   -0.039348
          0.078524    0.031536    0.015836
         -0.005453   -0.000728    0.005530
          0.016069   -0.002570   -0.014215
          0.001011   -0.005509    0.003254
          0.026800   -0.007780    0.003259
         -0.052257    0.022964    0.025913
         -0.001004    0.027242   -0.049410
          0.012146   -0.003682   -0.017344
          0.000482    0.029496    0.059481
         -0.056380   -0.006239    0.017592
         -0.001674   -0.001663    0.003367
          0.002398   -0.010853   -0.011944
          0.008496    0.016318   -0.022669

         -0.000189    0.000982    0.001219
          0.001439   -0.001954    0.002674
         -0.002513    0.001899   -0.003952
         -0.001502    0.000754    0.011707
         -0.002108   -0.001856   -0.002206
          0.009296    0.011791   -0.028750
         -0.005050    0.224708   -0.083576
         -0.030939   -0.892552    0.361454
          0.065051    0.009194   -0.069690
         -0.009540   -0.004672    0.001460
          0.004379    0.018495   -0.000950
          0.024571    0.000034   -0.005850
          0.008340   -0.009320   -0.002673
         -0.032225   -0.007220    0.002568
          0.006313    0.016001    0.033375
         -0.002799    0.000049   -0.001842
         -0.000552    0.001237    0.000480
          0.000073   -0.001637    0.004476

          0.007341   -0.003872   -0.012136
         -0.029237   -0.007033   -0.008687
          0.004419   -0.011792    0.033779
         -0.002203    0.001534   -0.001776
          0.000484    0.000451    0.001027
          0.000074   -0.004508    0.004843
         -0.000203   -0.000305    0.001174
         -0.002313   -0.000491    0.001530
          0.001096    0.000290   -0.001252
         -0.002850   -0.009698    0.005189
          0.015136    0.038649   -0.001242
         -0.004007   -0.003741   -0.000675
         -0.010173   -0.003216   -0.004744
          0.025776    0.006816   -0.000239
          0.002755    0.008411    0.016965
         -0.023844    0.194520    0.138574
          0.064687    0.066065   -0.024242
          0.048344   -0.806072   -0.524885

         -0.000686    0.002375    0.000405
          0.002592    0.000910    0.001400
         -0.001248   -0.001950    0.000301
          0.000594   -0.001509   -0.000765
          0.000432   -0.000011    0.000346
         -0.000743    0.003803    0.001381
          0.001150   -0.005724    0.002489
          0.002184    0.028072   -0.021044
         -0.003272   -0.000892    0.003100
         -0.001623   -0.002006    0.000044
          0.002013    0.007068    0.003023
          0.002265   -0.000303   -0.000876
          0.234992    0.025096   -0.005561
         -0.961982   -0.121173    0.018623
          0.031408    0.012652    0.011589
          0.001593    0.006011    0.000578
         -0.007876    0.002126    0.003608
         -0.006037   -0.026884   -0.010257

          0.002599   -0.000308    0.000967
         -0.004791   -0.001296   -0.003709
          0.000220    0.001717    0.000953
          0.041192    0.027104   -0.232593
         -0.016600   -0.019261   -0.034052
         -0.154206   -0.096503    0.952438
          0.002519    0.004881   -0.001455
         -0.006133   -0.029232    0.015460
         -0.001034    0.005608    0.005501
         -0.002301   -0.000373   -0.000345
         -0.000806    0.000890    0.001167
          0.005763    0.000411   -0.002278
          0.000911    0.002588    0.000333
         -0.000007    0.000224    0.001251
         -0.002206    0.000588   -0.007972
         -0.000004   -0.000652   -0.000798
          0.000077   -0.000101   -0.000011
          0.000785    0.004530    0.003033

          0.021817   -0.067203    0.226725
          0.007302   -0.008938    0.027978
         -0.091363    0.292904   -0.920243
         -0.001254    0.000639   -0.000575
         -0.000910   -0.000717   -0.000353
         -0.000213   -0.001333    0.000292
          0.001067   -0.000686    0.001272
         -0.000117    0.003575   -0.003815
          0.000365   -0.000331    0.000009
         -0.001296    0.001256   -0.002172
         -0.002804   -0.008104   -0.000215
          0.007808   -0.000391   -0.003111
         -0.000351   -0.000514    0.000018
          0.000570   -0.000784   -0.001573
          0.001754    0.000924    0.002054
         -0.000463    0.004792    0.004730
          0.002249    0.003017   -0.000551
         -0.002410   -0.033962   -0.016740

          0.000382   -0.000002   -0.001381
          0.000236   -0.000377   -0.000389
         -0.000562    0.003553    0.010186
         -0.000786    0.000055    0.000183
          0.001152    0.001048    0.001060
         -0.000156   -0.002872   -0.005859
         -0.001841   -0.003972    0.004124
          0.004511    0.022470   -0.014201
          0.003732   -0.002779    0.000292
         -0.232919    0.009614    0.030593
         -0.032552   -0.005014    0.006234
          0.960995   -0.035737   -0.133481
         -0.000777   -0.001294    0.001118
          0.003581   -0.000218   -0.000092
          0.000668    0.000656   -0.000807
         -0.000694    0.001279   -0.000316
          0.000618    0.000844   -0.000652
          0.000487   -0.004202    0.000982

         -0.229214   -0.021607   -0.054516
          0.940551    0.099709    0.217898
         -0.027556   -0.005797   -0.001976
         -0.001524   -0.002655   -0.001602
          0.004789    0.003687   -0.000081
          0.002495    0.003774    0.007324
         -0.000820   -0.000527   -0.001177
          0.001378    0.001930    0.000907
          0.000287   -0.000314   -0.000449
          0.000332   -0.000153    0.001868
          0.000620    0.000750   -0.002252
         -0.000162   -0.000014   -0.000184
         -0.000490   -0.000082    0.000624
          0.004006   -0.000314    0.000132
          0.000089    0.002121   -0.002594
         -0.001178    0.005082    0.003148
          0.001930    0.002115   -0.000427
         -0.000625   -0.028202   -0.012514

          0.000025    0.000182    0.000529
         -0.001390    0.000254   -0.000398
         -0.000186   -0.000167   -0.002161
          0.001126    0.000260    0.001945
         -0.001009   -0.001719    0.000824
         -0.001059   -0.001633   -0.008317
         -0.000023    0.007508   -0.002217
         -0.002913   -0.031311    0.017534
          0.002521    0.000903   -0.002973
         -0.000459   -0.000463    0.000283
          0.001368    0.002346   -0.000038
          0.000764   -0.000907    0.000020
          0.057249    0.132428    0.187291
         -0.009262    0.014705    0.025840
         -0.215446   -0.539379   -0.777112
         -0.001447    0.003882    0.002243
          0.000293    0.000964   -0.000205
          0.001347   -0.016917   -0.010233

         -0.000338   -0.001146    0.001783
          0.000012    0.000432   -0.000526
          0.001007   -0.001191   -0.010818
          0.000196   -0.000220   -0.000081
          0.000085    0.000144    0.000064
         -0.000893   -0.000006   -0.000316
          0.000843   -0.004047    0.001859
          0.000471    0.017690   -0.008064
         -0.000285   -0.000341    0.000826
         -0.068681   -0.221139    0.043291
          0.273618    0.914723   -0.171797
         -0.001581   -0.031611    0.004144
         -0.001117   -0.000507    0.000068
          0.006487    0.000279    0.000119
          0.000349    0.001186    0.000317
         -0.001122   -0.007637   -0.005409
         -0.000745   -0.001787   -0.000884
          0.001214    0.035468    0.021568

         -0.000110    0.000046    0.000124
          0.000554   -0.000147    0.000073
         -0.000034    0.000004   -0.000540
         -0.000587   -0.000152    0.001660
          0.000627    0.000725    0.000208
          0.003107   -0.000041   -0.007147
          0.167325    0.015553   -0.174327
          0.017834   -0.079215    0.011521
         -0.685825    0.020491    0.681002
         -0.001138   -0.000046    0.000216
          0.000588    0.000822   -0.000092
          0.004995   -0.001078   -0.001737
         -0.000418   -0.000622    0.000834
          0.001592   -0.000067    0.000226
         -0.000179   -0.000405   -0.000262
         -0.000090    0.000540    0.000094
         -0.000742   -0.000481    0.000465
          0.000221   -0.001637   -0.000901

         -0.000128   -0.001026   -0.000259
          0.000082   -0.000327   -0.000085
          0.000170    0.000128   -0.000473
         -0.000200    0.000060   -0.000155
          0.000028   -0.000002    0.000118
          0.000058   -0.000187    0.000410
         -0.000234    0.000191    0.000183
         -0.000095   -0.000736    0.000188
          0.000845    0.000032   -0.000869
         -0.000408   -0.000365    0.000430
          0.001433    0.002249   -0.001315
          0.000813   -0.000288   -0.000128
         -0.001896   -0.000267    0.000083
          0.008077    0.001818   -0.002064
          0.000565    0.000283    0.000556
          0.165800    0.160446   -0.072933
         -0.685916   -0.583962    0.350912
          0.024839   -0.052587   -0.057822

         -0.001021   -0.000211   -0.000326
          0.005612    0.001774    0.000537
          0.000500   -0.000160    0.001010
          0.139161    0.154666    0.114679
         -0.579676   -0.641600   -0.440981
          0.023070    0.024259   -0.014833
         -0.000143   -0.001469   -0.000095
          0.000543    0.004989   -0.002132
         -0.000590   -0.000088    0.001003
         -0.000413   -0.000029   -0.000047
          0.000057    0.000146    0.000083
          0.001691   -0.000019    0.000066
         -0.000088   -0.000130   -0.000072
         -0.000273   -0.000078   -0.000065
          0.001261    0.001607    0.000571
         -0.000046    0.000368    0.000253
          0.000021    0.000062    0.000027
          0.000204   -0.001190   -0.001002


      o TRANSLATIONAL VECTOR
          0.384727    0.000000    0.000000
          0.096571    0.000000    0.000000
          0.096571    0.000000    0.000000
          0.384727    0.000000    0.000000
          0.096571    0.000000    0.000000
          0.096571    0.000000    0.000000
          0.384727    0.000000    0.000000
          0.096571    0.000000    0.000000
          0.096571    0.000000    0.000000
          0.384727    0.000000    0.000000
          0.096571    0.000000    0.000000
          0.096571    0.000000    0.000000
          0.384727    0.000000    0.000000
          0.096571    0.000000    0.000000
          0.096571    0.000000    0.000000
          0.384727    0.000000    0.000000
          0.096571    0.000000    0.000000
          0.096571    0.000000    0.000000

          0.000000    0.384727    0.000000
          0.000000    0.096571    0.000000
          0.000000    0.096571    0.000000
          0.000000    0.384727    0.000000
          0.000000    0.096571    0.000000
          0.000000    0.096571    0.000000
          0.000000    0.384727    0.000000
          0.000000    0.096571    0.000000
          0.000000    0.096571    0.000000
          0.000000    0.384727    0.000000
          0.000000    0.096571    0.000000
          0.000000    0.096571    0.000000
          0.000000    0.384727    0.000000
          0.000000    0.096571    0.000000
          0.000000    0.096571    0.000000
          0.000000    0.384727    0.000000
          0.000000    0.096571    0.000000
          0.000000    0.096571    0.000000

          0.000000    0.000000    0.384727
          0.000000    0.000000    0.096571
          0.000000    0.000000    0.096571
          0.000000    0.000000    0.384727
          0.000000    0.000000    0.096571
          0.000000    0.000000    0.096571
          0.000000    0.000000    0.384727
          0.000000    0.000000    0.096571
          0.000000    0.000000    0.096571
          0.000000    0.000000    0.384727
          0.000000    0.000000    0.096571
          0.000000    0.000000    0.096571
          0.000000    0.000000    0.384727
          0.000000    0.000000    0.096571
          0.000000    0.000000    0.096571
          0.000000    0.000000    0.384727
          0.000000    0.000000    0.096571
          0.000000    0.000000    0.096571


      o ROTATIONAL VECTOR
          0.004500    0.296109   -0.226036
          0.001296    0.085310   -0.063792
          0.000278    0.018299   -0.073433
          0.004823    0.317380   -0.222343
          0.001587    0.104406   -0.094975
          0.000339    0.022292   -0.062162
         -0.004927   -0.324187   -0.109643
         -0.000882   -0.058015    0.027245
         -0.001849   -0.121678   -0.025546
         -0.005576   -0.366906   -0.207528
         -0.001239   -0.081554    0.003348
         -0.001511   -0.099437   -0.048647
          0.000488    0.032098    0.409897
          0.000163    0.010731    0.109244
          0.000830    0.054601    0.069902
          0.000650    0.042798    0.354664
          0.000497    0.032717    0.123481
          0.000655    0.043121    0.039280

         -0.264729    0.000000   -0.301664
         -0.076269    0.000000   -0.024842
         -0.016360    0.000000   -0.078681
         -0.283746    0.000000    0.302351
         -0.093342    0.000000    0.107141
         -0.019930    0.000000    0.084711
          0.289832    0.000000    0.310910
          0.051867    0.000000    0.076712
          0.108783    0.000000    0.114877
          0.328024    0.000000   -0.285396
          0.072911    0.000000   -0.084429
          0.088900    0.000000   -0.020133
         -0.028697    0.000000    0.267923
         -0.009593    0.000000    0.015047
         -0.048815    0.000000    0.077133
         -0.038263    0.000000   -0.311989
         -0.029250    0.000000   -0.115168
         -0.038551    0.000000   -0.081193

          0.205418    0.300274   -0.000339
          0.057065    0.024903   -0.000158
          0.066368    0.078149   -0.000130
          0.193050   -0.299191   -0.000952
          0.082764   -0.106044   -0.000384
          0.053905   -0.084017   -0.000266
          0.092292   -0.309532   -0.000637
         -0.025390   -0.076309   -0.000001
          0.020819   -0.114374   -0.000192
          0.188107    0.282219   -0.000302
         -0.001776    0.083566    0.000097
          0.043376    0.019697   -0.000119
         -0.367746   -0.265839    0.000903
         -0.097158   -0.014904    0.000299
         -0.063140   -0.076402    0.000121
         -0.309975    0.309794    0.001343
         -0.107806    0.114406    0.000474
         -0.033590    0.080714    0.000197

(  SETUP OF NMA COMPLETED  )



(  SETUP VIB MODULE  )

   >> RUN OPTIONS
      VSCF    =     T
      OC-VSCF =     F
      VCI     =     F
      VPT     =     F
      VQDPT   =     T
      PRPT    =     F


   >> BASIS FUNCTIONS
      MODE :         1        2        3        4        5        6
      MAXV :        -1       -1       -1       -1       -1       -1
      FREQ :     68.57    75.09    80.48   136.07   143.86   194.45

      MODE :         7        8        9       10       11       12
      MAXV :        -1       -1       -1       -1       -1       -1
      FREQ :    208.51   225.63   229.69   236.86   243.36   264.32

      MODE :        13       14       15       16       17       18
      MAXV :        -1       -1       -1       -1       -1       -1
      FREQ :    285.99   295.43   306.70   429.22   454.45   484.92

      MODE :        19       20       21       22       23       24
      MAXV :        -1       -1       -1       -1       -1       -1
      FREQ :    497.39   550.59   553.99   578.26   617.24   683.17

      MODE :        25       26       27       28       29       30
      MAXV :        -1       -1       -1       -1       -1       -1
      FREQ :    718.30   744.74   816.14   891.25  1066.71  1088.07

      MODE :        31       32       33       34       35       36
      MAXV :        10       10       10       10       10       10
      FREQ :   1691.65  1707.56  1701.92  1739.06  1739.42  1753.47

      MODE :        37       38       39       40       41       42
      MAXV :        10       10       10       10       10       10
      FREQ :   3302.55  3311.19  3598.35  3639.09  3636.51  3745.57

      MODE :        43       44       45       46       47       48
      MAXV :        10       10       10       10       10       10
      FREQ :   3728.43  3822.22  3818.45  3907.69  3910.26  3910.69


(  SETUP TARGET MODULE  )

   >> TARGET STATES
       000   : ZERO-POINT STATE
     001-018 : FUNDAMENTALS


(  SETUP MRPES MODULE  )

   >> POTENTIAL

      [  OPTIONS  ]

         MR         =        4
         MCS_CUTOFF = -.10E-02
         MCS_GRID   = -.10E+01
         POTDIR     = ./
         MOPFILE    = prop_no_1.mop_ocvscf


         1MR-PEF

         o QFF   MP2/cc-pVDZ

           MODE=  31
           MODE=  32
           MODE=  33
           MODE=  34
           MODE=  35
           MODE=  36
           MODE=  37
           MODE=  38
           MODE=  39
           MODE=  40
           MODE=  41
           MODE=  42
           MODE=  43
           MODE=  44
           MODE=  45
           MODE=  46
           MODE=  47
           MODE=  48

         o DISABLED

           MODE=   1
           MODE=   2
           MODE=   3
           MODE=   4
           MODE=   5
           MODE=   6
           MODE=   7
           MODE=   8
           MODE=   9
           MODE=  10
           MODE=  11
           MODE=  12
           MODE=  13
           MODE=  14
           MODE=  15
           MODE=  16
           MODE=  17
           MODE=  18
           MODE=  19
           MODE=  20
           MODE=  21
           MODE=  22
           MODE=  23
           MODE=  24
           MODE=  25
           MODE=  26
           MODE=  27
           MODE=  28
           MODE=  29
           MODE=  30

         2MR-PEF

         o QFF   MP2/cc-pVDZ

           NUMBER OF TERMS=     153


         3MR-PEF

         o QFF   MP2/cc-pVDZ

           NUMBER OF TERMS=     816


         4MR-PEF

         o QFF   MP2/cc-pVDZ

           NUMBER OF TERMS=    3060


(  FINALIZE MRPES MODULE  )

            (MEMORY INFO)
            -- CURRENT USAGE    [     0.73 MB /   500.00 MB (  0.1 % ) ]  -- 
            -- IN THE LAST STEP [     3.02 MB /   500.00 MB (  0.6 % ) ]  -- 

            (CLOCK) ---->  LAST STEP: USER     3.39, SYSTEM     0.15 SECS   <----


(  ENTER VSCF MODULE  )

  ---  VIBRATIONAL SELF-CONSISTENT FIELD CALCULATIONS   ---

   >> SCF OPTIONS
       STATE SPECIFIC :        F
              RESTART :        F
        MAX ITERATION :       20
         CONV. THRESH : 0.10E-04

   >> FILES
       WFN READ/WRITE FILE : vscf_xxx.wfn

   >> STATE 000:   ZERO-POINT STATE

       o INITIAL GUESS FROM (CONTRACTED) HARMONIC OSCILLATOR 

   -- (ITERATION) -------- (EOLD) -------- (ENEW) ----- (DELTA E) --
                1        27675.24        26878.48      -0.797D+03
                2        26878.48        26876.05      -0.244D+01
                3        26876.05        26876.03      -0.127D-01
                4        26876.03        26876.03      -0.728D-04
                5        26876.03        26876.03      -0.431D-06
   -----------------------------------------------------------------
       E(VSCF)=    26876.03241666

       o COEFFICIENTS

         -MODES-          1         2         3         4         5         6
              0     0.00000   0.00000   0.00000   0.00000   0.00000   0.00000
              1     0.00000   0.00000   0.00000   0.00000   0.00000   0.00000
              2     0.00000   0.00000   0.00000   0.00000   0.00000   0.00000
              3     0.00000   0.00000   0.00000   0.00000   0.00000   0.00000
              4     0.00000   0.00000   0.00000   0.00000   0.00000   0.00000
              5     0.00000   0.00000   0.00000   0.00000   0.00000   0.00000
              6     0.00000   0.00000   0.00000   0.00000   0.00000   0.00000
              7     0.00000   0.00000   0.00000   0.00000   0.00000   0.00000
              8     0.00000   0.00000   0.00000   0.00000   0.00000   0.00000
              9     0.00000   0.00000   0.00000   0.00000   0.00000   0.00000
             10     0.00000   0.00000   0.00000   0.00000   0.00000   0.00000
         -MODES-          7         8         9        10        11        12
              0     0.00000   0.00000   0.00000   0.00000   0.00000   0.00000
              1     0.00000   0.00000   0.00000   0.00000   0.00000   0.00000
              2     0.00000   0.00000   0.00000   0.00000   0.00000   0.00000
              3     0.00000   0.00000   0.00000   0.00000   0.00000   0.00000
              4     0.00000   0.00000   0.00000   0.00000   0.00000   0.00000
              5     0.00000   0.00000   0.00000   0.00000   0.00000   0.00000
              6     0.00000   0.00000   0.00000   0.00000   0.00000   0.00000
              7     0.00000   0.00000   0.00000   0.00000   0.00000   0.00000
              8     0.00000   0.00000   0.00000   0.00000   0.00000   0.00000
              9     0.00000   0.00000   0.00000   0.00000   0.00000   0.00000
             10     0.00000   0.00000   0.00000   0.00000   0.00000   0.00000
         -MODES-         13        14        15        16        17        18
              0     0.00000   0.00000   0.00000   0.00000   0.00000   0.00000
              1     0.00000   0.00000   0.00000   0.00000   0.00000   0.00000
              2     0.00000   0.00000   0.00000   0.00000   0.00000   0.00000
              3     0.00000   0.00000   0.00000   0.00000   0.00000   0.00000
              4     0.00000   0.00000   0.00000   0.00000   0.00000   0.00000
              5     0.00000   0.00000   0.00000   0.00000   0.00000   0.00000
              6     0.00000   0.00000   0.00000   0.00000   0.00000   0.00000
              7     0.00000   0.00000   0.00000   0.00000   0.00000   0.00000
              8     0.00000   0.00000   0.00000   0.00000   0.00000   0.00000
              9     0.00000   0.00000   0.00000   0.00000   0.00000   0.00000
             10     0.00000   0.00000   0.00000   0.00000   0.00000   0.00000
         -MODES-         19        20        21        22        23        24
              0     0.00000   0.00000   0.00000   0.00000   0.00000   0.00000
              1     0.00000   0.00000   0.00000   0.00000   0.00000   0.00000
              2     0.00000   0.00000   0.00000   0.00000   0.00000   0.00000
              3     0.00000   0.00000   0.00000   0.00000   0.00000   0.00000
              4     0.00000   0.00000   0.00000   0.00000   0.00000   0.00000
              5     0.00000   0.00000   0.00000   0.00000   0.00000   0.00000
              6     0.00000   0.00000   0.00000   0.00000   0.00000   0.00000
              7     0.00000   0.00000   0.00000   0.00000   0.00000   0.00000
              8     0.00000   0.00000   0.00000   0.00000   0.00000   0.00000
              9     0.00000   0.00000   0.00000   0.00000   0.00000   0.00000
             10     0.00000   0.00000   0.00000   0.00000   0.00000   0.00000
         -MODES-         25        26        27        28        29        30
              0     0.00000   0.00000   0.00000   0.00000   0.00000   0.00000
              1     0.00000   0.00000   0.00000   0.00000   0.00000   0.00000
              2     0.00000   0.00000   0.00000   0.00000   0.00000   0.00000
              3     0.00000   0.00000   0.00000   0.00000   0.00000   0.00000
              4     0.00000   0.00000   0.00000   0.00000   0.00000   0.00000
              5     0.00000   0.00000   0.00000   0.00000   0.00000   0.00000
              6     0.00000   0.00000   0.00000   0.00000   0.00000   0.00000
              7     0.00000   0.00000   0.00000   0.00000   0.00000   0.00000
              8     0.00000   0.00000   0.00000   0.00000   0.00000   0.00000
              9     0.00000   0.00000   0.00000   0.00000   0.00000   0.00000
             10     0.00000   0.00000   0.00000   0.00000   0.00000   0.00000
         -MODES-         31        32        33        34        35        36
              0     0.99975   0.99918   0.99934   0.99972   0.99984   0.99984
              1    -0.01499  -0.03661  -0.03190   0.01815   0.00912   0.00999
              2     0.01511   0.01615   0.01617   0.01413   0.01428   0.01396
              3    -0.00674  -0.00644  -0.00607  -0.00530  -0.00528  -0.00514
              4     0.00106   0.00127   0.00114   0.00074   0.00087   0.00087
              5    -0.00038  -0.00039  -0.00036  -0.00027  -0.00028  -0.00027
              6     0.00015   0.00014   0.00013   0.00011   0.00011   0.00011
              7    -0.00004  -0.00004  -0.00004  -0.00003  -0.00003  -0.00003
              8     0.00001   0.00001   0.00001   0.00001   0.00001   0.00001
              9    -0.00001  -0.00000  -0.00000  -0.00000  -0.00000  -0.00000
             10     0.00000   0.00000   0.00000   0.00000   0.00000   0.00000
         -MODES-         37        38        39        40        41        42
              0     0.98277   0.98250   0.99136   0.99163  -0.99195  -0.99311
              1    -0.17600   0.17739  -0.12449   0.12284   0.12065   0.11164
              2     0.03372   0.03404   0.01976   0.01809  -0.01681  -0.01417
              3    -0.04276   0.04299  -0.03540   0.03448   0.03374   0.03198
              4     0.01424   0.01450   0.00831   0.00792  -0.00751  -0.00651
              5    -0.00246   0.00258  -0.00070   0.00050   0.00031   0.00008
              6     0.00267   0.00273   0.00193   0.00182  -0.00173  -0.00158
              7    -0.00102   0.00106  -0.00050   0.00047   0.00042   0.00035
              8    -0.00003  -0.00001  -0.00012  -0.00013   0.00015   0.00014
              9    -0.00007   0.00008  -0.00007   0.00006   0.00006   0.00006
             10     0.00007   0.00008   0.00003   0.00003  -0.00003  -0.00002
         -MODES-         43        44        45        46        47        48
              0    -0.99299   0.99374   0.99372   0.99494  -0.99492   0.99380
              1     0.11258   0.10667   0.10681   0.09545   0.09562   0.10637
              2    -0.01440   0.01195   0.01208   0.00982  -0.00986   0.01100
              3     0.03217   0.03045   0.03052   0.02936   0.02939   0.02980
              4    -0.00660   0.00578   0.00581   0.00492  -0.00494   0.00568
              5     0.00009  -0.00015  -0.00014  -0.00029  -0.00029  -0.00018
              6    -0.00159   0.00144   0.00144   0.00137  -0.00137   0.00139
              7     0.00035   0.00029   0.00029   0.00023   0.00024   0.00029
              8     0.00015  -0.00015  -0.00015  -0.00015   0.00015  -0.00014
              9     0.00006   0.00005   0.00005   0.00005   0.00005   0.00005
             10    -0.00002   0.00002   0.00002   0.00001  -0.00001   0.00002

       o VIBRATIONALLY AVERAGED STRUCTURE

         - Q0 -
              0.000000    0.000000    0.000000
              0.000000    0.000000    0.000000
              0.000000    0.000000    0.000000
              0.000000    0.000000    0.000000
              0.000000    0.000000    0.000000
              0.000000    0.000000    0.000000
              0.000000    0.000000    0.000000
              0.000000    0.000000    0.000000
              0.000000    0.000000    0.000000
              0.000000    0.000000    0.000000
             -0.249633   -0.603091   -0.526581
              0.291802    0.145542    0.158967
             -2.134882    2.149791   -1.421532
              1.390346   -1.362864   -1.237493
             -1.251162    1.165789    1.168187
              1.028859   -1.030435    1.147038

         - X0 -
              2.681570   -1.835245   -2.353371
              0.849308   -2.034596   -2.704937
              2.786356   -2.375192   -0.548047
             -2.684860   -1.723995   -2.521686
             -3.806270   -2.963895   -3.319993
             -2.998820   -1.920269   -0.672336
             -2.761304   -0.830862    2.574900
             -2.705536    0.940055    1.812571
             -4.083908   -0.753243    3.871392
              2.536673   -1.688514    2.914044
              2.994388    0.087359    2.575336
              0.683291   -1.547350    3.149693
             -2.381988    3.292471   -0.253497
             -0.497836    3.467725   -0.340912
             -2.735002    2.236925   -1.750128
              2.770745    2.775818   -0.338317
              4.093893    3.867053   -1.040171
              2.867562    1.159310   -1.382776

   >> VIRTUAL VSCF ENERGIES

      o VSCF STATES               TOTAL ENERGY         E-E0
       31_1                      28495.49838674        1619.46597008
       32_1                      28509.00390810        1632.97149144
       33_1                      28502.84954698        1626.81713032
       34_1                      28547.75181065        1671.71939399
       35_1                      28546.20612831        1670.17371165
       36_1                      28561.34252524        1685.31010858
       37_1                      29892.17182068        3016.13940402
       38_1                      29898.03580197        3022.00338531
       39_1                      30250.71266519        3374.68024853
       40_1                      30307.04842839        3431.01601173
       41_1                      30317.92157107        3441.88915441
       42_1                      30445.66324679        3569.63083013
       43_1                      30427.14354874        3551.11113208
       44_1                      30543.45904221        3667.42662555
       45_1                      30538.42395094        3662.39153428
       46_1                      30641.58191092        3765.54949426
       47_1                      30643.72332545        3767.69090879
       48_1                      30640.93884144        3764.90642478

(  FINALIZE VSCF MODULE  )

            (MEMORY INFO)
            -- CURRENT USAGE    [     0.73 MB /   500.00 MB (  0.1 % ) ]  -- 
            -- IN THE LAST STEP [     0.96 MB /   500.00 MB (  0.2 % ) ]  -- 

            (CLOCK) ---->  LAST STEP: USER     0.03, SYSTEM     0.00 SECS   <----


(  ENTER VQDPT MODULE  )

   >> VQDPT OPTIONS

       o VQDPT WITH ZERO-POINT VSCF REFERENCE
         READ VSCF WFN  : vscf-000.wfn

       o P-SPACE CONSTRUCTION
         NGEN =    3
         THRESH_P0  = 0.50E+03
         THRESH_P1  = 0.10E+00
         THRESH_P2  = 0.50E-01
         THRESH_P3  = 0.90E+00
         P SET      =        0

       o Q-SPACE CONSTRUCTION
         NCUP   =    4
         MAXSUM =    4

       o P/Q INTERACTION =   1

       o THRESH_ENE =   0.100E-03

       o DUMP VQDPT WFN : [ vqdpt-w.wfn ]

   >> ENTER VQDPT MAIN ROUTINE

       o FOUND    4 GROUPS FROM THE TARGET STATES

            (CLOCK) ---->  LAST STEP: USER     0.04, SYSTEM     0.01 SECS   <----

    [ LOOP OVER THE GROUPS ]

       o STATE 000:   ZERO-POINT STATE

              --- Q-SPACE COMPONENTS--- 
                  1-MODE :        0
                  2-MODE :      918
                  3-MODE :     3264
                  4-MODE :     3060
                   TOTAL :     7242
              ------------------------- 

             E(0th)    =    26610.04357
             E(1st)    =      265.98883
             E(2nd)    =      -10.04932

             E(VMP1)   =    26876.03240
             E(VMP2)   =    26865.98308

            (CLOCK) ---->  LAST STEP: USER     0.02, SYSTEM     0.00 SECS   <----

       o GROUP 001: 

          --- P-SPACE COMPONENTS -----------------------------------------
          *    1)  31_1
          *    2)  32_1
          *    3)  33_1
          *    4)  35_1
          *    5)  34_1
          *    6)  36_1
          ----------------------------------------------------------------
                                                     * IS THE TARGET STATE

         o Q-SPACE COMPONENTS:        27910

            (CLOCK) ---->  LAST STEP: USER     0.17, SYSTEM     0.00 SECS   <----

         > STATE 001:  31_1

             E(VQDPT2)   =    28469.33386
             E(VQDPT2)-E0=     1603.35078

             COEFF.  WEIGHT      CONFIG.

             -0.788   0.622       31_1
              0.606   0.367       33_1
              0.069   0.005       32_1
              0.056   0.003       35_1
             -0.042   0.002       36_1
              0.036   0.001       34_1

         > STATE 002:  32_1

             E(VQDPT2)   =    28490.44979
             E(VQDPT2)-E0=     1624.46670

             COEFF.  WEIGHT      CONFIG.

             -0.921   0.848       32_1
             -0.275   0.076       35_1
              0.257   0.066       33_1
              0.095   0.009       31_1
             -0.036   0.001       34_1

         > STATE 003:  33_1

             E(VQDPT2)   =    28498.96618
             E(VQDPT2)-E0=     1632.98309

             COEFF.  WEIGHT      CONFIG.

             -0.739   0.546       33_1
             -0.599   0.359       31_1
             -0.243   0.059       32_1
             -0.174   0.030       34_1
             -0.060   0.004       35_1
             -0.046   0.002       36_1

         > STATE 004:  34_1

             E(VQDPT2)   =    28532.66511
             E(VQDPT2)-E0=     1666.68203

             COEFF.  WEIGHT      CONFIG.

             -0.924   0.853       34_1
              0.325   0.105       36_1
              0.133   0.018       33_1
              0.107   0.012       32_1
             -0.101   0.010       35_1
              0.045   0.002       31_1

         > STATE 005:  35_1

             E(VQDPT2)   =    28535.80565
             E(VQDPT2)-E0=     1669.82256

             COEFF.  WEIGHT      CONFIG.

              0.952   0.907       35_1
             -0.274   0.075       32_1
             -0.124   0.015       34_1
              0.042   0.002       31_1

         > STATE 006:  36_1

             E(VQDPT2)   =    28549.49240
             E(VQDPT2)-E0=     1683.50932

             COEFF.  WEIGHT      CONFIG.

             -0.943   0.890       36_1
             -0.314   0.099       34_1
              0.081   0.006       31_1
              0.055   0.003       33_1
              0.041   0.002       32_1


            (CLOCK) ---->  LAST STEP: USER     0.00, SYSTEM     0.00 SECS   <----

       o GROUP 002: 

          --- P-SPACE COMPONENTS -----------------------------------------
          *    1)  37_1
          *    2)  38_1
          *    3)  39_1
               4)  35_2
               5)  31_1   35_1
               6)  32_1   35_1
               7)  35_1   36_1
               8)  33_1   35_1
               9)  31_1   32_1
              10)  32_2
          ----------------------------------------------------------------
                                                     * IS THE TARGET STATE

         o Q-SPACE COMPONENTS:        53523

            (CLOCK) ---->  LAST STEP: USER     0.32, SYSTEM     0.00 SECS   <----

         > STATE 001:  37_1

             E(VQDPT2)   =    29836.61658
             E(VQDPT2)-E0=     2970.63349

             COEFF.  WEIGHT      CONFIG.

             -0.741   0.549       37_1
             -0.652   0.425       38_1
              0.156   0.024       39_1
              0.039   0.002       32_2

         > STATE 002:  38_1

             E(VQDPT2)   =    29889.45450
             E(VQDPT2)-E0=     3023.47142

             COEFF.  WEIGHT      CONFIG.

             -0.747   0.558       38_1
              0.662   0.438       37_1
              0.059   0.003       32_2

         > STATE 003:  32_2

             E(VQDPT2)   =    30099.62691
             E(VQDPT2)-E0=     3233.64383

             COEFF.  WEIGHT      CONFIG.

             -0.781   0.610       32_2
             -0.537   0.289       31_1   32_1
              0.253   0.064       32_1   35_1
             -0.165   0.027       31_1   35_1
             -0.074   0.005       35_2
             -0.055   0.003       38_1
              0.037   0.001       33_1   35_1

         > STATE 004:  31_1   32_1

             E(VQDPT2)   =    30108.29347
             E(VQDPT2)-E0=     3242.31039

             COEFF.  WEIGHT      CONFIG.

             -0.778   0.605       31_1   32_1
              0.551   0.303       32_2
             -0.263   0.069       31_1   35_1
             -0.121   0.015       32_1   35_1
              0.078   0.006       33_1   35_1
              0.034   0.001       38_1

         > STATE 006:  32_1   35_1

             E(VQDPT2)   =    30147.19002
             E(VQDPT2)-E0=     3281.20693

             COEFF.  WEIGHT      CONFIG.

             -0.681   0.464       32_1   35_1
              0.605   0.366       35_2
              0.274   0.075       33_1   35_1
             -0.244   0.060       32_2
              0.180   0.033       39_1
             -0.038   0.001       31_1   35_1

         > STATE 008:  35_2

             E(VQDPT2)   =    30185.39259
             E(VQDPT2)-E0=     3319.40950

             COEFF.  WEIGHT      CONFIG.

             -0.704   0.495       35_2
             -0.628   0.395       32_1   35_1
             -0.259   0.067       39_1
             -0.130   0.017       32_2
             -0.094   0.009       35_1   36_1
              0.088   0.008       31_1   35_1
              0.070   0.005       33_1   35_1
             -0.049   0.002       38_1
             -0.034   0.001       37_1

         > STATE 010:  39_1

             E(VQDPT2)   =    30247.69902
             E(VQDPT2)-E0=     3381.71594

             COEFF.  WEIGHT      CONFIG.

             -0.935   0.874       39_1
              0.313   0.098       35_2
             -0.104   0.011       37_1
             -0.101   0.010       38_1
              0.062   0.004       35_1   36_1
              0.045   0.002       32_1   35_1


            (CLOCK) ---->  LAST STEP: USER     0.00, SYSTEM     0.00 SECS   <----

       o GROUP 003: 

          --- P-SPACE COMPONENTS -----------------------------------------
          *    1)  40_1
               2)  31_2
          *    3)  41_1
          *    4)  42_1
          *    5)  43_1
          *    6)  48_1
               7)  31_1   32_1
               8)  31_1   33_1
               9)  32_2
              10)  32_1   33_1
              11)  31_1   35_1
              12)  33_2
              13)  31_1   34_1
              14)  36_2
              15)  34_1   36_1
              16)  35_1   36_1
              17)  34_2
          *   18)  45_1
              19)  33_1   34_1
          *   20)  44_1
              21)  32_1   34_1
              22)  33_1   36_1
          *   23)  46_1
          ----------------------------------------------------------------
                                                     * IS THE TARGET STATE

         o Q-SPACE COMPONENTS:        85498

            (CLOCK) ---->  LAST STEP: USER     0.76, SYSTEM     0.00 SECS   <----

         > STATE 001:  31_2

             E(VQDPT2)   =    30057.46799
             E(VQDPT2)-E0=     3191.48491

             COEFF.  WEIGHT      CONFIG.

              0.807   0.651       31_2
              0.491   0.241       31_1   33_1
              0.293   0.086       33_2
              0.111   0.012       40_1
              0.051   0.003       31_1   32_1
             -0.048   0.002       32_1   33_1
              0.046   0.002       31_1   35_1
             -0.037   0.001       48_1

         > STATE 002:  33_2

             E(VQDPT2)   =    30082.49863
             E(VQDPT2)-E0=     3216.51555

             COEFF.  WEIGHT      CONFIG.

             -0.755   0.570       33_2
              0.500   0.250       31_2
             -0.395   0.156       31_1   33_1
              0.107   0.011       40_1
              0.055   0.003       32_1   33_1
              0.052   0.003       33_1   34_1
             -0.051   0.003       31_1   34_1
              0.033   0.001       31_1   32_1

         > STATE 006:  31_1   33_1

             E(VQDPT2)   =    30126.97171
             E(VQDPT2)-E0=     3260.98862

             COEFF.  WEIGHT      CONFIG.

             -0.669   0.448       31_1   33_1
              0.477   0.227       33_2
             -0.343   0.118       32_1   33_1
             -0.248   0.061       31_1   32_1
              0.232   0.054       31_2
             -0.188   0.035       31_1   34_1
             -0.138   0.019       31_1   35_1
             -0.109   0.012       33_1   34_1
             -0.082   0.007       32_1   34_1
              0.076   0.006       32_2
             -0.072   0.005       33_1   36_1
              0.065   0.004       34_2
              0.056   0.003       40_1

         > STATE 009:  31_1   34_1

             E(VQDPT2)   =    30157.20600
             E(VQDPT2)-E0=     3291.22291

             COEFF.  WEIGHT      CONFIG.

              0.560   0.313       31_1   34_1
             -0.532   0.283       34_2
              0.427   0.182       32_1   34_1
              0.356   0.127       33_1   34_1
             -0.173   0.030       33_1   36_1
             -0.125   0.016       32_1   33_1
             -0.125   0.016       31_1   33_1
             -0.112   0.013       31_1   32_1
              0.084   0.007       33_2
              0.074   0.005       42_1
              0.049   0.002       45_1
              0.047   0.002       32_2
              0.038   0.001       31_1   35_1
              0.034   0.001       40_1
              0.033   0.001       31_2

         > STATE 011:  33_1   36_1

             E(VQDPT2)   =    30170.08894
             E(VQDPT2)-E0=     3304.10585

             COEFF.  WEIGHT      CONFIG.

              0.947   0.897       33_1   36_1
             -0.232   0.054       34_2
              0.125   0.016       33_1   34_1
             -0.101   0.010       32_1   34_1
              0.096   0.009       34_1   36_1
             -0.093   0.009       31_1   33_1
              0.046   0.002       33_2
              0.032   0.001       42_1

         > STATE 012:  34_2

             E(VQDPT2)   =    30184.75835
             E(VQDPT2)-E0=     3318.77527

             COEFF.  WEIGHT      CONFIG.

             -0.741   0.549       34_2
             -0.471   0.222       33_1   34_1
             -0.263   0.069       31_1   34_1
             -0.247   0.061       34_1   36_1
             -0.209   0.044       32_1   34_1
             -0.160   0.026       36_2
             -0.105   0.011       33_1   36_1
              0.077   0.006       42_1
              0.056   0.003       31_1   33_1
             -0.052   0.003       41_1
              0.045   0.002       45_1
              0.041   0.002       32_1   33_1
             -0.034   0.001       33_2

         > STATE 013:  36_2

             E(VQDPT2)   =    30197.70475
             E(VQDPT2)-E0=     3331.72166

             COEFF.  WEIGHT      CONFIG.

             -0.844   0.712       36_2
             -0.386   0.149       34_1   36_1
              0.203   0.041       34_2
             -0.190   0.036       41_1
              0.151   0.023       35_1   36_1
              0.106   0.011       33_1   34_1
              0.105   0.011       43_1
              0.091   0.008       31_1   34_1
              0.069   0.005       33_1   36_1
              0.048   0.002       32_1   34_1

         > STATE 014:  35_1   36_1

             E(VQDPT2)   =    30217.27696
             E(VQDPT2)-E0=     3351.29388

             COEFF.  WEIGHT      CONFIG.

              0.930   0.865       35_1   36_1
              0.348   0.121       34_1   36_1
             -0.058   0.003       33_1   36_1
             -0.057   0.003       31_1   35_1
             -0.049   0.002       34_2
             -0.040   0.002       41_1

         > STATE 015:  34_1   36_1

             E(VQDPT2)   =    30221.84517
             E(VQDPT2)-E0=     3355.86209

             COEFF.  WEIGHT      CONFIG.

             -0.810   0.656       34_1   36_1
              0.447   0.200       36_2
              0.325   0.106       35_1   36_1
              0.098   0.010       41_1
              0.096   0.009       33_1   36_1
              0.091   0.008       34_2
              0.064   0.004       31_1   34_1
              0.052   0.003       33_1   34_1
             -0.041   0.002       43_1

         > STATE 016:  40_1

             E(VQDPT2)   =    30281.80710
             E(VQDPT2)-E0=     3415.82402

             COEFF.  WEIGHT      CONFIG.

              0.842   0.709       40_1
             -0.432   0.187       41_1
              0.192   0.037       42_1
             -0.152   0.023       31_2
             -0.143   0.020       43_1
             -0.098   0.010       48_1
              0.071   0.005       36_2
              0.060   0.004       34_2
              0.043   0.002       45_1
             -0.036   0.001       44_1
              0.035   0.001       31_1   33_1

         > STATE 017:  41_1

             E(VQDPT2)   =    30310.96488
             E(VQDPT2)-E0=     3444.98180

             COEFF.  WEIGHT      CONFIG.

             -0.841   0.707       41_1
             -0.424   0.179       40_1
              0.225   0.051       36_2
              0.196   0.039       43_1
              0.090   0.008       42_1
              0.076   0.006       45_1
              0.067   0.004       31_2
              0.057   0.003       48_1
             -0.033   0.001       35_1   36_1

         > STATE 018:  43_1

             E(VQDPT2)   =    30418.63509
             E(VQDPT2)-E0=     3552.65201

             COEFF.  WEIGHT      CONFIG.

              0.832   0.692       43_1
             -0.451   0.204       42_1
              0.249   0.062       40_1
             -0.150   0.022       45_1
             -0.086   0.007       44_1
              0.078   0.006       36_2
             -0.063   0.004       34_2

         > STATE 019:  42_1

             E(VQDPT2)   =    30439.16388
             E(VQDPT2)-E0=     3573.18080

             COEFF.  WEIGHT      CONFIG.

              0.810   0.657       42_1
              0.477   0.227       43_1
              0.231   0.053       41_1
              0.217   0.047       45_1
              0.102   0.010       34_2
             -0.050   0.002       44_1
              0.032   0.001       46_1

         > STATE 020:  44_1

             E(VQDPT2)   =    30531.94911
             E(VQDPT2)-E0=     3665.96603

             COEFF.  WEIGHT      CONFIG.

             -0.760   0.577       44_1
             -0.615   0.378       45_1
              0.175   0.031       42_1
             -0.074   0.005       43_1
             -0.071   0.005       40_1
             -0.040   0.002       41_1

         > STATE 021:  45_1

             E(VQDPT2)   =    30537.36804
             E(VQDPT2)-E0=     3671.38496

             COEFF.  WEIGHT      CONFIG.

             -0.734   0.538       45_1
              0.640   0.410       44_1
              0.217   0.047       42_1
              0.046   0.002       43_1

         > STATE 022:  46_1

             E(VQDPT2)   =    30626.53662
             E(VQDPT2)-E0=     3760.55354

             COEFF.  WEIGHT      CONFIG.

             -0.976   0.953       46_1
              0.209   0.044       48_1
              0.035   0.001       42_1

         > STATE 023:  48_1

             E(VQDPT2)   =    30633.53734
             E(VQDPT2)-E0=     3767.55426

             COEFF.  WEIGHT      CONFIG.

             -0.969   0.939       48_1
             -0.208   0.043       46_1
             -0.121   0.015       40_1


            (CLOCK) ---->  LAST STEP: USER     0.00, SYSTEM     0.00 SECS   <----

       o GROUP 004:  47_1

              --- Q-SPACE COMPONENTS--- 
                  1-MODE :       73
                  2-MODE :      969
                  3-MODE :     3672
                  4-MODE :     3740
                   TOTAL :     8454
              ------------------------- 

             E(0th)     =    30377.73526
             E(1st)     =      265.98807
             E(2nd)     =      -15.08996

             E(VMP1)    =    30643.72334
             E(VMP2)    =    30628.63337

             E(VMP1)-E0 =     3767.69093
             E(VMP2)-E0 =     3762.65029

            (CLOCK) ---->  LAST STEP: USER     0.03, SYSTEM     0.00 SECS   <----


(  FINALIZE VQDPT MODULE  )

            (MEMORY INFO)
            -- CURRENT USAGE    [     0.73 MB /   500.00 MB (  0.1 % ) ]  -- 
            -- IN THE LAST STEP [     9.15 MB /   500.00 MB (  1.8 % ) ]  -- 

            (CLOCK) ---->  LAST STEP: USER     0.00, SYSTEM     0.00 SECS   <----


(  FINALIZE TARGET MODULE  )


(  FINALIZE VIB MODULE  )


(  FINALIZE NMA MODULE  )


(  FINALIZE MOL MODULE  )



   (TOTAL MEMORY USAGE)   [     9.15 MB /   500.00 MB (  1.8 % ) ] 

   (CLOCK) ---->  TOTAL CPU-TIME  <----
            >     USER :   0 DAYS   0 HOURS   0 MINS   4.8 SECS 
            >    SYSTEM:   0 DAYS   0 HOURS   0 MINS   0.2 SECS 

