2019.05.05 at 15:53:32 JST
-------------------------------------------------------

      Make Potential Energy Surface for SINDO
                         Version 4.0
                         Release beta

                COPYRIGHT 2019:  
                   Kiyoshi Yagi  kiyoshi.yagi@riken.jp 

-------------------------------------------------------

Launch MakePES module

  o Input options read via makePES.xml ...  [OK] 
     - Molecular info via ../../0.harmonic_h2co/h2co-b3lyp-dz.minfo ...  [OK] 
     - InterDomain = false
     - ActiveModes:
        * Domain 1
            1   2   3   4   5   6 
     - MR      = 3
     - Dipole  = true

  o Options for Quantum Chemistry jobs 

    QCID: 1
     - Program      = gaussian
     - Title        = B3LYP/cc-pVDZ
     - Removefiles  = true
     - Dryryn       = false
     - Template     = GaussianTemplate
     - ExecCommand  = runGaussian.sh /home/yagi/devel/sindo/sindo.master/doc/MakePES/sample_MakePES/2.grid_h2co/2-3.3MR basename.inp 

  o Options for Grid 

     - QCID         = 1
     - 3-mode coupling = (4,5,6)

  o Queue Manager via resources.info ...  [OK] 
     -----
     ID       : 0
     Hosts    : beluga02.local
     Ppn      : 1
     Memory   : unlimit
     SCR      : unlimit
     Status   : FREE
     -----
     ID       : 1
     Hosts    : beluga02.local
     Ppn      : 1
     Memory   : unlimit
     SCR      : unlimit
     Status   : FREE
     -----
     ID       : 2
     Hosts    : beluga01.local
     Ppn      : 1
     Memory   : unlimit
     SCR      : unlimit
     Status   : FREE
     -----
     ID       : 3
     Hosts    : beluga01.local
     Ppn      : 1
     Memory   : unlimit
     SCR      : unlimit
     Status   : FREE
     -----
     ID       : 4
     Hosts    : beluga03.local
     Ppn      : 1
     Memory   : unlimit
     SCR      : unlimit
     Status   : FREE
     -----
     ID       : 5
     Hosts    : beluga03.local
     Ppn      : 1
     Memory   : unlimit
     SCR      : unlimit
     Status   : FREE
     -----
     ID       : 6
     Hosts    : beluga04.local
     Ppn      : 1
     Memory   : unlimit
     SCR      : unlimit
     Status   : FREE
     -----
     ID       : 7
     Hosts    : beluga04.local
     Ppn      : 1
     Memory   : unlimit
     SCR      : unlimit
     Status   : FREE
     -----

Setup MakeGrid module

  o ngrid =     9 
  o 1MR Grid: 
      4 5 6 
  o 2MR Grid: 
      (4,5) (4,6) (5,6) 
  o 3MR Grid: 
      (4,5,6) 

Enter GridPES generation:

Execute electronic structure calculations.

Thread0@beluga02.local> Running minfo.files/mkg-q5q4-9-0.inp on beluga02 at Sun May 5 15:53:33 JST 2019
Thread7@beluga04.local> Running minfo.files/mkg-q5q4-9-8.inp on beluga04 at Sun May 5 15:53:32 JST 2019
Thread1@beluga02.local> Running minfo.files/mkg-q5q4-9-1.inp on beluga02 at Sun May 5 15:53:33 JST 2019
Thread4@beluga03.local> Running minfo.files/mkg-q5q4-9-5.inp on beluga03 at Sun May 5 15:53:34 JST 2019
Thread5@beluga03.local> Running minfo.files/mkg-q5q4-9-7.inp on beluga03 at Sun May 5 15:53:34 JST 2019
Thread3@beluga01.local> Running minfo.files/mkg-q5q4-9-3.inp on beluga01 at Sun May 5 15:53:33 JST 2019
Thread6@beluga04.local> Running minfo.files/mkg-q5q4-9-6.inp on beluga04 at Sun May 5 15:53:32 JST 2019
Thread2@beluga01.local> Running minfo.files/mkg-q5q4-9-2.inp on beluga01 at Sun May 5 15:53:33 JST 2019
Thread3@beluga01.local> Running minfo.files/mkg-q5q4-9-10.inp on beluga01 at Sun May 5 15:53:37 JST 2019
Thread2@beluga01.local> Running minfo.files/mkg-q5q4-9-9.inp on beluga01 at Sun May 5 15:53:37 JST 2019
Thread0@beluga02.local> Running minfo.files/mkg-q5q4-9-11.inp on beluga02 at Sun May 5 15:53:37 JST 2019
Thread1@beluga02.local> Running minfo.files/mkg-q5q4-9-17.inp on beluga02 at Sun May 5 15:53:37 JST 2019
Thread4@beluga03.local> Running minfo.files/mkg-q5q4-9-15.inp on beluga03 at Sun May 5 15:53:37 JST 2019
Thread5@beluga03.local> Running minfo.files/mkg-q5q4-9-14.inp on beluga03 at Sun May 5 15:53:37 JST 2019
Thread7@beluga04.local> Running minfo.files/mkg-q5q4-9-12.inp on beluga04 at Sun May 5 15:53:36 JST 2019
Thread6@beluga04.local> Running minfo.files/mkg-q5q4-9-16.inp on beluga04 at Sun May 5 15:53:36 JST 2019
Thread0@beluga02.local> Running minfo.files/mkg-q5q4-9-18.inp on beluga02 at Sun May 5 15:53:39 JST 2019
Thread1@beluga02.local> Running minfo.files/mkg-q5q4-9-19.inp on beluga02 at Sun May 5 15:53:39 JST 2019
Thread6@beluga04.local> Running minfo.files/mkg-q5q4-9-20.inp on beluga04 at Sun May 5 15:53:39 JST 2019
Thread7@beluga04.local> Running minfo.files/mkg-q5q4-9-24.inp on beluga04 at Sun May 5 15:53:39 JST 2019
Thread3@beluga01.local> Running minfo.files/mkg-q5q4-9-23.inp on beluga01 at Sun May 5 15:53:40 JST 2019
Thread2@beluga01.local> Running minfo.files/mkg-q5q4-9-21.inp on beluga01 at Sun May 5 15:53:40 JST 2019
Thread4@beluga03.local> Running minfo.files/mkg-q5q4-9-26.inp on beluga03 at Sun May 5 15:53:41 JST 2019
Thread5@beluga03.local> Running minfo.files/mkg-q5q4-9-25.inp on beluga03 at Sun May 5 15:53:41 JST 2019
Thread0@beluga02.local> Running minfo.files/mkg-q5q4-9-27.inp on beluga02 at Sun May 5 15:53:42 JST 2019
Thread1@beluga02.local> Running minfo.files/mkg-q5q4-9-28.inp on beluga02 at Sun May 5 15:53:42 JST 2019
Thread6@beluga04.local> Running minfo.files/mkg-q5q4-9-29.inp on beluga04 at Sun May 5 15:53:42 JST 2019
Thread4@beluga03.local> Running minfo.files/mkg-q5q4-9-30.inp on beluga03 at Sun May 5 15:53:43 JST 2019
Thread7@beluga04.local> Running minfo.files/mkg-q5q4-9-32.inp on beluga04 at Sun May 5 15:53:42 JST 2019
Thread5@beluga03.local> Running minfo.files/mkg-q5q4-9-33.inp on beluga03 at Sun May 5 15:53:44 JST 2019
Thread3@beluga01.local> Running minfo.files/mkg-q5q4-9-34.inp on beluga01 at Sun May 5 15:53:44 JST 2019
Thread2@beluga01.local> Running minfo.files/mkg-q5q4-9-35.inp on beluga01 at Sun May 5 15:53:44 JST 2019
Thread1@beluga02.local> Running minfo.files/mkg-q5q4-9-46.inp on beluga02 at Sun May 5 15:53:45 JST 2019
Thread0@beluga02.local> Running minfo.files/mkg-q5q4-9-45.inp on beluga02 at Sun May 5 15:53:45 JST 2019
Thread6@beluga04.local> Running minfo.files/mkg-q5q4-9-47.inp on beluga04 at Sun May 5 15:53:45 JST 2019
Thread7@beluga04.local> Running minfo.files/mkg-q5q4-9-48.inp on beluga04 at Sun May 5 15:53:45 JST 2019
Thread5@beluga03.local> Running minfo.files/mkg-q5q4-9-51.inp on beluga03 at Sun May 5 15:53:47 JST 2019
Thread4@beluga03.local> Running minfo.files/mkg-q5q4-9-50.inp on beluga03 at Sun May 5 15:53:47 JST 2019
Thread3@beluga01.local> Running minfo.files/mkg-q5q4-9-52.inp on beluga01 at Sun May 5 15:53:47 JST 2019
Thread2@beluga01.local> Running minfo.files/mkg-q5q4-9-53.inp on beluga01 at Sun May 5 15:53:47 JST 2019
Thread1@beluga02.local> Running minfo.files/mkg-q5q4-9-54.inp on beluga02 at Sun May 5 15:53:48 JST 2019
Thread0@beluga02.local> Running minfo.files/mkg-q5q4-9-55.inp on beluga02 at Sun May 5 15:53:48 JST 2019
Thread7@beluga04.local> Running minfo.files/mkg-q5q4-9-57.inp on beluga04 at Sun May 5 15:53:48 JST 2019
Thread6@beluga04.local> Running minfo.files/mkg-q5q4-9-56.inp on beluga04 at Sun May 5 15:53:48 JST 2019
Thread5@beluga03.local> Running minfo.files/mkg-q5q4-9-59.inp on beluga03 at Sun May 5 15:53:49 JST 2019
Thread4@beluga03.local> Running minfo.files/mkg-q5q4-9-60.inp on beluga03 at Sun May 5 15:53:49 JST 2019
Thread3@beluga01.local> Running minfo.files/mkg-q5q4-9-62.inp on beluga01 at Sun May 5 15:53:49 JST 2019
Thread2@beluga01.local> Running minfo.files/mkg-q5q4-9-61.inp on beluga01 at Sun May 5 15:53:49 JST 2019
Thread1@beluga02.local> Running minfo.files/mkg-q5q4-9-63.inp on beluga02 at Sun May 5 15:53:50 JST 2019
Thread0@beluga02.local> Running minfo.files/mkg-q5q4-9-64.inp on beluga02 at Sun May 5 15:53:51 JST 2019
Thread6@beluga04.local> Running minfo.files/mkg-q5q4-9-65.inp on beluga04 at Sun May 5 15:53:50 JST 2019
Thread7@beluga04.local> Running minfo.files/mkg-q5q4-9-66.inp on beluga04 at Sun May 5 15:53:50 JST 2019
Thread5@beluga03.local> Running minfo.files/mkg-q5q4-9-68.inp on beluga03 at Sun May 5 15:53:52 JST 2019
Thread4@beluga03.local> Running minfo.files/mkg-q5q4-9-69.inp on beluga03 at Sun May 5 15:53:52 JST 2019
Thread3@beluga01.local> Running minfo.files/mkg-q5q4-9-70.inp on beluga01 at Sun May 5 15:53:52 JST 2019
Thread2@beluga01.local> Running minfo.files/mkg-q5q4-9-71.inp on beluga01 at Sun May 5 15:53:52 JST 2019
Thread1@beluga02.local> Running minfo.files/mkg-q5q4-9-72.inp on beluga02 at Sun May 5 15:53:53 JST 2019
Thread0@beluga02.local> Running minfo.files/mkg-q5q4-9-74.inp on beluga02 at Sun May 5 15:53:54 JST 2019
Thread6@beluga04.local> Running minfo.files/mkg-q5q4-9-73.inp on beluga04 at Sun May 5 15:53:53 JST 2019
Thread7@beluga04.local> Running minfo.files/mkg-q5q4-9-75.inp on beluga04 at Sun May 5 15:53:53 JST 2019
Thread5@beluga03.local> Running minfo.files/mkg-q5q4-9-77.inp on beluga03 at Sun May 5 15:53:55 JST 2019
Thread4@beluga03.local> Running minfo.files/mkg-q5q4-9-78.inp on beluga03 at Sun May 5 15:53:55 JST 2019
Thread3@beluga01.local> Running minfo.files/mkg-q5q4-9-79.inp on beluga01 at Sun May 5 15:53:55 JST 2019
Thread2@beluga01.local> Running minfo.files/mkg-q5q4-9-80.inp on beluga01 at Sun May 5 15:53:55 JST 2019
Thread6@beluga04.local> Running minfo.files/mkg-q6q4-9-0.inp on beluga04 at Sun May 5 15:53:56 JST 2019
Thread1@beluga02.local> Running minfo.files/mkg-q6q4-9-2.inp on beluga02 at Sun May 5 15:53:57 JST 2019
Thread7@beluga04.local> Running minfo.files/mkg-q6q4-9-1.inp on beluga04 at Sun May 5 15:53:56 JST 2019
Thread0@beluga02.local> Running minfo.files/mkg-q6q4-9-3.inp on beluga02 at Sun May 5 15:53:57 JST 2019
Thread3@beluga01.local> Running minfo.files/mkg-q6q4-9-5.inp on beluga01 at Sun May 5 15:53:58 JST 2019
Thread2@beluga01.local> Running minfo.files/mkg-q6q4-9-6.inp on beluga01 at Sun May 5 15:53:58 JST 2019
Thread5@beluga03.local> Running minfo.files/mkg-q6q4-9-7.inp on beluga03 at Sun May 5 15:53:58 JST 2019
Thread4@beluga03.local> Running minfo.files/mkg-q6q4-9-8.inp on beluga03 at Sun May 5 15:53:58 JST 2019
Thread1@beluga02.local> Running minfo.files/mkg-q6q4-9-9.inp on beluga02 at Sun May 5 15:53:59 JST 2019
Thread0@beluga02.local> Running minfo.files/mkg-q6q4-9-10.inp on beluga02 at Sun May 5 15:53:59 JST 2019
Thread6@beluga04.local> Running minfo.files/mkg-q6q4-9-11.inp on beluga04 at Sun May 5 15:53:58 JST 2019
Thread7@beluga04.local> Running minfo.files/mkg-q6q4-9-12.inp on beluga04 at Sun May 5 15:53:59 JST 2019
Thread2@beluga01.local> Running minfo.files/mkg-q6q4-9-14.inp on beluga01 at Sun May 5 15:54:01 JST 2019
Thread3@beluga01.local> Running minfo.files/mkg-q6q4-9-15.inp on beluga01 at Sun May 5 15:54:01 JST 2019
Thread5@beluga03.local> Running minfo.files/mkg-q6q4-9-17.inp on beluga03 at Sun May 5 15:54:01 JST 2019
Thread4@beluga03.local> Running minfo.files/mkg-q6q4-9-16.inp on beluga03 at Sun May 5 15:54:01 JST 2019
Thread6@beluga04.local> Running minfo.files/mkg-q6q4-9-18.inp on beluga04 at Sun May 5 15:54:01 JST 2019
Thread7@beluga04.local> Running minfo.files/mkg-q6q4-9-19.inp on beluga04 at Sun May 5 15:54:01 JST 2019
Thread1@beluga02.local> Running minfo.files/mkg-q6q4-9-20.inp on beluga02 at Sun May 5 15:54:02 JST 2019
Thread0@beluga02.local> Running minfo.files/mkg-q6q4-9-21.inp on beluga02 at Sun May 5 15:54:02 JST 2019
Thread5@beluga03.local> Running minfo.files/mkg-q6q4-9-25.inp on beluga03 at Sun May 5 15:54:04 JST 2019
Thread3@beluga01.local> Running minfo.files/mkg-q6q4-9-24.inp on beluga01 at Sun May 5 15:54:04 JST 2019
Thread4@beluga03.local> Running minfo.files/mkg-q6q4-9-26.inp on beluga03 at Sun May 5 15:54:04 JST 2019
Thread2@beluga01.local> Running minfo.files/mkg-q6q4-9-23.inp on beluga01 at Sun May 5 15:54:04 JST 2019
Thread6@beluga04.local> Running minfo.files/mkg-q6q4-9-27.inp on beluga04 at Sun May 5 15:54:04 JST 2019
Thread0@beluga02.local> Running minfo.files/mkg-q6q4-9-28.inp on beluga02 at Sun May 5 15:54:05 JST 2019
Thread7@beluga04.local> Running minfo.files/mkg-q6q4-9-30.inp on beluga04 at Sun May 5 15:54:04 JST 2019
Thread2@beluga01.local> Running minfo.files/mkg-q6q4-9-33.inp on beluga01 at Sun May 5 15:54:07 JST 2019
Thread3@beluga01.local> Running minfo.files/mkg-q6q4-9-34.inp on beluga01 at Sun May 5 15:54:07 JST 2019
Thread5@beluga03.local> Running minfo.files/mkg-q6q4-9-32.inp on beluga03 at Sun May 5 15:54:07 JST 2019
Thread4@beluga03.local> Running minfo.files/mkg-q6q4-9-35.inp on beluga03 at Sun May 5 15:54:07 JST 2019
Thread0@beluga02.local> Running minfo.files/mkg-q6q4-9-45.inp on beluga02 at Sun May 5 15:54:07 JST 2019
Thread6@beluga04.local> Running minfo.files/mkg-q6q4-9-46.inp on beluga04 at Sun May 5 15:54:07 JST 2019
Thread7@beluga04.local> Running minfo.files/mkg-q6q4-9-47.inp on beluga04 at Sun May 5 15:54:07 JST 2019
Thread5@beluga03.local> Running minfo.files/mkg-q6q4-9-48.inp on beluga03 at Sun May 5 15:54:09 JST 2019
Thread2@beluga01.local> Running minfo.files/mkg-q6q4-9-50.inp on beluga01 at Sun May 5 15:54:09 JST 2019
Thread3@beluga01.local> Running minfo.files/mkg-q6q4-9-51.inp on beluga01 at Sun May 5 15:54:09 JST 2019
Thread4@beluga03.local> Running minfo.files/mkg-q6q4-9-52.inp on beluga03 at Sun May 5 15:54:10 JST 2019
Thread0@beluga02.local> Running minfo.files/mkg-q6q4-9-53.inp on beluga02 at Sun May 5 15:54:10 JST 2019
Thread1@beluga02.local> Running minfo.files/mkg-q6q4-9-29.inp on beluga02 at Sun May 5 15:54:10 JST 2019
Thread6@beluga04.local> Running minfo.files/mkg-q6q4-9-54.inp on beluga04 at Sun May 5 15:54:09 JST 2019
Thread7@beluga04.local> Running minfo.files/mkg-q6q4-9-55.inp on beluga04 at Sun May 5 15:54:10 JST 2019
Thread5@beluga03.local> Running minfo.files/mkg-q6q4-9-56.inp on beluga03 at Sun May 5 15:54:12 JST 2019
Thread1@beluga02.local> Running minfo.files/mkg-q6q4-9-59.inp on beluga02 at Sun May 5 15:54:12 JST 2019
Thread4@beluga03.local> Running minfo.files/mkg-q6q4-9-57.inp on beluga03 at Sun May 5 15:54:13 JST 2019
Thread3@beluga01.local> Running minfo.files/mkg-q6q4-9-60.inp on beluga01 at Sun May 5 15:54:13 JST 2019
Thread0@beluga02.local> Running minfo.files/mkg-q6q4-9-62.inp on beluga02 at Sun May 5 15:54:12 JST 2019
Thread2@beluga01.local> Running minfo.files/mkg-q6q4-9-61.inp on beluga01 at Sun May 5 15:54:13 JST 2019
Thread6@beluga04.local> Running minfo.files/mkg-q6q4-9-63.inp on beluga04 at Sun May 5 15:54:12 JST 2019
Thread7@beluga04.local> Running minfo.files/mkg-q6q4-9-64.inp on beluga04 at Sun May 5 15:54:12 JST 2019
Thread5@beluga03.local> Running minfo.files/mkg-q6q4-9-65.inp on beluga03 at Sun May 5 15:54:14 JST 2019
Thread1@beluga02.local> Running minfo.files/mkg-q6q4-9-66.inp on beluga02 at Sun May 5 15:54:14 JST 2019
Thread4@beluga03.local> Running minfo.files/mkg-q6q4-9-68.inp on beluga03 at Sun May 5 15:54:15 JST 2019
Thread0@beluga02.local> Running minfo.files/mkg-q6q4-9-69.inp on beluga02 at Sun May 5 15:54:15 JST 2019
Thread3@beluga01.local> Running minfo.files/mkg-q6q4-9-70.inp on beluga01 at Sun May 5 15:54:15 JST 2019
Thread2@beluga01.local> Running minfo.files/mkg-q6q4-9-71.inp on beluga01 at Sun May 5 15:54:15 JST 2019
Thread6@beluga04.local> Running minfo.files/mkg-q6q4-9-72.inp on beluga04 at Sun May 5 15:54:15 JST 2019
Thread7@beluga04.local> Running minfo.files/mkg-q6q4-9-73.inp on beluga04 at Sun May 5 15:54:15 JST 2019
Thread5@beluga03.local> Running minfo.files/mkg-q6q4-9-74.inp on beluga03 at Sun May 5 15:54:17 JST 2019
Thread4@beluga03.local> Running minfo.files/mkg-q6q4-9-75.inp on beluga03 at Sun May 5 15:54:18 JST 2019
Thread1@beluga02.local> Running minfo.files/mkg-q6q4-9-77.inp on beluga02 at Sun May 5 15:54:17 JST 2019
Thread0@beluga02.local> Running minfo.files/mkg-q6q4-9-80.inp on beluga02 at Sun May 5 15:54:18 JST 2019
Thread3@beluga01.local> Running minfo.files/mkg-q6q4-9-78.inp on beluga01 at Sun May 5 15:54:18 JST 2019
Thread2@beluga01.local> Running minfo.files/mkg-q6q4-9-79.inp on beluga01 at Sun May 5 15:54:18 JST 2019
Thread7@beluga04.local> Running minfo.files/mkg-q6q5q4-9-1.inp on beluga04 at Sun May 5 15:54:17 JST 2019
Thread6@beluga04.local> Running minfo.files/mkg-q6q5q4-9-0.inp on beluga04 at Sun May 5 15:54:17 JST 2019
Thread0@beluga02.local> Running minfo.files/mkg-q6q5q4-9-6.inp on beluga02 at Sun May 5 15:54:20 JST 2019
Thread4@beluga03.local> Running minfo.files/mkg-q6q5q4-9-3.inp on beluga03 at Sun May 5 15:54:21 JST 2019
Thread3@beluga01.local> Running minfo.files/mkg-q6q5q4-9-7.inp on beluga01 at Sun May 5 15:54:21 JST 2019
Thread2@beluga01.local> Running minfo.files/mkg-q6q5q4-9-8.inp on beluga01 at Sun May 5 15:54:21 JST 2019
Thread7@beluga04.local> Running minfo.files/mkg-q6q5q4-9-9.inp on beluga04 at Sun May 5 15:54:20 JST 2019
Thread6@beluga04.local> Running minfo.files/mkg-q6q5q4-9-10.inp on beluga04 at Sun May 5 15:54:20 JST 2019
Thread0@beluga02.local> Running minfo.files/mkg-q6q5q4-9-11.inp on beluga02 at Sun May 5 15:54:23 JST 2019
Thread4@beluga03.local> Running minfo.files/mkg-q6q5q4-9-12.inp on beluga03 at Sun May 5 15:54:23 JST 2019
Thread3@beluga01.local> Running minfo.files/mkg-q6q5q4-9-14.inp on beluga01 at Sun May 5 15:54:23 JST 2019
Thread2@beluga01.local> Running minfo.files/mkg-q6q5q4-9-15.inp on beluga01 at Sun May 5 15:54:24 JST 2019
Thread7@beluga04.local> Running minfo.files/mkg-q6q5q4-9-16.inp on beluga04 at Sun May 5 15:54:23 JST 2019
Thread6@beluga04.local> Running minfo.files/mkg-q6q5q4-9-17.inp on beluga04 at Sun May 5 15:54:23 JST 2019
Thread5@beluga03.local> Running minfo.files/mkg-q6q5q4-9-2.inp on beluga03 at Sun May 5 15:54:25 JST 2019
Thread1@beluga02.local> Running minfo.files/mkg-q6q5q4-9-5.inp on beluga02 at Sun May 5 15:54:25 JST 2019
Thread0@beluga02.local> Running minfo.files/mkg-q6q5q4-9-18.inp on beluga02 at Sun May 5 15:54:25 JST 2019
Thread4@beluga03.local> Running minfo.files/mkg-q6q5q4-9-19.inp on beluga03 at Sun May 5 15:54:26 JST 2019
Thread3@beluga01.local> Running minfo.files/mkg-q6q5q4-9-20.inp on beluga01 at Sun May 5 15:54:26 JST 2019
Thread2@beluga01.local> Running minfo.files/mkg-q6q5q4-9-21.inp on beluga01 at Sun May 5 15:54:26 JST 2019
Thread7@beluga04.local> Running minfo.files/mkg-q6q5q4-9-23.inp on beluga04 at Sun May 5 15:54:26 JST 2019
Thread6@beluga04.local> Running minfo.files/mkg-q6q5q4-9-24.inp on beluga04 at Sun May 5 15:54:26 JST 2019
Thread5@beluga03.local> Running minfo.files/mkg-q6q5q4-9-25.inp on beluga03 at Sun May 5 15:54:27 JST 2019
Thread1@beluga02.local> Running minfo.files/mkg-q6q5q4-9-26.inp on beluga02 at Sun May 5 15:54:27 JST 2019
Thread0@beluga02.local> Running minfo.files/mkg-q6q5q4-9-27.inp on beluga02 at Sun May 5 15:54:28 JST 2019
Thread4@beluga03.local> Running minfo.files/mkg-q6q5q4-9-28.inp on beluga03 at Sun May 5 15:54:29 JST 2019
Thread5@beluga03.local> Running minfo.files/mkg-q6q5q4-9-32.inp on beluga03 at Sun May 5 15:54:30 JST 2019
Thread3@beluga01.local> Running minfo.files/mkg-q6q5q4-9-29.inp on beluga01 at Sun May 5 15:54:29 JST 2019
Thread2@beluga01.local> Running minfo.files/mkg-q6q5q4-9-30.inp on beluga01 at Sun May 5 15:54:29 JST 2019
Thread6@beluga04.local> Running minfo.files/mkg-q6q5q4-9-34.inp on beluga04 at Sun May 5 15:54:29 JST 2019
Thread7@beluga04.local> Running minfo.files/mkg-q6q5q4-9-33.inp on beluga04 at Sun May 5 15:54:29 JST 2019
Thread1@beluga02.local> Running minfo.files/mkg-q6q5q4-9-35.inp on beluga02 at Sun May 5 15:54:30 JST 2019
Thread4@beluga03.local> Running minfo.files/mkg-q6q5q4-9-45.inp on beluga03 at Sun May 5 15:54:31 JST 2019
Thread0@beluga02.local> Running minfo.files/mkg-q6q5q4-9-46.inp on beluga02 at Sun May 5 15:54:31 JST 2019
Thread5@beluga03.local> Running minfo.files/mkg-q6q5q4-9-47.inp on beluga03 at Sun May 5 15:54:32 JST 2019
Thread3@beluga01.local> Running minfo.files/mkg-q6q5q4-9-48.inp on beluga01 at Sun May 5 15:54:32 JST 2019
Thread1@beluga02.local> Running minfo.files/mkg-q6q5q4-9-50.inp on beluga02 at Sun May 5 15:54:32 JST 2019
Thread7@beluga04.local> Running minfo.files/mkg-q6q5q4-9-51.inp on beluga04 at Sun May 5 15:54:32 JST 2019
Thread6@beluga04.local> Running minfo.files/mkg-q6q5q4-9-52.inp on beluga04 at Sun May 5 15:54:32 JST 2019
Thread0@beluga02.local> Running minfo.files/mkg-q6q5q4-9-53.inp on beluga02 at Sun May 5 15:54:33 JST 2019
Thread4@beluga03.local> Running minfo.files/mkg-q6q5q4-9-54.inp on beluga03 at Sun May 5 15:54:34 JST 2019
Thread5@beluga03.local> Running minfo.files/mkg-q6q5q4-9-55.inp on beluga03 at Sun May 5 15:54:34 JST 2019
Thread1@beluga02.local> Running minfo.files/mkg-q6q5q4-9-56.inp on beluga02 at Sun May 5 15:54:35 JST 2019
Thread7@beluga04.local> Running minfo.files/mkg-q6q5q4-9-57.inp on beluga04 at Sun May 5 15:54:35 JST 2019
Thread6@beluga04.local> Running minfo.files/mkg-q6q5q4-9-59.inp on beluga04 at Sun May 5 15:54:35 JST 2019
Thread0@beluga02.local> Running minfo.files/mkg-q6q5q4-9-61.inp on beluga02 at Sun May 5 15:54:36 JST 2019
Thread3@beluga01.local> Running minfo.files/mkg-q6q5q4-9-60.inp on beluga01 at Sun May 5 15:54:36 JST 2019
Thread4@beluga03.local> Running minfo.files/mkg-q6q5q4-9-62.inp on beluga03 at Sun May 5 15:54:37 JST 2019
Thread5@beluga03.local> Running minfo.files/mkg-q6q5q4-9-63.inp on beluga03 at Sun May 5 15:54:37 JST 2019
Thread2@beluga01.local> Running minfo.files/mkg-q6q5q4-9-64.inp on beluga01 at Sun May 5 15:54:37 JST 2019
Thread1@beluga02.local> Running minfo.files/mkg-q6q5q4-9-65.inp on beluga02 at Sun May 5 15:54:37 JST 2019
Thread6@beluga04.local> Running minfo.files/mkg-q6q5q4-9-66.inp on beluga04 at Sun May 5 15:54:37 JST 2019
Thread7@beluga04.local> Running minfo.files/mkg-q6q5q4-9-68.inp on beluga04 at Sun May 5 15:54:37 JST 2019
Thread0@beluga02.local> Running minfo.files/mkg-q6q5q4-9-69.inp on beluga02 at Sun May 5 15:54:38 JST 2019
Thread3@beluga01.local> Running minfo.files/mkg-q6q5q4-9-70.inp on beluga01 at Sun May 5 15:54:39 JST 2019
Thread4@beluga03.local> Running minfo.files/mkg-q6q5q4-9-71.inp on beluga03 at Sun May 5 15:54:39 JST 2019
Thread5@beluga03.local> Running minfo.files/mkg-q6q5q4-9-72.inp on beluga03 at Sun May 5 15:54:40 JST 2019
Thread1@beluga02.local> Running minfo.files/mkg-q6q5q4-9-73.inp on beluga02 at Sun May 5 15:54:39 JST 2019
Thread2@beluga01.local> Running minfo.files/mkg-q6q5q4-9-74.inp on beluga01 at Sun May 5 15:54:40 JST 2019
Thread0@beluga02.local> Running minfo.files/mkg-q6q5q4-9-75.inp on beluga02 at Sun May 5 15:54:40 JST 2019
Thread6@beluga04.local> Running minfo.files/mkg-q6q5q4-9-77.inp on beluga04 at Sun May 5 15:54:40 JST 2019
Thread3@beluga01.local> Running minfo.files/mkg-q6q5q4-9-78.inp on beluga01 at Sun May 5 15:54:42 JST 2019
Thread4@beluga03.local> Running minfo.files/mkg-q6q5q4-9-79.inp on beluga03 at Sun May 5 15:54:42 JST 2019
Thread7@beluga04.local> Running minfo.files/mkg-q6q5q4-9-80.inp on beluga04 at Sun May 5 15:54:41 JST 2019
Thread1@beluga02.local> Running minfo.files/mkg-q6q5q4-9-81.inp on beluga02 at Sun May 5 15:54:42 JST 2019
Thread5@beluga03.local> Running minfo.files/mkg-q6q5q4-9-82.inp on beluga03 at Sun May 5 15:54:43 JST 2019
Thread2@beluga01.local> Running minfo.files/mkg-q6q5q4-9-83.inp on beluga01 at Sun May 5 15:54:43 JST 2019
Thread0@beluga02.local> Running minfo.files/mkg-q6q5q4-9-84.inp on beluga02 at Sun May 5 15:54:43 JST 2019
Thread6@beluga04.local> Running minfo.files/mkg-q6q5q4-9-86.inp on beluga04 at Sun May 5 15:54:43 JST 2019
Thread4@beluga03.local> Running minfo.files/mkg-q6q5q4-9-87.inp on beluga03 at Sun May 5 15:54:44 JST 2019
Thread1@beluga02.local> Running minfo.files/mkg-q6q5q4-9-89.inp on beluga02 at Sun May 5 15:54:44 JST 2019
Thread7@beluga04.local> Running minfo.files/mkg-q6q5q4-9-88.inp on beluga04 at Sun May 5 15:54:43 JST 2019
Thread3@beluga01.local> Running minfo.files/mkg-q6q5q4-9-90.inp on beluga01 at Sun May 5 15:54:45 JST 2019
Thread5@beluga03.local> Running minfo.files/mkg-q6q5q4-9-91.inp on beluga03 at Sun May 5 15:54:45 JST 2019
Thread2@beluga01.local> Running minfo.files/mkg-q6q5q4-9-92.inp on beluga01 at Sun May 5 15:54:45 JST 2019
Thread0@beluga02.local> Running minfo.files/mkg-q6q5q4-9-93.inp on beluga02 at Sun May 5 15:54:45 JST 2019
Thread6@beluga04.local> Running minfo.files/mkg-q6q5q4-9-95.inp on beluga04 at Sun May 5 15:54:46 JST 2019
Thread1@beluga02.local> Running minfo.files/mkg-q6q5q4-9-96.inp on beluga02 at Sun May 5 15:54:46 JST 2019
Thread4@beluga03.local> Running minfo.files/mkg-q6q5q4-9-97.inp on beluga03 at Sun May 5 15:54:47 JST 2019
Thread3@beluga01.local> Running minfo.files/mkg-q6q5q4-9-99.inp on beluga01 at Sun May 5 15:54:47 JST 2019
Thread5@beluga03.local> Running minfo.files/mkg-q6q5q4-9-98.inp on beluga03 at Sun May 5 15:54:48 JST 2019
Thread7@beluga04.local> Running minfo.files/mkg-q6q5q4-9-100.inp on beluga04 at Sun May 5 15:54:46 JST 2019
Thread0@beluga02.local> Running minfo.files/mkg-q6q5q4-9-101.inp on beluga02 at Sun May 5 15:54:48 JST 2019
Thread2@beluga01.local> Running minfo.files/mkg-q6q5q4-9-102.inp on beluga01 at Sun May 5 15:54:48 JST 2019
Thread1@beluga02.local> Running minfo.files/mkg-q6q5q4-9-104.inp on beluga02 at Sun May 5 15:54:49 JST 2019
Thread6@beluga04.local> Running minfo.files/mkg-q6q5q4-9-105.inp on beluga04 at Sun May 5 15:54:48 JST 2019
Thread4@beluga03.local> Running minfo.files/mkg-q6q5q4-9-106.inp on beluga03 at Sun May 5 15:54:50 JST 2019
Thread5@beluga03.local> Running minfo.files/mkg-q6q5q4-9-107.inp on beluga03 at Sun May 5 15:54:50 JST 2019
Thread7@beluga04.local> Running minfo.files/mkg-q6q5q4-9-108.inp on beluga04 at Sun May 5 15:54:50 JST 2019
Thread3@beluga01.local> Running minfo.files/mkg-q6q5q4-9-109.inp on beluga01 at Sun May 5 15:54:51 JST 2019
Thread0@beluga02.local> Running minfo.files/mkg-q6q5q4-9-110.inp on beluga02 at Sun May 5 15:54:50 JST 2019
Thread2@beluga01.local> Running minfo.files/mkg-q6q5q4-9-111.inp on beluga01 at Sun May 5 15:54:51 JST 2019
Thread1@beluga02.local> Running minfo.files/mkg-q6q5q4-9-113.inp on beluga02 at Sun May 5 15:54:51 JST 2019
Thread6@beluga04.local> Running minfo.files/mkg-q6q5q4-9-114.inp on beluga04 at Sun May 5 15:54:50 JST 2019
Thread4@beluga03.local> Running minfo.files/mkg-q6q5q4-9-115.inp on beluga03 at Sun May 5 15:54:52 JST 2019
Thread5@beluga03.local> Running minfo.files/mkg-q6q5q4-9-116.inp on beluga03 at Sun May 5 15:54:52 JST 2019
Thread0@beluga02.local> Running minfo.files/mkg-q6q5q4-9-127.inp on beluga02 at Sun May 5 15:54:53 JST 2019
Thread3@beluga01.local> Running minfo.files/mkg-q6q5q4-9-126.inp on beluga01 at Sun May 5 15:54:53 JST 2019
Thread7@beluga04.local> Running minfo.files/mkg-q6q5q4-9-128.inp on beluga04 at Sun May 5 15:54:52 JST 2019
Thread2@beluga01.local> Running minfo.files/mkg-q6q5q4-9-129.inp on beluga01 at Sun May 5 15:54:53 JST 2019
Thread1@beluga02.local> Running minfo.files/mkg-q6q5q4-9-131.inp on beluga02 at Sun May 5 15:54:53 JST 2019
Thread6@beluga04.local> Running minfo.files/mkg-q6q5q4-9-132.inp on beluga04 at Sun May 5 15:54:53 JST 2019
Thread4@beluga03.local> Running minfo.files/mkg-q6q5q4-9-133.inp on beluga03 at Sun May 5 15:54:55 JST 2019
Thread5@beluga03.local> Running minfo.files/mkg-q6q5q4-9-134.inp on beluga03 at Sun May 5 15:54:55 JST 2019
Thread0@beluga02.local> Running minfo.files/mkg-q6q5q4-9-135.inp on beluga02 at Sun May 5 15:54:55 JST 2019
Thread3@beluga01.local> Running minfo.files/mkg-q6q5q4-9-136.inp on beluga01 at Sun May 5 15:54:56 JST 2019
Thread2@beluga01.local> Running minfo.files/mkg-q6q5q4-9-138.inp on beluga01 at Sun May 5 15:54:56 JST 2019
Thread7@beluga04.local> Running minfo.files/mkg-q6q5q4-9-137.inp on beluga04 at Sun May 5 15:54:55 JST 2019
Thread1@beluga02.local> Running minfo.files/mkg-q6q5q4-9-140.inp on beluga02 at Sun May 5 15:54:56 JST 2019
Thread6@beluga04.local> Running minfo.files/mkg-q6q5q4-9-141.inp on beluga04 at Sun May 5 15:54:56 JST 2019
Thread4@beluga03.local> Running minfo.files/mkg-q6q5q4-9-142.inp on beluga03 at Sun May 5 15:54:57 JST 2019
Thread5@beluga03.local> Running minfo.files/mkg-q6q5q4-9-143.inp on beluga03 at Sun May 5 15:54:58 JST 2019
Thread0@beluga02.local> Running minfo.files/mkg-q6q5q4-9-144.inp on beluga02 at Sun May 5 15:54:58 JST 2019
Thread3@beluga01.local> Running minfo.files/mkg-q6q5q4-9-145.inp on beluga01 at Sun May 5 15:54:59 JST 2019
Thread7@beluga04.local> Running minfo.files/mkg-q6q5q4-9-146.inp on beluga04 at Sun May 5 15:54:58 JST 2019
Thread2@beluga01.local> Running minfo.files/mkg-q6q5q4-9-147.inp on beluga01 at Sun May 5 15:54:59 JST 2019
Thread1@beluga02.local> Running minfo.files/mkg-q6q5q4-9-149.inp on beluga02 at Sun May 5 15:54:59 JST 2019
Thread6@beluga04.local> Running minfo.files/mkg-q6q5q4-9-150.inp on beluga04 at Sun May 5 15:54:58 JST 2019
Thread4@beluga03.local> Running minfo.files/mkg-q6q5q4-9-151.inp on beluga03 at Sun May 5 15:55:00 JST 2019
Thread5@beluga03.local> Running minfo.files/mkg-q6q5q4-9-152.inp on beluga03 at Sun May 5 15:55:00 JST 2019
Thread0@beluga02.local> Running minfo.files/mkg-q6q5q4-9-153.inp on beluga02 at Sun May 5 15:55:01 JST 2019
Thread3@beluga01.local> Running minfo.files/mkg-q6q5q4-9-155.inp on beluga01 at Sun May 5 15:55:01 JST 2019
Thread7@beluga04.local> Running minfo.files/mkg-q6q5q4-9-154.inp on beluga04 at Sun May 5 15:55:00 JST 2019
Thread2@beluga01.local> Running minfo.files/mkg-q6q5q4-9-156.inp on beluga01 at Sun May 5 15:55:02 JST 2019
Thread1@beluga02.local> Running minfo.files/mkg-q6q5q4-9-158.inp on beluga02 at Sun May 5 15:55:02 JST 2019
Thread6@beluga04.local> Running minfo.files/mkg-q6q5q4-9-159.inp on beluga04 at Sun May 5 15:55:01 JST 2019
Thread4@beluga03.local> Running minfo.files/mkg-q6q5q4-9-160.inp on beluga03 at Sun May 5 15:55:03 JST 2019
Thread5@beluga03.local> Running minfo.files/mkg-q6q5q4-9-161.inp on beluga03 at Sun May 5 15:55:03 JST 2019
Thread3@beluga01.local> Running minfo.files/mkg-q6q5q4-9-162.inp on beluga01 at Sun May 5 15:55:04 JST 2019
Thread0@beluga02.local> Running minfo.files/mkg-q6q5q4-9-163.inp on beluga02 at Sun May 5 15:55:04 JST 2019
Thread1@beluga02.local> Running minfo.files/mkg-q6q5q4-9-164.inp on beluga02 at Sun May 5 15:55:04 JST 2019
Thread2@beluga01.local> Running minfo.files/mkg-q6q5q4-9-165.inp on beluga01 at Sun May 5 15:55:04 JST 2019
Thread7@beluga04.local> Running minfo.files/mkg-q6q5q4-9-167.inp on beluga04 at Sun May 5 15:55:03 JST 2019
Thread6@beluga04.local> Running minfo.files/mkg-q6q5q4-9-168.inp on beluga04 at Sun May 5 15:55:04 JST 2019
Thread4@beluga03.local> Running minfo.files/mkg-q6q5q4-9-169.inp on beluga03 at Sun May 5 15:55:06 JST 2019
Thread5@beluga03.local> Running minfo.files/mkg-q6q5q4-9-170.inp on beluga03 at Sun May 5 15:55:06 JST 2019
Thread3@beluga01.local> Running minfo.files/mkg-q6q5q4-9-171.inp on beluga01 at Sun May 5 15:55:07 JST 2019
Thread0@beluga02.local> Running minfo.files/mkg-q6q5q4-9-172.inp on beluga02 at Sun May 5 15:55:06 JST 2019
Thread2@beluga01.local> Running minfo.files/mkg-q6q5q4-9-173.inp on beluga01 at Sun May 5 15:55:07 JST 2019
Thread1@beluga02.local> Running minfo.files/mkg-q6q5q4-9-174.inp on beluga02 at Sun May 5 15:55:07 JST 2019
Thread7@beluga04.local> Running minfo.files/mkg-q6q5q4-9-176.inp on beluga04 at Sun May 5 15:55:06 JST 2019
Thread6@beluga04.local> Running minfo.files/mkg-q6q5q4-9-177.inp on beluga04 at Sun May 5 15:55:06 JST 2019
Thread4@beluga03.local> Running minfo.files/mkg-q6q5q4-9-178.inp on beluga03 at Sun May 5 15:55:09 JST 2019
Thread5@beluga03.local> Running minfo.files/mkg-q6q5q4-9-179.inp on beluga03 at Sun May 5 15:55:09 JST 2019
Thread0@beluga02.local> Running minfo.files/mkg-q6q5q4-9-180.inp on beluga02 at Sun May 5 15:55:09 JST 2019
Thread1@beluga02.local> Running minfo.files/mkg-q6q5q4-9-181.inp on beluga02 at Sun May 5 15:55:09 JST 2019
Thread3@beluga01.local> Running minfo.files/mkg-q6q5q4-9-182.inp on beluga01 at Sun May 5 15:55:09 JST 2019
Thread2@beluga01.local> Running minfo.files/mkg-q6q5q4-9-183.inp on beluga01 at Sun May 5 15:55:10 JST 2019
Thread7@beluga04.local> Running minfo.files/mkg-q6q5q4-9-185.inp on beluga04 at Sun May 5 15:55:09 JST 2019
Thread6@beluga04.local> Running minfo.files/mkg-q6q5q4-9-186.inp on beluga04 at Sun May 5 15:55:09 JST 2019
Thread4@beluga03.local> Running minfo.files/mkg-q6q5q4-9-187.inp on beluga03 at Sun May 5 15:55:11 JST 2019
Thread3@beluga01.local> Running minfo.files/mkg-q6q5q4-9-188.inp on beluga01 at Sun May 5 15:55:12 JST 2019
Thread5@beluga03.local> Running minfo.files/mkg-q6q5q4-9-189.inp on beluga03 at Sun May 5 15:55:12 JST 2019
Thread2@beluga01.local> Running minfo.files/mkg-q6q5q4-9-190.inp on beluga01 at Sun May 5 15:55:12 JST 2019
Thread1@beluga02.local> Running minfo.files/mkg-q6q5q4-9-191.inp on beluga02 at Sun May 5 15:55:12 JST 2019
Thread0@beluga02.local> Running minfo.files/mkg-q6q5q4-9-192.inp on beluga02 at Sun May 5 15:55:12 JST 2019
Thread6@beluga04.local> Running minfo.files/mkg-q6q5q4-9-194.inp on beluga04 at Sun May 5 15:55:12 JST 2019
Thread7@beluga04.local> Running minfo.files/mkg-q6q5q4-9-195.inp on beluga04 at Sun May 5 15:55:12 JST 2019
Thread5@beluga03.local> Running minfo.files/mkg-q6q5q4-9-197.inp on beluga03 at Sun May 5 15:55:15 JST 2019
Thread3@beluga01.local> Running minfo.files/mkg-q6q5q4-9-207.inp on beluga01 at Sun May 5 15:55:15 JST 2019
Thread2@beluga01.local> Running minfo.files/mkg-q6q5q4-9-208.inp on beluga01 at Sun May 5 15:55:15 JST 2019
Thread0@beluga02.local> Running minfo.files/mkg-q6q5q4-9-209.inp on beluga02 at Sun May 5 15:55:15 JST 2019
Thread1@beluga02.local> Running minfo.files/mkg-q6q5q4-9-210.inp on beluga02 at Sun May 5 15:55:15 JST 2019
Thread7@beluga04.local> Running minfo.files/mkg-q6q5q4-9-213.inp on beluga04 at Sun May 5 15:55:15 JST 2019
Thread6@beluga04.local> Running minfo.files/mkg-q6q5q4-9-212.inp on beluga04 at Sun May 5 15:55:15 JST 2019
Thread3@beluga01.local> Running minfo.files/mkg-q6q5q4-9-214.inp on beluga01 at Sun May 5 15:55:18 JST 2019
Thread0@beluga02.local> Running minfo.files/mkg-q6q5q4-9-216.inp on beluga02 at Sun May 5 15:55:18 JST 2019
Thread2@beluga01.local> Running minfo.files/mkg-q6q5q4-9-217.inp on beluga01 at Sun May 5 15:55:18 JST 2019
Thread5@beluga03.local> Running minfo.files/mkg-q6q5q4-9-215.inp on beluga03 at Sun May 5 15:55:18 JST 2019
Thread1@beluga02.local> Running minfo.files/mkg-q6q5q4-9-218.inp on beluga02 at Sun May 5 15:55:18 JST 2019
Thread7@beluga04.local> Running minfo.files/mkg-q6q5q4-9-219.inp on beluga04 at Sun May 5 15:55:17 JST 2019
Thread6@beluga04.local> Running minfo.files/mkg-q6q5q4-9-221.inp on beluga04 at Sun May 5 15:55:17 JST 2019
Thread4@beluga03.local> Running minfo.files/mkg-q6q5q4-9-196.inp on beluga03 at Sun May 5 15:55:19 JST 2019
Thread0@beluga02.local> Running minfo.files/mkg-q6q5q4-9-222.inp on beluga02 at Sun May 5 15:55:20 JST 2019
Thread3@beluga01.local> Running minfo.files/mkg-q6q5q4-9-223.inp on beluga01 at Sun May 5 15:55:21 JST 2019
Thread1@beluga02.local> Running minfo.files/mkg-q6q5q4-9-225.inp on beluga02 at Sun May 5 15:55:20 JST 2019
Thread2@beluga01.local> Running minfo.files/mkg-q6q5q4-9-224.inp on beluga01 at Sun May 5 15:55:21 JST 2019
Thread7@beluga04.local> Running minfo.files/mkg-q6q5q4-9-226.inp on beluga04 at Sun May 5 15:55:20 JST 2019
Thread5@beluga03.local> Running minfo.files/mkg-q6q5q4-9-227.inp on beluga03 at Sun May 5 15:55:21 JST 2019
Thread6@beluga04.local> Running minfo.files/mkg-q6q5q4-9-228.inp on beluga04 at Sun May 5 15:55:20 JST 2019
Thread4@beluga03.local> Running minfo.files/mkg-q6q5q4-9-230.inp on beluga03 at Sun May 5 15:55:22 JST 2019
Thread0@beluga02.local> Running minfo.files/mkg-q6q5q4-9-231.inp on beluga02 at Sun May 5 15:55:23 JST 2019
Thread1@beluga02.local> Running minfo.files/mkg-q6q5q4-9-232.inp on beluga02 at Sun May 5 15:55:23 JST 2019
Thread3@beluga01.local> Running minfo.files/mkg-q6q5q4-9-233.inp on beluga01 at Sun May 5 15:55:24 JST 2019
Thread5@beluga03.local> Running minfo.files/mkg-q6q5q4-9-234.inp on beluga03 at Sun May 5 15:55:24 JST 2019
Thread2@beluga01.local> Running minfo.files/mkg-q6q5q4-9-235.inp on beluga01 at Sun May 5 15:55:24 JST 2019
Thread4@beluga03.local> Running minfo.files/mkg-q6q5q4-9-236.inp on beluga03 at Sun May 5 15:55:25 JST 2019
Thread7@beluga04.local> Running minfo.files/mkg-q6q5q4-9-237.inp on beluga04 at Sun May 5 15:55:23 JST 2019
Thread6@beluga04.local> Running minfo.files/mkg-q6q5q4-9-239.inp on beluga04 at Sun May 5 15:55:24 JST 2019
Thread0@beluga02.local> Running minfo.files/mkg-q6q5q4-9-240.inp on beluga02 at Sun May 5 15:55:26 JST 2019
Thread1@beluga02.local> Running minfo.files/mkg-q6q5q4-9-241.inp on beluga02 at Sun May 5 15:55:26 JST 2019
Thread3@beluga01.local> Running minfo.files/mkg-q6q5q4-9-242.inp on beluga01 at Sun May 5 15:55:27 JST 2019
Thread2@beluga01.local> Running minfo.files/mkg-q6q5q4-9-243.inp on beluga01 at Sun May 5 15:55:27 JST 2019
Thread5@beluga03.local> Running minfo.files/mkg-q6q5q4-9-244.inp on beluga03 at Sun May 5 15:55:28 JST 2019
Thread4@beluga03.local> Running minfo.files/mkg-q6q5q4-9-248.inp on beluga03 at Sun May 5 15:55:28 JST 2019
Thread6@beluga04.local> Running minfo.files/mkg-q6q5q4-9-246.inp on beluga04 at Sun May 5 15:55:27 JST 2019
Thread7@beluga04.local> Running minfo.files/mkg-q6q5q4-9-245.inp on beluga04 at Sun May 5 15:55:27 JST 2019
Thread0@beluga02.local> Running minfo.files/mkg-q6q5q4-9-249.inp on beluga02 at Sun May 5 15:55:28 JST 2019
Thread3@beluga01.local> Running minfo.files/mkg-q6q5q4-9-250.inp on beluga01 at Sun May 5 15:55:29 JST 2019
Thread1@beluga02.local> Running minfo.files/mkg-q6q5q4-9-251.inp on beluga02 at Sun May 5 15:55:29 JST 2019
Thread2@beluga01.local> Running minfo.files/mkg-q6q5q4-9-252.inp on beluga01 at Sun May 5 15:55:29 JST 2019
Thread5@beluga03.local> Running minfo.files/mkg-q6q5q4-9-253.inp on beluga03 at Sun May 5 15:55:30 JST 2019
Thread4@beluga03.local> Running minfo.files/mkg-q6q5q4-9-254.inp on beluga03 at Sun May 5 15:55:30 JST 2019
Thread6@beluga04.local> Running minfo.files/mkg-q6q5q4-9-255.inp on beluga04 at Sun May 5 15:55:29 JST 2019
Thread7@beluga04.local> Running minfo.files/mkg-q6q5q4-9-257.inp on beluga04 at Sun May 5 15:55:30 JST 2019
Thread0@beluga02.local> Running minfo.files/mkg-q6q5q4-9-258.inp on beluga02 at Sun May 5 15:55:32 JST 2019
Thread2@beluga01.local> Running minfo.files/mkg-q6q5q4-9-260.inp on beluga01 at Sun May 5 15:55:33 JST 2019
Thread3@beluga01.local> Running minfo.files/mkg-q6q5q4-9-259.inp on beluga01 at Sun May 5 15:55:33 JST 2019
Thread1@beluga02.local> Running minfo.files/mkg-q6q5q4-9-261.inp on beluga02 at Sun May 5 15:55:33 JST 2019
Thread6@beluga04.local> Running minfo.files/mkg-q6q5q4-9-262.inp on beluga04 at Sun May 5 15:55:32 JST 2019
Thread5@beluga03.local> Running minfo.files/mkg-q6q5q4-9-263.inp on beluga03 at Sun May 5 15:55:34 JST 2019
Thread4@beluga03.local> Running minfo.files/mkg-q6q5q4-9-264.inp on beluga03 at Sun May 5 15:55:34 JST 2019
Thread7@beluga04.local> Running minfo.files/mkg-q6q5q4-9-266.inp on beluga04 at Sun May 5 15:55:33 JST 2019
Thread0@beluga02.local> Running minfo.files/mkg-q6q5q4-9-267.inp on beluga02 at Sun May 5 15:55:35 JST 2019
Thread2@beluga01.local> Running minfo.files/mkg-q6q5q4-9-268.inp on beluga01 at Sun May 5 15:55:35 JST 2019
Thread3@beluga01.local> Running minfo.files/mkg-q6q5q4-9-269.inp on beluga01 at Sun May 5 15:55:35 JST 2019
Thread6@beluga04.local> Running minfo.files/mkg-q6q5q4-9-270.inp on beluga04 at Sun May 5 15:55:35 JST 2019
Thread1@beluga02.local> Running minfo.files/mkg-q6q5q4-9-271.inp on beluga02 at Sun May 5 15:55:36 JST 2019
Thread5@beluga03.local> Running minfo.files/mkg-q6q5q4-9-272.inp on beluga03 at Sun May 5 15:55:36 JST 2019
Thread4@beluga03.local> Running minfo.files/mkg-q6q5q4-9-273.inp on beluga03 at Sun May 5 15:55:36 JST 2019
Thread7@beluga04.local> Running minfo.files/mkg-q6q5q4-9-275.inp on beluga04 at Sun May 5 15:55:35 JST 2019
Thread0@beluga02.local> Running minfo.files/mkg-q6q5q4-9-276.inp on beluga02 at Sun May 5 15:55:37 JST 2019
Thread2@beluga01.local> Running minfo.files/mkg-q6q5q4-9-277.inp on beluga01 at Sun May 5 15:55:38 JST 2019
Thread3@beluga01.local> Running minfo.files/mkg-q6q5q4-9-278.inp on beluga01 at Sun May 5 15:55:38 JST 2019
Thread1@beluga02.local> Running minfo.files/mkg-q6q5q4-9-288.inp on beluga02 at Sun May 5 15:55:38 JST 2019
Thread6@beluga04.local> Running minfo.files/mkg-q6q5q4-9-289.inp on beluga04 at Sun May 5 15:55:37 JST 2019
Thread7@beluga04.local> Running minfo.files/mkg-q6q5q4-9-293.inp on beluga04 at Sun May 5 15:55:38 JST 2019
Thread5@beluga03.local> Running minfo.files/mkg-q6q5q4-9-290.inp on beluga03 at Sun May 5 15:55:39 JST 2019
Thread4@beluga03.local> Running minfo.files/mkg-q6q5q4-9-291.inp on beluga03 at Sun May 5 15:55:39 JST 2019
Thread0@beluga02.local> Running minfo.files/mkg-q6q5q4-9-294.inp on beluga02 at Sun May 5 15:55:40 JST 2019
Thread2@beluga01.local> Running minfo.files/mkg-q6q5q4-9-295.inp on beluga01 at Sun May 5 15:55:41 JST 2019
Thread1@beluga02.local> Running minfo.files/mkg-q6q5q4-9-296.inp on beluga02 at Sun May 5 15:55:40 JST 2019
Thread3@beluga01.local> Running minfo.files/mkg-q6q5q4-9-299.inp on beluga01 at Sun May 5 15:55:41 JST 2019
Thread6@beluga04.local> Running minfo.files/mkg-q6q5q4-9-297.inp on beluga04 at Sun May 5 15:55:40 JST 2019
Thread7@beluga04.local> Running minfo.files/mkg-q6q5q4-9-298.inp on beluga04 at Sun May 5 15:55:40 JST 2019
Thread5@beluga03.local> Running minfo.files/mkg-q6q5q4-9-300.inp on beluga03 at Sun May 5 15:55:42 JST 2019
Thread4@beluga03.local> Running minfo.files/mkg-q6q5q4-9-302.inp on beluga03 at Sun May 5 15:55:42 JST 2019
Thread0@beluga02.local> Running minfo.files/mkg-q6q5q4-9-303.inp on beluga02 at Sun May 5 15:55:42 JST 2019
Thread2@beluga01.local> Running minfo.files/mkg-q6q5q4-9-304.inp on beluga01 at Sun May 5 15:55:43 JST 2019
Thread1@beluga02.local> Running minfo.files/mkg-q6q5q4-9-305.inp on beluga02 at Sun May 5 15:55:43 JST 2019
Thread3@beluga01.local> Running minfo.files/mkg-q6q5q4-9-306.inp on beluga01 at Sun May 5 15:55:43 JST 2019
Thread5@beluga03.local> Running minfo.files/mkg-q6q5q4-9-307.inp on beluga03 at Sun May 5 15:55:44 JST 2019
Thread4@beluga03.local> Running minfo.files/mkg-q6q5q4-9-308.inp on beluga03 at Sun May 5 15:55:44 JST 2019
Thread7@beluga04.local> Running minfo.files/mkg-q6q5q4-9-311.inp on beluga04 at Sun May 5 15:55:44 JST 2019
Thread0@beluga02.local> Running minfo.files/mkg-q6q5q4-9-312.inp on beluga02 at Sun May 5 15:55:45 JST 2019
Thread2@beluga01.local> Running minfo.files/mkg-q6q5q4-9-313.inp on beluga01 at Sun May 5 15:55:46 JST 2019
Thread3@beluga01.local> Running minfo.files/mkg-q6q5q4-9-314.inp on beluga01 at Sun May 5 15:55:46 JST 2019
Thread1@beluga02.local> Running minfo.files/mkg-q6q5q4-9-316.inp on beluga02 at Sun May 5 15:55:46 JST 2019
Thread5@beluga03.local> Running minfo.files/mkg-q6q5q4-9-315.inp on beluga03 at Sun May 5 15:55:47 JST 2019
Thread4@beluga03.local> Running minfo.files/mkg-q6q5q4-9-317.inp on beluga03 at Sun May 5 15:55:47 JST 2019
Thread0@beluga02.local> Running minfo.files/mkg-q6q5q4-9-318.inp on beluga02 at Sun May 5 15:55:48 JST 2019
Thread7@beluga04.local> Running minfo.files/mkg-q6q5q4-9-320.inp on beluga04 at Sun May 5 15:55:47 JST 2019
Thread2@beluga01.local> Running minfo.files/mkg-q6q5q4-9-321.inp on beluga01 at Sun May 5 15:55:49 JST 2019
Thread3@beluga01.local> Running minfo.files/mkg-q6q5q4-9-322.inp on beluga01 at Sun May 5 15:55:49 JST 2019
Thread1@beluga02.local> Running minfo.files/mkg-q6q5q4-9-323.inp on beluga02 at Sun May 5 15:55:49 JST 2019
Thread6@beluga04.local> Running minfo.files/mkg-q6q5q4-9-309.inp on beluga04 at Sun May 5 15:55:49 JST 2019
Thread4@beluga03.local> Running minfo.files/mkg-q6q5q4-9-405.inp on beluga03 at Sun May 5 15:55:50 JST 2019
Thread5@beluga03.local> Running minfo.files/mkg-q6q5q4-9-406.inp on beluga03 at Sun May 5 15:55:50 JST 2019
Thread0@beluga02.local> Running minfo.files/mkg-q6q5q4-9-407.inp on beluga02 at Sun May 5 15:55:50 JST 2019
Thread7@beluga04.local> Running minfo.files/mkg-q6q5q4-9-408.inp on beluga04 at Sun May 5 15:55:50 JST 2019
Thread1@beluga02.local> Running minfo.files/mkg-q6q5q4-9-411.inp on beluga02 at Sun May 5 15:55:51 JST 2019
Thread2@beluga01.local> Running minfo.files/mkg-q6q5q4-9-410.inp on beluga01 at Sun May 5 15:55:52 JST 2019
Thread3@beluga01.local> Running minfo.files/mkg-q6q5q4-9-412.inp on beluga01 at Sun May 5 15:55:52 JST 2019
Thread4@beluga03.local> Running minfo.files/mkg-q6q5q4-9-413.inp on beluga03 at Sun May 5 15:55:53 JST 2019
Thread5@beluga03.local> Running minfo.files/mkg-q6q5q4-9-415.inp on beluga03 at Sun May 5 15:55:53 JST 2019
Thread0@beluga02.local> Running minfo.files/mkg-q6q5q4-9-416.inp on beluga02 at Sun May 5 15:55:53 JST 2019
Thread7@beluga04.local> Running minfo.files/mkg-q6q5q4-9-417.inp on beluga04 at Sun May 5 15:55:53 JST 2019
Thread1@beluga02.local> Running minfo.files/mkg-q6q5q4-9-419.inp on beluga02 at Sun May 5 15:55:54 JST 2019
Thread2@beluga01.local> Running minfo.files/mkg-q6q5q4-9-420.inp on beluga01 at Sun May 5 15:55:55 JST 2019
Thread3@beluga01.local> Running minfo.files/mkg-q6q5q4-9-421.inp on beluga01 at Sun May 5 15:55:55 JST 2019
Thread4@beluga03.local> Running minfo.files/mkg-q6q5q4-9-422.inp on beluga03 at Sun May 5 15:55:55 JST 2019
Thread5@beluga03.local> Running minfo.files/mkg-q6q5q4-9-423.inp on beluga03 at Sun May 5 15:55:56 JST 2019
Thread0@beluga02.local> Running minfo.files/mkg-q6q5q4-9-424.inp on beluga02 at Sun May 5 15:55:55 JST 2019
Thread1@beluga02.local> Running minfo.files/mkg-q6q5q4-9-426.inp on beluga02 at Sun May 5 15:55:56 JST 2019
Thread7@beluga04.local> Running minfo.files/mkg-q6q5q4-9-425.inp on beluga04 at Sun May 5 15:55:55 JST 2019
Thread2@beluga01.local> Running minfo.files/mkg-q6q5q4-9-428.inp on beluga01 at Sun May 5 15:55:57 JST 2019
Thread3@beluga01.local> Running minfo.files/mkg-q6q5q4-9-429.inp on beluga01 at Sun May 5 15:55:57 JST 2019
Thread6@beluga04.local> Running minfo.files/mkg-q6q5q4-9-414.inp on beluga04 at Sun May 5 15:55:57 JST 2019
Thread4@beluga03.local> Running minfo.files/mkg-q6q5q4-9-430.inp on beluga03 at Sun May 5 15:55:58 JST 2019
Thread0@beluga02.local> Running minfo.files/mkg-q6q5q4-9-431.inp on beluga02 at Sun May 5 15:55:58 JST 2019
Thread5@beluga03.local> Running minfo.files/mkg-q6q5q4-9-432.inp on beluga03 at Sun May 5 15:55:59 JST 2019
Thread1@beluga02.local> Running minfo.files/mkg-q6q5q4-9-433.inp on beluga02 at Sun May 5 15:55:58 JST 2019
Thread7@beluga04.local> Running minfo.files/mkg-q6q5q4-9-434.inp on beluga04 at Sun May 5 15:55:58 JST 2019
Thread2@beluga01.local> Running minfo.files/mkg-q6q5q4-9-435.inp on beluga01 at Sun May 5 15:56:00 JST 2019
Thread3@beluga01.local> Running minfo.files/mkg-q6q5q4-9-437.inp on beluga01 at Sun May 5 15:56:00 JST 2019
Thread6@beluga04.local> Running minfo.files/mkg-q6q5q4-9-438.inp on beluga04 at Sun May 5 15:55:59 JST 2019
Thread0@beluga02.local> Running minfo.files/mkg-q6q5q4-9-440.inp on beluga02 at Sun May 5 15:56:00 JST 2019
Thread4@beluga03.local> Running minfo.files/mkg-q6q5q4-9-439.inp on beluga03 at Sun May 5 15:56:01 JST 2019
Thread5@beluga03.local> Running minfo.files/mkg-q6q5q4-9-450.inp on beluga03 at Sun May 5 15:56:01 JST 2019
Thread1@beluga02.local> Running minfo.files/mkg-q6q5q4-9-451.inp on beluga02 at Sun May 5 15:56:01 JST 2019
Thread7@beluga04.local> Running minfo.files/mkg-q6q5q4-9-452.inp on beluga04 at Sun May 5 15:56:01 JST 2019
Thread2@beluga01.local> Running minfo.files/mkg-q6q5q4-9-453.inp on beluga01 at Sun May 5 15:56:03 JST 2019
Thread3@beluga01.local> Running minfo.files/mkg-q6q5q4-9-455.inp on beluga01 at Sun May 5 15:56:03 JST 2019
Thread0@beluga02.local> Running minfo.files/mkg-q6q5q4-9-456.inp on beluga02 at Sun May 5 15:56:03 JST 2019
Thread5@beluga03.local> Running minfo.files/mkg-q6q5q4-9-459.inp on beluga03 at Sun May 5 15:56:04 JST 2019
Thread6@beluga04.local> Running minfo.files/mkg-q6q5q4-9-458.inp on beluga04 at Sun May 5 15:56:02 JST 2019
Thread7@beluga04.local> Running minfo.files/mkg-q6q5q4-9-461.inp on beluga04 at Sun May 5 15:56:04 JST 2019
Thread2@beluga01.local> Running minfo.files/mkg-q6q5q4-9-462.inp on beluga01 at Sun May 5 15:56:05 JST 2019
Thread3@beluga01.local> Running minfo.files/mkg-q6q5q4-9-464.inp on beluga01 at Sun May 5 15:56:05 JST 2019
Thread0@beluga02.local> Running minfo.files/mkg-q6q5q4-9-465.inp on beluga02 at Sun May 5 15:56:05 JST 2019
Thread6@beluga04.local> Running minfo.files/mkg-q6q5q4-9-466.inp on beluga04 at Sun May 5 15:56:05 JST 2019
Thread5@beluga03.local> Running minfo.files/mkg-q6q5q4-9-467.inp on beluga03 at Sun May 5 15:56:06 JST 2019
Thread7@beluga04.local> Running minfo.files/mkg-q6q5q4-9-468.inp on beluga04 at Sun May 5 15:56:07 JST 2019
Thread2@beluga01.local> Running minfo.files/mkg-q6q5q4-9-469.inp on beluga01 at Sun May 5 15:56:08 JST 2019
Thread4@beluga03.local> Running minfo.files/mkg-q6q5q4-9-457.inp on beluga03 at Sun May 5 15:56:08 JST 2019
Thread3@beluga01.local> Running minfo.files/mkg-q6q5q4-9-470.inp on beluga01 at Sun May 5 15:56:08 JST 2019
Thread1@beluga02.local> Running minfo.files/mkg-q6q5q4-9-460.inp on beluga02 at Sun May 5 15:56:08 JST 2019
Thread6@beluga04.local> Running minfo.files/mkg-q6q5q4-9-471.inp on beluga04 at Sun May 5 15:56:08 JST 2019
Thread5@beluga03.local> Running minfo.files/mkg-q6q5q4-9-473.inp on beluga03 at Sun May 5 15:56:09 JST 2019
Thread0@beluga02.local> Running minfo.files/mkg-q6q5q4-9-474.inp on beluga02 at Sun May 5 15:56:08 JST 2019
Thread2@beluga01.local> Running minfo.files/mkg-q6q5q4-9-475.inp on beluga01 at Sun May 5 15:56:10 JST 2019
Thread7@beluga04.local> Running minfo.files/mkg-q6q5q4-9-476.inp on beluga04 at Sun May 5 15:56:10 JST 2019
Thread3@beluga01.local> Running minfo.files/mkg-q6q5q4-9-477.inp on beluga01 at Sun May 5 15:56:11 JST 2019
Thread6@beluga04.local> Running minfo.files/mkg-q6q5q4-9-479.inp on beluga04 at Sun May 5 15:56:10 JST 2019
Thread4@beluga03.local> Running minfo.files/mkg-q6q5q4-9-478.inp on beluga03 at Sun May 5 15:56:11 JST 2019
Thread1@beluga02.local> Running minfo.files/mkg-q6q5q4-9-480.inp on beluga02 at Sun May 5 15:56:11 JST 2019
Thread0@beluga02.local> Running minfo.files/mkg-q6q5q4-9-482.inp on beluga02 at Sun May 5 15:56:11 JST 2019
Thread5@beluga03.local> Running minfo.files/mkg-q6q5q4-9-483.inp on beluga03 at Sun May 5 15:56:12 JST 2019
Thread7@beluga04.local> Running minfo.files/mkg-q6q5q4-9-484.inp on beluga04 at Sun May 5 15:56:12 JST 2019
Thread2@beluga01.local> Running minfo.files/mkg-q6q5q4-9-486.inp on beluga01 at Sun May 5 15:56:14 JST 2019
Thread3@beluga01.local> Running minfo.files/mkg-q6q5q4-9-485.inp on beluga01 at Sun May 5 15:56:14 JST 2019
Thread6@beluga04.local> Running minfo.files/mkg-q6q5q4-9-487.inp on beluga04 at Sun May 5 15:56:13 JST 2019
Thread1@beluga02.local> Running minfo.files/mkg-q6q5q4-9-488.inp on beluga02 at Sun May 5 15:56:14 JST 2019
Thread0@beluga02.local> Running minfo.files/mkg-q6q5q4-9-489.inp on beluga02 at Sun May 5 15:56:14 JST 2019
Thread4@beluga03.local> Running minfo.files/mkg-q6q5q4-9-491.inp on beluga03 at Sun May 5 15:56:14 JST 2019
Thread5@beluga03.local> Running minfo.files/mkg-q6q5q4-9-492.inp on beluga03 at Sun May 5 15:56:14 JST 2019
Thread2@beluga01.local> Running minfo.files/mkg-q6q5q4-9-493.inp on beluga01 at Sun May 5 15:56:16 JST 2019
Thread1@beluga02.local> Running minfo.files/mkg-q6q5q4-9-496.inp on beluga02 at Sun May 5 15:56:16 JST 2019
Thread7@beluga04.local> Running minfo.files/mkg-q6q5q4-9-495.inp on beluga04 at Sun May 5 15:56:15 JST 2019
Thread0@beluga02.local> Running minfo.files/mkg-q6q5q4-9-497.inp on beluga02 at Sun May 5 15:56:16 JST 2019
Thread3@beluga01.local> Running minfo.files/mkg-q6q5q4-9-494.inp on beluga01 at Sun May 5 15:56:16 JST 2019
Thread4@beluga03.local> Running minfo.files/mkg-q6q5q4-9-498.inp on beluga03 at Sun May 5 15:56:17 JST 2019
Thread5@beluga03.local> Running minfo.files/mkg-q6q5q4-9-500.inp on beluga03 at Sun May 5 15:56:17 JST 2019
Thread6@beluga04.local> Running minfo.files/mkg-q6q5q4-9-501.inp on beluga04 at Sun May 5 15:56:16 JST 2019
Thread1@beluga02.local> Running minfo.files/mkg-q6q5q4-9-502.inp on beluga02 at Sun May 5 15:56:19 JST 2019
Thread0@beluga02.local> Running minfo.files/mkg-q6q5q4-9-504.inp on beluga02 at Sun May 5 15:56:19 JST 2019
Thread2@beluga01.local> Running minfo.files/mkg-q6q5q4-9-503.inp on beluga01 at Sun May 5 15:56:19 JST 2019
Thread3@beluga01.local> Running minfo.files/mkg-q6q5q4-9-505.inp on beluga01 at Sun May 5 15:56:19 JST 2019
Thread7@beluga04.local> Running minfo.files/mkg-q6q5q4-9-506.inp on beluga04 at Sun May 5 15:56:18 JST 2019
Thread6@beluga04.local> Running minfo.files/mkg-q6q5q4-9-510.inp on beluga04 at Sun May 5 15:56:18 JST 2019
Thread5@beluga03.local> Running minfo.files/mkg-q6q5q4-9-509.inp on beluga03 at Sun May 5 15:56:20 JST 2019
Thread4@beluga03.local> Running minfo.files/mkg-q6q5q4-9-507.inp on beluga03 at Sun May 5 15:56:20 JST 2019
Thread1@beluga02.local> Running minfo.files/mkg-q6q5q4-9-511.inp on beluga02 at Sun May 5 15:56:21 JST 2019
Thread0@beluga02.local> Running minfo.files/mkg-q6q5q4-9-512.inp on beluga02 at Sun May 5 15:56:21 JST 2019
Thread7@beluga04.local> Running minfo.files/mkg-q6q5q4-9-513.inp on beluga04 at Sun May 5 15:56:21 JST 2019
Thread6@beluga04.local> Running minfo.files/mkg-q6q5q4-9-514.inp on beluga04 at Sun May 5 15:56:21 JST 2019
Thread2@beluga01.local> Running minfo.files/mkg-q6q5q4-9-515.inp on beluga01 at Sun May 5 15:56:23 JST 2019
Thread3@beluga01.local> Running minfo.files/mkg-q6q5q4-9-516.inp on beluga01 at Sun May 5 15:56:23 JST 2019
Thread5@beluga03.local> Running minfo.files/mkg-q6q5q4-9-518.inp on beluga03 at Sun May 5 15:56:23 JST 2019
Thread4@beluga03.local> Running minfo.files/mkg-q6q5q4-9-519.inp on beluga03 at Sun May 5 15:56:23 JST 2019
Thread1@beluga02.local> Running minfo.files/mkg-q6q5q4-9-520.inp on beluga02 at Sun May 5 15:56:24 JST 2019
Thread0@beluga02.local> Running minfo.files/mkg-q6q5q4-9-521.inp on beluga02 at Sun May 5 15:56:24 JST 2019
Thread7@beluga04.local> Running minfo.files/mkg-q6q5q4-9-531.inp on beluga04 at Sun May 5 15:56:24 JST 2019
Thread6@beluga04.local> Running minfo.files/mkg-q6q5q4-9-532.inp on beluga04 at Sun May 5 15:56:24 JST 2019
Thread2@beluga01.local> Running minfo.files/mkg-q6q5q4-9-533.inp on beluga01 at Sun May 5 15:56:26 JST 2019
Thread5@beluga03.local> Running minfo.files/mkg-q6q5q4-9-536.inp on beluga03 at Sun May 5 15:56:26 JST 2019
Thread4@beluga03.local> Running minfo.files/mkg-q6q5q4-9-537.inp on beluga03 at Sun May 5 15:56:26 JST 2019
Thread1@beluga02.local> Running minfo.files/mkg-q6q5q4-9-538.inp on beluga02 at Sun May 5 15:56:26 JST 2019
Thread0@beluga02.local> Running minfo.files/mkg-q6q5q4-9-539.inp on beluga02 at Sun May 5 15:56:27 JST 2019
Thread7@beluga04.local> Running minfo.files/mkg-q6q5q4-9-540.inp on beluga04 at Sun May 5 15:56:27 JST 2019
Thread6@beluga04.local> Running minfo.files/mkg-q6q5q4-9-541.inp on beluga04 at Sun May 5 15:56:27 JST 2019
Thread2@beluga01.local> Running minfo.files/mkg-q6q5q4-9-542.inp on beluga01 at Sun May 5 15:56:28 JST 2019
Thread5@beluga03.local> Running minfo.files/mkg-q6q5q4-9-543.inp on beluga03 at Sun May 5 15:56:29 JST 2019
Thread4@beluga03.local> Running minfo.files/mkg-q6q5q4-9-545.inp on beluga03 at Sun May 5 15:56:30 JST 2019
Thread1@beluga02.local> Running minfo.files/mkg-q6q5q4-9-546.inp on beluga02 at Sun May 5 15:56:29 JST 2019
Thread0@beluga02.local> Running minfo.files/mkg-q6q5q4-9-547.inp on beluga02 at Sun May 5 15:56:29 JST 2019
Thread6@beluga04.local> Running minfo.files/mkg-q6q5q4-9-548.inp on beluga04 at Sun May 5 15:56:29 JST 2019
Thread3@beluga01.local> Running minfo.files/mkg-q6q5q4-9-534.inp on beluga01 at Sun May 5 15:56:31 JST 2019
Thread2@beluga01.local> Running minfo.files/mkg-q6q5q4-9-550.inp on beluga01 at Sun May 5 15:56:31 JST 2019
Thread5@beluga03.local> Running minfo.files/mkg-q6q5q4-9-551.inp on beluga03 at Sun May 5 15:56:32 JST 2019
Thread4@beluga03.local> Running minfo.files/mkg-q6q5q4-9-552.inp on beluga03 at Sun May 5 15:56:32 JST 2019
Thread1@beluga02.local> Running minfo.files/mkg-q6q5q4-9-554.inp on beluga02 at Sun May 5 15:56:32 JST 2019
Thread0@beluga02.local> Running minfo.files/mkg-q6q5q4-9-555.inp on beluga02 at Sun May 5 15:56:32 JST 2019
Thread6@beluga04.local> Running minfo.files/mkg-q6q5q4-9-556.inp on beluga04 at Sun May 5 15:56:32 JST 2019
Thread3@beluga01.local> Running minfo.files/mkg-q6q5q4-9-557.inp on beluga01 at Sun May 5 15:56:33 JST 2019
Thread2@beluga01.local> Running minfo.files/mkg-q6q5q4-9-558.inp on beluga01 at Sun May 5 15:56:34 JST 2019
Thread5@beluga03.local> Running minfo.files/mkg-q6q5q4-9-559.inp on beluga03 at Sun May 5 15:56:35 JST 2019
Thread4@beluga03.local> Running minfo.files/mkg-q6q5q4-9-560.inp on beluga03 at Sun May 5 15:56:35 JST 2019
Thread1@beluga02.local> Running minfo.files/mkg-q6q5q4-9-561.inp on beluga02 at Sun May 5 15:56:34 JST 2019
Thread0@beluga02.local> Running minfo.files/mkg-q6q5q4-9-563.inp on beluga02 at Sun May 5 15:56:34 JST 2019
Thread7@beluga04.local> Running minfo.files/mkg-q6q5q4-9-549.inp on beluga04 at Sun May 5 15:56:34 JST 2019
Thread6@beluga04.local> Running minfo.files/mkg-q6q5q4-9-564.inp on beluga04 at Sun May 5 15:56:35 JST 2019
Thread5@beluga03.local> Running minfo.files/mkg-q6q5q4-9-567.inp on beluga03 at Sun May 5 15:56:37 JST 2019
Thread4@beluga03.local> Running minfo.files/mkg-q6q5q4-9-568.inp on beluga03 at Sun May 5 15:56:37 JST 2019
Thread1@beluga02.local> Running minfo.files/mkg-q6q5q4-9-569.inp on beluga02 at Sun May 5 15:56:37 JST 2019
Thread0@beluga02.local> Running minfo.files/mkg-q6q5q4-9-570.inp on beluga02 at Sun May 5 15:56:37 JST 2019
Thread7@beluga04.local> Running minfo.files/mkg-q6q5q4-9-572.inp on beluga04 at Sun May 5 15:56:37 JST 2019
Thread6@beluga04.local> Running minfo.files/mkg-q6q5q4-9-573.inp on beluga04 at Sun May 5 15:56:37 JST 2019
Thread4@beluga03.local> Running minfo.files/mkg-q6q5q4-9-574.inp on beluga03 at Sun May 5 15:56:40 JST 2019
Thread5@beluga03.local> Running minfo.files/mkg-q6q5q4-9-575.inp on beluga03 at Sun May 5 15:56:40 JST 2019
Thread1@beluga02.local> Running minfo.files/mkg-q6q5q4-9-576.inp on beluga02 at Sun May 5 15:56:40 JST 2019
Thread0@beluga02.local> Running minfo.files/mkg-q6q5q4-9-577.inp on beluga02 at Sun May 5 15:56:40 JST 2019
Thread7@beluga04.local> Running minfo.files/mkg-q6q5q4-9-578.inp on beluga04 at Sun May 5 15:56:39 JST 2019
Thread3@beluga01.local> Running minfo.files/mkg-q6q5q4-9-565.inp on beluga01 at Sun May 5 15:56:41 JST 2019
Thread6@beluga04.local> Running minfo.files/mkg-q6q5q4-9-579.inp on beluga04 at Sun May 5 15:56:40 JST 2019
Thread2@beluga01.local> Running minfo.files/mkg-q6q5q4-9-566.inp on beluga01 at Sun May 5 15:56:42 JST 2019
Thread1@beluga02.local> Running minfo.files/mkg-q6q5q4-9-583.inp on beluga02 at Sun May 5 15:56:42 JST 2019
Thread0@beluga02.local> Running minfo.files/mkg-q6q5q4-9-584.inp on beluga02 at Sun May 5 15:56:42 JST 2019
Thread5@beluga03.local> Running minfo.files/mkg-q6q5q4-9-581.inp on beluga03 at Sun May 5 15:56:43 JST 2019
Thread4@beluga03.local> Running minfo.files/mkg-q6q5q4-9-582.inp on beluga03 at Sun May 5 15:56:43 JST 2019
Thread7@beluga04.local> Running minfo.files/mkg-q6q5q4-9-585.inp on beluga04 at Sun May 5 15:56:42 JST 2019
Thread3@beluga01.local> Running minfo.files/mkg-q6q5q4-9-586.inp on beluga01 at Sun May 5 15:56:44 JST 2019
Thread6@beluga04.local> Running minfo.files/mkg-q6q5q4-9-587.inp on beluga04 at Sun May 5 15:56:43 JST 2019
Thread2@beluga01.local> Running minfo.files/mkg-q6q5q4-9-588.inp on beluga01 at Sun May 5 15:56:44 JST 2019
Thread1@beluga02.local> Running minfo.files/mkg-q6q5q4-9-590.inp on beluga02 at Sun May 5 15:56:45 JST 2019
Thread0@beluga02.local> Running minfo.files/mkg-q6q5q4-9-592.inp on beluga02 at Sun May 5 15:56:45 JST 2019
Thread5@beluga03.local> Running minfo.files/mkg-q6q5q4-9-591.inp on beluga03 at Sun May 5 15:56:46 JST 2019
Thread4@beluga03.local> Running minfo.files/mkg-q6q5q4-9-593.inp on beluga03 at Sun May 5 15:56:46 JST 2019
Thread7@beluga04.local> Running minfo.files/mkg-q6q5q4-9-594.inp on beluga04 at Sun May 5 15:56:45 JST 2019
Thread3@beluga01.local> Running minfo.files/mkg-q6q5q4-9-595.inp on beluga01 at Sun May 5 15:56:46 JST 2019
Thread6@beluga04.local> Running minfo.files/mkg-q6q5q4-9-596.inp on beluga04 at Sun May 5 15:56:46 JST 2019
Thread2@beluga01.local> Running minfo.files/mkg-q6q5q4-9-597.inp on beluga01 at Sun May 5 15:56:47 JST 2019
Thread1@beluga02.local> Running minfo.files/mkg-q6q5q4-9-599.inp on beluga02 at Sun May 5 15:56:47 JST 2019
Thread0@beluga02.local> Running minfo.files/mkg-q6q5q4-9-600.inp on beluga02 at Sun May 5 15:56:48 JST 2019
Thread4@beluga03.local> Running minfo.files/mkg-q6q5q4-9-602.inp on beluga03 at Sun May 5 15:56:49 JST 2019
Thread7@beluga04.local> Running minfo.files/mkg-q6q5q4-9-612.inp on beluga04 at Sun May 5 15:56:48 JST 2019
Thread3@beluga01.local> Running minfo.files/mkg-q6q5q4-9-613.inp on beluga01 at Sun May 5 15:56:49 JST 2019
Thread6@beluga04.local> Running minfo.files/mkg-q6q5q4-9-614.inp on beluga04 at Sun May 5 15:56:48 JST 2019
Thread2@beluga01.local> Running minfo.files/mkg-q6q5q4-9-615.inp on beluga01 at Sun May 5 15:56:50 JST 2019
Thread1@beluga02.local> Running minfo.files/mkg-q6q5q4-9-617.inp on beluga02 at Sun May 5 15:56:50 JST 2019
Thread0@beluga02.local> Running minfo.files/mkg-q6q5q4-9-618.inp on beluga02 at Sun May 5 15:56:51 JST 2019
Thread7@beluga04.local> Running minfo.files/mkg-q6q5q4-9-619.inp on beluga04 at Sun May 5 15:56:50 JST 2019
Thread4@beluga03.local> Running minfo.files/mkg-q6q5q4-9-620.inp on beluga03 at Sun May 5 15:56:52 JST 2019
Thread3@beluga01.local> Running minfo.files/mkg-q6q5q4-9-621.inp on beluga01 at Sun May 5 15:56:52 JST 2019
Thread6@beluga04.local> Running minfo.files/mkg-q6q5q4-9-622.inp on beluga04 at Sun May 5 15:56:51 JST 2019
Thread2@beluga01.local> Running minfo.files/mkg-q6q5q4-9-623.inp on beluga01 at Sun May 5 15:56:53 JST 2019
Thread1@beluga02.local> Running minfo.files/mkg-q6q5q4-9-624.inp on beluga02 at Sun May 5 15:56:53 JST 2019
Thread5@beluga03.local> Running minfo.files/mkg-q6q5q4-9-601.inp on beluga03 at Sun May 5 15:56:54 JST 2019
Thread0@beluga02.local> Running minfo.files/mkg-q6q5q4-9-626.inp on beluga02 at Sun May 5 15:56:53 JST 2019
Thread3@beluga01.local> Running minfo.files/mkg-q6q5q4-9-627.inp on beluga01 at Sun May 5 15:56:54 JST 2019
Thread7@beluga04.local> Running minfo.files/mkg-q6q5q4-9-628.inp on beluga04 at Sun May 5 15:56:53 JST 2019
Thread4@beluga03.local> Running minfo.files/mkg-q6q5q4-9-629.inp on beluga03 at Sun May 5 15:56:54 JST 2019
Thread6@beluga04.local> Running minfo.files/mkg-q6q5q4-9-630.inp on beluga04 at Sun May 5 15:56:53 JST 2019
Thread2@beluga01.local> Running minfo.files/mkg-q6q5q4-9-631.inp on beluga01 at Sun May 5 15:56:55 JST 2019
Thread1@beluga02.local> Running minfo.files/mkg-q6q5q4-9-632.inp on beluga02 at Sun May 5 15:56:55 JST 2019
Thread5@beluga03.local> Running minfo.files/mkg-q6q5q4-9-633.inp on beluga03 at Sun May 5 15:56:56 JST 2019
Thread0@beluga02.local> Running minfo.files/mkg-q6q5q4-9-635.inp on beluga02 at Sun May 5 15:56:56 JST 2019
Thread3@beluga01.local> Running minfo.files/mkg-q6q5q4-9-638.inp on beluga01 at Sun May 5 15:56:57 JST 2019
Thread4@beluga03.local> Running minfo.files/mkg-q6q5q4-9-637.inp on beluga03 at Sun May 5 15:56:57 JST 2019
Thread6@beluga04.local> Running minfo.files/mkg-q6q5q4-9-639.inp on beluga04 at Sun May 5 15:56:56 JST 2019
Thread2@beluga01.local> Running minfo.files/mkg-q6q5q4-9-640.inp on beluga01 at Sun May 5 15:56:58 JST 2019
Thread5@beluga03.local> Running minfo.files/mkg-q6q5q4-9-641.inp on beluga03 at Sun May 5 15:56:59 JST 2019
Thread0@beluga02.local> Running minfo.files/mkg-q6q5q4-9-644.inp on beluga02 at Sun May 5 15:56:58 JST 2019
Thread1@beluga02.local> Running minfo.files/mkg-q6q5q4-9-642.inp on beluga02 at Sun May 5 15:56:58 JST 2019
Thread4@beluga03.local> Running minfo.files/mkg-q6q5q4-9-645.inp on beluga03 at Sun May 5 15:57:00 JST 2019
Thread3@beluga01.local> Running minfo.files/mkg-q6q5q4-9-646.inp on beluga01 at Sun May 5 15:57:00 JST 2019
Thread6@beluga04.local> Running minfo.files/mkg-q6q5q4-9-647.inp on beluga04 at Sun May 5 15:56:59 JST 2019
Thread2@beluga01.local> Running minfo.files/mkg-q6q5q4-9-648.inp on beluga01 at Sun May 5 15:57:00 JST 2019
Thread0@beluga02.local> Running minfo.files/mkg-q6q5q4-9-649.inp on beluga02 at Sun May 5 15:57:01 JST 2019
Thread1@beluga02.local> Running minfo.files/mkg-q6q5q4-9-651.inp on beluga02 at Sun May 5 15:57:01 JST 2019
Thread5@beluga03.local> Running minfo.files/mkg-q6q5q4-9-650.inp on beluga03 at Sun May 5 15:57:01 JST 2019
Thread7@beluga04.local> Running minfo.files/mkg-q6q5q4-9-636.inp on beluga04 at Sun May 5 15:57:01 JST 2019
Thread4@beluga03.local> Running minfo.files/mkg-q6q5q4-9-653.inp on beluga03 at Sun May 5 15:57:02 JST 2019
Thread3@beluga01.local> Running minfo.files/mkg-q6q5q4-9-654.inp on beluga01 at Sun May 5 15:57:02 JST 2019
Thread6@beluga04.local> Running minfo.files/mkg-q6q5q4-9-655.inp on beluga04 at Sun May 5 15:57:01 JST 2019
Thread5@beluga03.local> Running minfo.files/mkg-q6q5q4-9-657.inp on beluga03 at Sun May 5 15:57:04 JST 2019
Thread1@beluga02.local> Running minfo.files/mkg-q6q5q4-9-658.inp on beluga02 at Sun May 5 15:57:04 JST 2019
Thread7@beluga04.local> Running minfo.files/mkg-q6q5q4-9-659.inp on beluga04 at Sun May 5 15:57:03 JST 2019
Thread4@beluga03.local> Running minfo.files/mkg-q6q5q4-9-662.inp on beluga03 at Sun May 5 15:57:05 JST 2019
Thread6@beluga04.local> Running minfo.files/mkg-q6q5q4-9-663.inp on beluga04 at Sun May 5 15:57:04 JST 2019
Thread3@beluga01.local> Running minfo.files/mkg-q6q5q4-9-664.inp on beluga01 at Sun May 5 15:57:05 JST 2019
Thread1@beluga02.local> Running minfo.files/mkg-q6q5q4-9-665.inp on beluga02 at Sun May 5 15:57:06 JST 2019
Thread5@beluga03.local> Running minfo.files/mkg-q6q5q4-9-666.inp on beluga03 at Sun May 5 15:57:07 JST 2019
Thread7@beluga04.local> Running minfo.files/mkg-q6q5q4-9-667.inp on beluga04 at Sun May 5 15:57:06 JST 2019
Thread4@beluga03.local> Running minfo.files/mkg-q6q5q4-9-668.inp on beluga03 at Sun May 5 15:57:07 JST 2019
Thread6@beluga04.local> Running minfo.files/mkg-q6q5q4-9-669.inp on beluga04 at Sun May 5 15:57:06 JST 2019
Thread3@beluga01.local> Running minfo.files/mkg-q6q5q4-9-671.inp on beluga01 at Sun May 5 15:57:08 JST 2019
Thread2@beluga01.local> Running minfo.files/mkg-q6q5q4-9-656.inp on beluga01 at Sun May 5 15:57:08 JST 2019
Thread0@beluga02.local> Running minfo.files/mkg-q6q5q4-9-660.inp on beluga02 at Sun May 5 15:57:09 JST 2019
Thread1@beluga02.local> Running minfo.files/mkg-q6q5q4-9-672.inp on beluga02 at Sun May 5 15:57:09 JST 2019
Thread7@beluga04.local> Running minfo.files/mkg-q6q5q4-9-673.inp on beluga04 at Sun May 5 15:57:08 JST 2019
Thread6@beluga04.local> Running minfo.files/mkg-q6q5q4-9-674.inp on beluga04 at Sun May 5 15:57:09 JST 2019
Thread5@beluga03.local> Running minfo.files/mkg-q6q5q4-9-675.inp on beluga03 at Sun May 5 15:57:10 JST 2019
Thread4@beluga03.local> Running minfo.files/mkg-q6q5q4-9-676.inp on beluga03 at Sun May 5 15:57:10 JST 2019
Thread3@beluga01.local> Running minfo.files/mkg-q6q5q4-9-677.inp on beluga01 at Sun May 5 15:57:11 JST 2019
Thread2@beluga01.local> Running minfo.files/mkg-q6q5q4-9-678.inp on beluga01 at Sun May 5 15:57:11 JST 2019
Thread0@beluga02.local> Running minfo.files/mkg-q6q5q4-9-680.inp on beluga02 at Sun May 5 15:57:11 JST 2019
Thread1@beluga02.local> Running minfo.files/mkg-q6q5q4-9-681.inp on beluga02 at Sun May 5 15:57:11 JST 2019
Thread7@beluga04.local> Running minfo.files/mkg-q6q5q4-9-682.inp on beluga04 at Sun May 5 15:57:11 JST 2019
Thread4@beluga03.local> Running minfo.files/mkg-q6q5q4-9-683.inp on beluga03 at Sun May 5 15:57:13 JST 2019
Thread5@beluga03.local> Running minfo.files/mkg-q6q5q4-9-693.inp on beluga03 at Sun May 5 15:57:13 JST 2019
Thread6@beluga04.local> Running minfo.files/mkg-q6q5q4-9-694.inp on beluga04 at Sun May 5 15:57:12 JST 2019
Thread2@beluga01.local> Running minfo.files/mkg-q6q5q4-9-695.inp on beluga01 at Sun May 5 15:57:13 JST 2019
Thread0@beluga02.local> Running minfo.files/mkg-q6q5q4-9-696.inp on beluga02 at Sun May 5 15:57:14 JST 2019
Thread1@beluga02.local> Running minfo.files/mkg-q6q5q4-9-698.inp on beluga02 at Sun May 5 15:57:14 JST 2019
Thread7@beluga04.local> Running minfo.files/mkg-q6q5q4-9-699.inp on beluga04 at Sun May 5 15:57:14 JST 2019
Thread6@beluga04.local> Running minfo.files/mkg-q6q5q4-9-702.inp on beluga04 at Sun May 5 15:57:15 JST 2019
Thread4@beluga03.local> Running minfo.files/mkg-q6q5q4-9-700.inp on beluga03 at Sun May 5 15:57:16 JST 2019
Thread5@beluga03.local> Running minfo.files/mkg-q6q5q4-9-701.inp on beluga03 at Sun May 5 15:57:16 JST 2019
Thread2@beluga01.local> Running minfo.files/mkg-q6q5q4-9-703.inp on beluga01 at Sun May 5 15:57:16 JST 2019
Thread0@beluga02.local> Running minfo.files/mkg-q6q5q4-9-704.inp on beluga02 at Sun May 5 15:57:16 JST 2019
Thread1@beluga02.local> Running minfo.files/mkg-q6q5q4-9-705.inp on beluga02 at Sun May 5 15:57:16 JST 2019
Thread7@beluga04.local> Running minfo.files/mkg-q6q5q4-9-707.inp on beluga04 at Sun May 5 15:57:17 JST 2019
Thread5@beluga03.local> Running minfo.files/mkg-q6q5q4-9-708.inp on beluga03 at Sun May 5 15:57:18 JST 2019
Thread3@beluga01.local> Running minfo.files/mkg-q6q5q4-9-709.inp on beluga01 at Sun May 5 15:57:18 JST 2019
Thread4@beluga03.local> Running minfo.files/mkg-q6q5q4-9-710.inp on beluga03 at Sun May 5 15:57:19 JST 2019
Thread6@beluga04.local> Running minfo.files/mkg-q6q5q4-9-711.inp on beluga04 at Sun May 5 15:57:17 JST 2019
Thread2@beluga01.local> Running minfo.files/mkg-q6q5q4-9-712.inp on beluga01 at Sun May 5 15:57:19 JST 2019
Thread0@beluga02.local> Running minfo.files/mkg-q6q5q4-9-713.inp on beluga02 at Sun May 5 15:57:19 JST 2019
Thread1@beluga02.local> Running minfo.files/mkg-q6q5q4-9-714.inp on beluga02 at Sun May 5 15:57:19 JST 2019
Thread7@beluga04.local> Running minfo.files/mkg-q6q5q4-9-716.inp on beluga04 at Sun May 5 15:57:19 JST 2019
Thread3@beluga01.local> Running minfo.files/mkg-q6q5q4-9-717.inp on beluga01 at Sun May 5 15:57:21 JST 2019
Thread6@beluga04.local> Running minfo.files/mkg-q6q5q4-9-718.inp on beluga04 at Sun May 5 15:57:20 JST 2019
Thread5@beluga03.local> Running minfo.files/mkg-q6q5q4-9-719.inp on beluga03 at Sun May 5 15:57:22 JST 2019
Thread2@beluga01.local> Running minfo.files/mkg-q6q5q4-9-721.inp on beluga01 at Sun May 5 15:57:22 JST 2019
Thread4@beluga03.local> Running minfo.files/mkg-q6q5q4-9-720.inp on beluga03 at Sun May 5 15:57:22 JST 2019
Thread1@beluga02.local> Running minfo.files/mkg-q6q5q4-9-723.inp on beluga02 at Sun May 5 15:57:22 JST 2019
Thread0@beluga02.local> Running minfo.files/mkg-q6q5q4-9-722.inp on beluga02 at Sun May 5 15:57:22 JST 2019
Thread7@beluga04.local> Running minfo.files/mkg-q6q5q4-9-725.inp on beluga04 at Sun May 5 15:57:21 JST 2019
Thread3@beluga01.local> Running minfo.files/mkg-q6q5q4-9-726.inp on beluga01 at Sun May 5 15:57:24 JST 2019
Thread6@beluga04.local> Running minfo.files/mkg-q6q5q4-9-727.inp on beluga04 at Sun May 5 15:57:23 JST 2019
Thread1@beluga02.local> Running minfo.files/mkg-q6q5q4-9-728.inp on beluga02 at Sun May 5 15:57:24 JST 2019
End of electronic structure calculations.

Generating pot files.

   o q5q4.pot  [OK]
   o q5q4.dipole  [OK]
   o q6q4.pot  [OK]
   o q6q4.dipole  [OK]
   o q6q5q4.pot  [OK]
   o q6q5q4.dipole  [OK]

End of 3MR-GridPES generation:


End of GridPES generation:

