 -------------------------------------------------------
                                                      
    ***   WELCOME TO SINDO PROGRAM                    
     ***                (  VERSION 4.0 BETA  )        
      ***                                             
       ***       COPYRIGHT 2019:                      
        ***         KIYOSHI YAGI  KIYOSHI.YAGI@RIKEN.JP
                                                      
 -------------------------------------------------------

     JOB STARTED AT: Thu Nov  7 13:19:32 2019
     RUNNING ON beluga04                        


(  SETUP MEM MODULE  )

   o MAXIMUM MEMORY :       10 MB


(  SETUP MOL MODULE  )


   READ DATA FROM A MINFO FILE : [ ../5_qmmm-vib/qmmm_vib.minfo ]


(  ENTER NMA MODULE  )


      o ATOMIC MASS
           12.0110     15.9990     14.0070      1.0080
 
      o REFERENCE GEOMETRY
         -7.644705   11.436251   -1.992202
         -6.826588   11.433549    0.213363
         -6.205628   11.149021   -4.079288
         -7.074813   11.428373   -5.781010
 
      o NORMAL DISPLACEMENT VECTOR
          0.016600    0.286019   -0.029680
          0.037965    0.951069   -0.040869
         -0.011289   -0.040848    0.003246
         -0.016135   -0.085492   -0.004084
 
          0.078785    0.000165   -0.375462
          0.510783   -0.057864   -0.599061
         -0.034158   -0.043752   -0.451642
          0.038251    0.023600   -0.143588
 
         -0.046411   -0.279629    0.031537
          0.011884    0.022823    0.015704
         -0.192738   -0.906120    0.035465
         -0.056799   -0.234107    0.016096
 
          0.252094    0.012261    0.351272
          0.805923   -0.021061    0.261267
          0.076826    0.018803    0.275803
         -0.033089   -0.040386    0.098194
 
         -0.036196   -0.438270   -0.060466
         -0.012210    0.068306   -0.101958
          0.199551    0.308178    0.063759
         -0.137208   -0.793585   -0.016746
 
         -0.002793   -0.778699    0.019429
          0.026298    0.286785    0.006785
          0.184790    0.070945   -0.020824
          0.147518    0.498571    0.017606
 
         -0.430719   -0.155256    0.192850
          0.139712    0.055429    0.013238
         -0.775921    0.249388   -0.081495
         -0.241731    0.028937   -0.016063
 
         -0.440876    0.072535   -0.048554
          0.069425   -0.032221   -0.513595
          0.101792   -0.032724    0.684058
          0.113474    0.090596    0.167089
 
         -0.593152    0.079165    0.155155
          0.156870   -0.006880    0.241498
          0.228409   -0.047150   -0.239756
          0.538454   -0.128553   -0.341347
 
         -0.386374    0.075182    0.192957
          0.051225   -0.008797   -0.014579
          0.450124   -0.090064   -0.320876
         -0.615925    0.114015    0.314434
 
          0.213233    0.010546    0.793014
         -0.188663    0.002836   -0.487834
          0.008627   -0.004347   -0.144858
          0.129905   -0.041428   -0.110887
 
         -0.004469    0.000946    0.001240
          0.000788    0.000447    0.005961
         -0.120070    0.037206   -0.241203
          0.442590   -0.130615    0.844402
 
 
      o TRANSLATIONAL VECTOR
          0.528359    0.000000    0.000000
          0.609798    0.000000    0.000000
          0.570574    0.000000    0.000000
          0.153063    0.000000    0.000000
 
          0.000000    0.528359    0.000000
          0.000000    0.609798    0.000000
          0.000000    0.570574    0.000000
          0.000000    0.153063    0.000000
 
          0.000000    0.000000    0.528359
          0.000000    0.000000    0.609798
          0.000000    0.000000    0.570574
          0.000000    0.000000    0.153063
 
 
      o ROTATIONAL VECTOR
          0.000229    0.014504    0.022992
         -0.010944   -0.694333    0.029822
          0.010171    0.645257   -0.054974
          0.004899    0.310808    0.006750
 
         -0.013939    0.000000    0.211030
          0.667289    0.000000   -0.009930
         -0.620124    0.000000   -0.189315
         -0.298702    0.000000    0.016813
 
         -0.098100   -0.797162    0.031269
          0.025809    0.317938   -0.013965
          0.085985    0.449008   -0.014165
         -0.084716   -0.188695    0.000503
 
(  SETUP OF NMA COMPLETED  )



(  SETUP VIB MODULE  )

   >> RUN OPTIONS
      VSCF    =     T
      OC-VSCF =     F
      VCI     =     F
      VPT     =     T
      VQDPT   =     F
      PRPT    =     F


   >> BASIS FUNCTIONS
      MODE :         1        2        3        4        5        6
      MAXV :        -1       -1       -1       -1       10       10
      FREQ :    180.65   288.77   363.85   428.97   701.46   775.92

      MODE :         7        8        9       10       11       12
      MAXV :        10       10       10       10       10       10
      FREQ :    798.76   926.86  1314.99  1576.51  1704.22  3487.43


(  SETUP TARGET MODULE  )

   >> TARGET STATES
       000   : ZERO-POINT STATE
     001-008 : FUNDAMENTALS
 

(  SETUP MRPES MODULE  )

   >> POTENTIAL

      [  OPTIONS  ]

         MR         =        3
         MCS_CUTOFF = -.10E-02
         MCS_GRID   = -.10E+01
         POTDIR     = ../8_mrpes/
         MOPFILE    = ../6_mkqff/prop_no_1.mop


         1MR-PEF

         o GRID PEF

           MODE=   5, GRID=  11   B3LYP-D3/cc-pVDZ
           MODE=   6, GRID=  11   B3LYP-D3/cc-pVDZ
           MODE=   7, GRID=  11   B3LYP-D3/cc-pVDZ
           MODE=   8, GRID=  11   B3LYP-D3/cc-pVDZ
           MODE=   9, GRID=  11   B3LYP-D3/cc-pVDZ
           MODE=  10, GRID=  11   B3LYP-D3/cc-pVDZ
           MODE=  11, GRID=  11   B3LYP-D3/cc-pVDZ
           MODE=  12, GRID=  11   B3LYP-D3/cc-pVDZ
 
         o DISABLED

           MODE=   1
           MODE=   2
           MODE=   3
           MODE=   4

         2MR-PEF

         o GRID PEF

           MODE=   6   5, GRID=   9   9   B3LYP-D3/cc-pVDZ
           MODE=  12   5, GRID=   9   9   B3LYP-D3/cc-pVDZ
           MODE=  12   6, GRID=   9   9   B3LYP-D3/cc-pVDZ
           MODE=  12   9, GRID=   9   9   B3LYP-D3/cc-pVDZ
           MODE=  12  10, GRID=   9   9   B3LYP-D3/cc-pVDZ
 
         o QFF  B3LYP-D3/cc-pVDZ

           MODE=   7   5
           MODE=   7   6
           MODE=   8   5
           MODE=   8   6
           MODE=   8   7
           MODE=   9   5
           MODE=   9   6
           MODE=   9   7
           MODE=   9   8
           MODE=  10   5
           MODE=  10   6
           MODE=  10   7
           MODE=  10   8
           MODE=  10   9
           MODE=  11   5
           MODE=  11   6
           MODE=  11   7
           MODE=  11   8
           MODE=  11   9
           MODE=  11  10
           MODE=  12   7
           MODE=  12   8
           MODE=  12  11
 

         3MR-PEF

         o QFF  B3LYP-D3/cc-pVDZ

           NUMBER OF TERMS=      56
 

(  FINALIZE MRPES MODULE  )

            (MEMORY INFO)
            -- CURRENT USAGE    [     0.15 MB /    10.00 MB (  1.5 % ) ]  -- 
            -- IN THE LAST STEP [     0.18 MB /    10.00 MB (  1.8 % ) ]  -- 

            (CLOCK) ---->  LAST STEP: USER     0.01, SYSTEM     0.00 SECS   <----


(  ENTER VSCF MODULE  )

  ---  VIBRATIONAL SELF-CONSISTENT FIELD CALCULATIONS   ---

   >> SCF OPTIONS
       STATE SPECIFIC :        F
              RESTART :        F
        MAX ITERATION :       10
         CONV. THRESH : 0.10E-04

   >> FILES
       WFN READ/WRITE FILE : vscf_xxx.wfn

   >> STATE 000:   ZERO-POINT STATE

       o INITIAL GUESS FROM (CONTRACTED) HARMONIC OSCILLATOR 

   -- (ITERATION) -------- (EOLD) -------- (ENEW) ----- (DELTA E) --
                1         5642.40         5618.23      -0.242D+02
                2         5618.23         5618.13      -0.942D-01
                3         5618.13         5618.13      -0.276D-02
                4         5618.13         5618.13      -0.151D-03
                5         5618.13         5618.13      -0.925D-05
   -----------------------------------------------------------------
       E(VSCF)=     5618.12974480

       o COEFFICIENTS

         -MODES-          1         2         3         4         5         6
              0     0.00000   0.00000   0.00000   0.00000   0.99920  -0.99999
              1     0.00000   0.00000   0.00000   0.00000  -0.02614   0.00112
              2     0.00000   0.00000   0.00000   0.00000  -0.02758   0.00264
              3     0.00000   0.00000   0.00000   0.00000   0.00370   0.00065
              4     0.00000   0.00000   0.00000   0.00000  -0.01125   0.00117
              5     0.00000   0.00000   0.00000   0.00000  -0.00017  -0.00004
              6     0.00000   0.00000   0.00000   0.00000   0.00357  -0.00006
              7     0.00000   0.00000   0.00000   0.00000  -0.00011  -0.00000
              8     0.00000   0.00000   0.00000   0.00000  -0.00048  -0.00000
              9     0.00000   0.00000   0.00000   0.00000   0.00005   0.00000
             10     0.00000   0.00000   0.00000   0.00000  -0.00009   0.00000
         -MODES-          7         8         9        10        11        12
              0     0.99922   0.99720  -0.99899  -0.99982   0.99981   0.99927
              1     0.03899  -0.07451  -0.04473  -0.01853  -0.01502  -0.01281
              2     0.00031   0.00516  -0.00310  -0.00345   0.00251   0.01623
              3     0.00580  -0.00247  -0.00226  -0.00267  -0.01224  -0.03185
              4     0.00022   0.00035   0.00031   0.00096   0.00012   0.00182
              5    -0.00002  -0.00004   0.00002   0.00006  -0.00006  -0.00157
              6     0.00008   0.00001  -0.00002  -0.00007   0.00033   0.00233
              7     0.00000  -0.00000   0.00001   0.00001   0.00000  -0.00026
              8    -0.00000   0.00000  -0.00000   0.00000   0.00000   0.00019
              9     0.00000  -0.00000  -0.00000  -0.00000  -0.00001  -0.00025
             10    -0.00000   0.00000   0.00000   0.00000  -0.00000   0.00002
 
       o VIBRATIONALLY AVERAGED STRUCTURE

         - Q0 -
              0.000000    0.000000    0.000000
              0.000000   -0.634363   -0.026537
              0.913928   -1.629235    0.820150
              0.310885   -0.242780   -0.158406
 
         - X0 -
             -7.646800   11.437090   -1.990258
             -6.825347   11.433801    0.220532
             -6.209773   11.149098   -4.088375
             -7.078876   11.436067   -5.794209
 
   >> VIRTUAL VSCF ENERGIES

      o VSCF STATES               TOTAL ENERGY         E-E0
        5_1                       6374.44220922         756.31246443
        6_1                       6399.82572716         781.69598236
        7_1                       6417.25315104         799.12340624
        8_1                       6540.97150414         922.84175935
        9_1                       6926.15697548        1308.02723068
       10_1                       7179.86866778        1561.73892298
       11_1                       7305.05511106        1686.92536626
       12_1                       8882.65120895        3264.52146415

(  FINALIZE VSCF MODULE  )

            (MEMORY INFO)
            -- CURRENT USAGE    [     0.15 MB /    10.00 MB (  1.5 % ) ]  -- 
            -- IN THE LAST STEP [     0.22 MB /    10.00 MB (  2.2 % ) ]  -- 

            (CLOCK) ---->  LAST STEP: USER     0.00, SYSTEM     0.00 SECS   <----


(  ENTER VPT MODULE  )

   >> VPT OPTIONS

       o VPT WITH ZERO-POINT VSCF REFERENCE (VMP)
         READ VSCF WFN  : vscf-000.wfn

       o VPT LEVEL:
         NCUP   =    3
         MAXSUM =    4

       o THRESH_ENE :   0.100E-03

       o DUMP VPT WFN : [ vmp-w.wfn ]

   >> ENTER VPT MAIN ROUTINE

      -----[  LOOP OVER TARGET STATES  ]-----

       o STATE 000:   ZERO-POINT STATE

              --- Q-SPACE COMPONENTS--- 
                  1-MODE :        0
                  2-MODE :      168
                  3-MODE :      224
                   TOTAL :      392
              ------------------------- 

             E(0th)    =     5519.46143
             E(1st)    =       98.66830
             E(2nd)    =      -32.49739

             E(VMP1)   =     5618.12973
             E(VMP2)   =     5585.63234

            (CLOCK) ---->  LAST STEP: USER     0.00, SYSTEM     0.00 SECS   <----

       o STATE 001:   5_1
 
              --- Q-SPACE COMPONENTS--- 
                  1-MODE :       33
                  2-MODE :      189
                  3-MODE :      287
                   TOTAL :      509
              ------------------------- 

             E(0th)     =     6275.77586
             E(1st)     =       98.66634
             E(2nd)     =     -123.19806

             E(VMP1)    =     6374.44220
             E(VMP2)    =     6251.24413

             E(VMP1)-E0 =      756.31247
             E(VMP2)-E0 =      665.61179

            (CLOCK) ---->  LAST STEP: USER     0.00, SYSTEM     0.00 SECS   <----

       o STATE 002:   6_1
 
              --- Q-SPACE COMPONENTS--- 
                  1-MODE :       33
                  2-MODE :      189
                  3-MODE :      287
                   TOTAL :      509
              ------------------------- 

             E(0th)     =     6301.16168
             E(1st)     =       98.66405
             E(2nd)     =      -52.38098

             E(VMP1)    =     6399.82572
             E(VMP2)    =     6347.44475

             E(VMP1)-E0 =      781.69599
             E(VMP2)-E0 =      761.81240

            (CLOCK) ---->  LAST STEP: USER     0.00, SYSTEM     0.00 SECS   <----

       o STATE 003:   7_1
 
              --- Q-SPACE COMPONENTS--- 
                  1-MODE :       33
                  2-MODE :      189
                  3-MODE :      287
                   TOTAL :      509
              ------------------------- 

             E(0th)     =     6318.58482
             E(1st)     =       98.66833
             E(2nd)     =      -34.22997

             E(VMP1)    =     6417.25315
             E(VMP2)    =     6383.02317

             E(VMP1)-E0 =      799.12341
             E(VMP2)-E0 =      797.39083

            (CLOCK) ---->  LAST STEP: USER     0.00, SYSTEM     0.00 SECS   <----

       o STATE 004:   8_1
 
              --- Q-SPACE COMPONENTS--- 
                  1-MODE :       33
                  2-MODE :      189
                  3-MODE :      287
                   TOTAL :      509
              ------------------------- 

             E(0th)     =     6442.30331
             E(1st)     =       98.66819
             E(2nd)     =      -36.43967

             E(VMP1)    =     6540.97149
             E(VMP2)    =     6504.53182

             E(VMP1)-E0 =      922.84176
             E(VMP2)-E0 =      918.89948

            (CLOCK) ---->  LAST STEP: USER     0.00, SYSTEM     0.00 SECS   <----

       o STATE 005:   9_1
 
              --- Q-SPACE COMPONENTS--- 
                  1-MODE :       33
                  2-MODE :      189
                  3-MODE :      287
                   TOTAL :      509
              ------------------------- 

             E(0th)     =     6827.49033
             E(1st)     =       98.66664
             E(2nd)     =      -48.27194

             E(VMP1)    =     6926.15697
             E(VMP2)    =     6877.88503

             E(VMP1)-E0 =     1308.02724
             E(VMP2)-E0 =     1292.25269

            (CLOCK) ---->  LAST STEP: USER     0.00, SYSTEM     0.00 SECS   <----

       o STATE 006:  10_1
 
              --- Q-SPACE COMPONENTS--- 
                  1-MODE :       33
                  2-MODE :      189
                  3-MODE :      287
                   TOTAL :      509
              ------------------------- 

             E(0th)     =     7081.20296
             E(1st)     =       98.66570
             E(2nd)     =      -40.00184

             E(VMP1)    =     7179.86866
             E(VMP2)    =     7139.86682

             E(VMP1)-E0 =     1561.73893
             E(VMP2)-E0 =     1554.23448

            (CLOCK) ---->  LAST STEP: USER     0.00, SYSTEM     0.00 SECS   <----

       o STATE 007:  11_1
 
              --- Q-SPACE COMPONENTS--- 
                  1-MODE :       33
                  2-MODE :      189
                  3-MODE :      287
                   TOTAL :      509
              ------------------------- 

             E(0th)     =     7206.38721
             E(1st)     =       98.66790
             E(2nd)     =      -41.71790

             E(VMP1)    =     7305.05511
             E(VMP2)    =     7263.33721

             E(VMP1)-E0 =     1686.92538
             E(VMP2)-E0 =     1677.70486

            (CLOCK) ---->  LAST STEP: USER     0.00, SYSTEM     0.00 SECS   <----

       o STATE 008:  12_1
 
              --- Q-SPACE COMPONENTS--- 
                  1-MODE :       33
                  2-MODE :      189
                  3-MODE :      287
                   TOTAL :      509
              ------------------------- 

             E(0th)     =     8783.97616
             E(1st)     =       98.67500
             E(2nd)     =       87.80656

             E(VMP1)    =     8882.65116
             E(VMP2)    =     8970.45773

             E(VMP1)-E0 =     3264.52143
             E(VMP2)-E0 =     3384.82538

            (CLOCK) ---->  LAST STEP: USER     0.00, SYSTEM     0.00 SECS   <----


(  FINALIZE VPT MODULE  )

            (MEMORY INFO)
            -- CURRENT USAGE    [     0.15 MB /    10.00 MB (  1.5 % ) ]  -- 
            -- IN THE LAST STEP [     0.21 MB /    10.00 MB (  2.1 % ) ]  -- 

            (CLOCK) ---->  LAST STEP: USER     0.00, SYSTEM     0.00 SECS   <----


(  FINALIZE TARGET MODULE  )


(  FINALIZE VIB MODULE  )


(  FINALIZE NMA MODULE  )


(  FINALIZE MOL MODULE  )



   (TOTAL MEMORY USAGE)   [     0.22 MB /    10.00 MB (  2.2 % ) ] 

   (CLOCK) ---->  TOTAL CPU-TIME  <----
            >     USER :   0 DAYS   0 HOURS   0 MINS   0.0 SECS 
            >    SYSTEM:   0 DAYS   0 HOURS   0 MINS   0.0 SECS 

