 -------------------------------------------------------
                                                      
    ***   WELCOME TO SINDO PROGRAM                    
     ***                (  VERSION 4.0 BETA  )        
      ***                                             
       ***       COPYRIGHT 2019:                      
        ***         KIYOSHI YAGI  KIYOSHI.YAGI@RIKEN.JP
                                                      
 -------------------------------------------------------

     JOB STARTED AT: Thu Nov  7 13:19:32 2019
     RUNNING ON beluga04                        


(  SETUP MEM MODULE  )

   o MAXIMUM MEMORY :      500 MB


(  SETUP MOL MODULE  )


   READ DATA FROM A MINFO FILE : [ ../5_qmmm-vib/qmmm_vib.minfo ]


(  ENTER NMA MODULE  )


      o ATOMIC MASS
           12.0110     15.9990     14.0070      1.0080
 
      o REFERENCE GEOMETRY
         -7.644705   11.436251   -1.992202
         -6.826588   11.433549    0.213363
         -6.205628   11.149021   -4.079288
         -7.074813   11.428373   -5.781010
 
      o NORMAL DISPLACEMENT VECTOR
          0.016600    0.286019   -0.029680
          0.037965    0.951069   -0.040869
         -0.011289   -0.040848    0.003246
         -0.016135   -0.085492   -0.004084
 
          0.078785    0.000165   -0.375462
          0.510783   -0.057864   -0.599061
         -0.034158   -0.043752   -0.451642
          0.038251    0.023600   -0.143588
 
         -0.046411   -0.279629    0.031537
          0.011884    0.022823    0.015704
         -0.192738   -0.906120    0.035465
         -0.056799   -0.234107    0.016096
 
          0.252094    0.012261    0.351272
          0.805923   -0.021061    0.261267
          0.076826    0.018803    0.275803
         -0.033089   -0.040386    0.098194
 
         -0.036196   -0.438270   -0.060466
         -0.012210    0.068306   -0.101958
          0.199551    0.308178    0.063759
         -0.137208   -0.793585   -0.016746
 
         -0.002793   -0.778699    0.019429
          0.026298    0.286785    0.006785
          0.184790    0.070945   -0.020824
          0.147518    0.498571    0.017606
 
         -0.430719   -0.155256    0.192850
          0.139712    0.055429    0.013238
         -0.775921    0.249388   -0.081495
         -0.241731    0.028937   -0.016063
 
         -0.440876    0.072535   -0.048554
          0.069425   -0.032221   -0.513595
          0.101792   -0.032724    0.684058
          0.113474    0.090596    0.167089
 
         -0.593152    0.079165    0.155155
          0.156870   -0.006880    0.241498
          0.228409   -0.047150   -0.239756
          0.538454   -0.128553   -0.341347
 
         -0.386374    0.075182    0.192957
          0.051225   -0.008797   -0.014579
          0.450124   -0.090064   -0.320876
         -0.615925    0.114015    0.314434
 
          0.213233    0.010546    0.793014
         -0.188663    0.002836   -0.487834
          0.008627   -0.004347   -0.144858
          0.129905   -0.041428   -0.110887
 
         -0.004469    0.000946    0.001240
          0.000788    0.000447    0.005961
         -0.120070    0.037206   -0.241203
          0.442590   -0.130615    0.844402
 
 
      o TRANSLATIONAL VECTOR
          0.528359    0.000000    0.000000
          0.609798    0.000000    0.000000
          0.570574    0.000000    0.000000
          0.153063    0.000000    0.000000
 
          0.000000    0.528359    0.000000
          0.000000    0.609798    0.000000
          0.000000    0.570574    0.000000
          0.000000    0.153063    0.000000
 
          0.000000    0.000000    0.528359
          0.000000    0.000000    0.609798
          0.000000    0.000000    0.570574
          0.000000    0.000000    0.153063
 
 
      o ROTATIONAL VECTOR
          0.000229    0.014504    0.022992
         -0.010944   -0.694333    0.029822
          0.010171    0.645257   -0.054974
          0.004899    0.310808    0.006750
 
         -0.013939    0.000000    0.211030
          0.667289    0.000000   -0.009930
         -0.620124    0.000000   -0.189315
         -0.298702    0.000000    0.016813
 
         -0.098100   -0.797162    0.031269
          0.025809    0.317938   -0.013965
          0.085985    0.449008   -0.014165
         -0.084716   -0.188695    0.000503
 
(  SETUP OF NMA COMPLETED  )



(  SETUP VIB MODULE  )

   >> RUN OPTIONS
      VSCF    =     T
      OC-VSCF =     F
      VCI     =     F
      VPT     =     F
      VQDPT   =     T
      PRPT    =     F


   >> BASIS FUNCTIONS
      MODE :         1        2        3        4        5        6
      MAXV :        -1       -1       -1       -1       10       10
      FREQ :    180.65   288.77   363.85   428.97   701.46   775.92

      MODE :         7        8        9       10       11       12
      MAXV :        10       10       10       10       10       10
      FREQ :    798.76   926.86  1314.99  1576.51  1704.22  3487.43


(  SETUP TARGET MODULE  )

   >> TARGET STATES
       000   : ZERO-POINT STATE
     001-008 : FUNDAMENTALS
 

(  SETUP MRPES MODULE  )

   >> POTENTIAL

      [  OPTIONS  ]

         MR         =        3
         MCS_CUTOFF = -.10E-02
         MCS_GRID   = -.10E+01
         POTDIR     = ../8_mrpes/
         MOPFILE    = ../6_mkqff/prop_no_1.mop


         1MR-PEF

         o GRID PEF

           MODE=   5, GRID=  11   B3LYP-D3/cc-pVDZ
           MODE=   6, GRID=  11   B3LYP-D3/cc-pVDZ
           MODE=   7, GRID=  11   B3LYP-D3/cc-pVDZ
           MODE=   8, GRID=  11   B3LYP-D3/cc-pVDZ
           MODE=   9, GRID=  11   B3LYP-D3/cc-pVDZ
           MODE=  10, GRID=  11   B3LYP-D3/cc-pVDZ
           MODE=  11, GRID=  11   B3LYP-D3/cc-pVDZ
           MODE=  12, GRID=  11   B3LYP-D3/cc-pVDZ
 
         o DISABLED

           MODE=   1
           MODE=   2
           MODE=   3
           MODE=   4

         2MR-PEF

         o GRID PEF

           MODE=   6   5, GRID=   9   9   B3LYP-D3/cc-pVDZ
           MODE=  12   5, GRID=   9   9   B3LYP-D3/cc-pVDZ
           MODE=  12   6, GRID=   9   9   B3LYP-D3/cc-pVDZ
           MODE=  12   9, GRID=   9   9   B3LYP-D3/cc-pVDZ
           MODE=  12  10, GRID=   9   9   B3LYP-D3/cc-pVDZ
 
         o QFF  B3LYP-D3/cc-pVDZ

           MODE=   7   5
           MODE=   7   6
           MODE=   8   5
           MODE=   8   6
           MODE=   8   7
           MODE=   9   5
           MODE=   9   6
           MODE=   9   7
           MODE=   9   8
           MODE=  10   5
           MODE=  10   6
           MODE=  10   7
           MODE=  10   8
           MODE=  10   9
           MODE=  11   5
           MODE=  11   6
           MODE=  11   7
           MODE=  11   8
           MODE=  11   9
           MODE=  11  10
           MODE=  12   7
           MODE=  12   8
           MODE=  12  11
 

         3MR-PEF

         o QFF  B3LYP-D3/cc-pVDZ

           NUMBER OF TERMS=      56
 

(  FINALIZE MRPES MODULE  )

            (MEMORY INFO)
            -- CURRENT USAGE    [     0.15 MB /   500.00 MB (  0.0 % ) ]  -- 
            -- IN THE LAST STEP [     0.18 MB /   500.00 MB (  0.0 % ) ]  -- 

            (CLOCK) ---->  LAST STEP: USER     0.01, SYSTEM     0.00 SECS   <----


(  ENTER VSCF MODULE  )

  ---  VIBRATIONAL SELF-CONSISTENT FIELD CALCULATIONS   ---

   >> SCF OPTIONS
       STATE SPECIFIC :        F
              RESTART :        F
        MAX ITERATION :       20
         CONV. THRESH : 0.10E-04

   >> FILES
       WFN READ/WRITE FILE : vscf_xxx.wfn

   >> STATE 000:   ZERO-POINT STATE

       o INITIAL GUESS FROM (CONTRACTED) HARMONIC OSCILLATOR 

   -- (ITERATION) -------- (EOLD) -------- (ENEW) ----- (DELTA E) --
                1         5642.40         5618.23      -0.242D+02
                2         5618.23         5618.13      -0.942D-01
                3         5618.13         5618.13      -0.276D-02
                4         5618.13         5618.13      -0.151D-03
                5         5618.13         5618.13      -0.925D-05
   -----------------------------------------------------------------
       E(VSCF)=     5618.12974480

       o COEFFICIENTS

         -MODES-          1         2         3         4         5         6
              0     0.00000   0.00000   0.00000   0.00000   0.99920  -0.99999
              1     0.00000   0.00000   0.00000   0.00000  -0.02614   0.00112
              2     0.00000   0.00000   0.00000   0.00000  -0.02758   0.00264
              3     0.00000   0.00000   0.00000   0.00000   0.00370   0.00065
              4     0.00000   0.00000   0.00000   0.00000  -0.01125   0.00117
              5     0.00000   0.00000   0.00000   0.00000  -0.00017  -0.00004
              6     0.00000   0.00000   0.00000   0.00000   0.00357  -0.00006
              7     0.00000   0.00000   0.00000   0.00000  -0.00011  -0.00000
              8     0.00000   0.00000   0.00000   0.00000  -0.00048  -0.00000
              9     0.00000   0.00000   0.00000   0.00000   0.00005   0.00000
             10     0.00000   0.00000   0.00000   0.00000  -0.00009   0.00000
         -MODES-          7         8         9        10        11        12
              0     0.99922   0.99720  -0.99899  -0.99982   0.99981   0.99927
              1     0.03899  -0.07451  -0.04473  -0.01853  -0.01502  -0.01281
              2     0.00031   0.00516  -0.00310  -0.00345   0.00251   0.01623
              3     0.00580  -0.00247  -0.00226  -0.00267  -0.01224  -0.03185
              4     0.00022   0.00035   0.00031   0.00096   0.00012   0.00182
              5    -0.00002  -0.00004   0.00002   0.00006  -0.00006  -0.00157
              6     0.00008   0.00001  -0.00002  -0.00007   0.00033   0.00233
              7     0.00000  -0.00000   0.00001   0.00001   0.00000  -0.00026
              8    -0.00000   0.00000  -0.00000   0.00000   0.00000   0.00019
              9     0.00000  -0.00000  -0.00000  -0.00000  -0.00001  -0.00025
             10    -0.00000   0.00000   0.00000   0.00000  -0.00000   0.00002
 
       o VIBRATIONALLY AVERAGED STRUCTURE

         - Q0 -
              0.000000    0.000000    0.000000
              0.000000   -0.634363   -0.026537
              0.913928   -1.629235    0.820150
              0.310885   -0.242780   -0.158406
 
         - X0 -
             -7.646800   11.437090   -1.990258
             -6.825347   11.433801    0.220532
             -6.209773   11.149098   -4.088375
             -7.078876   11.436067   -5.794209
 
   >> VIRTUAL VSCF ENERGIES

      o VSCF STATES               TOTAL ENERGY         E-E0
        5_1                       6374.44220922         756.31246443
        6_1                       6399.82572716         781.69598236
        7_1                       6417.25315104         799.12340624
        8_1                       6540.97150414         922.84175935
        9_1                       6926.15697548        1308.02723068
       10_1                       7179.86866778        1561.73892298
       11_1                       7305.05511106        1686.92536626
       12_1                       8882.65120895        3264.52146415

(  FINALIZE VSCF MODULE  )

            (MEMORY INFO)
            -- CURRENT USAGE    [     0.15 MB /   500.00 MB (  0.0 % ) ]  -- 
            -- IN THE LAST STEP [     0.22 MB /   500.00 MB (  0.0 % ) ]  -- 

            (CLOCK) ---->  LAST STEP: USER     0.00, SYSTEM     0.00 SECS   <----


(  ENTER VQDPT MODULE  )

   >> VQDPT OPTIONS

       o VQDPT WITH ZERO-POINT VSCF REFERENCE
         READ VSCF WFN  : vscf-000.wfn

       o P-SPACE CONSTRUCTION
         NGEN =    3
         THRESH_P0  = 0.50E+03
         THRESH_P1  = 0.10E+00
         THRESH_P2  = 0.50E-01
         THRESH_P3  = 0.90E+00
         P SET      =        0

       o Q-SPACE CONSTRUCTION
         NCUP   =    3
         MAXSUM =    4

       o P/Q INTERACTION =   1

       o THRESH_ENE =   0.100E-03

       o DUMP VQDPT WFN : [ vqdpt-w.wfn ]

   >> ENTER VQDPT MAIN ROUTINE

       o FOUND    5 GROUPS FROM THE TARGET STATES

            (CLOCK) ---->  LAST STEP: USER     0.01, SYSTEM     0.00 SECS   <----

    [ LOOP OVER THE GROUPS ]

       o STATE 000:   ZERO-POINT STATE

              --- Q-SPACE COMPONENTS--- 
                  1-MODE :        0
                  2-MODE :      168
                  3-MODE :      224
                   TOTAL :      392
              ------------------------- 

             E(0th)    =     5519.46143
             E(1st)    =       98.66830
             E(2nd)    =      -32.49739

             E(VMP1)   =     5618.12973
             E(VMP2)   =     5585.63234

            (CLOCK) ---->  LAST STEP: USER     0.00, SYSTEM     0.00 SECS   <----

       o GROUP 001: 
 
          --- P-SPACE COMPONENTS -----------------------------------------
          *    1)   5_1
          *    2)   6_1
          *    3)   7_1
          ----------------------------------------------------------------
                                                     * IS THE TARGET STATE

         o Q-SPACE COMPONENTS:          993

            (CLOCK) ---->  LAST STEP: USER     0.00, SYSTEM     0.00 SECS   <----

         > STATE 001:   5_1
 
             E(VQDPT2)   =     6252.03895
             E(VQDPT2)-E0=      666.40660

             COEFF.  WEIGHT      CONFIG.

             -0.919   0.845        5_1
              0.393   0.154        6_1
 
         > STATE 002:   6_1
 
             E(VQDPT2)   =     6346.70819
             E(VQDPT2)-E0=      761.07585

             COEFF.  WEIGHT      CONFIG.

              0.920   0.846        6_1
              0.393   0.154        5_1
 
         > STATE 003:   7_1
 
             E(VQDPT2)   =     6382.96491
             E(VQDPT2)-E0=      797.33257

             COEFF.  WEIGHT      CONFIG.

              1.000   0.999        7_1
 
 
            (CLOCK) ---->  LAST STEP: USER     0.00, SYSTEM     0.00 SECS   <----

       o GROUP 002:   8_1
 
              --- Q-SPACE COMPONENTS--- 
                  1-MODE :       33
                  2-MODE :      189
                  3-MODE :      287
                   TOTAL :      509
              ------------------------- 

             E(0th)     =     6442.30331
             E(1st)     =       98.66819
             E(2nd)     =      -36.43967

             E(VMP1)    =     6540.97149
             E(VMP2)    =     6504.53182

             E(VMP1)-E0 =      922.84176
             E(VMP2)-E0 =      918.89948

            (CLOCK) ---->  LAST STEP: USER     0.00, SYSTEM     0.00 SECS   <----

       o GROUP 003:   9_1
 
              --- Q-SPACE COMPONENTS--- 
                  1-MODE :       33
                  2-MODE :      189
                  3-MODE :      287
                   TOTAL :      509
              ------------------------- 

             E(0th)     =     6827.49033
             E(1st)     =       98.66664
             E(2nd)     =      -48.27194

             E(VMP1)    =     6926.15697
             E(VMP2)    =     6877.88503

             E(VMP1)-E0 =     1308.02724
             E(VMP2)-E0 =     1292.25269

            (CLOCK) ---->  LAST STEP: USER     0.00, SYSTEM     0.00 SECS   <----

       o GROUP 004: 
 
          --- P-SPACE COMPONENTS -----------------------------------------
          *    1)  10_1
               2)   5_2
               3)   6_2
               4)   7_2
               5)   5_1    6_1
               6)   5_1    8_1
          *    7)  11_1
               8)   6_1    8_1
               9)   7_1    8_1
          ----------------------------------------------------------------
                                                     * IS THE TARGET STATE

         o Q-SPACE COMPONENTS:         2329

            (CLOCK) ---->  LAST STEP: USER     0.00, SYSTEM     0.00 SECS   <----

         > STATE 001:   5_1    6_1
 
             E(VQDPT2)   =     6861.98002
             E(VQDPT2)-E0=     1276.34768

             COEFF.  WEIGHT      CONFIG.

             -0.719   0.516        5_1    6_1
             -0.605   0.366        5_2
              0.326   0.106        6_2
              0.068   0.005       10_1
             -0.061   0.004        5_1    8_1
              0.046   0.002        6_1    8_1
 
         > STATE 002:   5_2
 
             E(VQDPT2)   =     7036.91606
             E(VQDPT2)-E0=     1451.28372

             COEFF.  WEIGHT      CONFIG.

              0.784   0.614        5_2
             -0.486   0.236        5_1    6_1
              0.370   0.137        6_2
              0.088   0.008       10_1
              0.069   0.005       11_1
 
         > STATE 003:   6_2
 
             E(VQDPT2)   =     7108.27679
             E(VQDPT2)-E0=     1522.64445

             COEFF.  WEIGHT      CONFIG.

              0.857   0.735        6_2
              0.451   0.204        5_1    6_1
             -0.214   0.046       10_1
             -0.094   0.009        5_2
             -0.068   0.005       11_1
              0.037   0.001        7_2
 
         > STATE 004:  10_1
 
             E(VQDPT2)   =     7128.24923
             E(VQDPT2)-E0=     1542.61689

             COEFF.  WEIGHT      CONFIG.

              0.943   0.889       10_1
             -0.225   0.051        7_2
              0.196   0.038        5_1    6_1
              0.135   0.018        6_2
             -0.050   0.002        5_2
 
         > STATE 006:   7_2
 
             E(VQDPT2)   =     7183.07483
             E(VQDPT2)-E0=     1597.44249

             COEFF.  WEIGHT      CONFIG.

             -0.972   0.945        7_2
             -0.227   0.052       10_1
              0.054   0.003       11_1
 
         > STATE 007:  11_1
 
             E(VQDPT2)   =     7259.31023
             E(VQDPT2)-E0=     1673.67788

             COEFF.  WEIGHT      CONFIG.

              0.791   0.626       11_1
              0.531   0.282        6_1    8_1
              0.225   0.051        5_1    8_1
              0.182   0.033        7_1    8_1
             -0.063   0.004        5_2
              0.050   0.003        5_1    6_1
              0.039   0.002        7_2
 
         > STATE 008:   6_1    8_1
 
             E(VQDPT2)   =     7267.28770
             E(VQDPT2)-E0=     1681.65536

             COEFF.  WEIGHT      CONFIG.

             -0.748   0.560        6_1    8_1
              0.546   0.299       11_1
             -0.323   0.104        5_1    8_1
              0.181   0.033        7_1    8_1
              0.047   0.002        6_2
             -0.039   0.002        5_2
 
         > STATE 009:   7_1    8_1
 
             E(VQDPT2)   =     7304.32621
             E(VQDPT2)-E0=     1718.69386

             COEFF.  WEIGHT      CONFIG.

             -0.966   0.933        7_1    8_1
              0.251   0.063       11_1
             -0.037   0.001        5_1    8_1
             -0.032   0.001        6_1    8_1
 
 
            (CLOCK) ---->  LAST STEP: USER     0.00, SYSTEM     0.00 SECS   <----

       o GROUP 005:  12_1
 
          --- P-SPACE COMPONENTS -----------------------------------------
          *    1)  12_1
               2)  10_2
               3)   9_1   10_1
               4)   5_2   11_1
               5)  10_1   11_1
               6)   5_2   10_1
               7)   6_2   10_1
               8)   5_1    6_1   10_1
               9)   5_2    9_1
              10)   6_2    9_1
              11)   5_1    6_1    9_1
              12)   5_1    7_1   11_1
              13)   5_1    8_1   11_1
              14)  11_2
              15)   5_4
              16)   5_1    6_1   11_1
              17)   6_2   11_1
              18)   6_1    7_1   11_1
              19)   5_3    6_1
              20)   5_3    7_1
              21)   5_2    6_1    8_1
              22)   5_2    7_1    8_1
              23)   7_2   11_1
              24)   5_1    8_1   10_1
              25)   6_1    8_1   10_1
              26)   7_1    8_1   10_1
              27)   5_2    6_2
              28)   6_1    7_1   10_1
              29)   6_4
              30)   6_2    7_2
              31)   5_1    7_1   10_1
              32)   5_1    6_3
              33)   5_1    8_1    9_1
              34)   5_2    6_1    7_1
              35)   5_2    7_2
              36)   5_1    6_1    7_1    8_1
              37)   5_1    7_2    8_1
              38)   5_3    8_1
              39)   6_1    8_1   11_1
              40)   5_1    6_1    8_2
              41)   5_1    7_1    8_2
              42)   7_1    8_1   11_1
              43)   5_2    8_2
              44)   5_1    6_2    8_1
              45)   6_3    8_1
              46)   6_2    7_1    8_1
              47)   6_3    7_1
              48)   6_1    7_2    8_1
              49)   5_1    6_2    7_1
              50)   6_2    8_2
              51)   7_3    8_1
              52)   6_1    7_1    8_2
          ----------------------------------------------------------------
                                                     * IS THE TARGET STATE

         o Q-SPACE COMPONENTS:         8419

            (CLOCK) ---->  LAST STEP: USER     0.07, SYSTEM     0.00 SECS   <----

         > STATE 001:   5_2    6_2
 
             E(VQDPT2)   =     7849.70412
             E(VQDPT2)-E0=     2264.07178

             COEFF.  WEIGHT      CONFIG.

             -0.636   0.404        5_2    6_2
             -0.502   0.252        5_3    6_1
             -0.464   0.215        5_1    6_3
              0.221   0.049        5_4
              0.181   0.033        6_4
             -0.104   0.011        5_2    6_1    8_1
             -0.099   0.010        5_1    6_2    8_1
             -0.066   0.004       12_1
             -0.055   0.003        5_3    8_1
             -0.054   0.003        5_1    6_1   10_1
             -0.050   0.002        5_2    6_1    7_1
             -0.049   0.002        5_1    6_2    7_1
              0.049   0.002        6_3    8_1
             -0.039   0.001        5_1    6_1    9_1
             -0.037   0.001        5_2   10_1
              0.032   0.001        6_2   10_1
 
         > STATE 004:   5_1    6_3
 
             E(VQDPT2)   =     8284.05999
             E(VQDPT2)-E0=     2698.42765

             COEFF.  WEIGHT      CONFIG.

              0.550   0.302        5_1    6_3
             -0.498   0.248        5_3    6_1
              0.438   0.192        5_4
             -0.357   0.128        6_4
             -0.245   0.060        5_2    9_1
             -0.121   0.015        5_2    6_1    8_1
             -0.114   0.013        6_2    9_1
             -0.109   0.012        5_3    8_1
              0.084   0.007        5_2    6_2
             -0.074   0.006        6_2   10_1
             -0.068   0.005        5_2   10_1
              0.048   0.002        5_1    6_1    9_1
              0.044   0.002        5_2   11_1
              0.038   0.001        5_1    6_1   11_1
             -0.035   0.001       12_1
             -0.034   0.001        6_3    7_1
 
         > STATE 008:   6_2    9_1
 
             E(VQDPT2)   =     8389.94787
             E(VQDPT2)-E0=     2804.31552

             COEFF.  WEIGHT      CONFIG.

             -0.757   0.573        6_2    9_1
              0.504   0.254        9_1   10_1
             -0.348   0.121        5_1    6_1    9_1
             -0.097   0.009        5_2   10_1
             -0.095   0.009       12_1
             -0.074   0.005        6_4
             -0.071   0.005        5_4
              0.069   0.005        5_2    9_1
             -0.063   0.004        5_1    6_3
              0.060   0.004        6_2   10_1
              0.058   0.003       10_2
             -0.053   0.003        5_1    6_1   10_1
              0.048   0.002        5_3    6_1
             -0.032   0.001        6_2    7_2
 
         > STATE 009:   9_1   10_1
 
             E(VQDPT2)   =     8400.63053
             E(VQDPT2)-E0=     2814.99819

             COEFF.  WEIGHT      CONFIG.

              0.816   0.667        9_1   10_1
              0.382   0.146        6_2    9_1
              0.288   0.083        5_1    6_1    9_1
              0.185   0.034        5_2   10_1
             -0.156   0.024       12_1
              0.131   0.017        5_1    6_1   10_1
             -0.113   0.013        5_2    9_1
              0.073   0.005        5_1    8_1    9_1
              0.067   0.004       10_2
              0.051   0.003        6_4
             -0.034   0.001        6_2   10_1
 
         > STATE 017:   5_3    6_1
 
             E(VQDPT2)   =     8596.40635
             E(VQDPT2)-E0=     3010.77401

             COEFF.  WEIGHT      CONFIG.

             -0.562   0.316        5_3    6_1
             -0.529   0.279        5_4
              0.360   0.130        5_2    6_2
              0.259   0.067        5_1    6_1   11_1
              0.229   0.053        6_2   10_1
              0.223   0.050        5_2   10_1
             -0.202   0.041        5_2   11_1
             -0.123   0.015        5_1    6_3
              0.104   0.011       10_2
             -0.083   0.007        5_3    8_1
             -0.075   0.006        5_2    7_2
              0.071   0.005        5_1    6_2    8_1
             -0.068   0.005       12_1
             -0.061   0.004        5_1    6_1   10_1
             -0.052   0.003        9_1   10_1
             -0.052   0.003        6_3    8_1
             -0.045   0.002        6_2    7_2
              0.036   0.001        5_3    7_1
 
         > STATE 020:  10_2
 
             E(VQDPT2)   =     8634.58333
             E(VQDPT2)-E0=     3048.95099

             COEFF.  WEIGHT      CONFIG.

             -0.549   0.302       10_2
             -0.468   0.219        6_4
              0.419   0.176        6_2   10_1
             -0.254   0.064        5_2    7_2
             -0.235   0.055        5_1    6_3
              0.232   0.054        5_1    6_1   10_1
             -0.208   0.043        6_2    7_2
              0.185   0.034       12_1
             -0.119   0.014        5_2   10_1
              0.088   0.008        6_2   11_1
              0.075   0.006        9_1   10_1
              0.069   0.005        6_2    9_1
              0.053   0.003        5_1    6_1    9_1
              0.051   0.003        5_3    7_1
              0.046   0.002        5_3    6_1
             -0.045   0.002       10_1   11_1
             -0.041   0.002        5_2    6_1    7_1
              0.038   0.001        5_2   11_1
             -0.034   0.001        6_3    7_1
             -0.033   0.001        6_3    8_1
             -0.033   0.001        5_3    8_1
 
         > STATE 022:  10_2
 
             E(VQDPT2)   =     8642.58920
             E(VQDPT2)-E0=     3056.95685

             COEFF.  WEIGHT      CONFIG.

             -0.641   0.411       10_2
              0.457   0.208        6_4
              0.336   0.113        5_1    6_3
              0.273   0.075        5_2    7_2
              0.220   0.048       12_1
              0.149   0.022        6_2    7_2
              0.149   0.022        6_2   10_1
             -0.130   0.017        6_2   11_1
              0.111   0.012        5_2   10_1
             -0.098   0.010        5_1    6_1   10_1
              0.097   0.009        9_1   10_1
             -0.096   0.009        5_3    6_1
             -0.089   0.008        5_2    6_2
             -0.087   0.008        5_2   11_1
             -0.081   0.007        5_4
             -0.074   0.005        6_2    9_1
             -0.067   0.004        5_3    7_1
              0.053   0.003        6_1    7_1   10_1
              0.053   0.003        5_2    6_1    7_1
              0.040   0.002        6_3    7_1
 
         > STATE 024:   6_2   10_1
 
             E(VQDPT2)   =     8654.80368
             E(VQDPT2)-E0=     3069.17134

             COEFF.  WEIGHT      CONFIG.

             -0.660   0.436        6_2   10_1
             -0.445   0.198        5_1    6_1   10_1
             -0.356   0.126       10_2
             -0.287   0.082        5_1    6_3
             -0.197   0.039        6_4
              0.192   0.037        5_2    6_2
              0.122   0.015       12_1
              0.118   0.014        5_2   10_1
              0.100   0.010        6_2   11_1
              0.082   0.007        9_1   10_1
              0.076   0.006        6_1    7_1   10_1
             -0.072   0.005        5_2    7_2
              0.063   0.004        5_1    6_1   11_1
              0.060   0.004       10_1   11_1
              0.058   0.003        6_2    7_2
             -0.057   0.003        5_3    6_1
             -0.052   0.003        5_2   11_1
             -0.050   0.003        6_3    7_1
              0.039   0.001        5_1    7_1   10_1
              0.037   0.001        5_4
 
         > STATE 036:  10_1   11_1
 
             E(VQDPT2)   =     8799.83394
             E(VQDPT2)-E0=     3214.20160

             COEFF.  WEIGHT      CONFIG.

              0.700   0.490       10_1   11_1
              0.500   0.250        6_1    8_1   10_1
              0.231   0.053        5_1    8_1   10_1
              0.194   0.038        7_1    8_1   10_1
              0.181   0.033        5_1    6_2    8_1
             -0.167   0.028        7_2   11_1
              0.144   0.021        6_3    8_1
             -0.140   0.020        6_1    7_2    8_1
              0.118   0.014        5_1    6_1   11_1
             -0.103   0.011        6_1    7_1   11_1
             -0.090   0.008        5_2    6_1    8_1
              0.071   0.005        7_3    8_1
             -0.056   0.003        6_2    7_1    8_1
             -0.055   0.003        5_2   10_1
             -0.052   0.003        5_1    8_1   11_1
             -0.049   0.002        5_1    7_1   11_1
              0.047   0.002        6_2   11_1
              0.046   0.002        5_2    7_2
              0.044   0.002        5_1    6_1   10_1
             -0.043   0.002        6_2    7_2
             -0.040   0.002        5_1    7_2    8_1
             -0.039   0.002       12_1
             -0.032   0.001        6_1    8_1   11_1
 
         > STATE 037:   6_1    8_1   10_1
 
             E(VQDPT2)   =     8806.19637
             E(VQDPT2)-E0=     3220.56403

             COEFF.  WEIGHT      CONFIG.

              0.537   0.288        6_1    8_1   10_1
             -0.535   0.287       10_1   11_1
             -0.301   0.090        6_1    7_1   11_1
              0.249   0.062        5_1    8_1   10_1
             -0.196   0.038        6_1    7_2    8_1
             -0.196   0.038        7_1    8_1   10_1
              0.188   0.035        5_1    6_2    8_1
              0.172   0.030        7_2   11_1
             -0.144   0.021        6_2    7_1    8_1
              0.140   0.019        6_3    8_1
             -0.137   0.019        5_1    7_1   11_1
             -0.117   0.014        5_1    6_1   11_1
             -0.114   0.013        5_1    6_1    7_1    8_1
             -0.102   0.010        5_2    6_1    8_1
             -0.084   0.007        7_3    8_1
             -0.071   0.005        6_2   11_1
             -0.065   0.004        6_1    8_1   11_1
             -0.057   0.003        5_1    7_2    8_1
             -0.052   0.003        6_2   10_1
              0.039   0.002        5_2    6_1    7_1
              0.038   0.001        5_2   10_1
              0.034   0.001       12_1
             -0.034   0.001        5_1    6_2    7_1
              0.032   0.001        5_2   11_1
 
         > STATE 049:   6_2    8_2
 
             E(VQDPT2)   =     8943.56244
             E(VQDPT2)-E0=     3357.93010

             COEFF.  WEIGHT      CONFIG.

             -0.763   0.583        6_2    8_2
             -0.400   0.160        5_1    6_1    8_2
             -0.395   0.156        6_1    8_1   11_1
              0.182   0.033        6_1    7_1    8_2
             -0.170   0.029        5_1    8_1   11_1
             -0.103   0.011       11_2
              0.081   0.007        5_2    8_2
              0.076   0.006        5_1    7_1    8_2
             -0.075   0.006        6_3    8_1
              0.056   0.003        7_1    8_1   11_1
             -0.049   0.002       12_1
             -0.035   0.001        5_3    8_1
              0.035   0.001        5_2    6_1    8_1
 
         > STATE 050:  12_1
 
             E(VQDPT2)   =     8948.87531
             E(VQDPT2)-E0=     3363.24297

             COEFF.  WEIGHT      CONFIG.

             -0.921   0.848       12_1
             -0.339   0.115       10_2
             -0.140   0.020        9_1   10_1
             -0.076   0.006       10_1   11_1
              0.069   0.005        5_3    6_1
              0.032   0.001        6_2    8_2
 
 
            (CLOCK) ---->  LAST STEP: USER     0.00, SYSTEM     0.00 SECS   <----


(  FINALIZE VQDPT MODULE  )

            (MEMORY INFO)
            -- CURRENT USAGE    [     0.15 MB /   500.00 MB (  0.0 % ) ]  -- 
            -- IN THE LAST STEP [     2.21 MB /   500.00 MB (  0.4 % ) ]  -- 

            (CLOCK) ---->  LAST STEP: USER     0.00, SYSTEM     0.00 SECS   <----


(  FINALIZE TARGET MODULE  )


(  FINALIZE VIB MODULE  )


(  FINALIZE NMA MODULE  )


(  FINALIZE MOL MODULE  )



   (TOTAL MEMORY USAGE)   [     2.21 MB /   500.00 MB (  0.4 % ) ] 

   (CLOCK) ---->  TOTAL CPU-TIME  <----
            >     USER :   0 DAYS   0 HOURS   0 MINS   0.1 SECS 
            >    SYSTEM:   0 DAYS   0 HOURS   0 MINS   0.0 SECS 

