2019.02.14 at 16:23:32 JST
-------------------------------------------------------

      Make Potential Energy Surface for SINDO
                         Version 4.0
                         Release beta

                COPYRIGHT 2018:  
                   Kiyoshi Yagi  kiyoshi.yagi@riken.jp 

-------------------------------------------------------

Launch MakePES module

  o Input options read via makePES2.xml ...  [OK] 
     - Molecular info via h2o_6-mp2dz.minfo ...  [OK] 
     - InterDomain = false
     - ActiveModes:
        * Domain 1
           31  32  33  34  35  36  37  38  39  40 
           41  42  43  44  45  46  47  48 
     - MR      = 3
     - Dipole  = false

  o Options for Quantum Chemistry jobs 

    QCID: 1
     - Program      = gaussian
     - Title        = MP2/cc-pVDZ
     - Removefiles  = true
     - Dryryn       = false
     - Template     = GaussianTemplate
     - ExecCommand  = runGaussian.sh /home/yagi/devel/sindo/sindo.master/doc/MakePES/sample_MakePES/2.water-hexamer/QFF_normal basename.inp 

  o Options for QFF 

     - QCID         = 1
     - stepsize     = 0.50         
     - ndifftype    = hess
     - mopfile      = prop_no_1.mop
     - gradient_and_hessian = input

  o Queue Manager via resources.info ...  [OK] 
     -----
     ID       : 0
     Hosts    : beluga11.local
     Ppn      : 1
     Memory   : unlimit
     SCR      : unlimit
     Status   : FREE
     -----
     ID       : 1
     Hosts    : beluga11.local
     Ppn      : 1
     Memory   : unlimit
     SCR      : unlimit
     Status   : FREE
     -----
     ID       : 2
     Hosts    : beluga10.local
     Ppn      : 1
     Memory   : unlimit
     SCR      : unlimit
     Status   : FREE
     -----
     ID       : 3
     Hosts    : beluga10.local
     Ppn      : 1
     Memory   : unlimit
     SCR      : unlimit
     Status   : FREE
     -----

Setup MakeQFF module


Enter QFF generation:

Execute electronic structure calculations.

Thread1@beluga11.local> Running minfo.files/mkqff30-0.inp on beluga11 at Thu Feb 14 16:23:33 JST 2019
Thread0@beluga11.local> Running minfo.files/mkqff-eq.inp on beluga11 at Thu Feb 14 16:23:33 JST 2019
Thread2@beluga10.local> Running minfo.files/mkqff30-1.inp on beluga10 at Thu Feb 14 16:23:32 JST 2019
Thread3@beluga10.local> Running minfo.files/mkqff31-0.inp on beluga10 at Thu Feb 14 16:23:32 JST 2019
Thread1@beluga11.local> Running minfo.files/mkqff32-0.inp on beluga11 at Thu Feb 14 16:25:51 JST 2019
Thread0@beluga11.local> Running minfo.files/mkqff31-1.inp on beluga11 at Thu Feb 14 16:25:51 JST 2019
Thread3@beluga10.local> Running minfo.files/mkqff32-1.inp on beluga10 at Thu Feb 14 16:25:56 JST 2019
Thread2@beluga10.local> Running minfo.files/mkqff33-0.inp on beluga10 at Thu Feb 14 16:25:56 JST 2019
Thread1@beluga11.local> Running minfo.files/mkqff33-1.inp on beluga11 at Thu Feb 14 16:27:47 JST 2019
Thread0@beluga11.local> Running minfo.files/mkqff34-0.inp on beluga11 at Thu Feb 14 16:27:47 JST 2019
Thread2@beluga10.local> Running minfo.files/mkqff34-1.inp on beluga10 at Thu Feb 14 16:27:52 JST 2019
Thread3@beluga10.local> Running minfo.files/mkqff35-0.inp on beluga10 at Thu Feb 14 16:27:55 JST 2019
Thread0@beluga11.local> Running minfo.files/mkqff35-1.inp on beluga11 at Thu Feb 14 16:29:44 JST 2019
Thread1@beluga11.local> Running minfo.files/mkqff36-0.inp on beluga11 at Thu Feb 14 16:29:45 JST 2019
Thread2@beluga10.local> Running minfo.files/mkqff36-1.inp on beluga10 at Thu Feb 14 16:29:46 JST 2019
Thread3@beluga10.local> Running minfo.files/mkqff37-0.inp on beluga10 at Thu Feb 14 16:29:50 JST 2019
Thread0@beluga11.local> Running minfo.files/mkqff37-1.inp on beluga11 at Thu Feb 14 16:31:40 JST 2019
Thread1@beluga11.local> Running minfo.files/mkqff38-0.inp on beluga11 at Thu Feb 14 16:31:40 JST 2019
Thread2@beluga10.local> Running minfo.files/mkqff38-1.inp on beluga10 at Thu Feb 14 16:31:42 JST 2019
Thread3@beluga10.local> Running minfo.files/mkqff39-0.inp on beluga10 at Thu Feb 14 16:31:44 JST 2019
Thread0@beluga11.local> Running minfo.files/mkqff39-1.inp on beluga11 at Thu Feb 14 16:33:35 JST 2019
Thread1@beluga11.local> Running minfo.files/mkqff40-0.inp on beluga11 at Thu Feb 14 16:33:37 JST 2019
Thread2@beluga10.local> Running minfo.files/mkqff40-1.inp on beluga10 at Thu Feb 14 16:33:43 JST 2019
Thread3@beluga10.local> Running minfo.files/mkqff41-0.inp on beluga10 at Thu Feb 14 16:33:43 JST 2019
Thread0@beluga11.local> Running minfo.files/mkqff41-1.inp on beluga11 at Thu Feb 14 16:35:30 JST 2019
Thread1@beluga11.local> Running minfo.files/mkqff42-0.inp on beluga11 at Thu Feb 14 16:35:33 JST 2019
Thread3@beluga10.local> Running minfo.files/mkqff42-1.inp on beluga10 at Thu Feb 14 16:35:39 JST 2019
Thread2@beluga10.local> Running minfo.files/mkqff43-0.inp on beluga10 at Thu Feb 14 16:35:39 JST 2019
Thread0@beluga11.local> Running minfo.files/mkqff43-1.inp on beluga11 at Thu Feb 14 16:37:30 JST 2019
Thread1@beluga11.local> Running minfo.files/mkqff44-0.inp on beluga11 at Thu Feb 14 16:37:32 JST 2019
Thread3@beluga10.local> Running minfo.files/mkqff44-1.inp on beluga10 at Thu Feb 14 16:37:32 JST 2019
Thread2@beluga10.local> Running minfo.files/mkqff45-0.inp on beluga10 at Thu Feb 14 16:37:34 JST 2019
Thread3@beluga10.local> Running minfo.files/mkqff45-1.inp on beluga10 at Thu Feb 14 16:39:29 JST 2019
Thread2@beluga10.local> Running minfo.files/mkqff46-0.inp on beluga10 at Thu Feb 14 16:39:30 JST 2019
Thread0@beluga11.local> Running minfo.files/mkqff46-1.inp on beluga11 at Thu Feb 14 16:39:30 JST 2019
Thread1@beluga11.local> Running minfo.files/mkqff47-0.inp on beluga11 at Thu Feb 14 16:39:31 JST 2019
Thread1@beluga11.local> Running minfo.files/mkqff47-1.inp on beluga11 at Thu Feb 14 16:41:24 JST 2019
End of electronic structure calculations.


Storing electronic structure data in tempfile ...   Done!

Generating prop_no_1.mop... Done!

Removing the tempfiles ...   Done!

End of QFF generation.

