2019.02.14 at 17:40:59 JST
-------------------------------------------------------

      Make Potential Energy Surface for SINDO
                         Version 4.0
                         Release beta

                COPYRIGHT 2018:  
                   Kiyoshi Yagi  kiyoshi.yagi@riken.jp 

-------------------------------------------------------

Launch MakePES module

  o Input options read via makePES.xml ...  [OK] 
     - RunType = QFF
     - Molecular info via h2o_6-mp2dz_local.minfo ...  [OK] 
     - InterDomain coupling = false
     - Active Modes:
        * Domain 1
            7   8   9 
        * Domain 2
           16  17  18 
        * Domain 3
           19  25  26  27 
        * Domain 4
           34  35  36 
        * Domain 5
           43  44  45 
        * Domain 6
           52  53  54 
     - MR      = 4
     - Dipole Moment Surface = false
     - Settings for Quantum Chemistry Jobs:
        * Remove Files = true
        * DryRun       = false
        * Level-0
          Type         = Gaussian
          TemplateFile = GaussianInput.xml
          ExecCommand  = runGaussian.sh /home/yagi/devel/sindo/sindo.master/doc/MakePES/sample_MakePES/2.water-hexamer/ver1/QFF_local basename.inp 
          Title        =  MP2/cc-pVDZ

     - Settings for QFF:
        * Stepsize   = 0.500    
        * ndifftype = hess
        * mopfile   = prop_no_1.mop
        * Generate hs file = false
        * Gradient_and_Hessian = INPUT


MakePES is setup successfully!

  o Queue Manager via resources.info ...  [OK] 
     -----
     ID       : 0
     Hosts    : beluga06.local
     Ppn      : 8
     Memory   : 3 GB
     SCR      : 240 GB
     Status   : FREE
     -----
     ID       : 1
     Hosts    : beluga06.local
     Ppn      : 8
     Memory   : 3 GB
     SCR      : 240 GB
     Status   : FREE
     -----
     ID       : 2
     Hosts    : beluga07.local
     Ppn      : 8
     Memory   : 3 GB
     SCR      : 240 GB
     Status   : FREE
     -----
     ID       : 3
     Hosts    : beluga07.local
     Ppn      : 8
     Memory   : 3 GB
     SCR      : 240 GB
     Status   : FREE
     -----

Setup MakeQFF module


Enter QFF generation:

Execute electronic structure calculations.

Thread0@beluga06.local> Running minfo.files/mkqff-eq.inp on beluga06 at Thu Feb 14 17:41:01 JST 2019
Thread1@beluga06.local> Running minfo.files/mkqff6-0.inp on beluga06 at Thu Feb 14 17:41:01 JST 2019
Thread3@beluga07.local> Running minfo.files/mkqff7-0.inp on beluga07 at Thu Feb 14 17:41:01 JST 2019
Thread2@beluga07.local> Running minfo.files/mkqff6-1.inp on beluga07 at Thu Feb 14 17:41:01 JST 2019
Thread3@beluga07.local> Running minfo.files/mkqff8-0.inp on beluga07 at Thu Feb 14 17:43:26 JST 2019
Thread2@beluga07.local> Running minfo.files/mkqff7-1.inp on beluga07 at Thu Feb 14 17:43:26 JST 2019
Thread0@beluga06.local> Running minfo.files/mkqff8-1.inp on beluga06 at Thu Feb 14 17:43:28 JST 2019
Thread1@beluga06.local> Running minfo.files/mkqff7_6-0.inp on beluga06 at Thu Feb 14 17:43:30 JST 2019
Thread3@beluga07.local> Running minfo.files/mkqff7_6-1.inp on beluga07 at Thu Feb 14 17:45:19 JST 2019
Thread2@beluga07.local> Running minfo.files/mkqff7_6-2.inp on beluga07 at Thu Feb 14 17:45:21 JST 2019
Thread0@beluga06.local> Running minfo.files/mkqff7_6-3.inp on beluga06 at Thu Feb 14 17:45:42 JST 2019
Thread1@beluga06.local> Running minfo.files/mkqff8_6-0.inp on beluga06 at Thu Feb 14 17:45:54 JST 2019
Thread2@beluga07.local> Running minfo.files/mkqff8_6-1.inp on beluga07 at Thu Feb 14 17:47:13 JST 2019
Thread3@beluga07.local> Running minfo.files/mkqff8_6-2.inp on beluga07 at Thu Feb 14 17:47:15 JST 2019
Thread0@beluga06.local> Running minfo.files/mkqff8_6-3.inp on beluga06 at Thu Feb 14 17:47:59 JST 2019
Thread1@beluga06.local> Running minfo.files/mkqff8_7-0.inp on beluga06 at Thu Feb 14 17:48:10 JST 2019
Thread3@beluga07.local> Running minfo.files/mkqff8_7-1.inp on beluga07 at Thu Feb 14 17:49:11 JST 2019
Thread2@beluga07.local> Running minfo.files/mkqff8_7-2.inp on beluga07 at Thu Feb 14 17:49:12 JST 2019
Thread0@beluga06.local> Running minfo.files/mkqff8_7-3.inp on beluga06 at Thu Feb 14 17:50:17 JST 2019
Thread1@beluga06.local> Running minfo.files/mkqff15-0.inp on beluga06 at Thu Feb 14 17:50:23 JST 2019
Thread3@beluga07.local> Running minfo.files/mkqff15-1.inp on beluga07 at Thu Feb 14 17:51:07 JST 2019
Thread2@beluga07.local> Running minfo.files/mkqff16-0.inp on beluga07 at Thu Feb 14 17:51:09 JST 2019
Thread1@beluga06.local> Running minfo.files/mkqff16-1.inp on beluga06 at Thu Feb 14 17:52:37 JST 2019
Thread0@beluga06.local> Running minfo.files/mkqff17-0.inp on beluga06 at Thu Feb 14 17:52:38 JST 2019
Thread3@beluga07.local> Running minfo.files/mkqff17-1.inp on beluga07 at Thu Feb 14 17:53:03 JST 2019
Thread2@beluga07.local> Running minfo.files/mkqff16_15-0.inp on beluga07 at Thu Feb 14 17:53:04 JST 2019
Thread0@beluga06.local> Running minfo.files/mkqff16_15-1.inp on beluga06 at Thu Feb 14 17:54:52 JST 2019
Thread1@beluga06.local> Running minfo.files/mkqff16_15-2.inp on beluga06 at Thu Feb 14 17:54:53 JST 2019
Thread3@beluga07.local> Running minfo.files/mkqff16_15-3.inp on beluga07 at Thu Feb 14 17:55:03 JST 2019
Thread2@beluga07.local> Running minfo.files/mkqff17_15-0.inp on beluga07 at Thu Feb 14 17:55:05 JST 2019
Thread3@beluga07.local> Running minfo.files/mkqff17_15-1.inp on beluga07 at Thu Feb 14 17:56:56 JST 2019
Thread2@beluga07.local> Running minfo.files/mkqff17_15-2.inp on beluga07 at Thu Feb 14 17:56:59 JST 2019
Thread1@beluga06.local> Running minfo.files/mkqff17_15-3.inp on beluga06 at Thu Feb 14 17:57:12 JST 2019
Thread0@beluga06.local> Running minfo.files/mkqff17_16-0.inp on beluga06 at Thu Feb 14 17:57:15 JST 2019
Thread3@beluga07.local> Running minfo.files/mkqff17_16-1.inp on beluga07 at Thu Feb 14 17:58:54 JST 2019
Thread2@beluga07.local> Running minfo.files/mkqff17_16-2.inp on beluga07 at Thu Feb 14 17:59:00 JST 2019
Thread1@beluga06.local> Running minfo.files/mkqff17_16-3.inp on beluga06 at Thu Feb 14 17:59:27 JST 2019
Thread0@beluga06.local> Running minfo.files/mkqff18-0.inp on beluga06 at Thu Feb 14 17:59:30 JST 2019
Thread3@beluga07.local> Running minfo.files/mkqff18-1.inp on beluga07 at Thu Feb 14 18:00:47 JST 2019
Thread2@beluga07.local> Running minfo.files/mkqff24-0.inp on beluga07 at Thu Feb 14 18:00:53 JST 2019
Thread1@beluga06.local> Running minfo.files/mkqff24-1.inp on beluga06 at Thu Feb 14 18:01:35 JST 2019
Thread0@beluga06.local> Running minfo.files/mkqff25-0.inp on beluga06 at Thu Feb 14 18:01:40 JST 2019
Thread3@beluga07.local> Running minfo.files/mkqff25-1.inp on beluga07 at Thu Feb 14 18:02:40 JST 2019
Thread2@beluga07.local> Running minfo.files/mkqff26-0.inp on beluga07 at Thu Feb 14 18:02:48 JST 2019
Thread1@beluga06.local> Running minfo.files/mkqff26-1.inp on beluga06 at Thu Feb 14 18:03:50 JST 2019
Thread0@beluga06.local> Running minfo.files/mkqff24_18-0.inp on beluga06 at Thu Feb 14 18:03:59 JST 2019
Thread3@beluga07.local> Running minfo.files/mkqff24_18-1.inp on beluga07 at Thu Feb 14 18:04:36 JST 2019
Thread2@beluga07.local> Running minfo.files/mkqff24_18-2.inp on beluga07 at Thu Feb 14 18:04:45 JST 2019
Thread1@beluga06.local> Running minfo.files/mkqff24_18-3.inp on beluga06 at Thu Feb 14 18:05:59 JST 2019
Thread0@beluga06.local> Running minfo.files/mkqff25_18-0.inp on beluga06 at Thu Feb 14 18:06:10 JST 2019
Thread3@beluga07.local> Running minfo.files/mkqff25_18-1.inp on beluga07 at Thu Feb 14 18:06:36 JST 2019
Thread2@beluga07.local> Running minfo.files/mkqff25_18-2.inp on beluga07 at Thu Feb 14 18:06:42 JST 2019
Thread1@beluga06.local> Running minfo.files/mkqff25_18-3.inp on beluga06 at Thu Feb 14 18:08:11 JST 2019
Thread0@beluga06.local> Running minfo.files/mkqff25_24-0.inp on beluga06 at Thu Feb 14 18:08:20 JST 2019
Thread3@beluga07.local> Running minfo.files/mkqff25_24-1.inp on beluga07 at Thu Feb 14 18:08:35 JST 2019
Thread2@beluga07.local> Running minfo.files/mkqff25_24-2.inp on beluga07 at Thu Feb 14 18:08:38 JST 2019
Thread1@beluga06.local> Running minfo.files/mkqff25_24-3.inp on beluga06 at Thu Feb 14 18:10:25 JST 2019
Thread0@beluga06.local> Running minfo.files/mkqff26_18-0.inp on beluga06 at Thu Feb 14 18:10:27 JST 2019
Thread3@beluga07.local> Running minfo.files/mkqff26_18-1.inp on beluga07 at Thu Feb 14 18:10:29 JST 2019
Thread2@beluga07.local> Running minfo.files/mkqff26_18-2.inp on beluga07 at Thu Feb 14 18:10:31 JST 2019
Thread3@beluga07.local> Running minfo.files/mkqff26_18-3.inp on beluga07 at Thu Feb 14 18:12:25 JST 2019
Thread2@beluga07.local> Running minfo.files/mkqff26_24-0.inp on beluga07 at Thu Feb 14 18:12:26 JST 2019
Thread0@beluga06.local> Running minfo.files/mkqff26_24-1.inp on beluga06 at Thu Feb 14 18:12:41 JST 2019
Thread1@beluga06.local> Running minfo.files/mkqff26_24-2.inp on beluga06 at Thu Feb 14 18:12:42 JST 2019
Thread3@beluga07.local> Running minfo.files/mkqff26_24-3.inp on beluga07 at Thu Feb 14 18:14:25 JST 2019
Thread2@beluga07.local> Running minfo.files/mkqff26_25-0.inp on beluga07 at Thu Feb 14 18:14:26 JST 2019
Thread1@beluga06.local> Running minfo.files/mkqff26_25-1.inp on beluga06 at Thu Feb 14 18:14:51 JST 2019
Thread0@beluga06.local> Running minfo.files/mkqff26_25-2.inp on beluga06 at Thu Feb 14 18:14:56 JST 2019
Thread2@beluga07.local> Running minfo.files/mkqff26_25-3.inp on beluga07 at Thu Feb 14 18:16:23 JST 2019
Thread3@beluga07.local> Running minfo.files/mkqff33-0.inp on beluga07 at Thu Feb 14 18:16:24 JST 2019
Thread1@beluga06.local> Running minfo.files/mkqff33-1.inp on beluga06 at Thu Feb 14 18:17:00 JST 2019
Thread0@beluga06.local> Running minfo.files/mkqff34-0.inp on beluga06 at Thu Feb 14 18:17:06 JST 2019
Thread3@beluga07.local> Running minfo.files/mkqff34-1.inp on beluga07 at Thu Feb 14 18:18:19 JST 2019
Thread2@beluga07.local> Running minfo.files/mkqff35-0.inp on beluga07 at Thu Feb 14 18:18:19 JST 2019
Thread1@beluga06.local> Running minfo.files/mkqff35-1.inp on beluga06 at Thu Feb 14 18:19:13 JST 2019
Thread0@beluga06.local> Running minfo.files/mkqff34_33-0.inp on beluga06 at Thu Feb 14 18:19:15 JST 2019
Thread2@beluga07.local> Running minfo.files/mkqff34_33-1.inp on beluga07 at Thu Feb 14 18:20:14 JST 2019
Thread3@beluga07.local> Running minfo.files/mkqff34_33-2.inp on beluga07 at Thu Feb 14 18:20:15 JST 2019
Thread0@beluga06.local> Running minfo.files/mkqff34_33-3.inp on beluga06 at Thu Feb 14 18:21:24 JST 2019
Thread1@beluga06.local> Running minfo.files/mkqff35_33-0.inp on beluga06 at Thu Feb 14 18:21:25 JST 2019
Thread2@beluga07.local> Running minfo.files/mkqff35_33-1.inp on beluga07 at Thu Feb 14 18:22:09 JST 2019
Thread3@beluga07.local> Running minfo.files/mkqff35_33-2.inp on beluga07 at Thu Feb 14 18:22:12 JST 2019
Thread1@beluga06.local> Running minfo.files/mkqff35_33-3.inp on beluga06 at Thu Feb 14 18:23:36 JST 2019
Thread0@beluga06.local> Running minfo.files/mkqff35_34-0.inp on beluga06 at Thu Feb 14 18:23:37 JST 2019
Thread2@beluga07.local> Running minfo.files/mkqff35_34-1.inp on beluga07 at Thu Feb 14 18:24:06 JST 2019
Thread3@beluga07.local> Running minfo.files/mkqff35_34-2.inp on beluga07 at Thu Feb 14 18:24:12 JST 2019
Thread1@beluga06.local> Running minfo.files/mkqff35_34-3.inp on beluga06 at Thu Feb 14 18:25:46 JST 2019
Thread0@beluga06.local> Running minfo.files/mkqff42-0.inp on beluga06 at Thu Feb 14 18:25:52 JST 2019
Thread2@beluga07.local> Running minfo.files/mkqff42-1.inp on beluga07 at Thu Feb 14 18:26:01 JST 2019
Thread3@beluga07.local> Running minfo.files/mkqff43-0.inp on beluga07 at Thu Feb 14 18:26:06 JST 2019
Thread1@beluga06.local> Running minfo.files/mkqff43-1.inp on beluga06 at Thu Feb 14 18:27:58 JST 2019
Thread2@beluga07.local> Running minfo.files/mkqff44-0.inp on beluga07 at Thu Feb 14 18:28:02 JST 2019
Thread3@beluga07.local> Running minfo.files/mkqff44-1.inp on beluga07 at Thu Feb 14 18:28:02 JST 2019
Thread0@beluga06.local> Running minfo.files/mkqff43_42-0.inp on beluga06 at Thu Feb 14 18:28:09 JST 2019
Thread3@beluga07.local> Running minfo.files/mkqff43_42-1.inp on beluga07 at Thu Feb 14 18:29:58 JST 2019
Thread2@beluga07.local> Running minfo.files/mkqff43_42-2.inp on beluga07 at Thu Feb 14 18:29:59 JST 2019
Thread1@beluga06.local> Running minfo.files/mkqff43_42-3.inp on beluga06 at Thu Feb 14 18:30:17 JST 2019
Thread0@beluga06.local> Running minfo.files/mkqff44_42-0.inp on beluga06 at Thu Feb 14 18:30:22 JST 2019
Thread3@beluga07.local> Running minfo.files/mkqff44_42-1.inp on beluga07 at Thu Feb 14 18:31:50 JST 2019
Thread2@beluga07.local> Running minfo.files/mkqff44_42-2.inp on beluga07 at Thu Feb 14 18:31:52 JST 2019
Thread1@beluga06.local> Running minfo.files/mkqff44_42-3.inp on beluga06 at Thu Feb 14 18:32:30 JST 2019
Thread0@beluga06.local> Running minfo.files/mkqff44_43-0.inp on beluga06 at Thu Feb 14 18:32:31 JST 2019
Thread3@beluga07.local> Running minfo.files/mkqff44_43-1.inp on beluga07 at Thu Feb 14 18:33:49 JST 2019
Thread2@beluga07.local> Running minfo.files/mkqff44_43-2.inp on beluga07 at Thu Feb 14 18:33:53 JST 2019
Thread0@beluga06.local> Running minfo.files/mkqff44_43-3.inp on beluga06 at Thu Feb 14 18:34:43 JST 2019
Thread1@beluga06.local> Running minfo.files/mkqff51-0.inp on beluga06 at Thu Feb 14 18:34:44 JST 2019
Thread3@beluga07.local> Running minfo.files/mkqff51-1.inp on beluga07 at Thu Feb 14 18:35:49 JST 2019
Thread2@beluga07.local> Running minfo.files/mkqff52-0.inp on beluga07 at Thu Feb 14 18:35:51 JST 2019
Thread1@beluga06.local> Running minfo.files/mkqff52-1.inp on beluga06 at Thu Feb 14 18:36:56 JST 2019
Thread0@beluga06.local> Running minfo.files/mkqff53-0.inp on beluga06 at Thu Feb 14 18:36:59 JST 2019
Thread3@beluga07.local> Running minfo.files/mkqff53-1.inp on beluga07 at Thu Feb 14 18:37:44 JST 2019
Thread2@beluga07.local> Running minfo.files/mkqff52_51-0.inp on beluga07 at Thu Feb 14 18:37:48 JST 2019
Thread1@beluga06.local> Running minfo.files/mkqff52_51-1.inp on beluga06 at Thu Feb 14 18:39:13 JST 2019
Thread0@beluga06.local> Running minfo.files/mkqff52_51-2.inp on beluga06 at Thu Feb 14 18:39:13 JST 2019
Thread3@beluga07.local> Running minfo.files/mkqff52_51-3.inp on beluga07 at Thu Feb 14 18:39:38 JST 2019
Thread2@beluga07.local> Running minfo.files/mkqff53_51-0.inp on beluga07 at Thu Feb 14 18:39:45 JST 2019
Thread1@beluga06.local> Running minfo.files/mkqff53_51-1.inp on beluga06 at Thu Feb 14 18:41:22 JST 2019
Thread0@beluga06.local> Running minfo.files/mkqff53_51-2.inp on beluga06 at Thu Feb 14 18:41:27 JST 2019
Thread3@beluga07.local> Running minfo.files/mkqff53_51-3.inp on beluga07 at Thu Feb 14 18:41:36 JST 2019
Thread2@beluga07.local> Running minfo.files/mkqff53_52-0.inp on beluga07 at Thu Feb 14 18:41:44 JST 2019
Thread3@beluga07.local> Running minfo.files/mkqff53_52-1.inp on beluga07 at Thu Feb 14 18:43:30 JST 2019
Thread1@beluga06.local> Running minfo.files/mkqff53_52-2.inp on beluga06 at Thu Feb 14 18:43:30 JST 2019
Thread2@beluga07.local> Running minfo.files/mkqff53_52-3.inp on beluga07 at Thu Feb 14 18:43:39 JST 2019
End of electronic structure calculations.


Storing electronic structure data in tempfile ...   Done!

Generating prop_no_1.mop... Done!

Removing the tempfiles ...   Done!

End of QFF generation.

