 -------------------------------------------------------
                                                      
    ***   WELCOME TO SINDO PROGRAM                    
     ***                (  VERSION 4.0 BETA  )        
      ***                                             
       ***       COPYRIGHT 2018:                      
        ***         KIYOSHI YAGI  KIYOSHI.YAGI@RIKEN.JP
                                                      
 -------------------------------------------------------

     JOB STARTED AT: Sat Oct 13 17:11:42 2018
     RUNNING ON beluga02                        


(  SETUP MEM MODULE  )

   o MAXIMUM MEMORY :      500 MB


(  SETUP MOL MODULE  )


   READ DATA FROM A MINFO FILE : [ h2o_6-mp2dz.minfo ]


(  ENTER NMA MODULE  )


      o ATOMIC MASS
           15.9949      1.0078      1.0078     15.9949      1.0078
            1.0078     15.9949      1.0078      1.0078     15.9949
            1.0078      1.0078     15.9949      1.0078      1.0078
           15.9949      1.0078      1.0078
 
      o REFERENCE GEOMETRY
          2.679725   -1.835853   -2.351627
          0.879149   -2.031678   -2.699097
          2.784469   -2.365654   -0.578971
         -2.685828   -1.724979   -2.520557
         -3.791612   -2.947273   -3.303300
         -2.997848   -1.921170   -0.705303
         -2.761855   -0.828790    2.574621
         -2.714771    0.903266    1.835538
         -4.065411   -0.746471    3.849749
          2.535211   -1.686665    2.913885
          2.987855    0.060505    2.580272
          0.712482   -1.549969    3.146083
         -2.379994    3.291472   -0.254915
         -0.532493    3.464456   -0.339503
         -2.729658    2.253101   -1.727519
          2.771446    2.774541   -0.339892
          4.075705    3.844848   -1.035127
          2.873365    1.199094   -1.364292
 
      o NORMAL DISPLACEMENT VECTOR
          0.067723   -0.325509    0.162426
          0.014874   -0.046781    0.033633
         -0.001273   -0.023000    0.059283
          0.048397    0.338806   -0.201102
          0.007293    0.120069   -0.098828
         -0.004993    0.027873   -0.059462
         -0.082313   -0.312956   -0.093537
         -0.013723   -0.055589    0.030143
         -0.023771   -0.114619   -0.024162
          0.012143    0.359570    0.159795
         -0.035031    0.088323   -0.021432
         -0.001734    0.048026    0.025371
          0.003274    0.008341    0.405866
         -0.000619   -0.005668    0.051533
         -0.038594    0.049403    0.077565
         -0.023833   -0.071309   -0.406214
         -0.008237   -0.030114   -0.124297
          0.004657   -0.045740   -0.057841
 
         -0.377509    0.219220    0.134773
         -0.094356    0.041235    0.038782
         -0.072750    0.052809    0.031928
         -0.400412   -0.148210   -0.143867
         -0.062284   -0.064039   -0.047459
         -0.099463   -0.051825   -0.037884
          0.011546   -0.255324   -0.143303
          0.037949   -0.065936   -0.039240
          0.023110   -0.025133   -0.017482
          0.071499    0.224308    0.144058
          0.015307    0.055788    0.030287
          0.014354    0.041251    0.017520
          0.331947   -0.236621   -0.055244
          0.079714   -0.020085   -0.009627
          0.088393   -0.031962   -0.033967
          0.351242    0.194736    0.079621
          0.084935    0.029373   -0.015620
          0.031650    0.046055    0.018872
 
         -0.173980   -0.124612    0.221804
         -0.041664   -0.034674    0.048798
         -0.026085   -0.036107    0.052991
         -0.166900    0.163438   -0.229612
         -0.041710    0.032064   -0.044039
         -0.009060    0.033157   -0.052668
          0.446938    0.049843   -0.221931
          0.056565    0.015878   -0.053336
          0.126610   -0.017874   -0.038340
          0.390399   -0.130904    0.253770
          0.107600   -0.038885    0.044756
          0.093645   -0.012446    0.021593
         -0.240158    0.153608   -0.182133
         -0.058533    0.025497   -0.035443
         -0.059876    0.038072   -0.045543
         -0.260691   -0.095693    0.163067
         -0.061943   -0.035295    0.029190
         -0.068053   -0.031859    0.052259
 
          0.137565   -0.070869   -0.053083
          0.035957    0.001457   -0.018912
          0.018783    0.001230   -0.005725
         -0.106600    0.502703    0.088424
         -0.139936    0.279813   -0.058443
         -0.034053    0.030910    0.010917
         -0.037891   -0.059387    0.249232
         -0.018624   -0.028483    0.031378
          0.005422    0.005955    0.076303
          0.062269    0.141943   -0.089474
         -0.010054    0.039563   -0.040125
          0.018616    0.014421    0.011025
         -0.139522   -0.449262   -0.372561
         -0.041691   -0.064069   -0.060816
          0.028045   -0.240969   -0.020336
          0.099070   -0.076364    0.171326
          0.032344   -0.000069    0.086193
          0.045870    0.005008    0.012987
 
          0.084934    0.103491    0.250924
          0.028604    0.025408    0.032045
         -0.008202    0.021743    0.064132
         -0.034877    0.161009   -0.007391
         -0.008892    0.054332   -0.023618
         -0.008554    0.008779   -0.006040
          0.170072    0.006378    0.101860
          0.050253   -0.007247   -0.003981
          0.054976    0.032007    0.036284
         -0.240565   -0.499368    0.129024
          0.011284   -0.122729    0.152224
         -0.062292   -0.071800    0.005027
          0.041572   -0.196338   -0.055360
          0.007450   -0.010339   -0.047251
          0.004295   -0.063144   -0.002872
         -0.022212    0.416841   -0.410852
         -0.074243    0.111607   -0.219885
          0.009613    0.053200   -0.018749
 
         -0.344760    0.129651   -0.159078
         -0.105090    0.060128    0.028341
         -0.013141   -0.028383   -0.067182
          0.346879    0.171728    0.221336
          0.134377    0.010985    0.038233
          0.051404    0.054518    0.054914
         -0.389007   -0.070031   -0.073751
         -0.058492   -0.011889    0.000516
         -0.211385   -0.043673   -0.133036
          0.379589   -0.175902    0.321357
          0.074710   -0.048237    0.028144
          0.099355   -0.052306    0.099075
          0.001067   -0.035070   -0.136051
          0.000821   -0.005764   -0.016815
          0.020752   -0.024673   -0.027291
          0.018059    0.004289   -0.147052
         -0.013211   -0.004739   -0.078856
         -0.027215   -0.004229   -0.032650
 
          0.413389   -0.107616    0.072277
          0.107780   -0.063185    0.022407
          0.116367   -0.018118    0.019429
         -0.401852   -0.130978    0.050611
         -0.189432    0.064808   -0.013033
         -0.129839   -0.033158    0.005878
         -0.415963   -0.038101   -0.088817
         -0.077956   -0.002183    0.009049
         -0.061926    0.008969    0.019642
          0.378928   -0.165010   -0.015012
          0.090851   -0.035645    0.017598
          0.090300   -0.049594   -0.034120
         -0.138191    0.233855   -0.003776
         -0.035988    0.053236    0.010591
         -0.018645    0.019980    0.021285
          0.169546    0.196486   -0.030536
          0.031421    0.052574   -0.023581
          0.053731    0.047589    0.005618
 
         -0.060620    0.023756   -0.093050
          0.017742   -0.156735   -0.090652
         -0.017392   -0.013917   -0.030303
          0.193012   -0.191443    0.216596
         -0.539708    0.543032   -0.035431
         -0.007492   -0.051488    0.045214
          0.061660   -0.016436   -0.301416
          0.026486    0.019606   -0.029310
          0.115886   -0.001436    0.026765
         -0.082956    0.029769    0.118162
          0.003456   -0.001334    0.020011
         -0.029266    0.024073   -0.045612
          0.110743    0.029473    0.045382
          0.025200    0.063050    0.064210
          0.141546   -0.144855    0.087834
         -0.128585    0.058469    0.017002
         -0.018613   -0.024487   -0.030850
         -0.089351    0.009063    0.007465
 
         -0.081485   -0.053997    0.380258
         -0.036728    0.037631    0.147407
          0.003341    0.018567    0.106064
          0.049845    0.162196    0.507989
          0.162473   -0.054843    0.065754
         -0.026816   -0.007640    0.117108
          0.042539   -0.187785   -0.418007
          0.006962   -0.026669   -0.067868
          0.054305   -0.066136   -0.058518
         -0.049531   -0.002548   -0.444920
         -0.024637    0.008442   -0.086867
         -0.014822   -0.019630   -0.117783
         -0.046733    0.066371   -0.073941
         -0.013980    0.032256   -0.023149
         -0.005843    0.000241   -0.009283
          0.043403    0.043627    0.016197
          0.056912   -0.026588    0.032821
          0.005999   -0.006635    0.023483
 
          0.159008   -0.043237   -0.417539
          0.018890    0.066397   -0.049367
          0.049710   -0.023687   -0.112161
         -0.195695    0.082217    0.280947
          0.085062   -0.118204    0.098244
          0.017052   -0.009400    0.079236
          0.246113   -0.172876   -0.204422
          0.032808   -0.030537   -0.024005
          0.051112   -0.087096   -0.058399
         -0.262589    0.027072    0.438562
         -0.094911    0.002310    0.050807
         -0.075353   -0.022185    0.036651
         -0.215363    0.120488   -0.057686
         -0.059843    0.044422   -0.050057
         -0.080579    0.027316   -0.006761
          0.220883    0.021335   -0.053889
          0.155245   -0.022767    0.131608
          0.090600    0.034006   -0.039911
 
          0.279280    0.139586   -0.103859
          0.055769    0.053431    0.022256
          0.098609    0.023271   -0.030130
         -0.281785    0.131059    0.181149
          0.077587   -0.121079    0.077153
         -0.054154    0.050388    0.052278
         -0.049762    0.090211   -0.240587
          0.035376    0.022947   -0.078042
         -0.023713    0.061484   -0.074407
          0.045856    0.050924    0.102621
          0.016395    0.020146    0.078158
          0.004727    0.005604   -0.016122
          0.424591   -0.197180    0.055030
          0.121070   -0.152463   -0.002090
          0.017390    0.018686   -0.011611
         -0.426778   -0.222739    0.028554
         -0.291199    0.097739   -0.103135
         -0.023607   -0.047724   -0.005568
 
         -0.084585   -0.180922   -0.132870
         -0.035564    0.000684    0.016314
          0.005119   -0.023396   -0.029685
          0.088719    0.009405    0.014099
          0.102840   -0.037188   -0.049009
         -0.024446   -0.033110   -0.008867
         -0.034142    0.135177   -0.163571
         -0.107344    0.049179   -0.015250
          0.195499   -0.007864    0.169095
         -0.057470    0.040937    0.001233
          0.228001   -0.025316    0.162718
         -0.019817    0.197011   -0.134303
         -0.200689   -0.081818    0.094174
         -0.032255   -0.142706    0.076112
         -0.068475   -0.027796    0.032255
          0.313024    0.029688    0.227234
         -0.378317    0.238280   -0.448051
          0.035732    0.001583    0.068123
 
         -0.020844   -0.317911   -0.050000
          0.010843   -0.086953   -0.082822
         -0.069344   -0.043329    0.000869
         -0.048861    0.003152   -0.034704
         -0.125543   -0.055924    0.239855
          0.216058    0.139077    0.052000
          0.129480    0.196883   -0.077968
          0.023214    0.054689   -0.021054
         -0.427344   -0.136330   -0.476845
          0.009805    0.019288   -0.120419
         -0.011509    0.017900    0.025220
          0.026326   -0.004206    0.141838
         -0.006952   -0.206396    0.143676
         -0.007253    0.005258    0.032444
          0.014255   -0.032664    0.017454
          0.029627    0.304175    0.146646
         -0.017515    0.075672   -0.012323
          0.000283    0.070031    0.054552
 
         -0.081802   -0.479878   -0.222067
         -0.047612   -0.048058    0.044245
          0.038395   -0.082032   -0.051679
          0.055286    0.051856    0.032403
          0.172048   -0.057438   -0.105721
         -0.094401   -0.058581   -0.021716
         -0.057125   -0.203389    0.128175
          0.038567   -0.066836    0.006777
          0.125670    0.075704    0.167253
          0.007762    0.026597   -0.003911
         -0.031820    0.021013    0.039761
         -0.006526   -0.037496   -0.039373
          0.288719    0.138924   -0.150306
          0.065044    0.090375   -0.010415
          0.115585    0.046808   -0.054562
         -0.290216    0.451923    0.182004
         -0.012981    0.067578    0.085214
         -0.053719    0.104606    0.074482
 
         -0.033999   -0.090691   -0.050101
         -0.026097    0.015211    0.051694
          0.039120   -0.033251   -0.020106
          0.028216    0.003037   -0.030342
          0.136167   -0.066443   -0.085046
         -0.100802   -0.009561   -0.025783
         -0.106069    0.396801   -0.277488
          0.015675    0.100740   -0.081714
          0.202247    0.211045    0.155303
          0.107611   -0.041895    0.069926
         -0.002779   -0.020301   -0.079049
          0.007746   -0.016721   -0.104336
         -0.099962   -0.425584    0.312970
         -0.043579    0.040591    0.025419
         -0.003035   -0.079966    0.053067
         -0.030662    0.143658   -0.070053
          0.296702   -0.124210    0.308967
          0.015913    0.041326   -0.018791
 
          0.031852    0.024783    0.040376
          0.043717   -0.050761   -0.141253
         -0.099199   -0.037205    0.003182
         -0.023961    0.063709   -0.073684
         -0.095683   -0.154390    0.371236
          0.248929    0.249334    0.053255
         -0.097681   -0.041990   -0.031874
         -0.270473    0.070380    0.179001
          0.198804   -0.370896    0.240092
         -0.032489   -0.026659    0.038979
          0.286108   -0.094193   -0.045969
         -0.010366    0.284403   -0.162209
          0.103094   -0.032264   -0.080128
          0.024428    0.011799    0.036800
          0.066359    0.038911   -0.061049
         -0.098795    0.056853   -0.041028
          0.141664   -0.118653    0.097508
         -0.064281   -0.005737    0.016454
 
          0.087232    0.088201   -0.065100
          0.018260   -0.073698    0.048995
          0.109545   -0.027412   -0.035414
         -0.081263    0.036949    0.037698
          0.153213   -0.048444   -0.144303
         -0.104634   -0.103001   -0.018040
          0.051130    0.002792    0.059319
          0.004595   -0.027174   -0.054352
         -0.134288    0.008441   -0.135099
         -0.054721    0.025333   -0.030816
          0.204227   -0.017009    0.179903
         -0.004163    0.179269   -0.024576
         -0.070915   -0.031529    0.010440
         -0.040907    0.292835    0.177548
          0.318678   -0.078206   -0.030225
         -0.024009   -0.002404    0.023095
          0.186438   -0.429433   -0.299234
         -0.342276   -0.151598    0.196819
 
          0.011337    0.044862   -0.018186
          0.019387   -0.153877   -0.002805
          0.087319   -0.050398   -0.029828
          0.068385    0.040261   -0.049691
         -0.158175   -0.036474    0.303852
          0.099670    0.287434    0.033863
         -0.089873   -0.111837   -0.030479
          0.176842   -0.065937   -0.095187
          0.136911    0.305185    0.134954
          0.031569    0.039438   -0.026840
         -0.208862    0.084986    0.090943
         -0.005189   -0.227970    0.018951
         -0.040488   -0.106551    0.026900
         -0.020547    0.014663   -0.180427
         -0.223622    0.303770   -0.170407
          0.076953    0.056413    0.098519
          0.056189   -0.216895   -0.266989
         -0.190520   -0.095434    0.162194
 
         -0.045757    0.026391   -0.014282
         -0.048865   -0.115926    0.251422
          0.294294   -0.008229   -0.029591
         -0.020819   -0.004496   -0.080503
          0.024814   -0.075880    0.053818
         -0.045899    0.145379   -0.008713
          0.040291    0.137281   -0.024994
         -0.164877    0.126422    0.216611
          0.064190   -0.346540    0.070918
          0.037108    0.015528    0.041630
         -0.418378    0.102392   -0.071223
         -0.037703   -0.413913   -0.132054
         -0.005057    0.014193   -0.042201
         -0.002282    0.077350    0.163372
          0.235304   -0.195539    0.070273
          0.055932   -0.020038    0.013183
         -0.080492    0.022824   -0.131473
         -0.065899    0.008959   -0.026427
 
         -0.018431   -0.002848   -0.039644
         -0.021705    0.047901    0.053827
          0.043359    0.052776    0.003511
          0.011866   -0.032128   -0.018434
          0.028781    0.029110   -0.098962
         -0.012412   -0.084045   -0.014694
         -0.023784    0.054994   -0.024789
          0.024382    0.110041    0.231634
         -0.034653   -0.219974   -0.022001
          0.015449    0.027237   -0.063972
          0.032231    0.073058    0.383364
         -0.006978   -0.031719   -0.075964
          0.125943    0.077131    0.001654
          0.029228   -0.157314   -0.432541
         -0.434995   -0.255433    0.304312
         -0.049673    0.055165    0.027258
          0.151221   -0.197699   -0.014005
         -0.042943   -0.081999    0.151316
 
          0.062741    0.017065    0.053813
          0.083117    0.057807   -0.348135
         -0.316760   -0.134340   -0.007536
         -0.061495    0.047855   -0.023048
          0.118177   -0.145813    0.049844
          0.162202   -0.110541    0.013866
         -0.075024   -0.020237   -0.106277
          0.132758    0.035161    0.081997
          0.121567    0.120517    0.109645
          0.031221   -0.009068    0.032339
         -0.148609   -0.025349   -0.349000
          0.039890   -0.073085    0.278551
          0.016104    0.092437   -0.000774
         -0.011269    0.114612   -0.060461
          0.056949   -0.401717    0.280253
          0.004917    0.038075    0.064414
         -0.066154   -0.054927   -0.214906
         -0.086070   -0.044141    0.084345
 
         -0.021086   -0.069116   -0.022231
          0.029952    0.016997   -0.179775
         -0.233892    0.378137    0.135559
         -0.003074    0.028605   -0.020299
          0.010026   -0.087147    0.125370
          0.123889    0.021351    0.017488
         -0.059869   -0.027963   -0.044989
          0.028601   -0.017840   -0.041031
          0.090531    0.116083    0.089074
          0.074697    0.018270   -0.102850
         -0.061117    0.149830    0.642043
          0.014211   -0.166886    0.054837
         -0.067424    0.037945   -0.010462
         -0.018206    0.116609    0.174378
          0.244934   -0.126278    0.026406
         -0.001159   -0.111424   -0.070473
          0.000005    0.061291    0.124848
          0.081471    0.030580   -0.088370
 
         -0.061354    0.036093   -0.007802
         -0.040482   -0.242268    0.270295
          0.319201    0.043943   -0.014333
          0.018276    0.026218   -0.119844
         -0.027425   -0.118841    0.205526
          0.065837    0.195202    0.006829
         -0.047910   -0.149378    0.007619
          0.326261   -0.023379    0.047832
         -0.044469    0.291193   -0.048324
         -0.084710   -0.011945    0.009817
          0.216471   -0.073441   -0.036694
         -0.017697    0.199931   -0.099260
         -0.029576    0.092059    0.004349
         -0.026421    0.153966   -0.096038
          0.043396   -0.347525    0.242785
          0.015709   -0.073238    0.001589
         -0.065231    0.138621    0.113537
          0.005751    0.102062   -0.176754
 
         -0.023957    0.029065   -0.019587
          0.094454   -0.624905   -0.131276
          0.009623    0.382112    0.116356
         -0.040182    0.098567    0.057310
          0.134179   -0.029409   -0.106814
          0.118927   -0.266214    0.001606
         -0.001207    0.050114    0.004134
         -0.115433   -0.013775   -0.066720
         -0.002430   -0.058562    0.001409
          0.003824   -0.045773    0.052807
         -0.030881   -0.025671   -0.127832
         -0.002896   -0.009604    0.006040
          0.052698   -0.010653    0.004235
          0.018082   -0.104361   -0.060323
         -0.145504    0.084302   -0.020535
          0.060589    0.007038    0.067409
          0.016286   -0.014934   -0.008738
         -0.300631    0.169667   -0.265714
 
         -0.047063    0.022839    0.008076
         -0.067764    0.074173    0.247603
          0.278817   -0.178425   -0.078053
         -0.084565    0.078474   -0.064825
         -0.086054    0.014881    0.079274
          0.607123   -0.486638    0.036576
         -0.041332    0.024607   -0.006942
         -0.168796   -0.070603   -0.203355
          0.069948    0.074590    0.073571
         -0.012051    0.001519   -0.051463
         -0.032664    0.025493    0.083337
          0.018852    0.002161    0.157576
          0.016499    0.042070   -0.002070
          0.020885   -0.109407    0.093857
          0.015006   -0.022948    0.019661
         -0.021846    0.017462   -0.039026
          0.038340   -0.022092    0.034274
          0.064661   -0.046040    0.078148
 
         -0.033695    0.029924    0.067515
          0.050302   -0.029157   -0.239230
         -0.119762   -0.173912   -0.034388
         -0.026798    0.043424    0.010783
          0.022877   -0.025231    0.014898
          0.176582   -0.169784    0.013538
          0.001232   -0.011616    0.111210
          0.056589   -0.049587   -0.088907
         -0.134834    0.107432   -0.118580
          0.072639    0.048263    0.121416
         -0.042237    0.019548   -0.010053
         -0.107708   -0.154493   -0.822200
         -0.003194    0.018788    0.006872
         -0.005348    0.046444   -0.016754
          0.012120   -0.032903    0.024287
          0.001069   -0.011496   -0.010662
         -0.027868    0.029047   -0.004941
          0.074457   -0.034650    0.058764
 
         -0.057884    0.136959    0.059526
          0.081386   -0.438446   -0.190384
          0.032153   -0.417285   -0.133924
          0.011688    0.029063    0.022002
          0.094760   -0.063509   -0.015410
         -0.192753    0.145515   -0.012904
          0.041767   -0.033053    0.001888
         -0.048648   -0.029807   -0.070498
          0.000884    0.069174   -0.010901
         -0.008070    0.036821   -0.067431
         -0.001516    0.043049    0.183484
          0.017099   -0.004266    0.114453
         -0.047468    0.109804   -0.044435
          0.058925   -0.468855    0.274278
          0.018509   -0.114764    0.078955
         -0.003614    0.057058   -0.089263
          0.076656    0.009937    0.127883
          0.115841   -0.071907    0.123914
 
          0.046606   -0.104933   -0.063165
         -0.053867    0.301734    0.121895
         -0.041554    0.358808    0.112963
          0.027478   -0.025224   -0.046640
         -0.069276   -0.013611    0.103900
         -0.027554    0.123964   -0.001639
          0.036649   -0.057955    0.035318
         -0.061613   -0.070259   -0.147066
         -0.038442    0.165758   -0.046278
          0.005274   -0.020078    0.067820
         -0.004407   -0.040630   -0.191720
         -0.023150   -0.019858   -0.149624
         -0.019397    0.125448   -0.056527
          0.070124   -0.532736    0.308097
         -0.033140   -0.170500    0.131891
         -0.014551    0.102728    0.028984
          0.132177   -0.202031   -0.095809
         -0.176205    0.019738   -0.010327
 
         -0.029640    0.014979   -0.058095
          0.002468   -0.146075    0.024017
          0.000239    0.202452    0.052356
          0.033779    0.004244   -0.019793
         -0.007712   -0.032597    0.064384
         -0.137784    0.143532   -0.012935
          0.069500   -0.004697    0.076685
         -0.472317   -0.187261   -0.487794
         -0.000668    0.006796    0.001302
          0.012469   -0.030686    0.020157
         -0.047029   -0.012230   -0.104954
          0.002737    0.031588    0.018864
          0.056303    0.037231    0.068788
         -0.014745    0.218113   -0.238474
         -0.017948   -0.159384    0.137323
         -0.037458    0.000869   -0.015505
         -0.028958    0.013402   -0.022646
          0.303602   -0.165742    0.280776
 
          0.041273   -0.011121    0.087001
          0.002822    0.222232   -0.046548
         -0.025427   -0.360351   -0.092265
          0.025938   -0.017815   -0.011868
         -0.017148   -0.009325    0.036100
         -0.098236    0.110438   -0.006484
          0.052998    0.000707    0.047348
         -0.304618   -0.121757   -0.309917
          0.003194    0.008934    0.001685
          0.005452    0.022359   -0.032390
         -0.020544    0.044518    0.177070
          0.005465   -0.031974    0.011003
          0.049834    0.016936    0.023650
          0.000350    0.097155   -0.113725
         -0.084365   -0.103380    0.104277
          0.071302   -0.049695    0.052853
         -0.010990    0.032219    0.027825
         -0.433696    0.265177   -0.452697
 
          0.017964    0.009757   -0.017352
         -0.007498   -0.015389    0.067114
         -0.077640   -0.021321   -0.000132
          0.131044    0.128785   -0.075813
         -0.157352   -0.134223    0.429957
         -0.389067   -0.410757   -0.117241
         -0.082777    0.118447    0.046022
          0.359287   -0.110368   -0.274362
          0.036646   -0.357518    0.060389
         -0.010594    0.024230   -0.000140
          0.070084   -0.020777   -0.010087
         -0.007044   -0.073876    0.017269
         -0.009279    0.011118   -0.007568
          0.002228   -0.012721    0.035963
         -0.012276   -0.008949    0.011080
          0.004222   -0.000230   -0.005016
         -0.001531    0.008640    0.010006
         -0.017340   -0.006433    0.008544
 
         -0.019147    0.013553    0.023372
          0.005781   -0.029089   -0.012201
          0.011067   -0.049997   -0.016932
         -0.019370   -0.015735    0.009193
          0.024113    0.014744   -0.056079
          0.051987    0.056302    0.017588
         -0.029401    0.031293    0.016109
          0.105578   -0.040296   -0.094459
          0.018179   -0.099420    0.026055
         -0.000661    0.003845   -0.005485
          0.002945   -0.000117    0.017439
          0.001140    0.002956    0.005148
         -0.060589    0.038990    0.073080
          0.000267   -0.163221   -0.231405
          0.254513   -0.000892   -0.062350
         -0.148355    0.022997    0.161840
          0.123263   -0.366356   -0.329158
          0.506764    0.297147   -0.371578
 
          0.009640    0.011897   -0.006365
         -0.003416   -0.023524    0.048306
         -0.060164   -0.032962   -0.006527
          0.095881    0.096803   -0.046496
         -0.117132   -0.094885    0.313889
         -0.283889   -0.331519   -0.096492
          0.107264   -0.106421   -0.068062
         -0.366304    0.148635    0.383220
         -0.068963    0.357017   -0.100105
          0.053149   -0.075905   -0.001759
         -0.236020    0.072311    0.041035
          0.014292    0.251764   -0.035357
          0.006280   -0.022290    0.009701
         -0.006965    0.002962   -0.048974
          0.034570    0.033539   -0.029246
         -0.029094    0.001605    0.033867
          0.020602   -0.073517   -0.072447
          0.104846    0.065898   -0.082130
 
         -0.063669   -0.040194    0.050023
          0.036232    0.103519   -0.232874
          0.256465    0.064598    0.002412
         -0.011855   -0.016124    0.009646
          0.018029    0.010840   -0.041112
          0.022353    0.058794    0.013108
         -0.052110    0.037351    0.028731
          0.211756   -0.060283   -0.142050
          0.018258   -0.161757    0.033445
          0.117954   -0.179892    0.002024
         -0.531473    0.154962    0.050674
          0.023470    0.601978   -0.067231
         -0.024226    0.019077    0.014457
          0.006305   -0.059554   -0.037182
          0.060717   -0.009706   -0.010486
          0.028856    0.001575   -0.015101
         -0.017483    0.045612    0.032436
         -0.084506   -0.039058    0.041194
 
         -0.030508    0.000128    0.023879
          0.015404   -0.008781   -0.069292
          0.075751   -0.000624   -0.008870
          0.003855   -0.007622    0.005415
          0.006077    0.008430   -0.020266
         -0.004385    0.026341    0.001926
         -0.005774    0.003719    0.004703
          0.028487   -0.009107   -0.026330
          0.002888   -0.024911    0.005002
          0.009822   -0.017619   -0.004840
         -0.054614    0.016691    0.016921
          0.004784    0.065227    0.002231
          0.140302   -0.073841   -0.161842
         -0.020812    0.351146    0.562182
         -0.556573    0.000566    0.137665
         -0.070307   -0.001573    0.050957
          0.042217   -0.149508   -0.142805
          0.271981    0.110198   -0.132776
 
         -0.164910   -0.080194    0.126800
          0.093471    0.207282   -0.560892
          0.620209    0.140009   -0.002192
          0.031643    0.025362   -0.001458
         -0.026189   -0.031759    0.091227
         -0.122930   -0.088763   -0.031423
          0.024230   -0.010999   -0.016425
         -0.087593    0.024539    0.067294
         -0.008665    0.059389   -0.016428
         -0.065677    0.065834   -0.004191
          0.224820   -0.073568   -0.042895
         -0.006445   -0.221380    0.073790
         -0.004723   -0.003096    0.013364
         -0.002832   -0.011280   -0.050275
          0.039558    0.010970   -0.015730
         -0.008571    0.001226    0.002339
          0.003820   -0.005678   -0.000125
          0.021766   -0.002322    0.007884
 
         -0.013569   -0.002309    0.022456
          0.062282    0.006853    0.019629
         -0.012762    0.029549   -0.090567
         -0.004880   -0.004786    0.026047
          0.007247    0.008386    0.006119
          0.018540    0.019410   -0.097095
         -0.003769    0.169151   -0.063435
         -0.020974   -0.668940    0.267955
          0.048444    0.006078   -0.052073
         -0.013179    0.004910   -0.001520
         -0.009886   -0.019145    0.002279
          0.055749    0.001319   -0.009003
          0.046428   -0.004810   -0.004436
         -0.184487   -0.028375    0.004055
          0.013353    0.022067    0.036069
          0.013098   -0.119074   -0.086996
         -0.042479   -0.040254    0.016385
         -0.031154    0.491421    0.326035
 
          0.013848    0.003619   -0.023175
         -0.063214   -0.010310   -0.016483
          0.009831   -0.029483    0.092474
         -0.005064   -0.000199    0.016952
          0.002074    0.002629    0.002872
          0.013225    0.008426   -0.060923
         -0.003650    0.142004   -0.051911
         -0.021079   -0.564850    0.229701
          0.042508    0.005763   -0.045725
         -0.012305   -0.009975    0.005519
          0.013609    0.040521   -0.001193
          0.029670   -0.003460   -0.006378
         -0.005423   -0.009273   -0.006011
          0.010190    0.002034    0.001180
          0.006561    0.018329    0.037338
         -0.019807    0.148750    0.104528
          0.048319    0.050456   -0.017879
          0.037380   -0.615306   -0.397855
 
         -0.000122   -0.007545    0.019501
          0.008208   -0.000310    0.004014
         -0.007455    0.027673   -0.081447
         -0.006049   -0.003114    0.020531
          0.009042    0.010550    0.008783
          0.014397    0.005588   -0.086961
         -0.004203    0.029026   -0.008708
         -0.005263   -0.119499    0.058231
          0.020145    0.001138   -0.020861
          0.007097    0.012184   -0.002831
         -0.014698   -0.049767    0.004522
         -0.011915    0.002368    0.001877
         -0.219247   -0.007883    0.030114
          0.928303    0.118279   -0.014645
         -0.058157   -0.082306   -0.110655
         -0.002717   -0.025798   -0.011535
          0.014007    0.002717   -0.007470
          0.000697    0.096034    0.057081
 
          0.022533   -0.039739    0.136676
         -0.029549   -0.009811    0.006757
         -0.053533    0.176610   -0.543556
          0.047283    0.040353   -0.159778
         -0.085630   -0.095268   -0.080804
         -0.112483   -0.070607    0.709844
          0.003288    0.015735   -0.005929
         -0.005517   -0.068472    0.028057
         -0.002230    0.004184    0.006389
         -0.049829    0.019723    0.002090
         -0.030616   -0.076126    0.015958
          0.225592   -0.005601   -0.034127
          0.000080    0.005310    0.007060
          0.009338    0.001334    0.000869
         -0.008111   -0.017531   -0.030861
         -0.002584    0.012569    0.010043
          0.008279    0.008342   -0.003369
          0.001714   -0.061982   -0.035962
 
          0.060925    0.055924   -0.144044
         -0.316972   -0.026592   -0.093724
          0.075055   -0.207960    0.662856
          0.039320    0.031849   -0.116899
         -0.071118   -0.078810   -0.065249
         -0.084455   -0.051024    0.529446
          0.002296    0.021208   -0.010000
         -0.006153   -0.091183    0.041026
         -0.003071    0.004592    0.004884
          0.005340   -0.013891    0.001539
          0.017774    0.057887   -0.009294
         -0.042424    0.000599    0.006871
         -0.017113    0.004670    0.008584
          0.083494    0.011544    0.001320
         -0.014178   -0.024221   -0.037853
          0.005258   -0.026835   -0.022381
         -0.018325   -0.018679    0.007738
         -0.002176    0.133328    0.080197
 
          0.133381    0.013441    0.029149
         -0.547575   -0.058092   -0.126520
          0.015792    0.004550    0.015564
         -0.015728   -0.011737    0.052493
          0.027086    0.030980    0.028070
          0.035082    0.018100   -0.239172
         -0.005855   -0.015031    0.012470
          0.005102    0.067061   -0.032224
          0.017384   -0.004120   -0.015370
         -0.139297    0.077905    0.006280
         -0.110780   -0.297908    0.060263
          0.666994   -0.014715   -0.093246
         -0.002425   -0.010433   -0.013539
         -0.009027   -0.002095   -0.002404
          0.016835    0.038136    0.058980
          0.003893   -0.002143   -0.004718
         -0.012337   -0.010489    0.005913
         -0.000852    0.021429    0.012940
 
         -0.173578    0.005492   -0.112333
          0.683501    0.075119    0.149642
          0.008207   -0.094171    0.296402
          0.001264   -0.001055   -0.023014
          0.008462    0.007827    0.001945
         -0.012420   -0.007795    0.088053
         -0.005160   -0.003704    0.004863
          0.002614    0.016877   -0.006113
          0.015055   -0.001508   -0.012671
         -0.112879    0.052596    0.009562
         -0.075735   -0.197438    0.039139
          0.527195   -0.012796   -0.073669
          0.000451    0.011283    0.017946
          0.019988    0.003479    0.002593
         -0.020345   -0.047343   -0.073970
         -0.002340    0.006607    0.004435
          0.006561    0.006038   -0.002917
          0.001154   -0.032011   -0.015866
 
          0.022201   -0.000018    0.013622
         -0.089698   -0.009231   -0.019843
         -0.000617    0.009997   -0.034642
         -0.001525   -0.001278    0.020923
         -0.002225   -0.002870    0.001927
          0.010771    0.006039   -0.085307
         -0.005362    0.003540    0.005238
         -0.002024   -0.012285    0.007720
          0.024441   -0.000759   -0.024484
         -0.042714   -0.055476    0.014251
          0.067130    0.233366   -0.042324
          0.102860   -0.012713   -0.013134
          0.082777    0.127714    0.176192
         -0.126296   -0.001086    0.026547
         -0.199158   -0.507606   -0.731473
         -0.001328    0.002217    0.000554
         -0.001260    0.000425    0.000138
          0.000757   -0.008830   -0.004512
 
          0.003069    0.002818   -0.004589
         -0.014225   -0.001407   -0.003203
          0.001421   -0.006203    0.023412
          0.005723    0.005707    0.000902
         -0.020295   -0.022614   -0.015358
         -0.000949    0.000318    0.013814
          0.004417    0.008597   -0.008758
         -0.002582   -0.038746    0.018509
         -0.018336    0.002223    0.016116
          0.148276    0.190294   -0.049501
         -0.227375   -0.800199    0.148804
         -0.362316    0.041021    0.046849
          0.034757    0.038492    0.049532
         -0.083476   -0.005456    0.008288
         -0.056133   -0.145478   -0.208245
          0.009643    0.016640    0.001961
         -0.036122   -0.028967    0.019684
          0.000187   -0.040430   -0.027024
 
          0.000857    0.000285   -0.000071
         -0.003766   -0.000741   -0.000906
          0.000170   -0.000390    0.001282
         -0.020197   -0.021981   -0.014967
          0.082690    0.091539    0.062661
         -0.000545   -0.003858   -0.003667
          0.165310    0.015454   -0.172090
          0.017630   -0.078341    0.011465
         -0.677456    0.020190    0.672789
         -0.010569   -0.002790    0.001942
          0.003207    0.013444   -0.002279
          0.039920   -0.002831   -0.006548
         -0.001121    0.002798    0.006127
          0.010846    0.001496    0.000833
         -0.006647   -0.015709   -0.022099
         -0.005630   -0.004965    0.002334
          0.021949    0.018745   -0.011186
         -0.000517    0.001066    0.001695
 
          0.003925    0.002406   -0.001828
         -0.016902   -0.001289   -0.004125
          0.001480   -0.003948    0.013088
          0.003608    0.003678    0.003211
         -0.014165   -0.015635   -0.010764
          0.000578    0.000955   -0.001809
         -0.004573   -0.000389    0.004688
         -0.000502    0.001925   -0.000121
          0.018783   -0.000570   -0.018713
          0.007186    0.010746   -0.002970
         -0.013974   -0.045710    0.009549
         -0.015307    0.002358    0.002012
          0.007469    0.002138    0.001558
         -0.028844   -0.004213    0.002705
         -0.002004   -0.005306   -0.007787
         -0.165266   -0.159780    0.072875
          0.684005    0.582548   -0.349902
         -0.024936    0.051403    0.056984
 
          0.006623    0.000696    0.001676
         -0.027639   -0.004176   -0.006060
          0.000168    0.000427   -0.000695
         -0.128466   -0.146027   -0.151199
          0.561731    0.621614    0.423850
         -0.049019   -0.039919    0.176307
         -0.022763    0.001246    0.023724
         -0.004398   -0.003585    0.005220
          0.096367   -0.001683   -0.095497
          0.008567    0.003846   -0.001835
         -0.004449   -0.017220    0.003300
         -0.030717    0.001917    0.003787
          0.002938    0.003364    0.003503
         -0.006565   -0.000374    0.000897
         -0.005533   -0.011712   -0.016498
         -0.002890   -0.002913    0.001247
          0.012296    0.010473   -0.006298
         -0.000479    0.001133    0.001231
 
 
      o TRANSLATIONAL VECTOR
          0.384727    0.000000    0.000000
          0.096571    0.000000    0.000000
          0.096571    0.000000    0.000000
          0.384727    0.000000    0.000000
          0.096571    0.000000    0.000000
          0.096571    0.000000    0.000000
          0.384727    0.000000    0.000000
          0.096571    0.000000    0.000000
          0.096571    0.000000    0.000000
          0.384727    0.000000    0.000000
          0.096571    0.000000    0.000000
          0.096571    0.000000    0.000000
          0.384727    0.000000    0.000000
          0.096571    0.000000    0.000000
          0.096571    0.000000    0.000000
          0.384727    0.000000    0.000000
          0.096571    0.000000    0.000000
          0.096571    0.000000    0.000000
 
          0.000000    0.384727    0.000000
          0.000000    0.096571    0.000000
          0.000000    0.096571    0.000000
          0.000000    0.384727    0.000000
          0.000000    0.096571    0.000000
          0.000000    0.096571    0.000000
          0.000000    0.384727    0.000000
          0.000000    0.096571    0.000000
          0.000000    0.096571    0.000000
          0.000000    0.384727    0.000000
          0.000000    0.096571    0.000000
          0.000000    0.096571    0.000000
          0.000000    0.384727    0.000000
          0.000000    0.096571    0.000000
          0.000000    0.096571    0.000000
          0.000000    0.384727    0.000000
          0.000000    0.096571    0.000000
          0.000000    0.096571    0.000000
 
          0.000000    0.000000    0.384727
          0.000000    0.000000    0.096571
          0.000000    0.000000    0.096571
          0.000000    0.000000    0.384727
          0.000000    0.000000    0.096571
          0.000000    0.000000    0.096571
          0.000000    0.000000    0.384727
          0.000000    0.000000    0.096571
          0.000000    0.000000    0.096571
          0.000000    0.000000    0.384727
          0.000000    0.000000    0.096571
          0.000000    0.000000    0.096571
          0.000000    0.000000    0.384727
          0.000000    0.000000    0.096571
          0.000000    0.000000    0.096571
          0.000000    0.000000    0.384727
          0.000000    0.000000    0.096571
          0.000000    0.000000    0.096571
 
 
      o ROTATIONAL VECTOR
          0.004500    0.296109   -0.226036
          0.001296    0.085310   -0.063792
          0.000278    0.018299   -0.073433
          0.004823    0.317380   -0.222343
          0.001587    0.104406   -0.094975
          0.000339    0.022292   -0.062162
         -0.004927   -0.324187   -0.109643
         -0.000882   -0.058015    0.027245
         -0.001849   -0.121678   -0.025546
         -0.005576   -0.366906   -0.207528
         -0.001239   -0.081554    0.003348
         -0.001511   -0.099437   -0.048647
          0.000488    0.032098    0.409897
          0.000163    0.010731    0.109244
          0.000830    0.054601    0.069902
          0.000650    0.042798    0.354664
          0.000497    0.032717    0.123481
          0.000655    0.043121    0.039280
 
         -0.264729    0.000000   -0.301664
         -0.076269    0.000000   -0.024842
         -0.016360    0.000000   -0.078681
         -0.283746    0.000000    0.302351
         -0.093342    0.000000    0.107141
         -0.019930    0.000000    0.084711
          0.289832    0.000000    0.310910
          0.051867    0.000000    0.076712
          0.108783    0.000000    0.114877
          0.328024    0.000000   -0.285396
          0.072911    0.000000   -0.084429
          0.088900    0.000000   -0.020133
         -0.028697    0.000000    0.267923
         -0.009593    0.000000    0.015047
         -0.048815    0.000000    0.077133
         -0.038263    0.000000   -0.311989
         -0.029250    0.000000   -0.115168
         -0.038551    0.000000   -0.081193
 
          0.205418    0.300274   -0.000339
          0.057065    0.024903   -0.000158
          0.066368    0.078149   -0.000130
          0.193050   -0.299191   -0.000952
          0.082764   -0.106044   -0.000384
          0.053905   -0.084017   -0.000266
          0.092292   -0.309532   -0.000637
         -0.025390   -0.076309   -0.000001
          0.020819   -0.114374   -0.000192
          0.188107    0.282219   -0.000302
         -0.001776    0.083566    0.000097
          0.043376    0.019697   -0.000119
         -0.367746   -0.265839    0.000903
         -0.097158   -0.014904    0.000299
         -0.063140   -0.076402    0.000121
         -0.309975    0.309794    0.001343
         -0.107806    0.114406    0.000474
         -0.033590    0.080714    0.000197
 
(  SETUP OF NMA COMPLETED  )



(  SETUP VIB MODULE  )

   >> RUN OPTIONS
      VSCF    =     T
      OC-VSCF =     F
      VCI     =     F
      VPT     =     F
      VQDPT   =     T
      PRPT    =     F


   >> BASIS FUNCTIONS
      MODE :         1        2        3        4        5        6
      MAXV :        -1       -1       -1       -1       -1       -1
      FREQ :     68.57    75.09    80.48   136.07   143.86   194.45

      MODE :         7        8        9       10       11       12
      MAXV :        -1       -1       -1       -1       -1       -1
      FREQ :    208.51   225.63   229.69   236.86   243.36   264.32

      MODE :        13       14       15       16       17       18
      MAXV :        -1       -1       -1       -1       -1       -1
      FREQ :    285.99   295.43   306.70   429.22   454.44   484.91

      MODE :        19       20       21       22       23       24
      MAXV :        -1       -1       -1       -1       -1       -1
      FREQ :    497.38   550.58   553.99   578.25   617.23   683.16

      MODE :        25       26       27       28       29       30
      MAXV :        -1       -1       -1       -1       -1       -1
      FREQ :    718.29   744.74   816.13   891.24  1066.70  1088.06

      MODE :        31       32       33       34       35       36
      MAXV :        10       10       10       10       10       10
      FREQ :   1682.51  1702.82  1709.83  1739.02  1743.24  1755.31

      MODE :        37       38       39       40       41       42
      MAXV :        10       10       10       10       10       10
      FREQ :   3278.15  3318.29  3599.68  3619.66  3632.69  3727.57

      MODE :        43       44       45       46       47       48
      MAXV :        10       10       10       10       10       10
      FREQ :   3749.57  3827.31  3836.36  3907.86  3910.62  3919.03


(  SETUP TARGET MODULE  )

   >> TARGET STATES
       000   : ZERO-POINT STATE
     001-018 : FUNDAMENTALS
 

(  SETUP MRPES MODULE  )

   >> POTENTIAL

      [  OPTIONS  ]

         MR         =        4
         MCS_CUTOFF = -.10E-02
         MCS_GRID   = -.10E+01
         POTDIR     = ./
         MOPFILE    = prop_no_1.mop


         1MR-PEF

         o QFF   MP2/cc-pVDZ

           MODE=  31
           MODE=  32
           MODE=  33
           MODE=  34
           MODE=  35
           MODE=  36
           MODE=  37
           MODE=  38
           MODE=  39
           MODE=  40
           MODE=  41
           MODE=  42
           MODE=  43
           MODE=  44
           MODE=  45
           MODE=  46
           MODE=  47
           MODE=  48
 
         o DISABLED

           MODE=   1
           MODE=   2
           MODE=   3
           MODE=   4
           MODE=   5
           MODE=   6
           MODE=   7
           MODE=   8
           MODE=   9
           MODE=  10
           MODE=  11
           MODE=  12
           MODE=  13
           MODE=  14
           MODE=  15
           MODE=  16
           MODE=  17
           MODE=  18
           MODE=  19
           MODE=  20
           MODE=  21
           MODE=  22
           MODE=  23
           MODE=  24
           MODE=  25
           MODE=  26
           MODE=  27
           MODE=  28
           MODE=  29
           MODE=  30

         2MR-PEF

         o QFF   MP2/cc-pVDZ

           NUMBER OF TERMS=     153
 

         3MR-PEF

         o QFF   MP2/cc-pVDZ

           NUMBER OF TERMS=     816
 

         4MR-PEF

         o QFF   MP2/cc-pVDZ

           NUMBER OF TERMS=    3060
 

(  FINALIZE MRPES MODULE  )

            (MEMORY INFO)
            -- CURRENT USAGE    [     0.73 MB /   500.00 MB (  0.1 % ) ]  -- 
            -- IN THE LAST STEP [     3.02 MB /   500.00 MB (  0.6 % ) ]  -- 

            (CLOCK) ---->  LAST STEP: USER     1.11, SYSTEM     0.00 SECS   <----


(  ENTER VSCF MODULE  )

  ---  VIBRATIONAL SELF-CONSISTENT FIELD CALCULATIONS   ---

   >> SCF OPTIONS
       STATE SPECIFIC :        F
              RESTART :        F
        MAX ITERATION :       20
         CONV. THRESH : 0.10E-04

   >> FILES
       WFN READ/WRITE FILE : vscf_xxx.wfn

   >> STATE 000:   ZERO-POINT STATE

       o INITIAL GUESS FROM (CONTRACTED) HARMONIC OSCILLATOR 

   -- (ITERATION) -------- (EOLD) -------- (ENEW) ----- (DELTA E) --
                1        27673.48        26962.72      -0.711D+03
                2        26962.72        26946.03      -0.167D+02
                3        26946.03        26945.39      -0.647D+00
                4        26945.39        26945.36      -0.278D-01
                5        26945.36        26945.36      -0.122D-02
                6        26945.36        26945.36      -0.543D-04
                7        26945.36        26945.36      -0.244D-05
   -----------------------------------------------------------------
       E(VSCF)=    26945.35635075

       o COEFFICIENTS

         -MODES-          1         2         3         4         5         6
              0     0.00000   0.00000   0.00000   0.00000   0.00000   0.00000
              1     0.00000   0.00000   0.00000   0.00000   0.00000   0.00000
              2     0.00000   0.00000   0.00000   0.00000   0.00000   0.00000
              3     0.00000   0.00000   0.00000   0.00000   0.00000   0.00000
              4     0.00000   0.00000   0.00000   0.00000   0.00000   0.00000
              5     0.00000   0.00000   0.00000   0.00000   0.00000   0.00000
              6     0.00000   0.00000   0.00000   0.00000   0.00000   0.00000
              7     0.00000   0.00000   0.00000   0.00000   0.00000   0.00000
              8     0.00000   0.00000   0.00000   0.00000   0.00000   0.00000
              9     0.00000   0.00000   0.00000   0.00000   0.00000   0.00000
             10     0.00000   0.00000   0.00000   0.00000   0.00000   0.00000
         -MODES-          7         8         9        10        11        12
              0     0.00000   0.00000   0.00000   0.00000   0.00000   0.00000
              1     0.00000   0.00000   0.00000   0.00000   0.00000   0.00000
              2     0.00000   0.00000   0.00000   0.00000   0.00000   0.00000
              3     0.00000   0.00000   0.00000   0.00000   0.00000   0.00000
              4     0.00000   0.00000   0.00000   0.00000   0.00000   0.00000
              5     0.00000   0.00000   0.00000   0.00000   0.00000   0.00000
              6     0.00000   0.00000   0.00000   0.00000   0.00000   0.00000
              7     0.00000   0.00000   0.00000   0.00000   0.00000   0.00000
              8     0.00000   0.00000   0.00000   0.00000   0.00000   0.00000
              9     0.00000   0.00000   0.00000   0.00000   0.00000   0.00000
             10     0.00000   0.00000   0.00000   0.00000   0.00000   0.00000
         -MODES-         13        14        15        16        17        18
              0     0.00000   0.00000   0.00000   0.00000   0.00000   0.00000
              1     0.00000   0.00000   0.00000   0.00000   0.00000   0.00000
              2     0.00000   0.00000   0.00000   0.00000   0.00000   0.00000
              3     0.00000   0.00000   0.00000   0.00000   0.00000   0.00000
              4     0.00000   0.00000   0.00000   0.00000   0.00000   0.00000
              5     0.00000   0.00000   0.00000   0.00000   0.00000   0.00000
              6     0.00000   0.00000   0.00000   0.00000   0.00000   0.00000
              7     0.00000   0.00000   0.00000   0.00000   0.00000   0.00000
              8     0.00000   0.00000   0.00000   0.00000   0.00000   0.00000
              9     0.00000   0.00000   0.00000   0.00000   0.00000   0.00000
             10     0.00000   0.00000   0.00000   0.00000   0.00000   0.00000
         -MODES-         19        20        21        22        23        24
              0     0.00000   0.00000   0.00000   0.00000   0.00000   0.00000
              1     0.00000   0.00000   0.00000   0.00000   0.00000   0.00000
              2     0.00000   0.00000   0.00000   0.00000   0.00000   0.00000
              3     0.00000   0.00000   0.00000   0.00000   0.00000   0.00000
              4     0.00000   0.00000   0.00000   0.00000   0.00000   0.00000
              5     0.00000   0.00000   0.00000   0.00000   0.00000   0.00000
              6     0.00000   0.00000   0.00000   0.00000   0.00000   0.00000
              7     0.00000   0.00000   0.00000   0.00000   0.00000   0.00000
              8     0.00000   0.00000   0.00000   0.00000   0.00000   0.00000
              9     0.00000   0.00000   0.00000   0.00000   0.00000   0.00000
             10     0.00000   0.00000   0.00000   0.00000   0.00000   0.00000
         -MODES-         25        26        27        28        29        30
              0     0.00000   0.00000   0.00000   0.00000   0.00000   0.00000
              1     0.00000   0.00000   0.00000   0.00000   0.00000   0.00000
              2     0.00000   0.00000   0.00000   0.00000   0.00000   0.00000
              3     0.00000   0.00000   0.00000   0.00000   0.00000   0.00000
              4     0.00000   0.00000   0.00000   0.00000   0.00000   0.00000
              5     0.00000   0.00000   0.00000   0.00000   0.00000   0.00000
              6     0.00000   0.00000   0.00000   0.00000   0.00000   0.00000
              7     0.00000   0.00000   0.00000   0.00000   0.00000   0.00000
              8     0.00000   0.00000   0.00000   0.00000   0.00000   0.00000
              9     0.00000   0.00000   0.00000   0.00000   0.00000   0.00000
             10     0.00000   0.00000   0.00000   0.00000   0.00000   0.00000
         -MODES-         31        32        33        34        35        36
              0     0.99986   0.99971   0.99917   0.99962   0.99972   0.99969
              1     0.00675  -0.01815  -0.03759   0.02351   0.01875   0.02017
              2     0.01534   0.01532   0.01543   0.01395   0.01424   0.01378
              3    -0.00182  -0.00475  -0.00379  -0.00273  -0.00352  -0.00376
              4     0.00053   0.00083   0.00062   0.00046   0.00061   0.00058
              5    -0.00010  -0.00026  -0.00017  -0.00013  -0.00018  -0.00018
              6     0.00003   0.00008   0.00004   0.00004   0.00006   0.00007
              7    -0.00001  -0.00002  -0.00001  -0.00001  -0.00002  -0.00002
              8     0.00000   0.00001   0.00000   0.00000   0.00001   0.00001
              9    -0.00000  -0.00000  -0.00000  -0.00000  -0.00000  -0.00000
             10     0.00000   0.00000   0.00000   0.00000   0.00000   0.00000
         -MODES-         37        38        39        40        41        42
              0     0.95512   0.99937   0.99681   0.99991   0.98008  -0.99599
              1    -0.28546   0.03069  -0.07226   0.00886  -0.19493   0.08866
              2     0.06629   0.01546   0.01426   0.00803   0.02993  -0.01028
              3    -0.03866   0.00807  -0.03057   0.00641  -0.02221   0.00686
              4     0.01801  -0.00250   0.00373  -0.00210   0.00751   0.00057
              5    -0.00582  -0.00020  -0.00009  -0.00010  -0.00143  -0.00030
              6     0.00279   0.00003   0.00154   0.00007   0.00088  -0.00003
              7    -0.00140  -0.00012  -0.00013  -0.00007  -0.00035  -0.00004
              8     0.00049   0.00002  -0.00012   0.00001   0.00006   0.00000
              9    -0.00021   0.00001  -0.00007   0.00001  -0.00003   0.00000
             10     0.00012  -0.00000  -0.00001  -0.00000   0.00002   0.00000
         -MODES-         43        44        45        46        47        48
              0    -0.99445   0.99516   0.99949   0.99593  -0.99513   0.99562
              1     0.10304   0.09417   0.02605   0.08502   0.09355   0.08896
              2    -0.01197   0.01036   0.00622   0.00880  -0.00964   0.00919
              3     0.01728   0.02590   0.01759   0.02817   0.02914   0.02687
              4    -0.00280   0.00404  -0.00062   0.00403  -0.00476   0.00394
              5     0.00017  -0.00015  -0.00032  -0.00036  -0.00030  -0.00030
              6    -0.00052   0.00110   0.00057   0.00129  -0.00136   0.00117
              7     0.00008   0.00016  -0.00011   0.00017   0.00022   0.00015
              8     0.00002  -0.00010  -0.00005  -0.00014   0.00014  -0.00012
              9     0.00002   0.00004   0.00003   0.00005   0.00005   0.00005
             10    -0.00000   0.00001  -0.00001   0.00001  -0.00001   0.00001
 
       o VIBRATIONALLY AVERAGED STRUCTURE

         - Q0 -
              0.000000    0.000000    0.000000
              0.000000    0.000000    0.000000
              0.000000    0.000000    0.000000
              0.000000    0.000000    0.000000
              0.000000    0.000000    0.000000
              0.000000    0.000000    0.000000
              0.000000    0.000000    0.000000
              0.000000    0.000000    0.000000
              0.000000    0.000000    0.000000
              0.000000    0.000000    0.000000
              0.110507   -0.299764   -0.616566
              0.379712    0.301915    0.323513
             -3.535406    0.362473   -0.822392
              0.099350   -2.207418   -0.973459
             -1.132488    1.025618    0.282710
              0.915502   -1.007858    0.956294
 
         - X0 -
              2.679311   -1.836926   -2.349256
              0.882537   -2.029030   -2.704945
              2.789225   -2.352682   -0.613554
             -2.687144   -1.726375   -2.520576
             -3.774180   -2.928412   -3.293304
             -2.994833   -1.918044   -0.715854
             -2.761433   -0.831682    2.575377
             -2.705902    0.953626    1.807282
             -4.081296   -0.753157    3.868326
              2.536764   -1.687547    2.913849
              2.993162    0.073333    2.577376
              0.682553   -1.549343    3.150753
             -2.378895    3.292294   -0.254343
             -0.542419    3.466896   -0.333295
             -2.739469    2.240530   -1.743453
              2.772299    2.778667   -0.338273
              4.063818    3.839308   -1.026318
              2.873160    1.140593   -1.398004
 
   >> VIRTUAL VSCF ENERGIES

      o VSCF STATES               TOTAL ENERGY         E-E0
       31_1                      28556.48496053        1611.12860978
       32_1                      28575.76893538        1630.41258463
       33_1                      28585.61308588        1640.25673512
       34_1                      28619.15376906        1673.79741830
       35_1                      28620.95868687        1675.60233612
       36_1                      28635.00869563        1689.65234487
       37_1                      30002.45324723        3057.09689647
       38_1                      30121.93836676        3176.58201600
       39_1                      30352.05847290        3406.70212215
       40_1                      30481.10796392        3535.75161316
       41_1                      30465.48340154        3520.12705079
       42_1                      30612.33806317        3666.98171241
       43_1                      30601.36276372        3656.00641297
       44_1                      30645.10119662        3699.74484587
       45_1                      30692.36097615        3747.00462539
       46_1                      30719.06173137        3773.70538062
       47_1                      30715.09026424        3769.73391349
       48_1                      30735.92943182        3790.57308106

(  FINALIZE VSCF MODULE  )

            (MEMORY INFO)
            -- CURRENT USAGE    [     0.73 MB /   500.00 MB (  0.1 % ) ]  -- 
            -- IN THE LAST STEP [     0.96 MB /   500.00 MB (  0.2 % ) ]  -- 

            (CLOCK) ---->  LAST STEP: USER     0.03, SYSTEM     0.00 SECS   <----


(  ENTER VQDPT MODULE  )

   >> VQDPT OPTIONS

       o VQDPT WITH ZERO-POINT VSCF REFERENCE
         READ VSCF WFN  : vscf-000.wfn

       o P-SPACE CONSTRUCTION
         NGEN =    3
         THRESH_P0  = 0.50E+03
         THRESH_P1  = 0.10E+00
         THRESH_P2  = 0.50E-01
         THRESH_P3  = 0.95E+00
         P SET      =        0

       o Q-SPACE CONSTRUCTION
         NCUP   =    4
         MAXSUM =    4

       o P/Q INTERACTION =   1

       o THRESH_ENE =   0.100E-03

       o DUMP VQDPT WFN : [ vqdpt-w.wfn ]

   >> ENTER VQDPT MAIN ROUTINE

       o FOUND    9 GROUPS FROM THE TARGET STATES

            (CLOCK) ---->  LAST STEP: USER     0.02, SYSTEM     0.00 SECS   <----

    [ LOOP OVER THE GROUPS ]

       o STATE 000:   ZERO-POINT STATE

              --- Q-SPACE COMPONENTS--- 
                  1-MODE :        0
                  2-MODE :      918
                  3-MODE :     3264
                  4-MODE :     3060
                   TOTAL :     7242
              ------------------------- 

             E(0th)    =    26329.14223
             E(1st)    =      616.21411
             E(2nd)    =      -81.79884

             E(VMP1)   =    26945.35635
             E(VMP2)   =    26863.55751

            (CLOCK) ---->  LAST STEP: USER     0.05, SYSTEM     0.00 SECS   <----

       o GROUP 001:  31_1
 
              --- Q-SPACE COMPONENTS--- 
                  1-MODE :       73
                  2-MODE :      969
                  3-MODE :     3672
                  4-MODE :     3740
                   TOTAL :     8454
              ------------------------- 

             E(0th)     =    27940.26934
             E(1st)     =      616.21560
             E(2nd)     =      -88.38066

             E(VMP1)    =    28556.48494
             E(VMP2)    =    28468.10428

             E(VMP1)-E0 =     1611.12859
             E(VMP2)-E0 =     1604.54677

            (CLOCK) ---->  LAST STEP: USER     0.05, SYSTEM     0.00 SECS   <----

       o GROUP 002:  32_1
 
              --- Q-SPACE COMPONENTS--- 
                  1-MODE :       73
                  2-MODE :      969
                  3-MODE :     3672
                  4-MODE :     3740
                   TOTAL :     8454
              ------------------------- 

             E(0th)     =    27959.55348
             E(1st)     =      616.21545
             E(2nd)     =      -86.58611

             E(VMP1)    =    28575.76893
             E(VMP2)    =    28489.18282

             E(VMP1)-E0 =     1630.41258
             E(VMP2)-E0 =     1625.62532

            (CLOCK) ---->  LAST STEP: USER     0.04, SYSTEM     0.00 SECS   <----

       o GROUP 003:  33_1
 
              --- Q-SPACE COMPONENTS--- 
                  1-MODE :       73
                  2-MODE :      969
                  3-MODE :     3672
                  4-MODE :     3740
                   TOTAL :     8454
              ------------------------- 

             E(0th)     =    27969.39746
             E(1st)     =      616.21564
             E(2nd)     =      -87.63259

             E(VMP1)    =    28585.61310
             E(VMP2)    =    28497.98050

             E(VMP1)-E0 =     1640.25675
             E(VMP2)-E0 =     1634.42300

            (CLOCK) ---->  LAST STEP: USER     0.04, SYSTEM     0.00 SECS   <----

       o GROUP 004: 
 
          --- P-SPACE COMPONENTS -----------------------------------------
          *    1)  34_1
          *    2)  35_1
          ----------------------------------------------------------------
                                                     * IS THE TARGET STATE

         o Q-SPACE COMPONENTS:        14267

            (CLOCK) ---->  LAST STEP: USER     0.07, SYSTEM     0.00 SECS   <----

         > STATE 001:  34_1
 
             E(VQDPT2)   =    28531.36438
             E(VQDPT2)-E0=     1667.80688

             COEFF.  WEIGHT      CONFIG.

             -0.988   0.977       34_1
             -0.151   0.023       35_1
 
         > STATE 002:  35_1
 
             E(VQDPT2)   =    28533.96868
             E(VQDPT2)-E0=     1670.41117

             COEFF.  WEIGHT      CONFIG.

              0.988   0.977       35_1
             -0.151   0.023       34_1
 
 
            (CLOCK) ---->  LAST STEP: USER     0.00, SYSTEM     0.00 SECS   <----

       o GROUP 005:  36_1
 
              --- Q-SPACE COMPONENTS--- 
                  1-MODE :       73
                  2-MODE :      969
                  3-MODE :     3672
                  4-MODE :     3740
                   TOTAL :     8454
              ------------------------- 

             E(0th)     =    28018.79296
             E(1st)     =      616.21573
             E(2nd)     =      -86.67136

             E(VMP1)    =    28635.00869
             E(VMP2)    =    28548.33733

             E(VMP1)-E0 =     1689.65234
             E(VMP2)-E0 =     1684.77982

            (CLOCK) ---->  LAST STEP: USER     0.03, SYSTEM     0.00 SECS   <----

       o GROUP 006: 
 
          --- P-SPACE COMPONENTS -----------------------------------------
          *    1)  37_1
          *    2)  38_1
               3)  31_2
               4)  32_2
               5)  31_1   33_1
          ----------------------------------------------------------------
                                                     * IS THE TARGET STATE

         o Q-SPACE COMPONENTS:        35092

            (CLOCK) ---->  LAST STEP: USER     0.19, SYSTEM     0.00 SECS   <----

         > STATE 001:  37_1
 
             E(VQDPT2)   =    29835.12883
             E(VQDPT2)-E0=     2971.57133

             COEFF.  WEIGHT      CONFIG.

              0.998   0.997       37_1
 
         > STATE 002:  38_1
 
             E(VQDPT2)   =    29874.73585
             E(VQDPT2)-E0=     3011.17834

             COEFF.  WEIGHT      CONFIG.

              0.998   0.995       38_1
 
 
            (CLOCK) ---->  LAST STEP: USER     0.00, SYSTEM     0.00 SECS   <----

       o GROUP 007:  39_1
 
          --- P-SPACE COMPONENTS -----------------------------------------
          *    1)  39_1
               2)  35_2
               3)  32_1   35_1
          ----------------------------------------------------------------
                                                     * IS THE TARGET STATE

         o Q-SPACE COMPONENTS:        22852

            (CLOCK) ---->  LAST STEP: USER     0.11, SYSTEM     0.00 SECS   <----

         > STATE 001:  32_1   35_1
 
             E(VQDPT2)   =    30146.38389
             E(VQDPT2)-E0=     3282.82638

             COEFF.  WEIGHT      CONFIG.

              0.946   0.896       32_1   35_1
             -0.254   0.065       35_2
              0.199   0.039       39_1
 
         > STATE 002:  35_2
 
             E(VQDPT2)   =    30185.08875
             E(VQDPT2)-E0=     3321.53125

             COEFF.  WEIGHT      CONFIG.

              0.913   0.834       35_2
              0.303   0.092       32_1   35_1
             -0.273   0.075       39_1
 
         > STATE 003:  39_1
 
             E(VQDPT2)   =    30244.63611
             E(VQDPT2)-E0=     3381.07860

             COEFF.  WEIGHT      CONFIG.

             -0.941   0.886       39_1
             -0.319   0.102       35_2
              0.112   0.013       32_1   35_1
 
 
            (CLOCK) ---->  LAST STEP: USER     0.00, SYSTEM     0.00 SECS   <----

       o GROUP 008: 
 
          --- P-SPACE COMPONENTS -----------------------------------------
          *    1)  40_1
          *    2)  41_1
               3)  36_2
               4)  34_1   36_1
               5)  35_1   36_1
          ----------------------------------------------------------------
                                                     * IS THE TARGET STATE

         o Q-SPACE COMPONENTS:        33082

            (CLOCK) ---->  LAST STEP: USER     0.19, SYSTEM     0.00 SECS   <----

         > STATE 001:  34_1   36_1
 
             E(VQDPT2)   =    30196.96529
             E(VQDPT2)-E0=     3333.40779

             COEFF.  WEIGHT      CONFIG.

             -0.775   0.601       34_1   36_1
             -0.569   0.323       36_2
             -0.193   0.037       41_1
              0.150   0.023       35_1   36_1
             -0.126   0.016       40_1
 
         > STATE 003:  36_2
 
             E(VQDPT2)   =    30220.49856
             E(VQDPT2)-E0=     3356.94105

             COEFF.  WEIGHT      CONFIG.

              0.718   0.516       36_2
              0.491   0.241       35_1   36_1
             -0.473   0.224       34_1   36_1
              0.109   0.012       41_1
 
         > STATE 004:  40_1
 
             E(VQDPT2)   =    30270.96246
             E(VQDPT2)-E0=     3407.40496

             COEFF.  WEIGHT      CONFIG.

              0.981   0.962       40_1
             -0.145   0.021       41_1
             -0.127   0.016       36_2
 
         > STATE 005:  41_1
 
             E(VQDPT2)   =    30305.61710
             E(VQDPT2)-E0=     3442.05960

             COEFF.  WEIGHT      CONFIG.

              0.963   0.927       41_1
             -0.232   0.054       36_2
              0.110   0.012       40_1
 
 
            (CLOCK) ---->  LAST STEP: USER     0.00, SYSTEM     0.00 SECS   <----

       o GROUP 009: 
 
          --- P-SPACE COMPONENTS -----------------------------------------
          *    1)  42_1
          *    2)  43_1
          *    3)  44_1
          *    4)  45_1
          *    5)  47_1
          *    6)  46_1
          *    7)  48_1
          ----------------------------------------------------------------
                                                     * IS THE TARGET STATE

         o Q-SPACE COMPONENTS:        29638

            (CLOCK) ---->  LAST STEP: USER     0.26, SYSTEM     0.00 SECS   <----

         > STATE 001:  42_1
 
             E(VQDPT2)   =    30404.46750
             E(VQDPT2)-E0=     3540.90999

             COEFF.  WEIGHT      CONFIG.

              0.919   0.844       42_1
             -0.385   0.148       43_1
 
         > STATE 002:  43_1
 
             E(VQDPT2)   =    30427.64680
             E(VQDPT2)-E0=     3564.08930

             COEFF.  WEIGHT      CONFIG.

              0.917   0.840       43_1
              0.370   0.137       42_1
              0.146   0.021       45_1
 
         > STATE 003:  45_1
 
             E(VQDPT2)   =    30524.94554
             E(VQDPT2)-E0=     3661.38804

             COEFF.  WEIGHT      CONFIG.

             -0.716   0.513       45_1
             -0.681   0.463       44_1
              0.126   0.016       42_1
 
         > STATE 004:  44_1
 
             E(VQDPT2)   =    30529.74648
             E(VQDPT2)-E0=     3666.18898

             COEFF.  WEIGHT      CONFIG.

             -0.730   0.534       44_1
              0.678   0.460       45_1
 
         > STATE 005:  46_1
 
             E(VQDPT2)   =    30622.52882
             E(VQDPT2)-E0=     3758.97132

             COEFF.  WEIGHT      CONFIG.

              0.991   0.981       46_1
             -0.132   0.018       48_1
 
         > STATE 006:  47_1
 
             E(VQDPT2)   =    30625.52754
             E(VQDPT2)-E0=     3761.97003

             COEFF.  WEIGHT      CONFIG.

             -0.999   0.998       47_1
 
         > STATE 007:  48_1
 
             E(VQDPT2)   =    30628.31897
             E(VQDPT2)-E0=     3764.76146

             COEFF.  WEIGHT      CONFIG.

             -0.990   0.981       48_1
             -0.131   0.017       46_1
 
 
            (CLOCK) ---->  LAST STEP: USER     0.00, SYSTEM     0.00 SECS   <----


(  FINALIZE VQDPT MODULE  )

            (MEMORY INFO)
            -- CURRENT USAGE    [     0.73 MB /   500.00 MB (  0.1 % ) ]  -- 
            -- IN THE LAST STEP [     9.14 MB /   500.00 MB (  1.8 % ) ]  -- 

            (CLOCK) ---->  LAST STEP: USER     0.00, SYSTEM     0.00 SECS   <----


(  FINALIZE TARGET MODULE  )


(  FINALIZE VIB MODULE  )


(  FINALIZE NMA MODULE  )


(  FINALIZE MOL MODULE  )



   (TOTAL MEMORY USAGE)   [     9.14 MB /   500.00 MB (  1.8 % ) ] 

   (CLOCK) ---->  TOTAL CPU-TIME  <----
            >     USER :   0 DAYS   0 HOURS   0 MINS   2.2 SECS 
            >    SYSTEM:   0 DAYS   0 HOURS   0 MINS   0.0 SECS 

