2019.05.03 at 01:55:09 JST
-------------------------------------------------------

      Make Potential Energy Surface for SINDO
                         Version 4.0
                         Release beta

                COPYRIGHT 2018:  
                   Kiyoshi Yagi  kiyoshi.yagi@riken.jp 

-------------------------------------------------------

Launch MakePES module

  o Input options read via makePES.xml ...  [OK] 
     - Molecular info via h2co-b3lyp-dz.minfo ...  [OK] 
     - InterDomain = false
     - ActiveModes:
        * Domain 1
            1   2   3   4   5   6 
     - MR      = 3
     - Dipole  = false

  o Options for Quantum Chemistry jobs 

    QCID: 1
     - Program      = gaussian
     - Title        = B3LYP/cc-pVDZ
     - Removefiles  = true
     - Dryryn       = false
     - Template     = GaussianTemplate
     - ExecCommand  = runGaussian.sh /Users/kyagi/Work/devel/sindo/sindo.master/doc/MakePES/sample_MakePES/1.basic basename.inp 

  o Options for QFF 

     - QCID         = 1
     - stepsize     = 0.50         
     - ndifftype    = hess
     - mopfile      = prop_no_1.mop
     - intradomain_hc       = true
     - gradient_and_hessian = input

  o Queue Manager via resources.info ...  [OK] 
     -----
     ID       : 0
     Hosts    : hostname
     Ppn      : 1
     Memory   : unlimit
     SCR      : unlimit
     Status   : FREE
     -----

Setup MakeQFF module


Enter QFF generation:

Execute electronic structure calculations.

Thread0> Running minfo.files/mkqff-eq.inp on kyagi-mac3.local at Fri May 3 01:55:09 JST 2019
Thread0> Running minfo.files/mkqff0-0.inp on kyagi-mac3.local at Fri May 3 01:55:31 JST 2019
Thread0> Running minfo.files/mkqff0-1.inp on kyagi-mac3.local at Fri May 3 01:55:52 JST 2019
Thread0> Running minfo.files/mkqff1-0.inp on kyagi-mac3.local at Fri May 3 01:56:14 JST 2019
Thread0> Running minfo.files/mkqff1-1.inp on kyagi-mac3.local at Fri May 3 01:56:35 JST 2019
Thread0> Running minfo.files/mkqff2-0.inp on kyagi-mac3.local at Fri May 3 01:57:03 JST 2019
Thread0> Running minfo.files/mkqff2-1.inp on kyagi-mac3.local at Fri May 3 01:57:30 JST 2019
Thread0> Running minfo.files/mkqff3-0.inp on kyagi-mac3.local at Fri May 3 01:57:52 JST 2019
Thread0> Running minfo.files/mkqff3-1.inp on kyagi-mac3.local at Fri May 3 01:58:13 JST 2019
Thread0> Running minfo.files/mkqff4-0.inp on kyagi-mac3.local at Fri May 3 01:58:38 JST 2019
Thread0> Running minfo.files/mkqff4-1.inp on kyagi-mac3.local at Fri May 3 01:59:00 JST 2019
Thread0> Running minfo.files/mkqff5-0.inp on kyagi-mac3.local at Fri May 3 01:59:25 JST 2019
Thread0> Running minfo.files/mkqff5-1.inp on kyagi-mac3.local at Fri May 3 01:59:48 JST 2019
End of electronic structure calculations.


Storing electronic structure data in tempfile ...   Done!

Generating prop_no_1.mop... Done!

Removing the tempfiles ...   Done!

End of QFF generation.

