2019.01.16 at 01:47:37 JST
-------------------------------------------------------

      Make Potential Energy Surface for SINDO
                         Version 4.0
                         Release beta

                COPYRIGHT 2018:  
                   Kiyoshi Yagi  kiyoshi.yagi@riken.jp 

-------------------------------------------------------

Launch MakePES module

  o Input options read via makePES2.xml ...  [OK] 
     - Molecular info via h2o_6-mp2dz.minfo ...  [OK] 
minfoFile = h2o_6-mp2dz.minfo
qchem : id = 01
  program = gaussian
  dryrun = false
  removefiles = true
  title = B3LYP/cc-pVDZ
  template = GaussianInput.xml
qff
  stepsize = 0.5
     - InterDomain coupling = false
     - Active Modes:
        * Domain 1
           31  32  33  34  35  36  37  38  39  40 
           41  42  43  44  45  46  47  48 
     - MR      = 4
