2019.01.19 at 20:30:15 JST
-------------------------------------------------------

      Make Potential Energy Surface for SINDO
                         Version 4.0
                         Release beta

                COPYRIGHT 2018:  
                   Kiyoshi Yagi  kiyoshi.yagi@riken.jp 

-------------------------------------------------------

Launch MakePES module

  o Input options read via makePES2.xml ...  [OK] 
     - Molecular info via ../h2co-b3lyp-dz.minfo ...  [OK] 
     - InterDomain = false
     - ActiveModes:
        * Domain 1
            1   2   3   4   5   6 
     - MR      = 4
     - Dipole  = false

  o Options for Quantum Chemistry jobs 

    QCID: 1
     - Program      = gaussian
     - Title        = B3LYP/cc-pVDZ
     - Removefiles  = true
     - Dryryn       = false
     - Template     = GaussianTemplate
     - ExecCommand  = runGaussian.sh /home/yagi/devel/sindo/sindo.master/doc/MakePES/sample_MakePES/1.h2co/makeQFF basename.inp 

  o Options for QFF 

     - QCID         = 1
     - stepsize     = 0.50         
     - ndifftype    = hess
     - mopfile      = prop_no_1.mop
     - gradient_and_hessian = input

  o Queue Manager via resources.info ...  [OK] 
     -----
     ID       : 0
     Hosts    : beluga10.local
     Ppn      : 8
     Memory   : 4 GB
     SCR      : 125 GB
     Status   : FREE
     -----
     ID       : 1
     Hosts    : beluga10.local
     Ppn      : 8
     Memory   : 4 GB
     SCR      : 125 GB
     Status   : FREE
     -----
     ID       : 2
     Hosts    : beluga12.local
     Ppn      : 8
     Memory   : 4 GB
     SCR      : 125 GB
     Status   : FREE
     -----
     ID       : 3
     Hosts    : beluga12.local
     Ppn      : 8
     Memory   : 4 GB
     SCR      : 125 GB
     Status   : FREE
     -----

Setup MakeQFF module


Enter QFF generation:

Execute electronic structure calculations.

Thread1@beluga10.local> Running minfo.files/mkqff0-0.inp on beluga10 at Sat Jan 19 20:30:16 JST 2019
Thread0@beluga10.local> Running minfo.files/mkqff-eq.inp on beluga10 at Sat Jan 19 20:30:16 JST 2019
Thread2@beluga12.local> Running minfo.files/mkqff0-1.inp on beluga12 at Sat Jan 19 20:30:16 JST 2019
Thread3@beluga12.local> Running minfo.files/mkqff1-0.inp on beluga12 at Sat Jan 19 20:30:16 JST 2019
Thread0@beluga10.local> Running minfo.files/mkqff2-0.inp on beluga10 at Sat Jan 19 20:30:20 JST 2019
Thread3@beluga12.local> Running minfo.files/mkqff2-1.inp on beluga12 at Sat Jan 19 20:30:21 JST 2019
Thread2@beluga12.local> Running minfo.files/mkqff3-0.inp on beluga12 at Sat Jan 19 20:30:21 JST 2019
Thread1@beluga10.local> Running minfo.files/mkqff1-1.inp on beluga10 at Sat Jan 19 20:30:25 JST 2019
Thread2@beluga12.local> Running minfo.files/mkqff4-1.inp on beluga12 at Sat Jan 19 20:30:25 JST 2019
Thread3@beluga12.local> Running minfo.files/mkqff4-0.inp on beluga12 at Sat Jan 19 20:30:25 JST 2019
Thread0@beluga10.local> Running minfo.files/mkqff3-1.inp on beluga10 at Sat Jan 19 20:30:29 JST 2019
Thread1@beluga10.local> Running minfo.files/mkqff5-0.inp on beluga10 at Sat Jan 19 20:30:29 JST 2019
Thread3@beluga12.local> Running minfo.files/mkqff5-1.inp on beluga12 at Sat Jan 19 20:30:30 JST 2019
Thread2@beluga12.local> Running minfo.files/mkqff1_0-0.inp on beluga12 at Sat Jan 19 20:30:30 JST 2019
Thread0@beluga10.local> Running minfo.files/mkqff1_0-1.inp on beluga10 at Sat Jan 19 20:30:33 JST 2019
Thread1@beluga10.local> Running minfo.files/mkqff1_0-2.inp on beluga10 at Sat Jan 19 20:30:33 JST 2019
Thread2@beluga12.local> Running minfo.files/mkqff2_0-0.inp on beluga12 at Sat Jan 19 20:30:35 JST 2019
Thread3@beluga12.local> Running minfo.files/mkqff1_0-3.inp on beluga12 at Sat Jan 19 20:30:35 JST 2019
Thread0@beluga10.local> Running minfo.files/mkqff2_0-1.inp on beluga10 at Sat Jan 19 20:30:39 JST 2019
Thread1@beluga10.local> Running minfo.files/mkqff2_0-2.inp on beluga10 at Sat Jan 19 20:30:39 JST 2019
Thread2@beluga12.local> Running minfo.files/mkqff2_0-3.inp on beluga12 at Sat Jan 19 20:30:39 JST 2019
Thread3@beluga12.local> Running minfo.files/mkqff2_1-0.inp on beluga12 at Sat Jan 19 20:30:39 JST 2019
Thread2@beluga12.local> Running minfo.files/mkqff2_1-1.inp on beluga12 at Sat Jan 19 20:30:43 JST 2019
Thread0@beluga10.local> Running minfo.files/mkqff2_1-3.inp on beluga10 at Sat Jan 19 20:30:43 JST 2019
Thread1@beluga10.local> Running minfo.files/mkqff3_0-0.inp on beluga10 at Sat Jan 19 20:30:44 JST 2019
Thread3@beluga12.local> Running minfo.files/mkqff2_1-2.inp on beluga12 at Sat Jan 19 20:30:43 JST 2019
Thread1@beluga10.local> Running minfo.files/mkqff3_0-2.inp on beluga10 at Sat Jan 19 20:30:48 JST 2019
Thread2@beluga12.local> Running minfo.files/mkqff3_0-3.inp on beluga12 at Sat Jan 19 20:30:48 JST 2019
Thread3@beluga12.local> Running minfo.files/mkqff3_1-0.inp on beluga12 at Sat Jan 19 20:30:48 JST 2019
Thread2@beluga12.local> Running minfo.files/mkqff3_1-1.inp on beluga12 at Sat Jan 19 20:30:52 JST 2019
Thread3@beluga12.local> Running minfo.files/mkqff3_1-2.inp on beluga12 at Sat Jan 19 20:30:52 JST 2019
Thread1@beluga10.local> Running minfo.files/mkqff3_1-3.inp on beluga10 at Sat Jan 19 20:30:52 JST 2019
Thread0@beluga10.local> Running minfo.files/mkqff3_0-1.inp on beluga10 at Sat Jan 19 20:30:53 JST 2019
Thread2@beluga12.local> Running minfo.files/mkqff3_2-1.inp on beluga12 at Sat Jan 19 20:30:56 JST 2019
Thread3@beluga12.local> Running minfo.files/mkqff3_2-2.inp on beluga12 at Sat Jan 19 20:30:56 JST 2019
Thread0@beluga10.local> Running minfo.files/mkqff3_2-3.inp on beluga10 at Sat Jan 19 20:30:56 JST 2019
Thread1@beluga10.local> Running minfo.files/mkqff3_2-0.inp on beluga10 at Sat Jan 19 20:31:00 JST 2019
Thread2@beluga12.local> Running minfo.files/mkqff4_0-1.inp on beluga12 at Sat Jan 19 20:31:00 JST 2019
Thread3@beluga12.local> Running minfo.files/mkqff4_0-2.inp on beluga12 at Sat Jan 19 20:31:01 JST 2019
Thread0@beluga10.local> Running minfo.files/mkqff4_0-0.inp on beluga10 at Sat Jan 19 20:31:01 JST 2019
Thread1@beluga10.local> Running minfo.files/mkqff4_0-3.inp on beluga10 at Sat Jan 19 20:31:04 JST 2019
Thread0@beluga10.local> Running minfo.files/mkqff4_1-0.inp on beluga10 at Sat Jan 19 20:31:05 JST 2019
Thread2@beluga12.local> Running minfo.files/mkqff4_1-1.inp on beluga12 at Sat Jan 19 20:31:05 JST 2019
Thread3@beluga12.local> Running minfo.files/mkqff4_1-2.inp on beluga12 at Sat Jan 19 20:31:05 JST 2019
Thread1@beluga10.local> Running minfo.files/mkqff4_1-3.inp on beluga10 at Sat Jan 19 20:31:07 JST 2019
Thread0@beluga10.local> Running minfo.files/mkqff4_2-0.inp on beluga10 at Sat Jan 19 20:31:08 JST 2019
Thread2@beluga12.local> Running minfo.files/mkqff4_2-1.inp on beluga12 at Sat Jan 19 20:31:10 JST 2019
Thread3@beluga12.local> Running minfo.files/mkqff4_2-2.inp on beluga12 at Sat Jan 19 20:31:10 JST 2019
Thread1@beluga10.local> Running minfo.files/mkqff4_2-3.inp on beluga10 at Sat Jan 19 20:31:11 JST 2019
Thread0@beluga10.local> Running minfo.files/mkqff4_3-0.inp on beluga10 at Sat Jan 19 20:31:12 JST 2019
Thread3@beluga12.local> Running minfo.files/mkqff4_3-2.inp on beluga12 at Sat Jan 19 20:31:15 JST 2019
Thread2@beluga12.local> Running minfo.files/mkqff4_3-1.inp on beluga12 at Sat Jan 19 20:31:15 JST 2019
Thread1@beluga10.local> Running minfo.files/mkqff4_3-3.inp on beluga10 at Sat Jan 19 20:31:15 JST 2019
Thread0@beluga10.local> Running minfo.files/mkqff5_0-0.inp on beluga10 at Sat Jan 19 20:31:16 JST 2019
Thread3@beluga12.local> Running minfo.files/mkqff5_0-1.inp on beluga12 at Sat Jan 19 20:31:18 JST 2019
Thread2@beluga12.local> Running minfo.files/mkqff5_0-2.inp on beluga12 at Sat Jan 19 20:31:18 JST 2019
Thread1@beluga10.local> Running minfo.files/mkqff5_0-3.inp on beluga10 at Sat Jan 19 20:31:19 JST 2019
Thread0@beluga10.local> Running minfo.files/mkqff5_1-0.inp on beluga10 at Sat Jan 19 20:31:19 JST 2019
Thread3@beluga12.local> Running minfo.files/mkqff5_1-1.inp on beluga12 at Sat Jan 19 20:31:22 JST 2019
Thread2@beluga12.local> Running minfo.files/mkqff5_1-2.inp on beluga12 at Sat Jan 19 20:31:22 JST 2019
Thread1@beluga10.local> Running minfo.files/mkqff5_1-3.inp on beluga10 at Sat Jan 19 20:31:23 JST 2019
Thread1@beluga10.local> Running minfo.files/mkqff5_2-1.inp on beluga10 at Sat Jan 19 20:31:26 JST 2019
Thread3@beluga12.local> Running minfo.files/mkqff5_2-2.inp on beluga12 at Sat Jan 19 20:31:27 JST 2019
Thread2@beluga12.local> Running minfo.files/mkqff5_2-3.inp on beluga12 at Sat Jan 19 20:31:27 JST 2019
Thread0@beluga10.local> Running minfo.files/mkqff5_2-0.inp on beluga10 at Sat Jan 19 20:31:28 JST 2019
Thread1@beluga10.local> Running minfo.files/mkqff5_3-0.inp on beluga10 at Sat Jan 19 20:31:30 JST 2019
Thread2@beluga12.local> Running minfo.files/mkqff5_3-1.inp on beluga12 at Sat Jan 19 20:31:31 JST 2019
Thread3@beluga12.local> Running minfo.files/mkqff5_3-2.inp on beluga12 at Sat Jan 19 20:31:31 JST 2019
Thread0@beluga10.local> Running minfo.files/mkqff5_3-3.inp on beluga10 at Sat Jan 19 20:31:32 JST 2019
Thread1@beluga10.local> Running minfo.files/mkqff5_4-2.inp on beluga10 at Sat Jan 19 20:31:35 JST 2019
Thread2@beluga12.local> Running minfo.files/mkqff5_4-0.inp on beluga12 at Sat Jan 19 20:31:35 JST 2019
Thread3@beluga12.local> Running minfo.files/mkqff5_4-1.inp on beluga12 at Sat Jan 19 20:31:35 JST 2019
Thread0@beluga10.local> Running minfo.files/mkqff5_4-3.inp on beluga10 at Sat Jan 19 20:31:36 JST 2019
End of electronic structure calculations.


Storing electronic structure data in tempfile ...   Done!

Generating prop_no_1.mop... Done!

Removing the tempfiles ...   Done!

End of QFF generation.

