 -------------------------------------------------------
                                                      
    ***   WELCOME TO SINDO PROGRAM                    
     ***                (  VERSION 3.2  BUFFULO ) 
      ***                                             
       ***       COPYRIGHT 2011:                      
        ***         KIYOSHI YAGI  KYAGI@ILLINOIS.EDU  
                                                      
 -------------------------------------------------------

     JOB STARTED AT: Thu Sep 20 09:50:27 2012
     RUNNING ON Kiyoshi-Yagis-MacBook-Air-3.loc 

     [SINDOWORK] = ./                                                                              

          (CLOCK) ---->  LAST STEP: USER     0.00, SYSTEM     0.00 SECS   <----



(  ENTER SPR MODULE  )



   READ DATA FROM A MINFO FILE : [ h2o_freq.minfo ]



(  SETUP OF SPR COMPLETED  )




(  ENTER VIB MODULE  )



   >> RUN OPTIONS
         VSCF =     T
          VCI =     T
          VPT =     F
         PRPT =     T


   >> BASIS FUNCTIONS
       MODE :         1        2        3
       MAXV :         8        8        8
       FREQ :   1652.08  3855.35  3975.69


(  ENTER MRPES MODULE  )

   >> POTENTIAL

      [  OPTIONS  ]

         MR        =        3
         CUTOFF_TH = -.10E+01
         POTDIR    = ./                                                                              


         1MR-PEF

         o GRID PEF

           MODE=   1, GRID=   9    MP2/cc-pVTZ (9)
           MODE=   2, GRID=   9    MP2/cc-pVTZ (9)
           MODE=   3, GRID=   9    MP2/cc-pVTZ (9)


         2MR-PEF

         o GRID PEF

           MODE=   2   1, GRID=   3   3    MP2/cc-pVTZ (3)
           MODE=   3   1, GRID=   3   3    MP2/cc-pVTZ (3)
           MODE=   3   2, GRID=   3   3    MP2/cc-pVTZ (3)


         3MR-PEF

         o QFF   MP2/cc-pVTZ

           MODE=   3   2   1

(  SETUP OF MRPES COMPLETED  )

(  FINALIZE MRPES MODULE  )



(  SETUP DVR BASIS  )


      [  OPTIONS  ]

         CHODVR     =    F

         1MR TERMS

         > MODE  =    1,  NGRID =    9

              Q       0       1       2       3       4       5       6       7       8
            36.78  0.0047  0.0213  0.0647  0.1512  0.2852  0.4403  0.5508  0.5318  0.3333
            26.12  0.0528  0.1693  0.3464  0.5028  0.5058  0.2754 -0.1013 -0.3778 -0.3333
            16.93  0.2234  0.4640  0.5234  0.2488 -0.1950 -0.4036 -0.1642  0.2448  0.3333
             8.34  0.4941  0.5056  0.0164 -0.4031 -0.2205  0.2596  0.3097 -0.1206 -0.3333
            -0.00  0.6375  0.0000 -0.4507 -0.0000  0.3904  0.0000 -0.3563 -0.0000  0.3333
            -8.34  0.4941 -0.5056  0.0164  0.4031 -0.2205 -0.2596  0.3097  0.1206 -0.3333
           -16.93  0.2234 -0.4640  0.5234 -0.2488 -0.1950  0.4036 -0.1642 -0.2448  0.3333
           -26.12  0.0528 -0.1693  0.3464 -0.5028  0.5058 -0.2754 -0.1013  0.3778 -0.3333
           -36.78  0.0047 -0.0213  0.0647 -0.1512  0.2852 -0.4403  0.5508 -0.5318  0.3333

         > MODE  =    2,  NGRID =    9

              Q       0       1       2       3       4       5       6       7       8
            24.08  0.0047  0.0213  0.0647  0.1512  0.2852  0.4403  0.5508  0.5318  0.3333
            17.10  0.0528  0.1693  0.3464  0.5028  0.5058  0.2754 -0.1013 -0.3778 -0.3333
            11.08  0.2234  0.4640  0.5234  0.2488 -0.1950 -0.4036 -0.1642  0.2448  0.3333
             5.46  0.4941  0.5056  0.0164 -0.4031 -0.2205  0.2596  0.3097 -0.1206 -0.3333
            -0.00  0.6375  0.0000 -0.4507 -0.0000  0.3904 -0.0000 -0.3563 -0.0000  0.3333
            -5.46  0.4941 -0.5056  0.0164  0.4031 -0.2205 -0.2596  0.3097  0.1206 -0.3333
           -11.08  0.2234 -0.4640  0.5234 -0.2488 -0.1950  0.4036 -0.1642 -0.2448  0.3333
           -17.10  0.0528 -0.1693  0.3464 -0.5028  0.5058 -0.2754 -0.1013  0.3778 -0.3333
           -24.08  0.0047 -0.0213  0.0647 -0.1512  0.2852 -0.4403  0.5508 -0.5318  0.3333

         > MODE  =    3,  NGRID =    9

              Q       0       1       2       3       4       5       6       7       8
            23.71  0.0047  0.0213  0.0647  0.1512  0.2852  0.4403  0.5508  0.5318  0.3333
            16.84  0.0528  0.1693  0.3464  0.5028  0.5058  0.2754 -0.1013 -0.3778 -0.3333
            10.91  0.2234  0.4640  0.5234  0.2488 -0.1950 -0.4036 -0.1642  0.2448  0.3333
             5.38  0.4941  0.5056  0.0164 -0.4031 -0.2205  0.2596  0.3097 -0.1206 -0.3333
            -0.00  0.6375  0.0000 -0.4507 -0.0000  0.3904  0.0000 -0.3563  0.0000  0.3333
            -5.38  0.4941 -0.5056  0.0164  0.4031 -0.2205 -0.2596  0.3097  0.1206 -0.3333
           -10.91  0.2234 -0.4640  0.5234 -0.2488 -0.1950  0.4036 -0.1642 -0.2448  0.3333
           -16.84  0.0528 -0.1693  0.3464 -0.5028  0.5058 -0.2754 -0.1013  0.3778 -0.3333
           -23.71  0.0047 -0.0213  0.0647 -0.1512  0.2852 -0.4403  0.5508 -0.5318  0.3333


         2MR TERMS

         > MODE  =    2   1,  NGRID =    3   3

         > MODE  =    3   1,  NGRID =    3   3

         > MODE  =    3   2,  NGRID =    3   3


         POTENTIAL ENERGY VALUES GENERATED INCORE

         > 1MR :      0.22 KB
         > 2MR :      0.00 MB


(  SETUP OF DVR COMPLETED  )


          (MEMORY INFO)
          -- CURRENT USAGE    [     0.02 MB /    10.00 MB (  0.2 % ) ]  -- 
          -- IN THE LAST STEP [     0.03 MB /    10.00 MB (  0.3 % ) ]  -- 


          (CLOCK) ---->  LAST STEP: USER     0.00, SYSTEM     0.00 SECS   <----

(  ENTER NMA MODULE  )


      o ATOMIC MASS
        29156.9456   1837.1527   1837.1527

      o REFERENCE GEOMETRY
          0.000000   -0.000000    0.224356
          0.000000    1.423511   -0.897423
         -0.000000   -1.423511   -0.897423

      o NORMAL DISPLACEMENT VECTOR
          0.000000   -0.000000    0.271503
          0.000000   -0.413121   -0.540809
         -0.000000    0.413121   -0.540809

         -0.000000    0.000000   -0.195450
         -0.000000   -0.573874    0.389318
         -0.000000    0.573874    0.389318

          0.000000    0.268577    0.000000
          0.000000   -0.534978    0.421582
          0.000000   -0.534978   -0.421582


      o TRANSLATIONAL VECTOR
          0.942383    0.000000    0.000000
          0.236553    0.000000    0.000000
          0.236553    0.000000    0.000000

          0.000000    0.942383    0.000000
          0.000000    0.236553    0.000000
          0.000000    0.236553    0.000000

          0.000000    0.000000    0.942383
          0.000000    0.000000    0.236553
          0.000000    0.000000    0.236553


      o ROTATIONAL VECTOR
          0.000000   -0.199453    0.000000
          0.000000    0.397292    0.567687
          0.000000    0.397292   -0.567687

          0.334537    0.000000   -0.000000
         -0.666365    0.000000   -0.000000
         -0.666365    0.000000    0.000000

          0.000000    0.000000    0.000000
         -0.707107    0.000000    0.000000
          0.707107   -0.000000    0.000000

(  SETUP OF NMA COMPLETED  )



(  SETUP OF VIB COMPLETED  )


          (MEMORY INFO)
          -- CURRENT USAGE    [     0.02 MB /    10.00 MB (  0.2 % ) ]  -- 
          -- IN THE LAST STEP [     0.00 MB /    10.00 MB (  0.0 % ) ]  -- 


          (CLOCK) ---->  LAST STEP: USER     0.00, SYSTEM     0.00 SECS   <----



(  ENTER VSCF MODULE  )


  ---  VIBRATIONAL SELF-CONSISTENT FIELD CALCULATIONS   ---



   >> VIBRATIONAL STATES 
       STATE 001:   000

   >> SCF OPTION
             RESTART :        F
       MAX ITERATION :       20
        CONV. THRESH : 0.10E-04

   >> FILES
        WFN READ FILE : vscf-r_xxx.wfn
       WFN WRITE FILE : vscf-w_xxx.wfn



(  SETUP OF VSCF COMPLETED  )


          (MEMORY INFO)
          -- CURRENT USAGE    [     0.03 MB /    10.00 MB (  0.3 % ) ]  -- 
          -- IN THE LAST STEP [     0.00 MB /    10.00 MB (  0.0 % ) ]  -- 


          (CLOCK) ---->  LAST STEP: USER     0.09, SYSTEM     0.10 SECS   <----


(  ENTER VSCF MAIN MODULE  )

   [  LOOP OVER STATES  ]


   >> STATE 001:   000

       o INITIAL GUESS FROM (CONTRACTED) HARMONIC OSCILLATOR 

   -- (ITERATION) -------- (EOLD) -------- (ENEW) ----- (DELTA E) --
                1         4796.34         4700.82      -0.955D+02
                2         4700.82         4698.25      -0.257D+01
                3         4698.25         4698.18      -0.736D-01
                4         4698.18         4698.17      -0.200D-02
                5         4698.17         4698.17      -0.102D-03
                6         4698.17         4698.17       0.149D-07
   -----------------------------------------------------------------
       E(VSCF)=     4698.17

       o COEFFICIENTS

         -MODES-          1         2         3
              0     0.99984   0.98806   0.99999
              1     0.00999  -0.15129  -0.00000
              2     0.01279   0.01602   0.00451
              3    -0.00725  -0.02334   0.00000
              4     0.00075   0.00636  -0.00252
              5    -0.00005  -0.00099  -0.00000
              6     0.00013   0.00120   0.00004
              7    -0.00003  -0.00042   0.00000
              8    -0.00000   0.00006   0.00003

       o VIBRATIONALLY AVERAGED STRUCTURE

         - Q0 -
              0.162902   -1.641856   -0.000000

         - X0 -
              0.000000   -0.000000    0.226494
              0.000000    1.443924   -0.914391
              0.000000   -1.443924   -0.914391


   [  END OF LOOP OVER STATES  ]


(  EXIT VSCF MAIN MODULE  )


(  FINALIZE VSCF MODULE  )

          (MEMORY INFO)
          -- CURRENT USAGE    [     0.03 MB /    10.00 MB (  0.3 % ) ]  -- 
          -- IN THE LAST STEP [     0.00 MB /    10.00 MB (  0.0 % ) ]  -- 


          (CLOCK) ---->  LAST STEP: USER     0.00, SYSTEM     0.00 SECS   <----



(  ENTER VCI MODULE  )

   >> VCI OPTIONS

     [  ONE-TO-ALL CI  ]

       o NUM_OF_STATES  :         20
       o CI SPACE
         - MODE COUPLING:          3
         - MAX SUM_OF_Q :          8
         - MAX Q        :    8  8  8
         - MAX N_CONFIG.:        165

       o READ VSCF WFN  : vscf-w_xxx.wfn


(  SETUP OF VCI COMPLETED  )


          (MEMORY INFO)
          -- CURRENT USAGE    [     0.03 MB /    10.00 MB (  0.3 % ) ]  -- 
          -- IN THE LAST STEP [     0.00 MB /    10.00 MB (  0.0 % ) ]  -- 


          (CLOCK) ---->  LAST STEP: USER     0.00, SYSTEM     0.00 SECS   <----


(  ENTER VCI MAIN MODULE  )



   >> ONE-TO-ALL CI-BASIS SELECTION

         o NUM_OF_STATES  :     20
         o NUM_OF_CONFIG. :    165

         o REFERENCE VSCF :   000


         o FORMING HAMILTONIAN MATRIX
           ... DONE

         o DIAGONALIZING HAMILTONIAN MATRIX
           ... DONE

         > STATE 000: ZERO-POINT STATE

             E(VCI)   =     4680.37

             COEFF.  WEIGHT      CONFIG.
             -0.999   0.998      0_0
              0.036   0.001        2_1    3_2

          o VIBRATIONALLY AVERAGED STRUCTURE

            - Q0 -
                0.154274   -1.624962   -0.000000

            - X0 -
                0.000000   -0.000000    0.226461
                0.000000    1.443781   -0.914129
                0.000000   -1.443781   -0.914129

         > STATE 001:   1_1

             E(VCI)   =     6270.60
             E(VCI)-E0=     1590.23

             COEFF.  WEIGHT      CONFIG.
              0.999   0.998        1_1
             -0.037   0.001        1_1    2_1    3_2

          o VIBRATIONALLY AVERAGED STRUCTURE

            - Q0 -
               -0.668823   -1.363451   -0.000000

            - X0 -
                0.000000   -0.000000    0.224853
                0.000000    1.448213   -0.901368
                0.000000   -1.448213   -0.901368

         > STATE 002:   1_2

             E(VCI)   =     7898.31
             E(VCI)-E0=     3217.94

             COEFF.  WEIGHT      CONFIG.
              0.991   0.982        1_2
              0.127   0.016        2_1
             -0.036   0.001        1_2    2_1    3_2

          o VIBRATIONALLY AVERAGED STRUCTURE

            - Q0 -
               -3.352797   -1.527813   -0.000000

            - X0 -
                0.000000   -0.000000    0.220773
               -0.000000    1.476283   -0.868996
                0.000000   -1.476283   -0.868996

         > STATE 003:   2_1

             E(VCI)   =     8380.06
             E(VCI)-E0=     3699.68

             COEFF.  WEIGHT      CONFIG.
             -0.986   0.972        2_1
              0.126   0.016        1_2
              0.095   0.009        3_2
             -0.047   0.002        2_2    3_2

          o VIBRATIONALLY AVERAGED STRUCTURE

            - Q0 -
                0.248749   -3.235492   -0.000000

            - X0 -
                0.000000   -0.000000    0.228455
                0.000000    1.464433   -0.929949
                0.000000   -1.464433   -0.929949

         > STATE 004:   3_1

             E(VCI)   =     8518.45
             E(VCI)-E0=     3838.07

             COEFF.  WEIGHT      CONFIG.
              0.987   0.974        3_1
              0.152   0.023        2_1    3_1
             -0.050   0.003        1_1    3_1

          o VIBRATIONALLY AVERAGED STRUCTURE

            - Q0 -
                1.014515   -3.283246    0.000000

            - X0 -
                0.000000    0.000000    0.229727
                0.000000    1.457692   -0.940045
                0.000000   -1.457692   -0.940045

         > STATE 005:   1_3

             E(VCI)   =     9579.54
             E(VCI)-E0=     4899.17

             COEFF.  WEIGHT      CONFIG.
              0.999   0.998        1_3
             -0.036   0.001        1_3    2_1    3_2

          o VIBRATIONALLY AVERAGED STRUCTURE

            - Q0 -
               -2.908827   -1.780405   -0.000000

            - X0 -
                0.000000   -0.000000    0.221768
                0.000000    1.475385   -0.876892
                0.000000   -1.475385   -0.876892

         > STATE 006:   1_1    2_1

             E(VCI)   =     9930.47
             E(VCI)-E0=     5250.10

             COEFF.  WEIGHT      CONFIG.
              0.992   0.985        1_1    2_1
             -0.097   0.009        1_1    3_2
              0.050   0.003        1_1    2_2    3_2
              0.039   0.002        1_1    2_2

          o VIBRATIONALLY AVERAGED STRUCTURE

            - Q0 -
               -0.556844   -2.903732   -0.000000

            - X0 -
                0.000000   -0.000000    0.226794
                0.000000    1.467756   -0.916771
                0.000000   -1.467756   -0.916771

         > STATE 007:   1_1    3_1

             E(VCI)   =    10058.90
             E(VCI)-E0=     5378.53

             COEFF.  WEIGHT      CONFIG.
              0.988   0.976        1_1    3_1
              0.133   0.018        1_1    2_1    3_1
              0.063   0.004        1_2    3_1
              0.049   0.002        3_1

          o VIBRATIONALLY AVERAGED STRUCTURE

            - Q0 -
               -0.099498   -3.085643    0.000000

            - X0 -
                0.000000    0.000000    0.227729
                0.000000    1.465784   -0.924194
                0.000000   -1.465784   -0.924194

         > STATE 008:   1_4

             E(VCI)   =    11179.29
             E(VCI)-E0=     6498.92

             COEFF.  WEIGHT      CONFIG.
             -0.999   0.998        1_4
              0.037   0.001        1_4    2_1    3_2

          o VIBRATIONALLY AVERAGED STRUCTURE

            - Q0 -
               -3.714335   -1.786264   -0.000000

            - X0 -
                0.000000   -0.000000    0.220494
               -0.000000    1.483228   -0.866782
                0.000000   -1.483228   -0.866782

         > STATE 009:   1_2    2_1

             E(VCI)   =    11563.09
             E(VCI)-E0=     6882.72

             COEFF.  WEIGHT      CONFIG.
             -0.983   0.967        1_2    2_1
              0.138   0.019        2_2
              0.097   0.009        1_2    3_2
             -0.049   0.002        1_2    2_2    3_2

          o VIBRATIONALLY AVERAGED STRUCTURE

            - Q0 -
               -3.908457   -3.080610   -0.000000

            - X0 -
                0.000000   -0.000000    0.221667
                0.000000    1.502428   -0.876089
                0.000000   -1.502428   -0.876089

         > STATE 010:   1_2    3_1

             E(VCI)   =    11708.19
             E(VCI)-E0=     7027.82

             COEFF.  WEIGHT      CONFIG.
             -0.982   0.964        1_2    3_1
             -0.147   0.022        1_2    2_1    3_1
             -0.092   0.008        2_1    3_1
              0.062   0.004        1_1    3_1

          o VIBRATIONALLY AVERAGED STRUCTURE

            - Q0 -
               -5.400971   -3.276558    0.000000

            - X0 -
                0.000000    0.000000    0.219518
                0.000000    1.519437   -0.859037
                0.000000   -1.519437   -0.859037

         > STATE 011:   2_1    3_1

             E(VCI)   =    12289.06
             E(VCI)-E0=     7608.68

             COEFF.  WEIGHT      CONFIG.
             -0.966   0.933        2_1    3_1
              0.178   0.032        2_2    3_1
              0.149   0.022        3_1
              0.087   0.008        1_2    3_1
              0.054   0.003        1_1    2_1    3_1
              0.040   0.002        1_2    2_1    3_1

          o VIBRATIONALLY AVERAGED STRUCTURE

            - Q0 -
                1.020526   -4.377813    0.000000

            - X0 -
                0.000000    0.000000    0.230989
                0.000000    1.472289   -0.950063
                0.000000   -1.472289   -0.950063

         > STATE 012:   2_2

             E(VCI)   =    12348.97
             E(VCI)-E0=     7668.60

             COEFF.  WEIGHT      CONFIG.
             -0.965   0.931        2_2
              0.168   0.028        3_2
             -0.138   0.019        1_2    2_1
             -0.122   0.015        2_1    3_2
             -0.060   0.004        2_2    3_2
              0.035   0.001        1_2    2_2

          o VIBRATIONALLY AVERAGED STRUCTURE

            - Q0 -
               -0.111891   -3.104353   -0.000000

            - X0 -
                0.000000   -0.000000    0.227731
                0.000000    1.466154   -0.924208
                0.000000   -1.466154   -0.924208

         > STATE 013:   1_5

             E(VCI)   =    12744.41
             E(VCI)-E0=     8064.04

             COEFF.  WEIGHT      CONFIG.
              0.999   0.998        1_5
             -0.037   0.001        1_5    2_1    3_2

          o VIBRATIONALLY AVERAGED STRUCTURE

            - Q0 -
               -4.559068   -1.806279   -0.000000

            - X0 -
                0.000000   -0.000000    0.219174
               -0.000000    1.491637   -0.856305
                0.000000   -1.491637   -0.856305

         > STATE 014:   3_2

             E(VCI)   =    12880.90
             E(VCI)-E0=     8200.53

             COEFF.  WEIGHT      CONFIG.
              0.978   0.956        3_2
              0.156   0.024        2_2
              0.099   0.010        2_1    3_2
              0.092   0.008        2_1

          o VIBRATIONALLY AVERAGED STRUCTURE

            - Q0 -
                0.345090   -2.498570    0.000000

            - X0 -
                0.000000    0.000000    0.227764
                0.000000    1.453638   -0.924471
                0.000000   -1.453638   -0.924471

         > STATE 015:   1_3    2_1

             E(VCI)   =    13284.66
             E(VCI)-E0=     8604.29

             COEFF.  WEIGHT      CONFIG.
             -0.993   0.986        1_3    2_1
              0.096   0.009        1_3    3_2
             -0.047   0.002        1_3    2_2    3_2

          o VIBRATIONALLY AVERAGED STRUCTURE

            - Q0 -
               -3.065142   -3.434959   -0.000000

            - X0 -
                0.000000   -0.000000    0.223414
                0.000000    1.499045   -0.889948
                0.000000   -1.499045   -0.889948

         > STATE 016:   1_3    3_1

             E(VCI)   =    13441.59
             E(VCI)-E0=     8761.21

             COEFF.  WEIGHT      CONFIG.
              0.983   0.967        1_3    3_1
              0.169   0.029        1_3    2_1    3_1
             -0.037   0.001        1_2    2_1    3_1
              0.033   0.001        1_2    3_1

          o VIBRATIONALLY AVERAGED STRUCTURE

            - Q0 -
               -3.245968   -3.467238    0.000000

            - X0 -
                0.000000    0.000000    0.223163
                0.000000    1.501220   -0.887960
                0.000000   -1.501220   -0.887960

         > STATE 017:   1_1    2_2

             E(VCI)   =    13770.64
             E(VCI)-E0=     9090.27

             COEFF.  WEIGHT      CONFIG.
             -0.979   0.958        1_1    2_2
              0.133   0.018        1_1    3_2
             -0.128   0.016        1_1    2_1    3_2
             -0.056   0.003        1_1    2_2    3_2
              0.054   0.003        1_1    2_1

          o VIBRATIONALLY AVERAGED STRUCTURE

            - Q0 -
               -0.697586   -3.674158   -0.000000

            - X0 -
                0.000000   -0.000000    0.227452
                0.000000    1.479428   -0.921993
                0.000000   -1.479428   -0.921993

         > STATE 018:   1_1    2_1    3_1

             E(VCI)   =    13793.65
             E(VCI)-E0=     9113.28

             COEFF.  WEIGHT      CONFIG.
             -0.975   0.950        1_1    2_1    3_1
              0.153   0.023        1_1    2_2    3_1
              0.131   0.017        1_1    3_1
             -0.066   0.004        1_2    2_1    3_1
             -0.049   0.002        2_1    3_1
             -0.033   0.001        1_3    3_1

          o VIBRATIONALLY AVERAGED STRUCTURE

            - Q0 -
               -0.136216   -4.203616    0.000000

            - X0 -
                0.000000    0.000000    0.228951
                0.000000    1.481106   -0.933886
                0.000000   -1.481106   -0.933886

         > STATE 019:   1_6

             E(VCI)   =    14022.26
             E(VCI)-E0=     9341.89

             COEFF.  WEIGHT      CONFIG.
             -1.000   1.000        1_6

          o VIBRATIONALLY AVERAGED STRUCTURE

            - Q0 -
              -11.516017   -1.844176   -0.000000

            - X0 -
               -0.000000   -0.000000    0.208156
               -0.000000    1.559199   -0.768871
                0.000000   -1.559199   -0.768871

(  EXIT VCI MAIN MODULE  )


          (MEMORY INFO)
          -- CURRENT USAGE    [     0.03 MB /    10.00 MB (  0.3 % ) ]  -- 
          -- IN THE LAST STEP [     0.18 MB /    10.00 MB (  1.8 % ) ]  -- 


          (CLOCK) ---->  LAST STEP: USER     0.12, SYSTEM     0.00 SECS   <----


(  FINALIZE NMA MODULE  )


(  FINALIZE VIB MODULE  )



(  ENTER PRPT MODULE  )



   >> RUN OPTION

         MR    =      3
         VSCF  =      1
         NPRPT =      1
          > PROP 1:     dipole

         MATRIX = FALSE (CALC ONLY THE AVERAGE)

         INFRARED =      T


(  ENTER PRPT MAIN  )




(  FINALIZE PRPT MODULE  )


   (TOTAL MEMORY USAGE)   [     0.20 MB /    10.00 MB (  2.0 % ) ] 


   (CLOCK) ---->  TOTAL CPU-TIME  <----
               >     USER :   0 DAYS   0 HOURS   0 MINS   0.2 SECS 
               >    SYSTEM:   0 DAYS   0 HOURS   0 MINS   0.1 SECS 

