2012.04.21 at 15:59:17 CDT
-------------------------------------------------------

      Make Potential Energy Surface for SINDO
                         Version 1.0 (Bloomington)

                COPYRIGHT 2011:  
                   Kiyoshi Yagi  kyagi@illinois.edu 

-------------------------------------------------------

Launch MakePES module

  o Input options read via makePES.xml ...  [OK] 
     - RunType = QFF
     - Molecular info via eq-mp2dz.minfo ...  [OK] 
     - MR      = 4
     - Settings for Quantum Chemistry Jobs:
        * Remove Files = true
        * Level-0
          Type         = Gaussian
          TemplateFile = GaussianInput.xml
          ExecCommand  = runGaussian.sh /home/kyagi/chem/c2h4/mkqff-mp2dz basename.com 
          Title        =  MP2/cc-pVDZ

     - Settings for QFF:
        * Stepsize   = 0.500    

  o Queue Manager via resources.info ...  [OK] 
     -----
     ID       : 0
     Hosts    : compute-0-4.local
     Ppn      : 4
     Memory   : 12 GB
     SCR      : 125 GB
     Status   : FREE
     -----
     ID       : 1
     Hosts    : compute-0-4.local
     Ppn      : 4
     Memory   : 12 GB
     SCR      : 125 GB
     Status   : FREE
     -----
     ID       : 2
     Hosts    : compute-0-4.local
     Ppn      : 4
     Memory   : 12 GB
     SCR      : 125 GB
     Status   : FREE
     -----
     ID       : 3
     Hosts    : compute-0-4.local
     Ppn      : 4
     Memory   : 12 GB
     SCR      : 125 GB
     Status   : FREE
     -----


MakePES is setup successfully!

Enter MakeQFF module


Execute electronic structure calculations.

Thread0@compute-0-4.local> Running minfo.files/mkqff0-0.com on compute-0-4.local
Thread3@compute-0-4.local> Running minfo.files/mkqff1-0.com on compute-0-4.local
Thread1@compute-0-4.local> Running minfo.files/mkqff-eq.com on compute-0-4.local
Thread2@compute-0-4.local> Running minfo.files/mkqff0-1.com on compute-0-4.local
Thread0@compute-0-4.local> Running minfo.files/mkqff1-1.com on compute-0-4.local
Thread3@compute-0-4.local> Running minfo.files/mkqff2-0.com on compute-0-4.local
Thread1@compute-0-4.local> Running minfo.files/mkqff2-1.com on compute-0-4.local
Thread2@compute-0-4.local> Running minfo.files/mkqff3-0.com on compute-0-4.local
Thread0@compute-0-4.local> Running minfo.files/mkqff3-1.com on compute-0-4.local
Thread3@compute-0-4.local> Running minfo.files/mkqff4-0.com on compute-0-4.local
Thread2@compute-0-4.local> Running minfo.files/mkqff5-0.com on compute-0-4.local
Thread1@compute-0-4.local> Running minfo.files/mkqff4-1.com on compute-0-4.local
Thread0@compute-0-4.local> Running minfo.files/mkqff5-1.com on compute-0-4.local
Thread3@compute-0-4.local> Running minfo.files/mkqff6-0.com on compute-0-4.local
Thread1@compute-0-4.local> Running minfo.files/mkqff6-1.com on compute-0-4.local
Thread2@compute-0-4.local> Running minfo.files/mkqff7-0.com on compute-0-4.local
Thread3@compute-0-4.local> Running minfo.files/mkqff7-1.com on compute-0-4.local
Thread0@compute-0-4.local> Running minfo.files/mkqff8-0.com on compute-0-4.local
Thread1@compute-0-4.local> Running minfo.files/mkqff8-1.com on compute-0-4.local
Thread2@compute-0-4.local> Running minfo.files/mkqff9-0.com on compute-0-4.local
Thread3@compute-0-4.local> Running minfo.files/mkqff9-1.com on compute-0-4.local
Thread0@compute-0-4.local> Running minfo.files/mkqff10-0.com on compute-0-4.local
Thread1@compute-0-4.local> Running minfo.files/mkqff10-1.com on compute-0-4.local
Thread2@compute-0-4.local> Running minfo.files/mkqff11-0.com on compute-0-4.local
Thread3@compute-0-4.local> Running minfo.files/mkqff11-1.com on compute-0-4.local
Thread0@compute-0-4.local> Running minfo.files/mkqff1_0-0.com on compute-0-4.local
Thread1@compute-0-4.local> Running minfo.files/mkqff1_0-1.com on compute-0-4.local
Thread2@compute-0-4.local> Running minfo.files/mkqff1_0-2.com on compute-0-4.local
Thread3@compute-0-4.local> Running minfo.files/mkqff1_0-3.com on compute-0-4.local
Thread0@compute-0-4.local> Running minfo.files/mkqff2_0-0.com on compute-0-4.local
Thread1@compute-0-4.local> Running minfo.files/mkqff2_0-1.com on compute-0-4.local
Thread2@compute-0-4.local> Running minfo.files/mkqff2_0-2.com on compute-0-4.local
Thread3@compute-0-4.local> Running minfo.files/mkqff2_0-3.com on compute-0-4.local
Thread0@compute-0-4.local> Running minfo.files/mkqff2_1-0.com on compute-0-4.local
Thread2@compute-0-4.local> Running minfo.files/mkqff2_1-1.com on compute-0-4.local
Thread1@compute-0-4.local> Running minfo.files/mkqff2_1-2.com on compute-0-4.local
Thread3@compute-0-4.local> Running minfo.files/mkqff2_1-3.com on compute-0-4.local
Thread0@compute-0-4.local> Running minfo.files/mkqff3_0-0.com on compute-0-4.local
Thread2@compute-0-4.local> Running minfo.files/mkqff3_0-1.com on compute-0-4.local
Thread1@compute-0-4.local> Running minfo.files/mkqff3_0-2.com on compute-0-4.local
Thread3@compute-0-4.local> Running minfo.files/mkqff3_0-3.com on compute-0-4.local
Thread0@compute-0-4.local> Running minfo.files/mkqff3_1-0.com on compute-0-4.local
Thread2@compute-0-4.local> Running minfo.files/mkqff3_1-1.com on compute-0-4.local
Thread1@compute-0-4.local> Running minfo.files/mkqff3_1-2.com on compute-0-4.local
Thread3@compute-0-4.local> Running minfo.files/mkqff3_1-3.com on compute-0-4.local
Thread0@compute-0-4.local> Running minfo.files/mkqff3_2-0.com on compute-0-4.local
Thread2@compute-0-4.local> Running minfo.files/mkqff3_2-1.com on compute-0-4.local
Thread1@compute-0-4.local> Running minfo.files/mkqff3_2-2.com on compute-0-4.local
Thread3@compute-0-4.local> Running minfo.files/mkqff3_2-3.com on compute-0-4.local
Thread0@compute-0-4.local> Running minfo.files/mkqff4_0-0.com on compute-0-4.local
Thread1@compute-0-4.local> Running minfo.files/mkqff4_0-1.com on compute-0-4.local
Thread2@compute-0-4.local> Running minfo.files/mkqff4_0-2.com on compute-0-4.local
Thread3@compute-0-4.local> Running minfo.files/mkqff4_0-3.com on compute-0-4.local
Thread0@compute-0-4.local> Running minfo.files/mkqff4_1-0.com on compute-0-4.local
Thread1@compute-0-4.local> Running minfo.files/mkqff4_1-1.com on compute-0-4.local
Thread2@compute-0-4.local> Running minfo.files/mkqff4_1-2.com on compute-0-4.local
Thread3@compute-0-4.local> Running minfo.files/mkqff4_1-3.com on compute-0-4.local
Thread0@compute-0-4.local> Running minfo.files/mkqff4_2-0.com on compute-0-4.local
Thread1@compute-0-4.local> Running minfo.files/mkqff4_2-1.com on compute-0-4.local
Thread2@compute-0-4.local> Running minfo.files/mkqff4_2-2.com on compute-0-4.local
Thread3@compute-0-4.local> Running minfo.files/mkqff4_2-3.com on compute-0-4.local
Thread0@compute-0-4.local> Running minfo.files/mkqff4_3-0.com on compute-0-4.local
Thread1@compute-0-4.local> Running minfo.files/mkqff4_3-1.com on compute-0-4.local
Thread2@compute-0-4.local> Running minfo.files/mkqff4_3-2.com on compute-0-4.local
Thread3@compute-0-4.local> Running minfo.files/mkqff4_3-3.com on compute-0-4.local
Thread0@compute-0-4.local> Running minfo.files/mkqff5_0-0.com on compute-0-4.local
Thread1@compute-0-4.local> Running minfo.files/mkqff5_0-1.com on compute-0-4.local
Thread2@compute-0-4.local> Running minfo.files/mkqff5_0-2.com on compute-0-4.local
Thread3@compute-0-4.local> Running minfo.files/mkqff5_0-3.com on compute-0-4.local
Thread0@compute-0-4.local> Running minfo.files/mkqff5_1-0.com on compute-0-4.local
Thread1@compute-0-4.local> Running minfo.files/mkqff5_1-1.com on compute-0-4.local
Thread2@compute-0-4.local> Running minfo.files/mkqff5_1-2.com on compute-0-4.local
Thread3@compute-0-4.local> Running minfo.files/mkqff5_1-3.com on compute-0-4.local
Thread0@compute-0-4.local> Running minfo.files/mkqff5_2-0.com on compute-0-4.local
Thread1@compute-0-4.local> Running minfo.files/mkqff5_2-1.com on compute-0-4.local
Thread2@compute-0-4.local> Running minfo.files/mkqff5_2-2.com on compute-0-4.local
Thread3@compute-0-4.local> Running minfo.files/mkqff5_2-3.com on compute-0-4.local
Thread0@compute-0-4.local> Running minfo.files/mkqff5_3-0.com on compute-0-4.local
Thread1@compute-0-4.local> Running minfo.files/mkqff5_3-1.com on compute-0-4.local
Thread2@compute-0-4.local> Running minfo.files/mkqff5_3-2.com on compute-0-4.local
Thread3@compute-0-4.local> Running minfo.files/mkqff5_3-3.com on compute-0-4.local
Thread0@compute-0-4.local> Running minfo.files/mkqff5_4-0.com on compute-0-4.local
Thread1@compute-0-4.local> Running minfo.files/mkqff5_4-1.com on compute-0-4.local
Thread2@compute-0-4.local> Running minfo.files/mkqff5_4-2.com on compute-0-4.local
Thread3@compute-0-4.local> Running minfo.files/mkqff5_4-3.com on compute-0-4.local
Thread0@compute-0-4.local> Running minfo.files/mkqff6_0-0.com on compute-0-4.local
Thread2@compute-0-4.local> Running minfo.files/mkqff6_0-1.com on compute-0-4.local
Thread1@compute-0-4.local> Running minfo.files/mkqff6_0-2.com on compute-0-4.local
Thread3@compute-0-4.local> Running minfo.files/mkqff6_0-3.com on compute-0-4.local
Thread0@compute-0-4.local> Running minfo.files/mkqff6_1-0.com on compute-0-4.local
Thread2@compute-0-4.local> Running minfo.files/mkqff6_1-1.com on compute-0-4.local
Thread1@compute-0-4.local> Running minfo.files/mkqff6_1-2.com on compute-0-4.local
Thread3@compute-0-4.local> Running minfo.files/mkqff6_1-3.com on compute-0-4.local
Thread0@compute-0-4.local> Running minfo.files/mkqff6_2-0.com on compute-0-4.local
Thread2@compute-0-4.local> Running minfo.files/mkqff6_2-1.com on compute-0-4.local
Thread1@compute-0-4.local> Running minfo.files/mkqff6_2-2.com on compute-0-4.local
Thread3@compute-0-4.local> Running minfo.files/mkqff6_2-3.com on compute-0-4.local
Thread0@compute-0-4.local> Running minfo.files/mkqff6_3-0.com on compute-0-4.local
Thread1@compute-0-4.local> Running minfo.files/mkqff6_3-1.com on compute-0-4.local
Thread2@compute-0-4.local> Running minfo.files/mkqff6_3-2.com on compute-0-4.local
Thread3@compute-0-4.local> Running minfo.files/mkqff6_3-3.com on compute-0-4.local
Thread0@compute-0-4.local> Running minfo.files/mkqff6_4-0.com on compute-0-4.local
Thread2@compute-0-4.local> Running minfo.files/mkqff6_4-1.com on compute-0-4.local
Thread1@compute-0-4.local> Running minfo.files/mkqff6_4-2.com on compute-0-4.local
Thread3@compute-0-4.local> Running minfo.files/mkqff6_4-3.com on compute-0-4.local
Thread0@compute-0-4.local> Running minfo.files/mkqff6_5-0.com on compute-0-4.local
Thread2@compute-0-4.local> Running minfo.files/mkqff6_5-1.com on compute-0-4.local
Thread1@compute-0-4.local> Running minfo.files/mkqff6_5-2.com on compute-0-4.local
Thread3@compute-0-4.local> Running minfo.files/mkqff6_5-3.com on compute-0-4.local
Thread0@compute-0-4.local> Running minfo.files/mkqff7_0-0.com on compute-0-4.local
Thread2@compute-0-4.local> Running minfo.files/mkqff7_0-1.com on compute-0-4.local
Thread1@compute-0-4.local> Running minfo.files/mkqff7_0-2.com on compute-0-4.local
Thread3@compute-0-4.local> Running minfo.files/mkqff7_0-3.com on compute-0-4.local
Thread0@compute-0-4.local> Running minfo.files/mkqff7_1-0.com on compute-0-4.local
Thread2@compute-0-4.local> Running minfo.files/mkqff7_1-1.com on compute-0-4.local
Thread1@compute-0-4.local> Running minfo.files/mkqff7_1-2.com on compute-0-4.local
Thread3@compute-0-4.local> Running minfo.files/mkqff7_1-3.com on compute-0-4.local
Thread0@compute-0-4.local> Running minfo.files/mkqff7_2-0.com on compute-0-4.local
Thread2@compute-0-4.local> Running minfo.files/mkqff7_2-1.com on compute-0-4.local
Thread1@compute-0-4.local> Running minfo.files/mkqff7_2-2.com on compute-0-4.local
Thread3@compute-0-4.local> Running minfo.files/mkqff7_2-3.com on compute-0-4.local
Thread0@compute-0-4.local> Running minfo.files/mkqff7_3-0.com on compute-0-4.local
Thread2@compute-0-4.local> Running minfo.files/mkqff7_3-1.com on compute-0-4.local
Thread1@compute-0-4.local> Running minfo.files/mkqff7_3-2.com on compute-0-4.local
Thread3@compute-0-4.local> Running minfo.files/mkqff7_3-3.com on compute-0-4.local
Thread0@compute-0-4.local> Running minfo.files/mkqff7_4-0.com on compute-0-4.local
Thread2@compute-0-4.local> Running minfo.files/mkqff7_4-1.com on compute-0-4.local
Thread1@compute-0-4.local> Running minfo.files/mkqff7_4-2.com on compute-0-4.local
Thread3@compute-0-4.local> Running minfo.files/mkqff7_4-3.com on compute-0-4.local
Thread0@compute-0-4.local> Running minfo.files/mkqff7_5-0.com on compute-0-4.local
Thread2@compute-0-4.local> Running minfo.files/mkqff7_5-1.com on compute-0-4.local
Thread1@compute-0-4.local> Running minfo.files/mkqff7_5-2.com on compute-0-4.local
Thread3@compute-0-4.local> Running minfo.files/mkqff7_5-3.com on compute-0-4.local
Thread0@compute-0-4.local> Running minfo.files/mkqff7_6-0.com on compute-0-4.local
Thread2@compute-0-4.local> Running minfo.files/mkqff7_6-1.com on compute-0-4.local
Thread1@compute-0-4.local> Running minfo.files/mkqff7_6-2.com on compute-0-4.local
Thread3@compute-0-4.local> Running minfo.files/mkqff7_6-3.com on compute-0-4.local
Thread0@compute-0-4.local> Running minfo.files/mkqff8_0-0.com on compute-0-4.local
Thread2@compute-0-4.local> Running minfo.files/mkqff8_0-1.com on compute-0-4.local
Thread1@compute-0-4.local> Running minfo.files/mkqff8_0-2.com on compute-0-4.local
Thread3@compute-0-4.local> Running minfo.files/mkqff8_0-3.com on compute-0-4.local
Thread0@compute-0-4.local> Running minfo.files/mkqff8_1-0.com on compute-0-4.local
Thread2@compute-0-4.local> Running minfo.files/mkqff8_1-1.com on compute-0-4.local
Thread1@compute-0-4.local> Running minfo.files/mkqff8_1-2.com on compute-0-4.local
Thread3@compute-0-4.local> Running minfo.files/mkqff8_1-3.com on compute-0-4.local
Thread0@compute-0-4.local> Running minfo.files/mkqff8_2-0.com on compute-0-4.local
Thread2@compute-0-4.local> Running minfo.files/mkqff8_2-1.com on compute-0-4.local
Thread1@compute-0-4.local> Running minfo.files/mkqff8_2-2.com on compute-0-4.local
Thread3@compute-0-4.local> Running minfo.files/mkqff8_2-3.com on compute-0-4.local
Thread0@compute-0-4.local> Running minfo.files/mkqff8_3-0.com on compute-0-4.local
Thread2@compute-0-4.local> Running minfo.files/mkqff8_3-1.com on compute-0-4.local
Thread1@compute-0-4.local> Running minfo.files/mkqff8_3-2.com on compute-0-4.local
Thread3@compute-0-4.local> Running minfo.files/mkqff8_3-3.com on compute-0-4.local
Thread0@compute-0-4.local> Running minfo.files/mkqff8_4-0.com on compute-0-4.local
Thread2@compute-0-4.local> Running minfo.files/mkqff8_4-1.com on compute-0-4.local
Thread1@compute-0-4.local> Running minfo.files/mkqff8_4-2.com on compute-0-4.local
Thread3@compute-0-4.local> Running minfo.files/mkqff8_4-3.com on compute-0-4.local
Thread0@compute-0-4.local> Running minfo.files/mkqff8_5-0.com on compute-0-4.local
Thread2@compute-0-4.local> Running minfo.files/mkqff8_5-1.com on compute-0-4.local
Thread1@compute-0-4.local> Running minfo.files/mkqff8_5-2.com on compute-0-4.local
Thread3@compute-0-4.local> Running minfo.files/mkqff8_5-3.com on compute-0-4.local
Thread0@compute-0-4.local> Running minfo.files/mkqff8_6-0.com on compute-0-4.local
Thread2@compute-0-4.local> Running minfo.files/mkqff8_6-1.com on compute-0-4.local
Thread1@compute-0-4.local> Running minfo.files/mkqff8_6-2.com on compute-0-4.local
Thread3@compute-0-4.local> Running minfo.files/mkqff8_6-3.com on compute-0-4.local
Thread0@compute-0-4.local> Running minfo.files/mkqff8_7-0.com on compute-0-4.local
Thread2@compute-0-4.local> Running minfo.files/mkqff8_7-1.com on compute-0-4.local
Thread1@compute-0-4.local> Running minfo.files/mkqff8_7-2.com on compute-0-4.local
Thread3@compute-0-4.local> Running minfo.files/mkqff8_7-3.com on compute-0-4.local
Thread0@compute-0-4.local> Running minfo.files/mkqff9_0-0.com on compute-0-4.local
Thread2@compute-0-4.local> Running minfo.files/mkqff9_0-1.com on compute-0-4.local
Thread1@compute-0-4.local> Running minfo.files/mkqff9_0-2.com on compute-0-4.local
Thread3@compute-0-4.local> Running minfo.files/mkqff9_0-3.com on compute-0-4.local
Thread0@compute-0-4.local> Running minfo.files/mkqff9_1-0.com on compute-0-4.local
Thread2@compute-0-4.local> Running minfo.files/mkqff9_1-1.com on compute-0-4.local
Thread1@compute-0-4.local> Running minfo.files/mkqff9_1-2.com on compute-0-4.local
Thread3@compute-0-4.local> Running minfo.files/mkqff9_1-3.com on compute-0-4.local
Thread0@compute-0-4.local> Running minfo.files/mkqff9_2-0.com on compute-0-4.local
Thread2@compute-0-4.local> Running minfo.files/mkqff9_2-1.com on compute-0-4.local
Thread1@compute-0-4.local> Running minfo.files/mkqff9_2-2.com on compute-0-4.local
Thread3@compute-0-4.local> Running minfo.files/mkqff9_2-3.com on compute-0-4.local
Thread0@compute-0-4.local> Running minfo.files/mkqff9_3-0.com on compute-0-4.local
Thread2@compute-0-4.local> Running minfo.files/mkqff9_3-1.com on compute-0-4.local
Thread1@compute-0-4.local> Running minfo.files/mkqff9_3-2.com on compute-0-4.local
Thread3@compute-0-4.local> Running minfo.files/mkqff9_3-3.com on compute-0-4.local
Thread0@compute-0-4.local> Running minfo.files/mkqff9_4-0.com on compute-0-4.local
Thread2@compute-0-4.local> Running minfo.files/mkqff9_4-1.com on compute-0-4.local
Thread1@compute-0-4.local> Running minfo.files/mkqff9_4-2.com on compute-0-4.local
Thread3@compute-0-4.local> Running minfo.files/mkqff9_4-3.com on compute-0-4.local
Thread0@compute-0-4.local> Running minfo.files/mkqff9_5-0.com on compute-0-4.local
Thread2@compute-0-4.local> Running minfo.files/mkqff9_5-1.com on compute-0-4.local
Thread1@compute-0-4.local> Running minfo.files/mkqff9_5-2.com on compute-0-4.local
Thread3@compute-0-4.local> Running minfo.files/mkqff9_5-3.com on compute-0-4.local
Thread0@compute-0-4.local> Running minfo.files/mkqff9_6-0.com on compute-0-4.local
Thread2@compute-0-4.local> Running minfo.files/mkqff9_6-1.com on compute-0-4.local
Thread1@compute-0-4.local> Running minfo.files/mkqff9_6-2.com on compute-0-4.local
Thread3@compute-0-4.local> Running minfo.files/mkqff9_6-3.com on compute-0-4.local
Thread0@compute-0-4.local> Running minfo.files/mkqff9_7-0.com on compute-0-4.local
Thread2@compute-0-4.local> Running minfo.files/mkqff9_7-1.com on compute-0-4.local
Thread1@compute-0-4.local> Running minfo.files/mkqff9_7-2.com on compute-0-4.local
Thread3@compute-0-4.local> Running minfo.files/mkqff9_7-3.com on compute-0-4.local
Thread0@compute-0-4.local> Running minfo.files/mkqff9_8-0.com on compute-0-4.local
Thread2@compute-0-4.local> Running minfo.files/mkqff9_8-1.com on compute-0-4.local
Thread1@compute-0-4.local> Running minfo.files/mkqff9_8-2.com on compute-0-4.local
Thread3@compute-0-4.local> Running minfo.files/mkqff9_8-3.com on compute-0-4.local
Thread0@compute-0-4.local> Running minfo.files/mkqff10_0-0.com on compute-0-4.local
Thread2@compute-0-4.local> Running minfo.files/mkqff10_0-1.com on compute-0-4.local
Thread1@compute-0-4.local> Running minfo.files/mkqff10_0-2.com on compute-0-4.local
Thread3@compute-0-4.local> Running minfo.files/mkqff10_0-3.com on compute-0-4.local
Thread0@compute-0-4.local> Running minfo.files/mkqff10_1-0.com on compute-0-4.local
Thread2@compute-0-4.local> Running minfo.files/mkqff10_1-1.com on compute-0-4.local
Thread1@compute-0-4.local> Running minfo.files/mkqff10_1-2.com on compute-0-4.local
Thread3@compute-0-4.local> Running minfo.files/mkqff10_1-3.com on compute-0-4.local
Thread0@compute-0-4.local> Running minfo.files/mkqff10_2-0.com on compute-0-4.local
Thread2@compute-0-4.local> Running minfo.files/mkqff10_2-1.com on compute-0-4.local
Thread1@compute-0-4.local> Running minfo.files/mkqff10_2-2.com on compute-0-4.local
Thread3@compute-0-4.local> Running minfo.files/mkqff10_2-3.com on compute-0-4.local
Thread0@compute-0-4.local> Running minfo.files/mkqff10_3-0.com on compute-0-4.local
Thread2@compute-0-4.local> Running minfo.files/mkqff10_3-1.com on compute-0-4.local
Thread1@compute-0-4.local> Running minfo.files/mkqff10_3-2.com on compute-0-4.local
Thread3@compute-0-4.local> Running minfo.files/mkqff10_3-3.com on compute-0-4.local
Thread0@compute-0-4.local> Running minfo.files/mkqff10_4-0.com on compute-0-4.local
Thread2@compute-0-4.local> Running minfo.files/mkqff10_4-1.com on compute-0-4.local
Thread1@compute-0-4.local> Running minfo.files/mkqff10_4-2.com on compute-0-4.local
Thread3@compute-0-4.local> Running minfo.files/mkqff10_4-3.com on compute-0-4.local
Thread0@compute-0-4.local> Running minfo.files/mkqff10_5-0.com on compute-0-4.local
Thread2@compute-0-4.local> Running minfo.files/mkqff10_5-1.com on compute-0-4.local
Thread1@compute-0-4.local> Running minfo.files/mkqff10_5-2.com on compute-0-4.local
Thread3@compute-0-4.local> Running minfo.files/mkqff10_5-3.com on compute-0-4.local
Thread0@compute-0-4.local> Running minfo.files/mkqff10_6-0.com on compute-0-4.local
Thread2@compute-0-4.local> Running minfo.files/mkqff10_6-1.com on compute-0-4.local
Thread1@compute-0-4.local> Running minfo.files/mkqff10_6-2.com on compute-0-4.local
Thread3@compute-0-4.local> Running minfo.files/mkqff10_6-3.com on compute-0-4.local
Thread0@compute-0-4.local> Running minfo.files/mkqff10_7-0.com on compute-0-4.local
Thread2@compute-0-4.local> Running minfo.files/mkqff10_7-1.com on compute-0-4.local
Thread1@compute-0-4.local> Running minfo.files/mkqff10_7-2.com on compute-0-4.local
Thread3@compute-0-4.local> Running minfo.files/mkqff10_7-3.com on compute-0-4.local
Thread0@compute-0-4.local> Running minfo.files/mkqff10_8-0.com on compute-0-4.local
Thread2@compute-0-4.local> Running minfo.files/mkqff10_8-1.com on compute-0-4.local
Thread1@compute-0-4.local> Running minfo.files/mkqff10_8-2.com on compute-0-4.local
Thread3@compute-0-4.local> Running minfo.files/mkqff10_8-3.com on compute-0-4.local
Thread0@compute-0-4.local> Running minfo.files/mkqff10_9-0.com on compute-0-4.local
Thread2@compute-0-4.local> Running minfo.files/mkqff10_9-1.com on compute-0-4.local
Thread1@compute-0-4.local> Running minfo.files/mkqff10_9-2.com on compute-0-4.local
Thread3@compute-0-4.local> Running minfo.files/mkqff10_9-3.com on compute-0-4.local
Thread0@compute-0-4.local> Running minfo.files/mkqff11_0-0.com on compute-0-4.local
Thread2@compute-0-4.local> Running minfo.files/mkqff11_0-1.com on compute-0-4.local
Thread1@compute-0-4.local> Running minfo.files/mkqff11_0-2.com on compute-0-4.local
Thread0@compute-0-4.local> Running minfo.files/mkqff11_0-3.com on compute-0-4.local
Thread3@compute-0-4.local> Running minfo.files/mkqff11_1-0.com on compute-0-4.local
Thread2@compute-0-4.local> Running minfo.files/mkqff11_1-1.com on compute-0-4.local
Thread1@compute-0-4.local> Running minfo.files/mkqff11_1-2.com on compute-0-4.local
Thread0@compute-0-4.local> Running minfo.files/mkqff11_1-3.com on compute-0-4.local
Thread3@compute-0-4.local> Running minfo.files/mkqff11_2-0.com on compute-0-4.local
Thread2@compute-0-4.local> Running minfo.files/mkqff11_2-1.com on compute-0-4.local
Thread1@compute-0-4.local> Running minfo.files/mkqff11_2-2.com on compute-0-4.local
Thread0@compute-0-4.local> Running minfo.files/mkqff11_2-3.com on compute-0-4.local
Thread3@compute-0-4.local> Running minfo.files/mkqff11_3-0.com on compute-0-4.local
Thread2@compute-0-4.local> Running minfo.files/mkqff11_3-1.com on compute-0-4.local
Thread1@compute-0-4.local> Running minfo.files/mkqff11_3-2.com on compute-0-4.local
Thread0@compute-0-4.local> Running minfo.files/mkqff11_3-3.com on compute-0-4.local
Thread3@compute-0-4.local> Running minfo.files/mkqff11_4-0.com on compute-0-4.local
Thread2@compute-0-4.local> Running minfo.files/mkqff11_4-1.com on compute-0-4.local
Thread1@compute-0-4.local> Running minfo.files/mkqff11_4-2.com on compute-0-4.local
Thread0@compute-0-4.local> Running minfo.files/mkqff11_4-3.com on compute-0-4.local
Thread3@compute-0-4.local> Running minfo.files/mkqff11_5-0.com on compute-0-4.local
Thread2@compute-0-4.local> Running minfo.files/mkqff11_5-1.com on compute-0-4.local
Thread1@compute-0-4.local> Running minfo.files/mkqff11_5-2.com on compute-0-4.local
Thread0@compute-0-4.local> Running minfo.files/mkqff11_5-3.com on compute-0-4.local
Thread3@compute-0-4.local> Running minfo.files/mkqff11_6-0.com on compute-0-4.local
Thread2@compute-0-4.local> Running minfo.files/mkqff11_6-1.com on compute-0-4.local
Thread1@compute-0-4.local> Running minfo.files/mkqff11_6-2.com on compute-0-4.local
Thread0@compute-0-4.local> Running minfo.files/mkqff11_6-3.com on compute-0-4.local
Thread3@compute-0-4.local> Running minfo.files/mkqff11_7-0.com on compute-0-4.local
Thread2@compute-0-4.local> Running minfo.files/mkqff11_7-1.com on compute-0-4.local
Thread1@compute-0-4.local> Running minfo.files/mkqff11_7-2.com on compute-0-4.local
Thread0@compute-0-4.local> Running minfo.files/mkqff11_7-3.com on compute-0-4.local
Thread2@compute-0-4.local> Running minfo.files/mkqff11_8-0.com on compute-0-4.local
Thread3@compute-0-4.local> Running minfo.files/mkqff11_8-1.com on compute-0-4.local
Thread1@compute-0-4.local> Running minfo.files/mkqff11_8-2.com on compute-0-4.local
Thread0@compute-0-4.local> Running minfo.files/mkqff11_8-3.com on compute-0-4.local
Thread2@compute-0-4.local> Running minfo.files/mkqff11_9-0.com on compute-0-4.local
Thread3@compute-0-4.local> Running minfo.files/mkqff11_9-1.com on compute-0-4.local
Thread1@compute-0-4.local> Running minfo.files/mkqff11_9-2.com on compute-0-4.local
Thread0@compute-0-4.local> Running minfo.files/mkqff11_9-3.com on compute-0-4.local
Thread2@compute-0-4.local> Running minfo.files/mkqff11_10-0.com on compute-0-4.local
Thread3@compute-0-4.local> Running minfo.files/mkqff11_10-1.com on compute-0-4.local
Thread1@compute-0-4.local> Running minfo.files/mkqff11_10-2.com on compute-0-4.local
Thread0@compute-0-4.local> Running minfo.files/mkqff11_10-3.com on compute-0-4.local

End of electronic structure calculations.


Storing all hessian data in tempfile ...   Done!

Generating 001.hs... Done!

Generating prop_no_1.mop... Done!

Removing the tempfiles ...   Done!

Exit MakeQFF module.

