2014.08.26 at 13:45:38 JST
-------------------------------------------------------

      Make Potential Energy Surface for SINDO
                         Version 1.6 (Kastrup)

                COPYRIGHT 2014:  
                   Kiyoshi Yagi  kiyoshi.yagi@riken.jp 

-------------------------------------------------------

Launch MakePES module

  o Input options read via makePES.xml ...  [OK] 
     - RunType = GRID
     - Molecular info via h2o.minfo ...  [OK] 
     - MR      = 3
     - Dipole Moment Surface = true
     - Settings for Quantum Chemistry Jobs:
        * Remove Files = true
        * DryRun       = false
        * Level-0
          Type         = Gaussian
          TemplateFile = GaussianInput.xml
          ExecCommand  = runGaussian.sh /misc/home/yagi/devel/Kastrup/Doc/tutorial_files/1.water/1.grid basename.com 
          Title        =  B3LYP/cc-pVDZ (11)

     - Settings for Grid PES:
        * Grid points = 11       
        * Full MC = true

  o Queue Manager via resources.info ...  [OK] 
     -----
     ID       : 0
     Hosts    : kushana03.local
     Ppn      : 6
     Memory   : 1 GB
     SCR      : 50 GB
     Status   : FREE
     -----
     ID       : 1
     Hosts    : kushana03.local
     Ppn      : 6
     Memory   : 1 GB
     SCR      : 50 GB
     Status   : FREE
     -----
     ID       : 2
     Hosts    : kushana01.local
     Ppn      : 6
     Memory   : 1 GB
     SCR      : 50 GB
     Status   : FREE
     -----
     ID       : 3
     Hosts    : kushana01.local
     Ppn      : 6
     Memory   : 1 GB
     SCR      : 50 GB
     Status   : FREE
     -----


MakePES is setup successfully!

Enter MakeGrid module

  o 1MR Grid: 
      1 2 3 
  o 2MR Grid: 
      (1,2) (1,3) (2,3) 
  o 3MR Grid: 
      (1,2,3) 

1MR-GridPES generation:
Execute electronic structure calculations.


End of electronic structure calculations.

Generating data files.


End of 1MR-GridPES generation:


2MR-GridPES generation:
Execute electronic structure calculations.


End of electronic structure calculations.

Generating pot files.


End of 2MR-GridPES generation:


3MR-GridPES generation:
Execute electronic structure calculations.

Thread1@kushana03.local> Running minfo.files/q3q2q1-11-114.com on kushana03 at Tue Aug 26 13:45:40 JST 2014
Thread0@kushana03.local> Running minfo.files/q3q2q1-11-113.com on kushana03 at Tue Aug 26 13:45:40 JST 2014
Thread3@kushana01.local> Running minfo.files/q3q2q1-11-116.com on kushana01 at Tue Aug 26 13:49:10 JST 2014
Thread2@kushana01.local> Running minfo.files/q3q2q1-11-112.com on kushana01 at Tue Aug 26 13:49:10 JST 2014
Thread1@kushana03.local> minfo.files/q3q2q1-11-114.fchk has an error. The energy is not found.
Thread1@kushana03.local> Quantum Chemitry job ended in error for minfo.files/q3q2q1-11-114
Thread1@kushana03.local> Recommended to check the output of qchem run.
Thread1@kushana03.local> The program continues by suppling the energy by inter/extrapolation.
Thread0@kushana03.local> minfo.files/q3q2q1-11-113.fchk has an error. The energy is not found.
Thread0@kushana03.local> Quantum Chemitry job ended in error for minfo.files/q3q2q1-11-113
Thread0@kushana03.local> Recommended to check the output of qchem run.
Thread0@kushana03.local> The program continues by suppling the energy by inter/extrapolation.
Thread2@kushana01.local> minfo.files/q3q2q1-11-112.fchk has an error. The energy is not found.
Thread2@kushana01.local> Quantum Chemitry job ended in error for minfo.files/q3q2q1-11-112
Thread2@kushana01.local> Recommended to check the output of qchem run.
Thread2@kushana01.local> The program continues by suppling the energy by inter/extrapolation.
Thread3@kushana01.local> minfo.files/q3q2q1-11-116.fchk has an error. The energy is not found.
Thread3@kushana01.local> Quantum Chemitry job ended in error for minfo.files/q3q2q1-11-116
Thread3@kushana01.local> Recommended to check the output of qchem run.
Thread3@kushana01.local> The program continues by suppling the energy by inter/extrapolation.
Thread0@kushana03.local> Running minfo.files/q3q2q1-11-1282.com on kushana03 at Tue Aug 26 13:45:41 JST 2014
Thread2@kushana01.local> Running minfo.files/q3q2q1-11-1283.com on kushana01 at Tue Aug 26 13:49:12 JST 2014
Thread1@kushana03.local> Running minfo.files/q3q2q1-11-1279.com on kushana03 at Tue Aug 26 13:45:41 JST 2014
Thread3@kushana01.local> Running minfo.files/q3q2q1-11-1280.com on kushana01 at Tue Aug 26 13:49:12 JST 2014
Thread0@kushana03.local> Running minfo.files/q3q2q1-11-1284.com on kushana03 at Tue Aug 26 13:45:46 JST 2014
Thread1@kushana03.local> Running minfo.files/q3q2q1-11-1285.com on kushana03 at Tue Aug 26 13:45:46 JST 2014
Thread3@kushana01.local> Running minfo.files/q3q2q1-11-1286.com on kushana01 at Tue Aug 26 13:49:16 JST 2014
Thread2@kushana01.local> Running minfo.files/q3q2q1-11-1287.com on kushana01 at Tue Aug 26 13:49:16 JST 2014
Thread0@kushana03.local> Running minfo.files/q3q2q1-11-1288.com on kushana03 at Tue Aug 26 13:45:47 JST 2014
Thread1@kushana03.local> Running minfo.files/q3q2q1-11-1289.com on kushana03 at Tue Aug 26 13:45:47 JST 2014
Thread3@kushana01.local> Running minfo.files/q3q2q1-11-1290.com on kushana01 at Tue Aug 26 13:49:18 JST 2014
Thread2@kushana01.local> Running minfo.files/q3q2q1-11-1291.com on kushana01 at Tue Aug 26 13:49:18 JST 2014
Thread3@kushana01.local> Running minfo.files/q3q2q1-11-1293.com on kushana01 at Tue Aug 26 13:49:19 JST 2014
Thread0@kushana03.local> Running minfo.files/q3q2q1-11-1294.com on kushana03 at Tue Aug 26 13:45:49 JST 2014
Thread1@kushana03.local> Running minfo.files/q3q2q1-11-1295.com on kushana03 at Tue Aug 26 13:45:49 JST 2014
Thread2@kushana01.local> Running minfo.files/q3q2q1-11-1296.com on kushana01 at Tue Aug 26 13:49:20 JST 2014
Thread3@kushana01.local> Running minfo.files/q3q2q1-11-1297.com on kushana01 at Tue Aug 26 13:49:21 JST 2014
Thread0@kushana03.local> Running minfo.files/q3q2q1-11-1298.com on kushana03 at Tue Aug 26 13:45:50 JST 2014
Thread1@kushana03.local> Running minfo.files/q3q2q1-11-1299.com on kushana03 at Tue Aug 26 13:45:50 JST 2014
Thread2@kushana01.local> Running minfo.files/q3q2q1-11-1300.com on kushana01 at Tue Aug 26 13:49:21 JST 2014
Thread3@kushana01.local> Running minfo.files/q3q2q1-11-1301.com on kushana01 at Tue Aug 26 13:49:22 JST 2014
Thread1@kushana03.local> Running minfo.files/q3q2q1-11-1302.com on kushana03 at Tue Aug 26 13:45:52 JST 2014
Thread0@kushana03.local> Running minfo.files/q3q2q1-11-1304.com on kushana03 at Tue Aug 26 13:45:52 JST 2014
Thread2@kushana01.local> Running minfo.files/q3q2q1-11-1305.com on kushana01 at Tue Aug 26 13:49:23 JST 2014
Thread3@kushana01.local> Running minfo.files/q3q2q1-11-1306.com on kushana01 at Tue Aug 26 13:49:24 JST 2014
Thread1@kushana03.local> Running minfo.files/q3q2q1-11-1307.com on kushana03 at Tue Aug 26 13:45:53 JST 2014
Thread0@kushana03.local> Running minfo.files/q3q2q1-11-1308.com on kushana03 at Tue Aug 26 13:45:53 JST 2014
Thread2@kushana01.local> Running minfo.files/q3q2q1-11-1309.com on kushana01 at Tue Aug 26 13:49:24 JST 2014
Thread3@kushana01.local> Running minfo.files/q3q2q1-11-1310.com on kushana01 at Tue Aug 26 13:49:25 JST 2014
Thread1@kushana03.local> Running minfo.files/q3q2q1-11-1311.com on kushana03 at Tue Aug 26 13:45:54 JST 2014
Thread2@kushana01.local> Running minfo.files/q3q2q1-11-1312.com on kushana01 at Tue Aug 26 13:49:25 JST 2014
Thread0@kushana03.local> Running minfo.files/q3q2q1-11-1313.com on kushana03 at Tue Aug 26 13:45:55 JST 2014
Thread3@kushana01.local> Running minfo.files/q3q2q1-11-1315.com on kushana01 at Tue Aug 26 13:49:26 JST 2014
Thread1@kushana03.local> Running minfo.files/q3q2q1-11-1316.com on kushana03 at Tue Aug 26 13:45:56 JST 2014
Thread2@kushana01.local> Running minfo.files/q3q2q1-11-1317.com on kushana01 at Tue Aug 26 13:49:27 JST 2014
Thread0@kushana03.local> Running minfo.files/q3q2q1-11-1318.com on kushana03 at Tue Aug 26 13:45:56 JST 2014
Thread3@kushana01.local> Running minfo.files/q3q2q1-11-1319.com on kushana01 at Tue Aug 26 13:49:28 JST 2014
Thread1@kushana03.local> Running minfo.files/q3q2q1-11-1320.com on kushana03 at Tue Aug 26 13:45:57 JST 2014
Thread2@kushana01.local> Running minfo.files/q3q2q1-11-1321.com on kushana01 at Tue Aug 26 13:49:28 JST 2014
Thread0@kushana03.local> Running minfo.files/q3q2q1-11-1322.com on kushana03 at Tue Aug 26 13:45:58 JST 2014
Thread0@kushana03.local> minfo.files/q3q2q1-11-1322.fchk has an error. The energy is not found.
Thread0@kushana03.local> Quantum Chemitry job ended in error for minfo.files/q3q2q1-11-1322
Thread0@kushana03.local> Recommended to check the output of qchem run.
Thread0@kushana03.local> The program continues by suppling the energy by inter/extrapolation.
Thread0@kushana03.local> Running minfo.files/q3q2q1-11-1323.com on kushana03 at Tue Aug 26 13:46:09 JST 2014
Thread0@kushana03.local> minfo.files/q3q2q1-11-1323.fchk has an error. The energy is not found.
Thread0@kushana03.local> Quantum Chemitry job ended in error for minfo.files/q3q2q1-11-1323
Thread0@kushana03.local> Recommended to check the output of qchem run.
Thread0@kushana03.local> The program continues by suppling the energy by inter/extrapolation.
Thread3@kushana01.local> Running minfo.files/q3q2q1-11-1324.com on kushana01 at Tue Aug 26 13:49:44 JST 2014
Thread3@kushana01.local> minfo.files/q3q2q1-11-1324.fchk has an error. The energy is not found.
Thread3@kushana01.local> Quantum Chemitry job ended in error for minfo.files/q3q2q1-11-1324
Thread3@kushana01.local> Recommended to check the output of qchem run.
Thread3@kushana01.local> The program continues by suppling the energy by inter/extrapolation.
Thread3@kushana01.local> Running minfo.files/q3q2q1-11-1329.com on kushana01 at Tue Aug 26 13:49:45 JST 2014
Thread3@kushana01.local> Running minfo.files/q3q2q1-11-1330.com on kushana01 at Tue Aug 26 13:49:47 JST 2014
Thread1@kushana03.local> Running minfo.files/q3q2q1-11-1326.com on kushana03 at Tue Aug 26 13:46:19 JST 2014
Thread1@kushana03.local> minfo.files/q3q2q1-11-1326.fchk has an error. The energy is not found.
Thread1@kushana03.local> Quantum Chemitry job ended in error for minfo.files/q3q2q1-11-1326
Thread1@kushana03.local> Recommended to check the output of qchem run.
Thread1@kushana03.local> The program continues by suppling the energy by inter/extrapolation.
Thread2@kushana01.local> Running minfo.files/q3q2q1-11-1327.com on kushana01 at Tue Aug 26 13:49:50 JST 2014
Thread0@kushana03.local> Running minfo.files/q3q2q1-11-1328.com on kushana03 at Tue Aug 26 13:46:19 JST 2014

End of electronic structure calculations.

Generating pot files.

Warning: minfo.files/q3q2q1-11-112.minfo is not found.
Continues by suppling the energy by inter/extrapolation.
Warning: minfo.files/q3q2q1-11-113.minfo is not found.
Continues by suppling the energy by inter/extrapolation.
Warning: minfo.files/q3q2q1-11-114.minfo is not found.
Continues by suppling the energy by inter/extrapolation.
Warning: minfo.files/q3q2q1-11-116.minfo is not found.
Continues by suppling the energy by inter/extrapolation.
Warning: minfo.files/q3q2q1-11-1322.minfo is not found.
Continues by suppling the energy by inter/extrapolation.
Warning: minfo.files/q3q2q1-11-1323.minfo is not found.
Continues by suppling the energy by inter/extrapolation.
Warning: minfo.files/q3q2q1-11-1324.minfo is not found.
Continues by suppling the energy by inter/extrapolation.
Warning: minfo.files/q3q2q1-11-1326.minfo is not found.
Continues by suppling the energy by inter/extrapolation.
   o q3q2q1.pot  [OK]
Warning: minfo.files/q3q2q1-11-112.minfo is not found.
Continues by suppling the energy by inter/extrapolation.
Warning: minfo.files/q3q2q1-11-113.minfo is not found.
Continues by suppling the energy by inter/extrapolation.
Warning: minfo.files/q3q2q1-11-114.minfo is not found.
Continues by suppling the energy by inter/extrapolation.
Warning: minfo.files/q3q2q1-11-116.minfo is not found.
Continues by suppling the energy by inter/extrapolation.
Warning: minfo.files/q3q2q1-11-1322.minfo is not found.
Continues by suppling the energy by inter/extrapolation.
Warning: minfo.files/q3q2q1-11-1323.minfo is not found.
Continues by suppling the energy by inter/extrapolation.
Warning: minfo.files/q3q2q1-11-1324.minfo is not found.
Continues by suppling the energy by inter/extrapolation.
Warning: minfo.files/q3q2q1-11-1326.minfo is not found.
Continues by suppling the energy by inter/extrapolation.
   o q3q2q1.dipole  [OK]

End of 3MR-GridPES generation:

