2019.05.04 at 10:50:53 JST
-------------------------------------------------------

      Make Potential Energy Surface for SINDO
                         Version 4.0
                         Release beta

                COPYRIGHT 2018:  
                   Kiyoshi Yagi  kiyoshi.yagi@riken.jp 

-------------------------------------------------------

Launch MakePES module

  o Input options read via makePES.xml ...  [OK] 
     - Molecular info via ../../0.harmonic_h2co/h2co-b3lyp-dz.minfo ...  [OK] 
     - InterDomain = false
     - ActiveModes:
        * Domain 1
            1   2   3   4   5   6 
     - MR      = 1
     - Dipole  = true

  o Options for Quantum Chemistry jobs 

    QCID: 1
     - Program      = gaussian
     - Title        = B3LYP/cc-pVDZ
     - Removefiles  = true
     - Dryryn       = false
     - Template     = GaussianTemplate
     - ExecCommand  = runGaussian.sh /home/yagi/pgm/sindo-4.0.beta/doc/MakePES/sample_MakePES/2.grid_h2co/2-1.1MR basename.inp 

  o Options for Grid 

     - QCID         = 1
     - FullMC       = true

  o Queue Manager via resources.info ...  [OK] 
     -----
     ID       : 0
     Hosts    : beluga03.local
     Ppn      : 1
     Memory   : unlimit
     SCR      : unlimit
     Status   : FREE
     -----
     ID       : 1
     Hosts    : beluga03.local
     Ppn      : 1
     Memory   : unlimit
     SCR      : unlimit
     Status   : FREE
     -----
     ID       : 2
     Hosts    : beluga02.local
     Ppn      : 1
     Memory   : unlimit
     SCR      : unlimit
     Status   : FREE
     -----
     ID       : 3
     Hosts    : beluga02.local
     Ppn      : 1
     Memory   : unlimit
     SCR      : unlimit
     Status   : FREE
     -----
     ID       : 4
     Hosts    : beluga01.local
     Ppn      : 1
     Memory   : unlimit
     SCR      : unlimit
     Status   : FREE
     -----
     ID       : 5
     Hosts    : beluga01.local
     Ppn      : 1
     Memory   : unlimit
     SCR      : unlimit
     Status   : FREE
     -----
     ID       : 6
     Hosts    : beluga04.local
     Ppn      : 1
     Memory   : unlimit
     SCR      : unlimit
     Status   : FREE
     -----
     ID       : 7
     Hosts    : beluga04.local
     Ppn      : 1
     Memory   : unlimit
     SCR      : unlimit
     Status   : FREE
     -----

Setup MakeGrid module

  o 1MR Grid: 
      1 2 3 4 5 6 

Enter GridPES generation:

Execute electronic structure calculations.

Thread2@beluga02.local> Running minfo.files/mkg-q1-11-1.inp on beluga02 at Sat May 4 10:50:53 JST 2019
Thread3@beluga02.local> Running minfo.files/mkg-q1-11-2.inp on beluga02 at Sat May 4 10:50:53 JST 2019
Thread0@beluga03.local> Running minfo.files/mkg-eq.inp on beluga03 at Sat May 4 10:50:54 JST 2019
Thread1@beluga03.local> Running minfo.files/mkg-q1-11-0.inp on beluga03 at Sat May 4 10:50:54 JST 2019
Thread5@beluga01.local> Running minfo.files/mkg-q1-11-4.inp on beluga01 at Sat May 4 10:50:54 JST 2019
Thread4@beluga01.local> Running minfo.files/mkg-q1-11-3.inp on beluga01 at Sat May 4 10:50:54 JST 2019
Thread6@beluga04.local> Running minfo.files/mkg-q1-11-7.inp on beluga04 at Sat May 4 10:50:53 JST 2019
Thread7@beluga04.local> Running minfo.files/mkg-q1-11-6.inp on beluga04 at Sat May 4 10:50:53 JST 2019
Thread4@beluga01.local> Running minfo.files/mkg-q1-11-9.inp on beluga01 at Sat May 4 10:50:57 JST 2019
Thread5@beluga01.local> Running minfo.files/mkg-q1-11-8.inp on beluga01 at Sat May 4 10:50:57 JST 2019
Thread3@beluga02.local> Running minfo.files/mkg-q2-11-0.inp on beluga02 at Sat May 4 10:50:59 JST 2019
Thread2@beluga02.local> Running minfo.files/mkg-q1-11-10.inp on beluga02 at Sat May 4 10:50:59 JST 2019
Thread6@beluga04.local> Running minfo.files/mkg-q2-11-3.inp on beluga04 at Sat May 4 10:50:59 JST 2019
Thread7@beluga04.local> Running minfo.files/mkg-q2-11-4.inp on beluga04 at Sat May 4 10:50:59 JST 2019
Thread2@beluga02.local> Running minfo.files/mkg-q2-11-6.inp on beluga02 at Sat May 4 10:51:02 JST 2019
Thread3@beluga02.local> Running minfo.files/mkg-q2-11-7.inp on beluga02 at Sat May 4 10:51:02 JST 2019
Thread6@beluga04.local> Running minfo.files/mkg-q2-11-8.inp on beluga04 at Sat May 4 10:51:02 JST 2019
Thread7@beluga04.local> Running minfo.files/mkg-q2-11-9.inp on beluga04 at Sat May 4 10:51:02 JST 2019
Thread1@beluga03.local> Running minfo.files/mkg-q2-11-10.inp on beluga03 at Sat May 4 10:51:04 JST 2019
Thread0@beluga03.local> Running minfo.files/mkg-q3-11-0.inp on beluga03 at Sat May 4 10:51:04 JST 2019
Thread4@beluga01.local> Running minfo.files/mkg-q2-11-2.inp on beluga01 at Sat May 4 10:51:04 JST 2019
Thread5@beluga01.local> Running minfo.files/mkg-q2-11-1.inp on beluga01 at Sat May 4 10:51:04 JST 2019
Thread3@beluga02.local> Running minfo.files/mkg-q3-11-1.inp on beluga02 at Sat May 4 10:51:04 JST 2019
Thread2@beluga02.local> Running minfo.files/mkg-q3-11-2.inp on beluga02 at Sat May 4 10:51:05 JST 2019
Thread6@beluga04.local> Running minfo.files/mkg-q3-11-3.inp on beluga04 at Sat May 4 10:51:05 JST 2019
Thread7@beluga04.local> Running minfo.files/mkg-q3-11-4.inp on beluga04 at Sat May 4 10:51:05 JST 2019
Thread0@beluga03.local> Running minfo.files/mkg-q3-11-7.inp on beluga03 at Sat May 4 10:51:07 JST 2019
Thread5@beluga01.local> Running minfo.files/mkg-q3-11-8.inp on beluga01 at Sat May 4 10:51:07 JST 2019
Thread4@beluga01.local> Running minfo.files/mkg-q3-11-9.inp on beluga01 at Sat May 4 10:51:07 JST 2019
Thread3@beluga02.local> Running minfo.files/mkg-q3-11-10.inp on beluga02 at Sat May 4 10:51:07 JST 2019
Thread2@beluga02.local> Running minfo.files/mkg-q4-11-0.inp on beluga02 at Sat May 4 10:51:08 JST 2019
Thread6@beluga04.local> Running minfo.files/mkg-q4-11-1.inp on beluga04 at Sat May 4 10:51:08 JST 2019
Thread7@beluga04.local> Running minfo.files/mkg-q4-11-2.inp on beluga04 at Sat May 4 10:51:08 JST 2019
Thread0@beluga03.local> Running minfo.files/mkg-q4-11-3.inp on beluga03 at Sat May 4 10:51:09 JST 2019
Thread5@beluga01.local> Running minfo.files/mkg-q4-11-4.inp on beluga01 at Sat May 4 10:51:09 JST 2019
Thread4@beluga01.local> Running minfo.files/mkg-q4-11-6.inp on beluga01 at Sat May 4 10:51:09 JST 2019
Thread3@beluga02.local> Running minfo.files/mkg-q4-11-7.inp on beluga02 at Sat May 4 10:51:09 JST 2019
Thread2@beluga02.local> Running minfo.files/mkg-q4-11-8.inp on beluga02 at Sat May 4 10:51:10 JST 2019
Thread0@beluga03.local> Running minfo.files/mkg-q4-11-9.inp on beluga03 at Sat May 4 10:51:12 JST 2019
Thread1@beluga03.local> Running minfo.files/mkg-q3-11-6.inp on beluga03 at Sat May 4 10:51:12 JST 2019
Thread3@beluga02.local> Running minfo.files/mkg-q4-11-10.inp on beluga02 at Sat May 4 10:51:12 JST 2019
Thread5@beluga01.local> Running minfo.files/mkg-q5-11-1.inp on beluga01 at Sat May 4 10:51:12 JST 2019
Thread4@beluga01.local> Running minfo.files/mkg-q5-11-0.inp on beluga01 at Sat May 4 10:51:12 JST 2019
Thread2@beluga02.local> Running minfo.files/mkg-q5-11-2.inp on beluga02 at Sat May 4 10:51:12 JST 2019
Thread0@beluga03.local> Running minfo.files/mkg-q5-11-3.inp on beluga03 at Sat May 4 10:51:14 JST 2019
Thread1@beluga03.local> Running minfo.files/mkg-q5-11-4.inp on beluga03 at Sat May 4 10:51:14 JST 2019
Thread3@beluga02.local> Running minfo.files/mkg-q5-11-6.inp on beluga02 at Sat May 4 10:51:14 JST 2019
Thread4@beluga01.local> Running minfo.files/mkg-q5-11-7.inp on beluga01 at Sat May 4 10:51:15 JST 2019
Thread5@beluga01.local> Running minfo.files/mkg-q5-11-8.inp on beluga01 at Sat May 4 10:51:15 JST 2019
Thread2@beluga02.local> Running minfo.files/mkg-q5-11-9.inp on beluga02 at Sat May 4 10:51:15 JST 2019
Thread0@beluga03.local> Running minfo.files/mkg-q5-11-10.inp on beluga03 at Sat May 4 10:51:17 JST 2019
Thread1@beluga03.local> Running minfo.files/mkg-q6-11-0.inp on beluga03 at Sat May 4 10:51:17 JST 2019
Thread3@beluga02.local> Running minfo.files/mkg-q6-11-1.inp on beluga02 at Sat May 4 10:51:17 JST 2019
Thread4@beluga01.local> Running minfo.files/mkg-q6-11-2.inp on beluga01 at Sat May 4 10:51:17 JST 2019
Thread5@beluga01.local> Running minfo.files/mkg-q6-11-3.inp on beluga01 at Sat May 4 10:51:17 JST 2019
Thread2@beluga02.local> Running minfo.files/mkg-q6-11-4.inp on beluga02 at Sat May 4 10:51:17 JST 2019
Thread6@beluga04.local> Running minfo.files/mkg-q6-11-6.inp on beluga04 at Sat May 4 10:51:17 JST 2019
Thread7@beluga04.local> Running minfo.files/mkg-q6-11-7.inp on beluga04 at Sat May 4 10:51:17 JST 2019
Thread0@beluga03.local> Running minfo.files/mkg-q6-11-8.inp on beluga03 at Sat May 4 10:51:19 JST 2019
Thread1@beluga03.local> Running minfo.files/mkg-q6-11-9.inp on beluga03 at Sat May 4 10:51:19 JST 2019
Thread3@beluga02.local> Running minfo.files/mkg-q6-11-10.inp on beluga02 at Sat May 4 10:51:19 JST 2019
End of electronic structure calculations.

Generating pot files.

   o q1.pot  [OK]
   o q1.dipole  [OK]
   o q2.pot  [OK]
   o q2.dipole  [OK]
   o q3.pot  [OK]
   o q3.dipole  [OK]
   o q4.pot  [OK]
   o q4.dipole  [OK]
   o q5.pot  [OK]
   o q5.dipole  [OK]
   o q6.pot  [OK]
   o q6.dipole  [OK]

End of GridPES generation:

